Problem Specifications: Method = piecewise constant IMC
Constants -- c: 299.792 (cm/sh) , a: 0.01372
Run Parameters-- Photons: 40000, time finish: 0.1 (sh), time step: 0.0001 (sh) ,
 timestep size multiplier: 1 , max dt:1 (sh), Random number seed: 14706 , output frequency: 0
material temperature: 0.01 (keV), radiation temperature: 0.01 (keV)
Sampling -- Emission Position: source tilting (x only), Verbose printing mode enabled
Spatial Information -- elements: 20 , x_start: 0 , x_end: 0.1 , dx: 0.005
Material Information -- heat capacity: 1 opacity constants: 0 + 100^-3
Boundary Information -- Left: -1 Right: -1



----------------------------------------------------------
----------------------------------------------------------
------------------- SIMULATION COMPLETE ------------------
----------------------------------------------------------
----------------------------------------------------------

--------------------------------------------------------------------------------
 Time: 0.1     dt: 0.0001
--------------------------------------------------------------------------------
------------------ Piecewise Constant Mesh -------------------------------------
Element  x   T   op   emission   census   source abs_E
0 0.0025 0.93735 364.136 0.000496672 0 0.000102829 0
1 0.0075 0.854785 480.667 0.000452768 0 0 0
2 0.0125 0.713988 824.405 0.000378248 0 0 0
3 0.0175 0.336491 7961.41 0.000177621 0 0 0
4 0.0225 0.0120161 1.74852e+08 6.3426e-06 0 0 0
5 0.0275 0.0100006 2.99949e+08 5.29836e-06 0 0 0
6 0.0325 0.00999999 3.00001e+08 5.29806e-06 0 0 0
7 0.0375 0.01 3e+08 5.29806e-06 0 0 0
8 0.0425 0.01 3e+08 5.29806e-06 0 0 0
9 0.0475 0.0100002 2.99979e+08 5.29818e-06 0 0 0
10 0.0525 0.00999983 3.00015e+08 5.29797e-06 0 0 0
11 0.0575 0.00999993 3.00006e+08 5.29802e-06 0 0 0
12 0.0625 0.01 3e+08 5.29806e-06 0 0 0
13 0.0675 0.0099986 3.00126e+08 5.29732e-06 0 0 0
14 0.0725 0.0100014 2.99874e+08 5.2988e-06 0 0 0
15 0.0775 0.01 3e+08 5.29806e-06 0 0 0
16 0.0825 0.01 2.99997e+08 5.29808e-06 0 0 0
17 0.0875 0.00999996 3.00003e+08 5.29804e-06 0 0 0
18 0.0925 0.00999999 3.00001e+08 5.29806e-06 0 0 0
19 0.0975 0.01 2.99999e+08 5.29806e-06 0 0 0
--------------------------------------------------------------------------------
----------------------------------------------------------
br1:7.05329e+07
br2=4.70245e+07 br2_1=1.33166e+07 br2_2=0 br2_3=3.37079e+07
br3=1.43644e+07
br4=2.66526e+07
total_loops1.31922e+08
