Problem Specifications: Method = piecewise constant IMC
Constants -- c: 299.792 (cm/sh) , a: 0.01372
Run Parameters-- Photons: 40000, time finish: 0.1 (sh), time step: 0.0001 (sh) ,
 timestep size multiplier: 1 , max dt:1 (sh), Random number seed: 14706 , output frequency: 0
material temperature: 0.01 (keV), radiation temperature: 0.01 (keV)
Sampling -- Emission Position: source tilting (x only), Verbose printing mode enabled
Spatial Information -- elements: 20 , x_start: 0 , x_end: 0.1 , dx: 0.005
Material Information -- heat capacity: 0.5 opacity constants: 0 + 100^-3
Boundary Information -- Left: -1 Right: -1



----------------------------------------------------------
----------------------------------------------------------
------------------- SIMULATION COMPLETE ------------------
----------------------------------------------------------
----------------------------------------------------------

--------------------------------------------------------------------------------
 Time: 0.1     dt: 0.0001
--------------------------------------------------------------------------------
------------------ Piecewise Constant Mesh -------------------------------------
Element  x   T   op   emission   census   source abs_E
0 0.0025 0.956083 343.603 0.000443689 0 0.000102829 0
1 0.0075 0.904586 405.08 0.000420001 0 0 0
2 0.0125 0.836801 512.172 0.000388412 0 0 0
3 0.0175 0.74216 733.879 0.000344527 0 0 0
4 0.0225 0.588847 1473.33 0.000273106 0 0 0
5 0.0275 0.113005 213937 5.196e-05 0 0 0
6 0.0325 0.0100078 2.99301e+08 4.64581e-06 0 0 0
7 0.0375 0.0100044 2.99602e+08 4.64426e-06 0 0 0
8 0.0425 0.01 3e+08 4.6422e-06 0 0 0
9 0.0475 0.01 3e+08 4.6422e-06 0 0 0
10 0.0525 0.01 3e+08 4.6422e-06 0 0 0
11 0.0575 0.01 3e+08 4.6422e-06 0 0 0
12 0.0625 0.01 3e+08 4.6422e-06 0 0 0
13 0.0675 0.01 3e+08 4.6422e-06 0 0 0
14 0.0725 0.01 3e+08 4.6422e-06 0 0 0
15 0.0775 0.01 3e+08 4.6422e-06 0 0 0
16 0.0825 0.01 3e+08 4.6422e-06 0 0 0
17 0.0875 0.01 3e+08 4.6422e-06 0 0 0
18 0.0925 0.01 3e+08 4.6422e-06 0 0 0
19 0.0975 0.00999641 3.00323e+08 4.64054e-06 0 0 0
--------------------------------------------------------------------------------
----------------------------------------------------------
br1:1.18895e+08
br2=6.28143e+07 br2_1=1.33425e+07 br2_2=0 br2_3=4.94717e+07
br3=1.93804e+07
br4=2.66207e+07
total_loops2.0109e+08
