Problem Specifications: Method = piecewise constant IMC
Constants -- c: 299.792 (cm/sh) , a: 0.01372
Run Parameters-- Photons: 40000, time finish: 0.1 (sh), time step: 0.0001 (sh) ,
 timestep size multiplier: 1 , max dt:1 (sh), Random number seed: 14706 , output frequency: 0
material temperature: 0.01 (keV), radiation temperature: 0.01 (keV)
Sampling -- Emission Position: source tilting (x only), Verbose printing mode enabled
Spatial Information -- elements: 20 , x_start: 0 , x_end: 0.1 , dx: 0.005
Material Information -- heat capacity: 0.1 opacity constants: 0 + 100^-3
Boundary Information -- Left: -1 Right: -1



----------------------------------------------------------
----------------------------------------------------------
------------------- SIMULATION COMPLETE ------------------
----------------------------------------------------------
----------------------------------------------------------

--------------------------------------------------------------------------------
 Time: 0.1     dt: 0.0001
--------------------------------------------------------------------------------
------------------ Piecewise Constant Mesh -------------------------------------
Element  x   T   op   emission   census   source abs_E
0 0.0025 0.986758 103.868 7.67684e-05 0 0.000102829 0
1 0.0075 0.978951 106.907 7.6034e-05 0 0 0
2 0.0125 0.970106 109.721 7.53784e-05 0 0 0
3 0.0175 0.960375 112.935 7.46563e-05 0 0 0
4 0.0225 0.95126 115.618 7.40742e-05 0 0 0
5 0.0275 0.940158 121.026 7.29541e-05 0 0 0
6 0.0325 0.933202 123.371 7.24889e-05 0 0 0
7 0.0375 0.924082 125.76 7.2027e-05 0 0 0
8 0.0425 0.91118 130.869 7.10773e-05 0 0 0
9 0.0475 0.900188 137.72 6.98786e-05 0 0 0
10 0.0525 0.885274 144.242 6.88091e-05 0 0 0
11 0.0575 0.86997 152.423 6.75552e-05 0 0 0
12 0.0625 0.851433 161.503 6.62648e-05 0 0 0
13 0.0675 0.83208 173.111 6.47493e-05 0 0 0
14 0.0725 0.812151 187.507 6.30478e-05 0 0 0
15 0.0775 0.788904 203.395 6.13616e-05 0 0 0
16 0.0825 0.755169 231.5 5.87705e-05 0 0 0
17 0.0875 0.71511 273.433 5.5598e-05 0 0 0
18 0.0925 0.657457 353.967 5.10139e-05 0 0 0
19 0.0975 0.547941 603.245 4.27082e-05 0 0 0
--------------------------------------------------------------------------------
----------------------------------------------------------
br1:4.605e+08
br2=4.28708e+08 br2_1=1.61711e+07 br2_2=0 br2_3=4.12537e+08
br3=1.42083e+08
br4=2.36504e+07
total_loops1.03129e+09
Problem Specifications: Method = piecewise constant IMC
Constants -- c: 299.792 (cm/sh) , a: 0.01372
Run Parameters-- Photons: 40000, time finish: 0.1 (sh), time step: 0.0001 (sh) ,
 timestep size multiplier: 1 , max dt:1 (sh), Random number seed: 14706 , output frequency: 0
material temperature: 0.01 (keV), radiation temperature: 0.01 (keV)
Sampling -- Emission Position: source tilting (x only), Verbose printing mode enabled
Spatial Information -- elements: 20 , x_start: 0 , x_end: 0.1 , dx: 0.005
Material Information -- heat capacity: 0.1 opacity constants: 0 + 100^-3
Boundary Information -- Left: -1 Right: -1

Problem Specifications: Method = piecewise constant IMC
Constants -- c: 299.792 (cm/sh) , a: 0.01372
Run Parameters-- Photons: 40000, time finish: 0.1 (sh), time step: 0.0001 (sh) ,
 timestep size multiplier: 1 , max dt:1 (sh), Random number seed: 14706 , output frequency: 0
material temperature: 0.01 (keV), radiation temperature: 0.01 (keV)
Sampling -- Emission Position: source tilting (x only), Verbose printing mode enabled
Spatial Information -- elements: 20 , x_start: 0 , x_end: 0.1 , dx: 0.005
Material Information -- heat capacity: 0.1 opacity constants: 0 + 100^-3
Boundary Information -- Left: -1 Right: -1

Problem Specifications: Method = piecewise constant IMC
Constants -- c: 299.792 (cm/sh) , a: 0.01372
Run Parameters-- Photons: 40000, time finish: 0.1 (sh), time step: 0.0001 (sh) ,
 timestep size multiplier: 1 , max dt:1 (sh), Random number seed: 14706 , output frequency: 0
material temperature: 0.01 (keV), radiation temperature: 0.01 (keV)
Sampling -- Emission Position: source tilting (x only), Verbose printing mode enabled
Spatial Information -- elements: 20 , x_start: 0 , x_end: 0.1 , dx: 0.005
Material Information -- heat capacity: 0.1 opacity constants: 0 + 100^-3
Boundary Information -- Left: -1 Right: -1

Problem Specifications: Method = piecewise constant IMC
Constants -- c: 299.792 (cm/sh) , a: 0.01372
Run Parameters-- Photons: 40000, time finish: 0.1 (sh), time step: 0.0001 (sh) ,
 timestep size multiplier: 1 , max dt:1 (sh), Random number seed: 14706 , output frequency: 0
material temperature: 0.01 (keV), radiation temperature: 0.01 (keV)
Sampling -- Emission Position: source tilting (x only), Verbose printing mode enabled
Spatial Information -- elements: 20 , x_start: 0 , x_end: 0.1 , dx: 0.005
Material Information -- heat capacity: 0.1 opacity constants: 0 + 100^-3
Boundary Information -- Left: -1 Right: -1



----------------------------------------------------------
----------------------------------------------------------
------------------- SIMULATION COMPLETE ------------------
----------------------------------------------------------
----------------------------------------------------------

--------------------------------------------------------------------------------
 Time: 0.1     dt: 0.0001
--------------------------------------------------------------------------------
------------------ Piecewise Constant Mesh -------------------------------------
Element  x   T   op   emission   census   source abs_E
0 0.0025 0.986758 103.868 7.67684e-05 0 0.000102829 0
1 0.0075 0.978951 106.907 7.6034e-05 0 0 0
2 0.0125 0.970106 109.721 7.53784e-05 0 0 0
3 0.0175 0.960375 112.935 7.46563e-05 0 0 0
4 0.0225 0.95126 115.618 7.40742e-05 0 0 0
5 0.0275 0.940158 121.026 7.29541e-05 0 0 0
6 0.0325 0.933202 123.371 7.24889e-05 0 0 0
7 0.0375 0.924082 125.76 7.2027e-05 0 0 0
8 0.0425 0.91118 130.869 7.10773e-05 0 0 0
9 0.0475 0.900188 137.72 6.98786e-05 0 0 0
10 0.0525 0.885274 144.242 6.88091e-05 0 0 0
11 0.0575 0.86997 152.423 6.75552e-05 0 0 0
12 0.0625 0.851433 161.503 6.62648e-05 0 0 0
13 0.0675 0.83208 173.111 6.47493e-05 0 0 0
14 0.0725 0.812151 187.507 6.30478e-05 0 0 0
15 0.0775 0.788904 203.395 6.13616e-05 0 0 0
16 0.0825 0.755169 231.5 5.87705e-05 0 0 0
17 0.0875 0.71511 273.433 5.5598e-05 0 0 0
18 0.0925 0.657457 353.967 5.10139e-05 0 0 0
19 0.0975 0.547941 603.245 4.27082e-05 0 0 0
--------------------------------------------------------------------------------
----------------------------------------------------------
br1:4.605e+08
br2=4.28708e+08 br2_1=1.61711e+07 br2_2=0 br2_3=4.12537e+08
br3=1.42083e+08
br4=2.36504e+07
total_loops1.03129e+09


----------------------------------------------------------
----------------------------------------------------------
------------------- SIMULATION COMPLETE ------------------
----------------------------------------------------------
----------------------------------------------------------

--------------------------------------------------------------------------------
 Time: 0.1     dt: 0.0001
--------------------------------------------------------------------------------
------------------ Piecewise Constant Mesh -------------------------------------
Element  x   T   op   emission   census   source abs_E
0 0.0025 0.986758 103.868 7.67684e-05 0 0.000102829 0
1 0.0075 0.978951 106.907 7.6034e-05 0 0 0
2 0.0125 0.970106 109.721 7.53784e-05 0 0 0
3 0.0175 0.960375 112.935 7.46563e-05 0 0 0
4 0.0225 0.95126 115.618 7.40742e-05 0 0 0
5 0.0275 0.940158 121.026 7.29541e-05 0 0 0
6 0.0325 0.933202 123.371 7.24889e-05 0 0 0
7 0.0375 0.924082 125.76 7.2027e-05 0 0 0
8 0.0425 0.91118 130.869 7.10773e-05 0 0 0
9 0.0475 0.900188 137.72 6.98786e-05 0 0 0
10 0.0525 0.885274 144.242 6.88091e-05 0 0 0
11 0.0575 0.86997 152.423 6.75552e-05 0 0 0
12 0.0625 0.851433 161.503 6.62648e-05 0 0 0
13 0.0675 0.83208 173.111 6.47493e-05 0 0 0
14 0.0725 0.812151 187.507 6.30478e-05 0 0 0
15 0.0775 0.788904 203.395 6.13616e-05 0 0 0
16 0.0825 0.755169 231.5 5.87705e-05 0 0 0
17 0.0875 0.71511 273.433 5.5598e-05 0 0 0
18 0.0925 0.657457 353.967 5.10139e-05 0 0 0
19 0.0975 0.547941 603.245 4.27082e-05 0 0 0
--------------------------------------------------------------------------------
----------------------------------------------------------
br1:4.605e+08
br2=4.28708e+08 br2_1=1.61711e+07 br2_2=0 br2_3=4.12537e+08
br3=1.42083e+08
br4=2.36504e+07
total_loops1.03129e+09


----------------------------------------------------------
----------------------------------------------------------
------------------- SIMULATION COMPLETE ------------------
----------------------------------------------------------
----------------------------------------------------------

--------------------------------------------------------------------------------
 Time: 0.1     dt: 0.0001
--------------------------------------------------------------------------------
------------------ Piecewise Constant Mesh -------------------------------------
Element  x   T   op   emission   census   source abs_E
0 0.0025 0.986758 103.868 7.67684e-05 0 0.000102829 0
1 0.0075 0.978951 106.907 7.6034e-05 0 0 0
2 0.0125 0.970106 109.721 7.53784e-05 0 0 0
3 0.0175 0.960375 112.935 7.46563e-05 0 0 0
4 0.0225 0.95126 115.618 7.40742e-05 0 0 0
5 0.0275 0.940158 121.026 7.29541e-05 0 0 0
6 0.0325 0.933202 123.371 7.24889e-05 0 0 0
7 0.0375 0.924082 125.76 7.2027e-05 0 0 0
8 0.0425 0.91118 130.869 7.10773e-05 0 0 0
9 0.0475 0.900188 137.72 6.98786e-05 0 0 0
10 0.0525 0.885274 144.242 6.88091e-05 0 0 0
11 0.0575 0.86997 152.423 6.75552e-05 0 0 0
12 0.0625 0.851433 161.503 6.62648e-05 0 0 0
13 0.0675 0.83208 173.111 6.47493e-05 0 0 0
14 0.0725 0.812151 187.507 6.30478e-05 0 0 0
15 0.0775 0.788904 203.395 6.13616e-05 0 0 0
16 0.0825 0.755169 231.5 5.87705e-05 0 0 0
17 0.0875 0.71511 273.433 5.5598e-05 0 0 0
18 0.0925 0.657457 353.967 5.10139e-05 0 0 0
19 0.0975 0.547941 603.245 4.27082e-05 0 0 0
--------------------------------------------------------------------------------
----------------------------------------------------------
br1:4.605e+08
br2=4.28708e+08 br2_1=1.61711e+07 br2_2=0 br2_3=4.12537e+08
br3=1.42083e+08
br4=2.36504e+07
total_loops1.03129e+09


----------------------------------------------------------
----------------------------------------------------------
------------------- SIMULATION COMPLETE ------------------
----------------------------------------------------------
----------------------------------------------------------

--------------------------------------------------------------------------------
 Time: 0.1     dt: 0.0001
--------------------------------------------------------------------------------
------------------ Piecewise Constant Mesh -------------------------------------
Element  x   T   op   emission   census   source abs_E
0 0.0025 0.986758 103.868 7.67684e-05 0 0.000102829 0
1 0.0075 0.978951 106.907 7.6034e-05 0 0 0
2 0.0125 0.970106 109.721 7.53784e-05 0 0 0
3 0.0175 0.960375 112.935 7.46563e-05 0 0 0
4 0.0225 0.95126 115.618 7.40742e-05 0 0 0
5 0.0275 0.940158 121.026 7.29541e-05 0 0 0
6 0.0325 0.933202 123.371 7.24889e-05 0 0 0
7 0.0375 0.924082 125.76 7.2027e-05 0 0 0
8 0.0425 0.91118 130.869 7.10773e-05 0 0 0
9 0.0475 0.900188 137.72 6.98786e-05 0 0 0
10 0.0525 0.885274 144.242 6.88091e-05 0 0 0
11 0.0575 0.86997 152.423 6.75552e-05 0 0 0
12 0.0625 0.851433 161.503 6.62648e-05 0 0 0
13 0.0675 0.83208 173.111 6.47493e-05 0 0 0
14 0.0725 0.812151 187.507 6.30478e-05 0 0 0
15 0.0775 0.788904 203.395 6.13616e-05 0 0 0
16 0.0825 0.755169 231.5 5.87705e-05 0 0 0
17 0.0875 0.71511 273.433 5.5598e-05 0 0 0
18 0.0925 0.657457 353.967 5.10139e-05 0 0 0
19 0.0975 0.547941 603.245 4.27082e-05 0 0 0
--------------------------------------------------------------------------------
----------------------------------------------------------
br1:4.605e+08
br2=4.28708e+08 br2_1=1.61711e+07 br2_2=0 br2_3=4.12537e+08
br3=1.42083e+08
br4=2.36504e+07
total_loops1.03129e+09
Problem Specifications: Method = piecewise constant IMC
Constants -- c: 299.792 (cm/sh) , a: 0.01372
Run Parameters-- Photons: 40000, time finish: 0.1 (sh), time step: 0.0001 (sh) ,
 timestep size multiplier: 1 , max dt:1 (sh), Random number seed: 14706 , output frequency: 0
material temperature: 0.01 (keV), radiation temperature: 0.01 (keV)
Sampling -- Emission Position: source tilting (x only), Verbose printing mode enabled
Spatial Information -- elements: 20 , x_start: 0 , x_end: 0.1 , dx: 0.005
Material Information -- heat capacity: 0.1 opacity constants: 0 + 100^-3
Boundary Information -- Left: -1 Right: -1



----------------------------------------------------------
----------------------------------------------------------
------------------- SIMULATION COMPLETE ------------------
----------------------------------------------------------
----------------------------------------------------------

--------------------------------------------------------------------------------
 Time: 0.1     dt: 0.0001
--------------------------------------------------------------------------------
------------------ Piecewise Constant Mesh -------------------------------------
Element  x   T   op   emission   census   source abs_E
0 0.0025 0.986758 103.868 7.67684e-05 0 0.000102829 0
1 0.0075 0.978951 106.907 7.6034e-05 0 0 0
2 0.0125 0.970106 109.721 7.53784e-05 0 0 0
3 0.0175 0.960375 112.935 7.46563e-05 0 0 0
4 0.0225 0.95126 115.618 7.40742e-05 0 0 0
5 0.0275 0.940158 121.026 7.29541e-05 0 0 0
6 0.0325 0.933202 123.371 7.24889e-05 0 0 0
7 0.0375 0.924082 125.76 7.2027e-05 0 0 0
8 0.0425 0.91118 130.869 7.10773e-05 0 0 0
9 0.0475 0.900188 137.72 6.98786e-05 0 0 0
10 0.0525 0.885274 144.242 6.88091e-05 0 0 0
11 0.0575 0.86997 152.423 6.75552e-05 0 0 0
12 0.0625 0.851433 161.503 6.62648e-05 0 0 0
13 0.0675 0.83208 173.111 6.47493e-05 0 0 0
14 0.0725 0.812151 187.507 6.30478e-05 0 0 0
15 0.0775 0.788904 203.395 6.13616e-05 0 0 0
16 0.0825 0.755169 231.5 5.87705e-05 0 0 0
17 0.0875 0.71511 273.433 5.5598e-05 0 0 0
18 0.0925 0.657457 353.967 5.10139e-05 0 0 0
19 0.0975 0.547941 603.245 4.27082e-05 0 0 0
--------------------------------------------------------------------------------
----------------------------------------------------------
br1:4.605e+08
br2=4.28708e+08 br2_1=1.61711e+07 br2_2=0 br2_3=4.12537e+08
br3=1.42083e+08
br4=2.36504e+07
total_loops1.03129e+09
Problem Specifications: Method = piecewise constant IMC
Constants -- c: 299.792 (cm/sh) , a: 0.01372
Run Parameters-- Photons: 40000, time finish: 0.1 (sh), time step: 0.0001 (sh) ,
 timestep size multiplier: 1 , max dt:1 (sh), Random number seed: 14706 , output frequency: 0
material temperature: 0.01 (keV), radiation temperature: 0.01 (keV)
Sampling -- Emission Position: source tilting (x only), Verbose printing mode enabled
Spatial Information -- elements: 20 , x_start: 0 , x_end: 0.1 , dx: 0.005
Material Information -- heat capacity: 0.1 opacity constants: 0 + 100^-3
Boundary Information -- Left: -1 Right: -1

Problem Specifications: Method = piecewise constant IMC
Constants -- c: 299.792 (cm/sh) , a: 0.01372
Run Parameters-- Photons: 40000, time finish: 0.1 (sh), time step: 0.0001 (sh) ,
 timestep size multiplier: 1 , max dt:1 (sh), Random number seed: 14706 , output frequency: 0
material temperature: 0.01 (keV), radiation temperature: 0.01 (keV)
Sampling -- Emission Position: source tilting (x only), Verbose printing mode enabled
Spatial Information -- elements: 20 , x_start: 0 , x_end: 0.1 , dx: 0.005
Material Information -- heat capacity: 0.1 opacity constants: 0 + 100^-3
Boundary Information -- Left: -1 Right: -1

Problem Specifications: Method = piecewise constant IMC
Constants -- c: 299.792 (cm/sh) , a: 0.01372
Run Parameters-- Photons: 40000, time finish: 0.1 (sh), time step: 0.0001 (sh) ,
 timestep size multiplier: 1 , max dt:1 (sh), Random number seed: 14706 , output frequency: 0
material temperature: 0.01 (keV), radiation temperature: 0.01 (keV)
Sampling -- Emission Position: source tilting (x only), Verbose printing mode enabled
Spatial Information -- elements: 20 , x_start: 0 , x_end: 0.1 , dx: 0.005
Material Information -- heat capacity: 0.1 opacity constants: 0 + 100^-3
Boundary Information -- Left: -1 Right: -1



----------------------------------------------------------
----------------------------------------------------------
------------------- SIMULATION COMPLETE ------------------
----------------------------------------------------------
----------------------------------------------------------

--------------------------------------------------------------------------------
 Time: 0.1     dt: 0.0001
--------------------------------------------------------------------------------
------------------ Piecewise Constant Mesh -------------------------------------
Element  x   T   op   emission   census   source abs_E
0 0.0025 0.986758 103.868 7.67684e-05 0 0.000102829 0
1 0.0075 0.978951 106.907 7.6034e-05 0 0 0
2 0.0125 0.970106 109.721 7.53784e-05 0 0 0
3 0.0175 0.960375 112.935 7.46563e-05 0 0 0
4 0.0225 0.95126 115.618 7.40742e-05 0 0 0
5 0.0275 0.940158 121.026 7.29541e-05 0 0 0
6 0.0325 0.933202 123.371 7.24889e-05 0 0 0
7 0.0375 0.924082 125.76 7.2027e-05 0 0 0
8 0.0425 0.91118 130.869 7.10773e-05 0 0 0
9 0.0475 0.900188 137.72 6.98786e-05 0 0 0
10 0.0525 0.885274 144.242 6.88091e-05 0 0 0
11 0.0575 0.86997 152.423 6.75552e-05 0 0 0
12 0.0625 0.851433 161.503 6.62648e-05 0 0 0
13 0.0675 0.83208 173.111 6.47493e-05 0 0 0
14 0.0725 0.812151 187.507 6.30478e-05 0 0 0
15 0.0775 0.788904 203.395 6.13616e-05 0 0 0
16 0.0825 0.755169 231.5 5.87705e-05 0 0 0
17 0.0875 0.71511 273.433 5.5598e-05 0 0 0
18 0.0925 0.657457 353.967 5.10139e-05 0 0 0
19 0.0975 0.547941 603.245 4.27082e-05 0 0 0
--------------------------------------------------------------------------------
----------------------------------------------------------
br1:4.605e+08
br2=4.28708e+08 br2_1=1.61711e+07 br2_2=0 br2_3=4.12537e+08
br3=1.42083e+08
br4=2.36504e+07
total_loops1.03129e+09
Problem Specifications: Method = piecewise constant IMC
Constants -- c: 299.792 (cm/sh) , a: 0.01372
Run Parameters-- Photons: 40000, time finish: 0.1 (sh), time step: 0.0001 (sh) ,
 timestep size multiplier: 1 , max dt:1 (sh), Random number seed: 14706 , output frequency: 0
material temperature: 0.01 (keV), radiation temperature: 0.01 (keV)
Sampling -- Emission Position: source tilting (x only), Verbose printing mode enabled
Spatial Information -- elements: 20 , x_start: 0 , x_end: 0.1 , dx: 0.005
Material Information -- heat capacity: 0.1 opacity constants: 0 + 100^-3
Boundary Information -- Left: -1 Right: -1



----------------------------------------------------------
----------------------------------------------------------
------------------- SIMULATION COMPLETE ------------------
----------------------------------------------------------
----------------------------------------------------------

--------------------------------------------------------------------------------
 Time: 0.1     dt: 0.0001
--------------------------------------------------------------------------------
------------------ Piecewise Constant Mesh -------------------------------------
Element  x   T   op   emission   census   source abs_E
0 0.0025 0.986758 103.868 7.67684e-05 0 0.000102829 0
1 0.0075 0.978951 106.907 7.6034e-05 0 0 0
2 0.0125 0.970106 109.721 7.53784e-05 0 0 0
3 0.0175 0.960375 112.935 7.46563e-05 0 0 0
4 0.0225 0.95126 115.618 7.40742e-05 0 0 0
5 0.0275 0.940158 121.026 7.29541e-05 0 0 0
6 0.0325 0.933202 123.371 7.24889e-05 0 0 0
7 0.0375 0.924082 125.76 7.2027e-05 0 0 0
8 0.0425 0.91118 130.869 7.10773e-05 0 0 0
9 0.0475 0.900188 137.72 6.98786e-05 0 0 0
10 0.0525 0.885274 144.242 6.88091e-05 0 0 0
11 0.0575 0.86997 152.423 6.75552e-05 0 0 0
12 0.0625 0.851433 161.503 6.62648e-05 0 0 0
13 0.0675 0.83208 173.111 6.47493e-05 0 0 0
14 0.0725 0.812151 187.507 6.30478e-05 0 0 0
15 0.0775 0.788904 203.395 6.13616e-05 0 0 0
16 0.0825 0.755169 231.5 5.87705e-05 0 0 0
17 0.0875 0.71511 273.433 5.5598e-05 0 0 0
18 0.0925 0.657457 353.967 5.10139e-05 0 0 0
19 0.0975 0.547941 603.245 4.27082e-05 0 0 0
--------------------------------------------------------------------------------
----------------------------------------------------------
br1:4.605e+08
br2=4.28708e+08 br2_1=1.61711e+07 br2_2=0 br2_3=4.12537e+08
br3=1.42083e+08
br4=2.36504e+07
total_loops1.03129e+09
