Problem Specifications: Method = piecewise constant IMC
Constants -- c: 299.792 (cm/sh) , a: 0.01372
Run Parameters-- Photons: 40000, time finish: 0.1 (sh), time step: 0.0001 (sh) ,
 timestep size multiplier: 1 , max dt:1 (sh), Random number seed: 14706 , output frequency: 0
material temperature: 0.01 (keV), radiation temperature: 0.01 (keV)
Sampling -- Emission Position: source tilting (x only), Verbose printing mode enabled
Spatial Information -- elements: 20 , x_start: 0 , x_end: 0.1 , dx: 0.005
Material Information -- heat capacity: 0.1 opacity constants: 0 + 100^-3
Boundary Information -- Left: -1 Right: -1



----------------------------------------------------------
----------------------------------------------------------
------------------- SIMULATION COMPLETE ------------------
----------------------------------------------------------
----------------------------------------------------------

--------------------------------------------------------------------------------
 Time: 0.1     dt: 0.0001
--------------------------------------------------------------------------------
------------------ Piecewise Constant Mesh -------------------------------------
Element  x   T   op   emission   census   source abs_E
0 0.0025 0.985856 208.415 0.00015337 0 0.000102829 0
1 0.0075 0.970348 217.436 0.000151219 0 0 0
2 0.0125 0.95542 228.118 0.000148821 0 0 0
3 0.0175 0.939909 240.386 0.000146245 0 0 0
4 0.0225 0.926831 252.62 0.000143845 0 0 0
5 0.0275 0.903924 269.524 0.000140772 0 0 0
6 0.0325 0.88893 283.947 0.000138347 0 0 0
7 0.0375 0.865077 308.295 0.000134605 0 0 0
8 0.0425 0.838604 339.709 0.000130321 0 0 0
9 0.0475 0.812028 374.034 0.000126206 0 0 0
10 0.0525 0.773991 429.832 0.00012049 0 0 0
11 0.0575 0.727873 521.752 0.000112952 0 0 0
12 0.0625 0.674266 654.322 0.000104742 0 0 0
13 0.0675 0.594406 956.697 9.22837e-05 0 0 0
14 0.0725 0.465105 2012.89 7.20183e-05 0 0 0
15 0.0775 0.0884018 317015 1.33359e-05 0 0 0
16 0.0825 0.0100078 2.00088e+08 1.55469e-06 0 0 0
17 0.0875 0.0100015 1.99912e+08 1.55514e-06 0 0 0
18 0.0925 0.0100007 1.99959e+08 1.55502e-06 0 0 0
19 0.0975 0.00999932 2.00041e+08 1.55481e-06 0 0 0
--------------------------------------------------------------------------------
----------------------------------------------------------
br1:4.92714e+08
br2=2.16216e+08 br2_1=1.34664e+07 br2_2=0 br2_3=2.02749e+08
br3=7.04795e+07
br4=2.6437e+07
total_loops7.79409e+08
Problem Specifications: Method = piecewise constant IMC
Constants -- c: 299.792 (cm/sh) , a: 0.01372
Run Parameters-- Photons: 40000, time finish: 0.1 (sh), time step: 0.0001 (sh) ,
 timestep size multiplier: 1 , max dt:1 (sh), Random number seed: 14706 , output frequency: 0
material temperature: 0.01 (keV), radiation temperature: 0.01 (keV)
Sampling -- Emission Position: source tilting (x only), Verbose printing mode enabled
Spatial Information -- elements: 20 , x_start: 0 , x_end: 0.1 , dx: 0.005
Material Information -- heat capacity: 0.1 opacity constants: 0 + 100^-3
Boundary Information -- Left: -1 Right: -1

Problem Specifications: Method = piecewise constant IMC
Constants -- c: 299.792 (cm/sh) , a: 0.01372
Run Parameters-- Photons: 40000, time finish: 0.1 (sh), time step: 0.0001 (sh) ,
 timestep size multiplier: 1 , max dt:1 (sh), Random number seed: 14706 , output frequency: 0
material temperature: 0.01 (keV), radiation temperature: 0.01 (keV)
Sampling -- Emission Position: source tilting (x only), Verbose printing mode enabled
Spatial Information -- elements: 20 , x_start: 0 , x_end: 0.1 , dx: 0.005
Material Information -- heat capacity: 0.1 opacity constants: 0 + 100^-3
Boundary Information -- Left: -1 Right: -1

Problem Specifications: Method = piecewise constant IMC
Constants -- c: 299.792 (cm/sh) , a: 0.01372
Run Parameters-- Photons: 40000, time finish: 0.1 (sh), time step: 0.0001 (sh) ,
 timestep size multiplier: 1 , max dt:1 (sh), Random number seed: 14706 , output frequency: 0
material temperature: 0.01 (keV), radiation temperature: 0.01 (keV)
Sampling -- Emission Position: source tilting (x only), Verbose printing mode enabled
Spatial Information -- elements: 20 , x_start: 0 , x_end: 0.1 , dx: 0.005
Material Information -- heat capacity: 0.1 opacity constants: 0 + 100^-3
Boundary Information -- Left: -1 Right: -1

Problem Specifications: Method = piecewise constant IMC
Constants -- c: 299.792 (cm/sh) , a: 0.01372
Run Parameters-- Photons: 40000, time finish: 0.1 (sh), time step: 0.0001 (sh) ,
 timestep size multiplier: 1 , max dt:1 (sh), Random number seed: 14706 , output frequency: 0
material temperature: 0.01 (keV), radiation temperature: 0.01 (keV)
Sampling -- Emission Position: source tilting (x only), Verbose printing mode enabled
Spatial Information -- elements: 20 , x_start: 0 , x_end: 0.1 , dx: 0.005
Material Information -- heat capacity: 0.1 opacity constants: 0 + 100^-3
Boundary Information -- Left: -1 Right: -1



----------------------------------------------------------
----------------------------------------------------------
------------------- SIMULATION COMPLETE ------------------
----------------------------------------------------------
----------------------------------------------------------

--------------------------------------------------------------------------------
 Time: 0.1     dt: 0.0001
--------------------------------------------------------------------------------
------------------ Piecewise Constant Mesh -------------------------------------
Element  x   T   op   emission   census   source abs_E
0 0.0025 0.985856 208.415 0.00015337 0 0.000102829 0
1 0.0075 0.970348 217.436 0.000151219 0 0 0
2 0.0125 0.95542 228.118 0.000148821 0 0 0
3 0.0175 0.939909 240.386 0.000146245 0 0 0
4 0.0225 0.926831 252.62 0.000143845 0 0 0
5 0.0275 0.903924 269.524 0.000140772 0 0 0
6 0.0325 0.88893 283.947 0.000138347 0 0 0
7 0.0375 0.865077 308.295 0.000134605 0 0 0
8 0.0425 0.838604 339.709 0.000130321 0 0 0
9 0.0475 0.812028 374.034 0.000126206 0 0 0
10 0.0525 0.773991 429.832 0.00012049 0 0 0
11 0.0575 0.727873 521.752 0.000112952 0 0 0
12 0.0625 0.674266 654.322 0.000104742 0 0 0
13 0.0675 0.594406 956.697 9.22837e-05 0 0 0
14 0.0725 0.465105 2012.89 7.20183e-05 0 0 0
15 0.0775 0.0884018 317015 1.33359e-05 0 0 0
16 0.0825 0.0100078 2.00088e+08 1.55469e-06 0 0 0
17 0.0875 0.0100015 1.99912e+08 1.55514e-06 0 0 0
18 0.0925 0.0100007 1.99959e+08 1.55502e-06 0 0 0
19 0.0975 0.00999932 2.00041e+08 1.55481e-06 0 0 0
--------------------------------------------------------------------------------
----------------------------------------------------------
br1:4.92714e+08
br2=2.16216e+08 br2_1=1.34664e+07 br2_2=0 br2_3=2.02749e+08
br3=7.04795e+07
br4=2.6437e+07
total_loops7.79409e+08


----------------------------------------------------------
----------------------------------------------------------
------------------- SIMULATION COMPLETE ------------------
----------------------------------------------------------
----------------------------------------------------------

--------------------------------------------------------------------------------
 Time: 0.1     dt: 0.0001
--------------------------------------------------------------------------------
------------------ Piecewise Constant Mesh -------------------------------------
Element  x   T   op   emission   census   source abs_E
0 0.0025 0.985856 208.415 0.00015337 0 0.000102829 0
1 0.0075 0.970348 217.436 0.000151219 0 0 0
2 0.0125 0.95542 228.118 0.000148821 0 0 0
3 0.0175 0.939909 240.386 0.000146245 0 0 0
4 0.0225 0.926831 252.62 0.000143845 0 0 0
5 0.0275 0.903924 269.524 0.000140772 0 0 0
6 0.0325 0.88893 283.947 0.000138347 0 0 0
7 0.0375 0.865077 308.295 0.000134605 0 0 0
8 0.0425 0.838604 339.709 0.000130321 0 0 0
9 0.0475 0.812028 374.034 0.000126206 0 0 0
10 0.0525 0.773991 429.832 0.00012049 0 0 0
11 0.0575 0.727873 521.752 0.000112952 0 0 0
12 0.0625 0.674266 654.322 0.000104742 0 0 0
13 0.0675 0.594406 956.697 9.22837e-05 0 0 0
14 0.0725 0.465105 2012.89 7.20183e-05 0 0 0
15 0.0775 0.0884018 317015 1.33359e-05 0 0 0
16 0.0825 0.0100078 2.00088e+08 1.55469e-06 0 0 0
17 0.0875 0.0100015 1.99912e+08 1.55514e-06 0 0 0
18 0.0925 0.0100007 1.99959e+08 1.55502e-06 0 0 0
19 0.0975 0.00999932 2.00041e+08 1.55481e-06 0 0 0
--------------------------------------------------------------------------------
----------------------------------------------------------
br1:4.92714e+08
br2=2.16216e+08 br2_1=1.34664e+07 br2_2=0 br2_3=2.02749e+08
br3=7.04795e+07
br4=2.6437e+07
total_loops7.79409e+08


----------------------------------------------------------
----------------------------------------------------------
------------------- SIMULATION COMPLETE ------------------
----------------------------------------------------------
----------------------------------------------------------

--------------------------------------------------------------------------------
 Time: 0.1     dt: 0.0001
--------------------------------------------------------------------------------
------------------ Piecewise Constant Mesh -------------------------------------
Element  x   T   op   emission   census   source abs_E
0 0.0025 0.985856 208.415 0.00015337 0 0.000102829 0
1 0.0075 0.970348 217.436 0.000151219 0 0 0
2 0.0125 0.95542 228.118 0.000148821 0 0 0
3 0.0175 0.939909 240.386 0.000146245 0 0 0
4 0.0225 0.926831 252.62 0.000143845 0 0 0
5 0.0275 0.903924 269.524 0.000140772 0 0 0
6 0.0325 0.88893 283.947 0.000138347 0 0 0
7 0.0375 0.865077 308.295 0.000134605 0 0 0
8 0.0425 0.838604 339.709 0.000130321 0 0 0
9 0.0475 0.812028 374.034 0.000126206 0 0 0
10 0.0525 0.773991 429.832 0.00012049 0 0 0
11 0.0575 0.727873 521.752 0.000112952 0 0 0
12 0.0625 0.674266 654.322 0.000104742 0 0 0
13 0.0675 0.594406 956.697 9.22837e-05 0 0 0
14 0.0725 0.465105 2012.89 7.20183e-05 0 0 0
15 0.0775 0.0884018 317015 1.33359e-05 0 0 0
16 0.0825 0.0100078 2.00088e+08 1.55469e-06 0 0 0
17 0.0875 0.0100015 1.99912e+08 1.55514e-06 0 0 0
18 0.0925 0.0100007 1.99959e+08 1.55502e-06 0 0 0
19 0.0975 0.00999932 2.00041e+08 1.55481e-06 0 0 0
--------------------------------------------------------------------------------
----------------------------------------------------------
br1:4.92714e+08
br2=2.16216e+08 br2_1=1.34664e+07 br2_2=0 br2_3=2.02749e+08
br3=7.04795e+07
br4=2.6437e+07
total_loops7.79409e+08


----------------------------------------------------------
----------------------------------------------------------
------------------- SIMULATION COMPLETE ------------------
----------------------------------------------------------
----------------------------------------------------------

--------------------------------------------------------------------------------
 Time: 0.1     dt: 0.0001
--------------------------------------------------------------------------------
------------------ Piecewise Constant Mesh -------------------------------------
Element  x   T   op   emission   census   source abs_E
0 0.0025 0.985856 208.415 0.00015337 0 0.000102829 0
1 0.0075 0.970348 217.436 0.000151219 0 0 0
2 0.0125 0.95542 228.118 0.000148821 0 0 0
3 0.0175 0.939909 240.386 0.000146245 0 0 0
4 0.0225 0.926831 252.62 0.000143845 0 0 0
5 0.0275 0.903924 269.524 0.000140772 0 0 0
6 0.0325 0.88893 283.947 0.000138347 0 0 0
7 0.0375 0.865077 308.295 0.000134605 0 0 0
8 0.0425 0.838604 339.709 0.000130321 0 0 0
9 0.0475 0.812028 374.034 0.000126206 0 0 0
10 0.0525 0.773991 429.832 0.00012049 0 0 0
11 0.0575 0.727873 521.752 0.000112952 0 0 0
12 0.0625 0.674266 654.322 0.000104742 0 0 0
13 0.0675 0.594406 956.697 9.22837e-05 0 0 0
14 0.0725 0.465105 2012.89 7.20183e-05 0 0 0
15 0.0775 0.0884018 317015 1.33359e-05 0 0 0
16 0.0825 0.0100078 2.00088e+08 1.55469e-06 0 0 0
17 0.0875 0.0100015 1.99912e+08 1.55514e-06 0 0 0
18 0.0925 0.0100007 1.99959e+08 1.55502e-06 0 0 0
19 0.0975 0.00999932 2.00041e+08 1.55481e-06 0 0 0
--------------------------------------------------------------------------------
----------------------------------------------------------
br1:4.92714e+08
br2=2.16216e+08 br2_1=1.34664e+07 br2_2=0 br2_3=2.02749e+08
br3=7.04795e+07
br4=2.6437e+07
total_loops7.79409e+08
Problem Specifications: Method = piecewise constant IMC
Constants -- c: 299.792 (cm/sh) , a: 0.01372
Run Parameters-- Photons: 40000, time finish: 0.1 (sh), time step: 0.0001 (sh) ,
 timestep size multiplier: 1 , max dt:1 (sh), Random number seed: 14706 , output frequency: 0
material temperature: 0.01 (keV), radiation temperature: 0.01 (keV)
Sampling -- Emission Position: source tilting (x only), Verbose printing mode enabled
Spatial Information -- elements: 20 , x_start: 0 , x_end: 0.1 , dx: 0.005
Material Information -- heat capacity: 0.1 opacity constants: 0 + 100^-3
Boundary Information -- Left: -1 Right: -1



----------------------------------------------------------
----------------------------------------------------------
------------------- SIMULATION COMPLETE ------------------
----------------------------------------------------------
----------------------------------------------------------

--------------------------------------------------------------------------------
 Time: 0.1     dt: 0.0001
--------------------------------------------------------------------------------
------------------ Piecewise Constant Mesh -------------------------------------
Element  x   T   op   emission   census   source abs_E
0 0.0025 0.985856 208.415 0.00015337 0 0.000102829 0
1 0.0075 0.970348 217.436 0.000151219 0 0 0
2 0.0125 0.95542 228.118 0.000148821 0 0 0
3 0.0175 0.939909 240.386 0.000146245 0 0 0
4 0.0225 0.926831 252.62 0.000143845 0 0 0
5 0.0275 0.903924 269.524 0.000140772 0 0 0
6 0.0325 0.88893 283.947 0.000138347 0 0 0
7 0.0375 0.865077 308.295 0.000134605 0 0 0
8 0.0425 0.838604 339.709 0.000130321 0 0 0
9 0.0475 0.812028 374.034 0.000126206 0 0 0
10 0.0525 0.773991 429.832 0.00012049 0 0 0
11 0.0575 0.727873 521.752 0.000112952 0 0 0
12 0.0625 0.674266 654.322 0.000104742 0 0 0
13 0.0675 0.594406 956.697 9.22837e-05 0 0 0
14 0.0725 0.465105 2012.89 7.20183e-05 0 0 0
15 0.0775 0.0884018 317015 1.33359e-05 0 0 0
16 0.0825 0.0100078 2.00088e+08 1.55469e-06 0 0 0
17 0.0875 0.0100015 1.99912e+08 1.55514e-06 0 0 0
18 0.0925 0.0100007 1.99959e+08 1.55502e-06 0 0 0
19 0.0975 0.00999932 2.00041e+08 1.55481e-06 0 0 0
--------------------------------------------------------------------------------
----------------------------------------------------------
br1:4.92714e+08
br2=2.16216e+08 br2_1=1.34664e+07 br2_2=0 br2_3=2.02749e+08
br3=7.04795e+07
br4=2.6437e+07
total_loops7.79409e+08
Problem Specifications: Method = piecewise constant IMC
Constants -- c: 299.792 (cm/sh) , a: 0.01372
Run Parameters-- Photons: 40000, time finish: 0.1 (sh), time step: 0.0001 (sh) ,
 timestep size multiplier: 1 , max dt:1 (sh), Random number seed: 14706 , output frequency: 0
material temperature: 0.01 (keV), radiation temperature: 0.01 (keV)
Sampling -- Emission Position: source tilting (x only), Verbose printing mode enabled
Spatial Information -- elements: 20 , x_start: 0 , x_end: 0.1 , dx: 0.005
Material Information -- heat capacity: 0.1 opacity constants: 0 + 100^-3
Boundary Information -- Left: -1 Right: -1

