Problem Specifications: Method = piecewise constant IMC
Constants -- c: 299.792 (cm/sh) , a: 0.01372
Run Parameters-- Photons: 40000, time finish: 0.1 (sh), time step: 0.0001 (sh) ,
 timestep size multiplier: 1 , max dt:1 (sh), Random number seed: 14706 , output frequency: 0
material temperature: 0.01 (keV), radiation temperature: 0.01 (keV)
Sampling -- Emission Position: source tilting (x only), Verbose printing mode enabled
Spatial Information -- elements: 20 , x_start: 0 , x_end: 0.1 , dx: 0.005
Material Information -- heat capacity: 0.1 opacity constants: 5 + 50^5
Boundary Information -- Left: -1 Right: -1



----------------------------------------------------------
----------------------------------------------------------
------------------- SIMULATION COMPLETE ------------------
----------------------------------------------------------
----------------------------------------------------------

--------------------------------------------------------------------------------
 Time: 0.1     dt: 0.0001
--------------------------------------------------------------------------------
------------------ Piecewise Constant Mesh -------------------------------------
Element  x   T   op   emission   census   source abs_E
0 0.0025 0.963189 139.837 0.000147191 0 0.000102829 0
1 0.0075 0.936048 123.142 0.000125358 0 0 0
2 0.0125 0.91153 109.582 0.000107049 0 0 0
3 0.0175 0.888298 98.0267 9.12134e-05 0 0 0
4 0.0225 0.865376 87.5695 7.68675e-05 0 0 0
5 0.0275 0.841525 78.378 6.44035e-05 0 0 0
6 0.0325 0.820469 71.0176 5.46356e-05 0 0 0
7 0.0375 0.798249 63.5854 4.5076e-05 0 0 0
8 0.0425 0.777777 57.6409 3.77299e-05 0 0 0
9 0.0475 0.757272 52.25 3.1362e-05 0 0 0
10 0.0525 0.736635 47.5415 2.60756e-05 0 0 0
11 0.0575 0.716379 43.222 2.14891e-05 0 0 0
12 0.0625 0.697442 39.7518 1.80105e-05 0 0 0
13 0.0675 0.677056 36.3633 1.48106e-05 0 0 0
14 0.0725 0.655863 33.1901 1.20063e-05 0 0 0
15 0.0775 0.63603 30.6141 9.8773e-06 0 0 0
16 0.0825 0.614372 28.1433 7.96759e-06 0 0 0
17 0.0875 0.591489 25.8562 6.32153e-06 0 0 0
18 0.0925 0.567549 23.8305 4.96522e-06 0 0 0
19 0.0975 0.539441 21.8483 3.73309e-06 0 0 0
--------------------------------------------------------------------------------
----------------------------------------------------------
br1:4.3896e+07
br2=4.63845e+08 br2_1=3.33965e+07 br2_2=0 br2_3=4.30449e+08
br3=1.57311e+08
br4=6.45276e+06
total_loops6.65052e+08
