Problem Specifications: Method = piecewise constant IMC
Constants -- c: 299.792 (cm/sh) , a: 0.01372
Run Parameters-- Photons: 40000, time finish: 0.1 (sh), time step: 0.0001 (sh) ,
 timestep size multiplier: 1 , max dt:1 (sh), Random number seed: 14706 , output frequency: 0
material temperature: 0.01 (keV), radiation temperature: 0.01 (keV)
Sampling -- Emission Position: source tilting (x only), Verbose printing mode enabled
Spatial Information -- elements: 20 , x_start: 0 , x_end: 0.1 , dx: 0.005
Material Information -- heat capacity: 0.1 opacity constants: 5 + 50^-3
Boundary Information -- Left: -1 Right: -1



----------------------------------------------------------
----------------------------------------------------------
------------------- SIMULATION COMPLETE ------------------
----------------------------------------------------------
----------------------------------------------------------

--------------------------------------------------------------------------------
 Time: 0.1     dt: 0.0001
--------------------------------------------------------------------------------
------------------ Piecewise Constant Mesh -------------------------------------
Element  x   T   op   emission   census   source abs_E
0 0.0025 0.982075 173.221 0.000174563 0 0.000102829 0
1 0.0075 0.96755 180.757 0.00017152 0 0 0
2 0.0125 0.948731 190.532 0.000167865 0 0 0
3 0.0175 0.933173 198.77 0.000165009 0 0 0
4 0.0225 0.915232 210.863 0.000161141 0 0 0
5 0.0275 0.890808 227.625 0.000156323 0 0 0
6 0.0325 0.867687 245.731 0.000151703 0 0 0
7 0.0375 0.8405 269.828 0.000146309 0 0 0
8 0.0425 0.809106 300.537 0.000140412 0 0 0
9 0.0475 0.765987 348.399 0.00013283 0 0 0
10 0.0525 0.714756 426.353 0.0001233 0 0 0
11 0.0575 0.646592 573.659 0.00011078 0 0 0
12 0.0625 0.53383 1000.88 9.11058e-05 0 0 0
13 0.0675 0.233501 12293.8 3.90068e-05 0 0 0
14 0.0725 0.011115 1.11124e+08 1.87053e-06 0 0 0
15 0.0775 0.0100145 1.49351e+08 1.69498e-06 0 0 0
16 0.0825 0.00998762 1.50559e+08 1.69044e-06 0 0 0
17 0.0875 0.00998995 1.50453e+08 1.69083e-06 0 0 0
18 0.0925 0.0100085 1.49617e+08 1.69398e-06 0 0 0
19 0.0975 0.01 1.5e+08 1.69253e-06 0 0 0
--------------------------------------------------------------------------------
----------------------------------------------------------
br1:2.64195e+08
br2=1.84156e+08 br2_1=1.42801e+07 br2_2=0 br2_3=1.69876e+08
br3=6.00166e+07
br4=2.56343e+07
total_loops5.08367e+08
Problem Specifications: Method = piecewise constant IMC
Constants -- c: 299.792 (cm/sh) , a: 0.01372
Run Parameters-- Photons: 40000, time finish: 0.1 (sh), time step: 0.0001 (sh) ,
 timestep size multiplier: 1 , max dt:1 (sh), Random number seed: 14706 , output frequency: 0
material temperature: 0.01 (keV), radiation temperature: 0.01 (keV)
Sampling -- Emission Position: source tilting (x only), Verbose printing mode enabled
Spatial Information -- elements: 20 , x_start: 0 , x_end: 0.1 , dx: 0.005
Material Information -- heat capacity: 0.1 opacity constants: 5 + 50^-3
Boundary Information -- Left: -1 Right: -1



----------------------------------------------------------
----------------------------------------------------------
------------------- SIMULATION COMPLETE ------------------
----------------------------------------------------------
----------------------------------------------------------

--------------------------------------------------------------------------------
 Time: 0.1     dt: 0.0001
--------------------------------------------------------------------------------
------------------ Piecewise Constant Mesh -------------------------------------
Element  x   T   op   emission   census   source abs_E
0 0.0025 0.982075 173.221 0.000174563 0 0.000102829 0
1 0.0075 0.96755 180.757 0.00017152 0 0 0
2 0.0125 0.948731 190.532 0.000167865 0 0 0
3 0.0175 0.933173 198.77 0.000165009 0 0 0
4 0.0225 0.915232 210.863 0.000161141 0 0 0
5 0.0275 0.890808 227.625 0.000156323 0 0 0
6 0.0325 0.867687 245.731 0.000151703 0 0 0
7 0.0375 0.8405 269.828 0.000146309 0 0 0
8 0.0425 0.809106 300.537 0.000140412 0 0 0
9 0.0475 0.765987 348.399 0.00013283 0 0 0
10 0.0525 0.714756 426.353 0.0001233 0 0 0
11 0.0575 0.646592 573.659 0.00011078 0 0 0
12 0.0625 0.53383 1000.88 9.11058e-05 0 0 0
13 0.0675 0.233501 12293.8 3.90068e-05 0 0 0
14 0.0725 0.011115 1.11124e+08 1.87053e-06 0 0 0
15 0.0775 0.0100145 1.49351e+08 1.69498e-06 0 0 0
16 0.0825 0.00998762 1.50559e+08 1.69044e-06 0 0 0
17 0.0875 0.00998995 1.50453e+08 1.69083e-06 0 0 0
18 0.0925 0.0100085 1.49617e+08 1.69398e-06 0 0 0
19 0.0975 0.01 1.5e+08 1.69253e-06 0 0 0
--------------------------------------------------------------------------------
----------------------------------------------------------
br1:2.64195e+08
br2=1.84156e+08 br2_1=1.42801e+07 br2_2=0 br2_3=1.69876e+08
br3=6.00166e+07
br4=2.56343e+07
total_loops5.08367e+08
