Problem Specifications: Method = piecewise constant IMC
Constants -- c: 299.792 (cm/sh) , a: 0.01372
Run Parameters-- Photons: 40000, time finish: 0.1 (sh), time step: 0.0001 (sh) ,
 timestep size multiplier: 1 , max dt:1 (sh), Random number seed: 14706 , output frequency: 0
material temperature: 0.01 (keV), radiation temperature: 0.01 (keV)
Sampling -- Emission Position: source tilting (x only), Verbose printing mode enabled
Spatial Information -- elements: 20 , x_start: 0 , x_end: 0.1 , dx: 0.005
Material Information -- heat capacity: 0.1 opacity constants: 5 + 100^-3
Boundary Information -- Left: -1 Right: -1



----------------------------------------------------------
----------------------------------------------------------
------------------- SIMULATION COMPLETE ------------------
----------------------------------------------------------
----------------------------------------------------------

--------------------------------------------------------------------------------
 Time: 0.1     dt: 0.0001
--------------------------------------------------------------------------------
------------------ Piecewise Constant Mesh -------------------------------------
Element  x   T   op   emission   census   source abs_E
0 0.0025 0.981772 332.741 0.00023278 0 0.000102829 0
1 0.0075 0.959423 353.636 0.000227657 0 0 0
2 0.0125 0.939233 376.723 0.000222484 0 0 0
3 0.0175 0.91327 407.831 0.000216197 0 0 0
4 0.0225 0.882206 453.08 0.000208188 0 0 0
5 0.0275 0.848065 511.997 0.000199323 0 0 0
6 0.0325 0.806134 587.755 0.000189842 0 0 0
7 0.0375 0.754594 711.759 0.000177535 0 0 0
8 0.0425 0.688962 933.943 0.00016158 0 0 0
9 0.0475 0.601126 1395.72 0.00014079 0 0 0
10 0.0525 0.453666 3274.75 0.000105486 0 0 0
11 0.0575 0.059291 1.53062e+06 1.35483e-05 0 0 0
12 0.0625 0.0100001 2.9999e+08 2.3324e-06 0 0 0
13 0.0675 0.00999989 3.0001e+08 2.33235e-06 0 0 0
14 0.0725 0.01 3e+08 2.33237e-06 0 0 0
15 0.0775 0.01 3e+08 2.33237e-06 0 0 0
16 0.0825 0.0099994 3.00054e+08 2.33223e-06 0 0 0
17 0.0875 0.0100006 2.99949e+08 2.3325e-06 0 0 0
18 0.0925 0.01 2.99997e+08 2.33238e-06 0 0 0
19 0.0975 0.01 3e+08 2.33237e-06 0 0 0
--------------------------------------------------------------------------------
----------------------------------------------------------
br1:5.21161e+08
br2=1.41743e+08 br2_1=1.22989e+07 br2_2=0 br2_3=1.29444e+08
br3=4.57419e+07
br4=2.7635e+07
total_loops7.08646e+08
Problem Specifications: Method = piecewise constant IMC
Constants -- c: 299.792 (cm/sh) , a: 0.01372
Run Parameters-- Photons: 40000, time finish: 0.1 (sh), time step: 0.0001 (sh) ,
 timestep size multiplier: 1 , max dt:1 (sh), Random number seed: 14706 , output frequency: 0
material temperature: 0.01 (keV), radiation temperature: 0.01 (keV)
Sampling -- Emission Position: source tilting (x only), Verbose printing mode enabled
Spatial Information -- elements: 20 , x_start: 0 , x_end: 0.1 , dx: 0.005
Material Information -- heat capacity: 0.1 opacity constants: 5 + 100^-3
Boundary Information -- Left: -1 Right: -1

Problem Specifications: Method = piecewise constant IMC
Constants -- c: 299.792 (cm/sh) , a: 0.01372
Run Parameters-- Photons: 40000, time finish: 0.1 (sh), time step: 0.0001 (sh) ,
 timestep size multiplier: 1 , max dt:1 (sh), Random number seed: 14706 , output frequency: 0
material temperature: 0.01 (keV), radiation temperature: 0.01 (keV)
Sampling -- Emission Position: source tilting (x only), Verbose printing mode enabled
Spatial Information -- elements: 20 , x_start: 0 , x_end: 0.1 , dx: 0.005
Material Information -- heat capacity: 0.1 opacity constants: 5 + 100^-3
Boundary Information -- Left: -1 Right: -1



----------------------------------------------------------
----------------------------------------------------------
------------------- SIMULATION COMPLETE ------------------
----------------------------------------------------------
----------------------------------------------------------

--------------------------------------------------------------------------------
 Time: 0.1     dt: 0.0001
--------------------------------------------------------------------------------
------------------ Piecewise Constant Mesh -------------------------------------
Element  x   T   op   emission   census   source abs_E
0 0.0025 0.981772 332.741 0.00023278 0 0.000102829 0
1 0.0075 0.959423 353.636 0.000227657 0 0 0
2 0.0125 0.939233 376.723 0.000222484 0 0 0
3 0.0175 0.91327 407.831 0.000216197 0 0 0
4 0.0225 0.882206 453.08 0.000208188 0 0 0
5 0.0275 0.848065 511.997 0.000199323 0 0 0
6 0.0325 0.806134 587.755 0.000189842 0 0 0
7 0.0375 0.754594 711.759 0.000177535 0 0 0
8 0.0425 0.688962 933.943 0.00016158 0 0 0
9 0.0475 0.601126 1395.72 0.00014079 0 0 0
10 0.0525 0.453666 3274.75 0.000105486 0 0 0
11 0.0575 0.059291 1.53062e+06 1.35483e-05 0 0 0
12 0.0625 0.0100001 2.9999e+08 2.3324e-06 0 0 0
13 0.0675 0.00999989 3.0001e+08 2.33235e-06 0 0 0
14 0.0725 0.01 3e+08 2.33237e-06 0 0 0
15 0.0775 0.01 3e+08 2.33237e-06 0 0 0
16 0.0825 0.0099994 3.00054e+08 2.33223e-06 0 0 0
17 0.0875 0.0100006 2.99949e+08 2.3325e-06 0 0 0
18 0.0925 0.01 2.99997e+08 2.33238e-06 0 0 0
19 0.0975 0.01 3e+08 2.33237e-06 0 0 0
--------------------------------------------------------------------------------
----------------------------------------------------------
br1:5.21161e+08
br2=1.41743e+08 br2_1=1.22989e+07 br2_2=0 br2_3=1.29444e+08
br3=4.57419e+07
br4=2.7635e+07
total_loops7.08646e+08


----------------------------------------------------------
----------------------------------------------------------
------------------- SIMULATION COMPLETE ------------------
----------------------------------------------------------
----------------------------------------------------------

--------------------------------------------------------------------------------
 Time: 0.1     dt: 0.0001
--------------------------------------------------------------------------------
------------------ Piecewise Constant Mesh -------------------------------------
Element  x   T   op   emission   census   source abs_E
0 0.0025 0.981772 332.741 0.00023278 0 0.000102829 0
1 0.0075 0.959423 353.636 0.000227657 0 0 0
2 0.0125 0.939233 376.723 0.000222484 0 0 0
3 0.0175 0.91327 407.831 0.000216197 0 0 0
4 0.0225 0.882206 453.08 0.000208188 0 0 0
5 0.0275 0.848065 511.997 0.000199323 0 0 0
6 0.0325 0.806134 587.755 0.000189842 0 0 0
7 0.0375 0.754594 711.759 0.000177535 0 0 0
8 0.0425 0.688962 933.943 0.00016158 0 0 0
9 0.0475 0.601126 1395.72 0.00014079 0 0 0
10 0.0525 0.453666 3274.75 0.000105486 0 0 0
11 0.0575 0.059291 1.53062e+06 1.35483e-05 0 0 0
12 0.0625 0.0100001 2.9999e+08 2.3324e-06 0 0 0
13 0.0675 0.00999989 3.0001e+08 2.33235e-06 0 0 0
14 0.0725 0.01 3e+08 2.33237e-06 0 0 0
15 0.0775 0.01 3e+08 2.33237e-06 0 0 0
16 0.0825 0.0099994 3.00054e+08 2.33223e-06 0 0 0
17 0.0875 0.0100006 2.99949e+08 2.3325e-06 0 0 0
18 0.0925 0.01 2.99997e+08 2.33238e-06 0 0 0
19 0.0975 0.01 3e+08 2.33237e-06 0 0 0
--------------------------------------------------------------------------------
----------------------------------------------------------
br1:5.21161e+08
br2=1.41743e+08 br2_1=1.22989e+07 br2_2=0 br2_3=1.29444e+08
br3=4.57419e+07
br4=2.7635e+07
total_loops7.08646e+08
