Problem Specifications: Method = piecewise constant IMC
Constants -- c: 299.792 (cm/sh) , a: 0.01372
Run Parameters-- Photons: 40000, time finish: 0.1 (sh), time step: 0.0001 (sh) ,
 timestep size multiplier: 1 , max dt:1 (sh), Random number seed: 15891 , output frequency: 0
material temperature: 0.01 (keV), radiation temperature: 0.01 (keV)
Sampling -- Emission Position: source tilting (x only), Verbose printing mode enabled
Spatial Information -- elements: 20 , x_start: 0 , x_end: 0.1 , dx: 0.005
Material Information -- heat capacity: 0.1 opacity constants: 0 + 100^-3
Boundary Information -- Left: -1 Right: -1



----------------------------------------------------------
----------------------------------------------------------
------------------- SIMULATION COMPLETE ------------------
----------------------------------------------------------
----------------------------------------------------------

--------------------------------------------------------------------------------
 Time: 0.1     dt: 0.0001
--------------------------------------------------------------------------------
------------------ Piecewise Constant Mesh -------------------------------------
Element  x   T   op   emission   census   source abs_E
0 0.0025 0.98274 317.345 0.000228908 0 0.000102829 0
1 0.0075 0.962047 336.718 0.000224431 0 0 0
2 0.0125 0.938339 362.062 0.000219067 0 0 0
3 0.0175 0.912915 393.101 0.000213142 0 0 0
4 0.0225 0.883934 433.813 0.000206255 0 0 0
5 0.0275 0.847591 488.78 0.000198214 0 0 0
6 0.0325 0.808736 570.899 0.000188214 0 0 0
7 0.0375 0.759785 683.155 0.000177282 0 0 0
8 0.0425 0.698506 883.737 0.000162704 0 0 0
9 0.0475 0.613693 1304.25 0.000142906 0 0 0
10 0.0525 0.480713 2716.58 0.0001119 0 0 0
11 0.0575 0.0887361 457235 2.02671e-05 0 0 0
12 0.0625 0.010003 2.99731e+08 2.33307e-06 0 0 0
13 0.0675 0.0100017 2.99847e+08 2.33277e-06 0 0 0
14 0.0725 0.01 3e+08 2.33237e-06 0 0 0
15 0.0775 0.01 3e+08 2.33237e-06 0 0 0
16 0.0825 0.01 3e+08 2.33237e-06 0 0 0
17 0.0875 0.01 2.99999e+08 2.33237e-06 0 0 0
18 0.0925 0.01 3e+08 2.33237e-06 0 0 0
19 0.0975 0.01 3e+08 2.33237e-06 0 0 0
--------------------------------------------------------------------------------
----------------------------------------------------------
br1:5.07695e+08
br2=1.43447e+08 br2_1=1.24103e+07 br2_2=0 br2_3=1.31037e+08
br3=4.62927e+07
br4=2.75231e+07
total_loops6.97435e+08
Problem Specifications: Method = piecewise constant IMC
Constants -- c: 299.792 (cm/sh) , a: 0.01372
Run Parameters-- Photons: 40000, time finish: 0.1 (sh), time step: 0.0001 (sh) ,
 timestep size multiplier: 1 , max dt:1 (sh), Random number seed: 15891 , output frequency: 0
material temperature: 0.01 (keV), radiation temperature: 0.01 (keV)
Sampling -- Emission Position: source tilting (x only), Verbose printing mode enabled
Spatial Information -- elements: 20 , x_start: 0 , x_end: 0.1 , dx: 0.005
Material Information -- heat capacity: 0.1 opacity constants: 0 + 100^-3
Boundary Information -- Left: -1 Right: -1



----------------------------------------------------------
----------------------------------------------------------
------------------- SIMULATION COMPLETE ------------------
----------------------------------------------------------
----------------------------------------------------------

--------------------------------------------------------------------------------
 Time: 0.1     dt: 0.0001
--------------------------------------------------------------------------------
------------------ Piecewise Constant Mesh -------------------------------------
Element  x   T   op   emission   census   source abs_E
0 0.0025 0.98274 317.345 0.000228908 0 0.000102829 0
1 0.0075 0.962047 336.718 0.000224431 0 0 0
2 0.0125 0.938339 362.062 0.000219067 0 0 0
3 0.0175 0.912915 393.101 0.000213142 0 0 0
4 0.0225 0.883934 433.813 0.000206255 0 0 0
5 0.0275 0.847591 488.78 0.000198214 0 0 0
6 0.0325 0.808736 570.899 0.000188214 0 0 0
7 0.0375 0.759785 683.155 0.000177282 0 0 0
8 0.0425 0.698506 883.737 0.000162704 0 0 0
9 0.0475 0.613693 1304.25 0.000142906 0 0 0
10 0.0525 0.480713 2716.58 0.0001119 0 0 0
11 0.0575 0.0887361 457235 2.02671e-05 0 0 0
12 0.0625 0.010003 2.99731e+08 2.33307e-06 0 0 0
13 0.0675 0.0100017 2.99847e+08 2.33277e-06 0 0 0
14 0.0725 0.01 3e+08 2.33237e-06 0 0 0
15 0.0775 0.01 3e+08 2.33237e-06 0 0 0
16 0.0825 0.01 3e+08 2.33237e-06 0 0 0
17 0.0875 0.01 2.99999e+08 2.33237e-06 0 0 0
18 0.0925 0.01 3e+08 2.33237e-06 0 0 0
19 0.0975 0.01 3e+08 2.33237e-06 0 0 0
--------------------------------------------------------------------------------
----------------------------------------------------------
br1:5.07695e+08
br2=1.43447e+08 br2_1=1.24103e+07 br2_2=0 br2_3=1.31037e+08
br3=4.62927e+07
br4=2.75231e+07
total_loops6.97435e+08
