Problem Specifications: Method = piecewise constant IMC
Constants -- c: 299.792 (cm/sh) , a: 0.01372
Run Parameters-- Photons: 100000, time finish: 0.1 (sh), time step: 0.0001 (sh) ,
 timestep size multiplier: 1 , max dt:1 (sh), Random number seed: 14706 , output frequency: 0
material temperature: 0.01 (keV), radiation temperature: 0.01 (keV)
Sampling -- Emission Position: source tilting (x only), Verbose printing mode enabled
Spatial Information -- elements: 20 , x_start: 0 , x_end: 0.1 , dx: 0.005
Material Information -- heat capacity: 0.1 opacity constants: 0 + 100^-3
Boundary Information -- Left: -1 Right: -1

Problem Specifications: Method = piecewise constant IMC
Constants -- c: 299.792 (cm/sh) , a: 0.01372
Run Parameters-- Photons: 100000, time finish: 0.1 (sh), time step: 0.0001 (sh) ,
 timestep size multiplier: 1 , max dt:1 (sh), Random number seed: 14706 , output frequency: 0
material temperature: 0.01 (keV), radiation temperature: 0.01 (keV)
Sampling -- Emission Position: source tilting (x only), Verbose printing mode enabled
Spatial Information -- elements: 20 , x_start: 0 , x_end: 0.1 , dx: 0.005
Material Information -- heat capacity: 0.1 opacity constants: 0 + 100^-3
Boundary Information -- Left: -1 Right: -1



----------------------------------------------------------
----------------------------------------------------------
------------------- SIMULATION COMPLETE ------------------
----------------------------------------------------------
----------------------------------------------------------

--------------------------------------------------------------------------------
 Time: 0.1     dt: 0.0001
--------------------------------------------------------------------------------
------------------ Piecewise Constant Mesh -------------------------------------
Element  x   T   op   emission   census   source abs_E
0 0.0025 0.981119 316.989 0.000228994 0 0.000102829 0
1 0.0075 0.963388 336.584 0.000224461 0 0 0
2 0.0125 0.940334 361.324 0.000219216 0 0 0
3 0.0175 0.912421 394.103 0.000212962 0 0 0
4 0.0225 0.88338 433.98 0.000206228 0 0 0
5 0.0275 0.852268 486.167 0.000198568 0 0 0
6 0.0325 0.81094 564.137 0.000188963 0 0 0
7 0.0375 0.762251 681.356 0.000177438 0 0 0
8 0.0425 0.697791 883.005 0.000162748 0 0 0
9 0.0475 0.614149 1296.91 0.000143175 0 0 0
10 0.0525 0.482273 2690.26 0.000112264 0 0 0
11 0.0575 0.0893725 447112 2.04189e-05 0 0 0
12 0.0625 0.0100265 2.97626e+08 2.33856e-06 0 0 0
13 0.0675 0.01 3e+08 2.33237e-06 0 0 0
14 0.0725 0.00999675 3.00293e+08 2.33161e-06 0 0 0
15 0.0775 0.0100033 2.99707e+08 2.33313e-06 0 0 0
16 0.0825 0.01 3e+08 2.33237e-06 0 0 0
17 0.0875 0.01 3e+08 2.33237e-06 0 0 0
18 0.0925 0.01 3e+08 2.33237e-06 0 0 0
19 0.0975 0.01 3e+08 2.33237e-06 0 0 0
--------------------------------------------------------------------------------
----------------------------------------------------------
br1:1.26967e+09
br2=3.59129e+08 br2_1=3.10098e+07 br2_2=0 br2_3=3.28119e+08
br3=1.15892e+08
br4=6.88387e+07
total_loops1.74469e+09


----------------------------------------------------------
----------------------------------------------------------
------------------- SIMULATION COMPLETE ------------------
----------------------------------------------------------
----------------------------------------------------------

--------------------------------------------------------------------------------
 Time: 0.1     dt: 0.0001
--------------------------------------------------------------------------------
------------------ Piecewise Constant Mesh -------------------------------------
Element  x   T   op   emission   census   source abs_E
0 0.0025 0.981119 316.989 0.000228994 0 0.000102829 0
1 0.0075 0.963388 336.584 0.000224461 0 0 0
2 0.0125 0.940334 361.324 0.000219216 0 0 0
3 0.0175 0.912421 394.103 0.000212962 0 0 0
4 0.0225 0.88338 433.98 0.000206228 0 0 0
5 0.0275 0.852268 486.167 0.000198568 0 0 0
6 0.0325 0.81094 564.137 0.000188963 0 0 0
7 0.0375 0.762251 681.356 0.000177438 0 0 0
8 0.0425 0.697791 883.005 0.000162748 0 0 0
9 0.0475 0.614149 1296.91 0.000143175 0 0 0
10 0.0525 0.482273 2690.26 0.000112264 0 0 0
11 0.0575 0.0893725 447112 2.04189e-05 0 0 0
12 0.0625 0.0100265 2.97626e+08 2.33856e-06 0 0 0
13 0.0675 0.01 3e+08 2.33237e-06 0 0 0
14 0.0725 0.00999675 3.00293e+08 2.33161e-06 0 0 0
15 0.0775 0.0100033 2.99707e+08 2.33313e-06 0 0 0
16 0.0825 0.01 3e+08 2.33237e-06 0 0 0
17 0.0875 0.01 3e+08 2.33237e-06 0 0 0
18 0.0925 0.01 3e+08 2.33237e-06 0 0 0
19 0.0975 0.01 3e+08 2.33237e-06 0 0 0
--------------------------------------------------------------------------------
----------------------------------------------------------
br1:1.26967e+09
br2=3.59129e+08 br2_1=3.10098e+07 br2_2=0 br2_3=3.28119e+08
br3=1.15892e+08
br4=6.88387e+07
total_loops1.74469e+09
