Problem Specifications: Method = piecewise constant IMC
Constants -- c: 299.792 (cm/sh) , a: 0.01372
Run Parameters-- Photons: 40000, time finish: 0.1 (sh), time step: 0.0001 (sh) ,
 timestep size multiplier: 1 , max dt:1 (sh), Random number seed: 14706 , output frequency: 0
material temperature: 0.01 (keV), radiation temperature: 0.01 (keV)
Sampling -- Emission Position: source tilting (x only), Verbose printing mode enabled
Spatial Information -- elements: 20 , x_start: 0 , x_end: 0.1 , dx: 0.005
Material Information -- heat capacity: 0.1 opacity constants: 0 + 100^-3
Boundary Information -- Left: -1 Right: -1



----------------------------------------------------------
----------------------------------------------------------
------------------- SIMULATION COMPLETE ------------------
----------------------------------------------------------
----------------------------------------------------------

--------------------------------------------------------------------------------
 Time: 0.1     dt: 0.0001
--------------------------------------------------------------------------------
------------------ Piecewise Constant Mesh -------------------------------------
Element  x   T   op   emission   census   source abs_E
0 0.0025 0.979099 316.311 0.000229157 0 0.000102829 0
1 0.0075 0.962432 337.598 0.000224236 0 0 0
2 0.0125 0.939637 363.525 0.000218773 0 0 0
3 0.0175 0.913579 393.51 0.000213069 0 0 0
4 0.0225 0.883661 434.735 0.000206109 0 0 0
5 0.0275 0.848828 487.478 0.00019839 0 0 0
6 0.0325 0.812427 561.67 0.000189239 0 0 0
7 0.0375 0.75971 678.448 0.000177691 0 0 0
8 0.0425 0.698545 885.695 0.000162584 0 0 0
9 0.0475 0.615163 1292.98 0.00014332 0 0 0
10 0.0525 0.477982 2759.58 0.000111316 0 0 0
11 0.0575 0.0846445 525551 1.93479e-05 0 0 0
12 0.0625 0.00999934 3.0006e+08 2.33222e-06 0 0 0
13 0.0675 0.01 3e+08 2.33237e-06 0 0 0
14 0.0725 0.01 3e+08 2.33237e-06 0 0 0
15 0.0775 0.01 2.99999e+08 2.33237e-06 0 0 0
16 0.0825 0.00999999 3.00001e+08 2.33237e-06 0 0 0
17 0.0875 0.010001 2.99911e+08 2.3326e-06 0 0 0
18 0.0925 0.00999901 3.00089e+08 2.33214e-06 0 0 0
19 0.0975 0.01 3e+08 2.33237e-06 0 0 0
--------------------------------------------------------------------------------
----------------------------------------------------------
br1:5.0774e+08
br2=1.43479e+08 br2_1=1.24054e+07 br2_2=0 br2_3=1.31074e+08
br3=4.62968e+07
br4=2.75279e+07
total_loops6.97516e+08
Problem Specifications: Method = piecewise constant IMC
Constants -- c: 299.792 (cm/sh) , a: 0.01372
Run Parameters-- Photons: 40000, time finish: 0.1 (sh), time step: 0.0001 (sh) ,
 timestep size multiplier: 1 , max dt:1 (sh), Random number seed: 14706 , output frequency: 0
material temperature: 0.01 (keV), radiation temperature: 0.01 (keV)
Sampling -- Emission Position: source tilting (x only), Verbose printing mode enabled
Spatial Information -- elements: 20 , x_start: 0 , x_end: 0.1 , dx: 0.005
Material Information -- heat capacity: 0.1 opacity constants: 0 + 100^-3
Boundary Information -- Left: -1 Right: -1



----------------------------------------------------------
----------------------------------------------------------
------------------- SIMULATION COMPLETE ------------------
----------------------------------------------------------
----------------------------------------------------------

--------------------------------------------------------------------------------
 Time: 0.1     dt: 0.0001
--------------------------------------------------------------------------------
------------------ Piecewise Constant Mesh -------------------------------------
Element  x   T   op   emission   census   source abs_E
0 0.0025 0.979099 316.311 0.000229157 0 0.000102829 0
1 0.0075 0.962432 337.598 0.000224236 0 0 0
2 0.0125 0.939637 363.525 0.000218773 0 0 0
3 0.0175 0.913579 393.51 0.000213069 0 0 0
4 0.0225 0.883661 434.735 0.000206109 0 0 0
5 0.0275 0.848828 487.478 0.00019839 0 0 0
6 0.0325 0.812427 561.67 0.000189239 0 0 0
7 0.0375 0.75971 678.448 0.000177691 0 0 0
8 0.0425 0.698545 885.695 0.000162584 0 0 0
9 0.0475 0.615163 1292.98 0.00014332 0 0 0
10 0.0525 0.477982 2759.58 0.000111316 0 0 0
11 0.0575 0.0846445 525551 1.93479e-05 0 0 0
12 0.0625 0.00999934 3.0006e+08 2.33222e-06 0 0 0
13 0.0675 0.01 3e+08 2.33237e-06 0 0 0
14 0.0725 0.01 3e+08 2.33237e-06 0 0 0
15 0.0775 0.01 2.99999e+08 2.33237e-06 0 0 0
16 0.0825 0.00999999 3.00001e+08 2.33237e-06 0 0 0
17 0.0875 0.010001 2.99911e+08 2.3326e-06 0 0 0
18 0.0925 0.00999901 3.00089e+08 2.33214e-06 0 0 0
19 0.0975 0.01 3e+08 2.33237e-06 0 0 0
--------------------------------------------------------------------------------
----------------------------------------------------------
br1:5.0774e+08
br2=1.43479e+08 br2_1=1.24054e+07 br2_2=0 br2_3=1.31074e+08
br3=4.62968e+07
br4=2.75279e+07
total_loops6.97516e+08
