Module : simpleExample2/simple.O0.llvm
	TargetTriple :
		x86_64-apple-macosx10.11.0

	Function <@ 0x7fcbcbc045a0> : main : Definition : NonIntrinsic
		ArgList :

		BasicBlock <@ 0x7fcbcbc046e0> : label %0
			Instruction <@ 0x7fcbcbc04788> : (0, 0) : alloca
				i32 : i32 1<@ 0x7fcbcbc04730>
			Instruction <@ 0x7fcbcbc04e18> : (8, 9) : call
				metadata : metadata !{i32* %sum}<@ 0x7fcbcbc048d0>
				metadata : metadata <badref><@ 0x7fcbcbc0a160>
				void (metadata, metadata)* : llvm.dbg.declare<@ 0x7fcbcbc04bf0>
			Instruction <@ 0x7fcbcbc04ee0> : (8, 5) : store
				i32 : i32 1<@ 0x7fcbcbc04730>
				i32* : sum<@ 0x7fcbcbc04788>
			Instruction <@ 0x7fcbcbc04f48> : (9, 11) : load
				i32* : sum<@ 0x7fcbcbc04788>
			Instruction <@ 0x7fcbcbc052b8> : (9, 11) : call
				i32* : i32* getelementptr inbounds ([1000 x i32]* @main.A, i32 0, i32 0)<@ 0x7fcbcbc050a8>
				i32 : i32 %1<@ 0x7fcbcbc04f48>
				i32 (i32*, i32)* : loop<@ 0x7fcbcbc05180>
			Instruction <@ 0x7fcbcbc053a0> : (9, 11) : store
				i32 : i32 %2<@ 0x7fcbcbc052b8>
				i32* : sum<@ 0x7fcbcbc04788>
			Instruction <@ 0x7fcbcbc05408> : (10, 1) : ret
				i32 : i32 0<@ 0x7fcbcbc04fc0>

	Function <@ 0x7fcbcbc04bf0> : llvm.dbg.declare : Declaration : Intrinsic
		ArgList :
			metadata %0<@ 0x7fcbcbc054d0>
			metadata %1<@ 0x7fcbcbc05510>

	Function <@ 0x7fcbcbc05180> : loop : Definition : NonIntrinsic
		ArgList :
			A<@ 0x7fcbcbc05550>
			sum<@ 0x7fcbcbc05590>

		BasicBlock <@ 0x7fcbcbc05220> : label %0
			Instruction <@ 0x7fcbcbc05738> : (0, 0) : alloca
				i32 : i32 1<@ 0x7fcbcbc04730>
			Instruction <@ 0x7fcbcbc057a8> : (0, 0) : alloca
				i32 : i32 1<@ 0x7fcbcbc04730>
			Instruction <@ 0x7fcbcbc05818> : (0, 0) : alloca
				i32 : i32 1<@ 0x7fcbcbc04730>
			Instruction <@ 0x7fcbcbc05888> : (0, 0) : alloca
				i32 : i32 1<@ 0x7fcbcbc04730>
			Instruction <@ 0x7fcbcbc05910> : (0, 0) : store
				i32* : A<@ 0x7fcbcbc05550>
				i32** : i32** %1<@ 0x7fcbcbc05738>
			Instruction <@ 0x7fcbcbc04a08> : (12, 14) : call
				metadata : metadata !{i32** %1}<@ 0x7fcbcbc05960>
				metadata : metadata <badref><@ 0x7fcbcbc0a5e0>
				void (metadata, metadata)* : llvm.dbg.declare<@ 0x7fcbcbc04bf0>
			Instruction <@ 0x7fcbcbc04ad0> : (0, 0) : store
				i32 : sum<@ 0x7fcbcbc05590>
				i32* : i32* %2<@ 0x7fcbcbc057a8>
			Instruction <@ 0x7fcbcbc05ae8> : (12, 23) : call
				metadata : metadata !{i32* %2}<@ 0x7fcbcbc04b20>
				metadata : metadata <badref><@ 0x7fcbcbc0a7e0>
				void (metadata, metadata)* : llvm.dbg.declare<@ 0x7fcbcbc04bf0>
			Instruction <@ 0x7fcbcbc05cc8> : (13, 13) : call
				metadata : metadata !{i32* %i}<@ 0x7fcbcbc05b80>
				metadata : metadata <badref><@ 0x7fcbcbc0aa70>
				void (metadata, metadata)* : llvm.dbg.declare<@ 0x7fcbcbc04bf0>
			Instruction <@ 0x7fcbcbc05d90> : (13, 9) : store
				i32 : i32 0<@ 0x7fcbcbc04fc0>
				i32* : i<@ 0x7fcbcbc05818>
			Instruction <@ 0x7fcbcbc05e88> : (13, 9) : br
				label : label %3<@ 0x7fcbcbc05de0>

		BasicBlock <@ 0x7fcbcbc05de0> : label %3
			Instruction <@ 0x7fcbcbc05f08> : (13, 9) : load
				i32* : i<@ 0x7fcbcbc05818>
			Instruction <@ 0x7fcbcbc05fe0> : (13, 9) : icmp
				i32 : i32 %4<@ 0x7fcbcbc05f08>
				i32 : i32 1000<@ 0x7fcbcbc05f70>
			Instruction <@ 0x7fcbcbc061a8> : (13, 9) : br
				i1 : i1 %5<@ 0x7fcbcbc05fe0>
				label : label %16<@ 0x7fcbcbc060d0>
				label : label %6<@ 0x7fcbcbc06040>

		BasicBlock <@ 0x7fcbcbc06040> : label %6
			Instruction <@ 0x7fcbcbc06228> : (13, 31) : load
				i32* : i<@ 0x7fcbcbc05818>
			Instruction <@ 0x7fcbcbc062b0> : (13, 31) : mul
				i32 : i32 2<@ 0x7fcbcbc06090>
				i32 : i32 %7<@ 0x7fcbcbc06228>
			Instruction <@ 0x7fcbcbc06398> : (13, 31) : load
				i32* : i<@ 0x7fcbcbc05818>
			Instruction <@ 0x7fcbcbc06418> : (13, 31) : sext
				i32 : i32 %9<@ 0x7fcbcbc06398>
			Instruction <@ 0x7fcbcbc06498> : (13, 31) : load
				i32** : i32** %1<@ 0x7fcbcbc05738>
			Instruction <@ 0x7fcbcbc06530> : (13, 31) : getelementptr
				i32* : i32* %11<@ 0x7fcbcbc06498>
				i64 : i64 %10<@ 0x7fcbcbc06418>
			Instruction <@ 0x7fcbcbc065c0> : (13, 31) : store
				i32 : i32 %8<@ 0x7fcbcbc062b0>
				i32* : i32* %12<@ 0x7fcbcbc06530>
			Instruction <@ 0x7fcbcbc06688> : (13, 31) : br
				label : label %13<@ 0x7fcbcbc06620>

		BasicBlock <@ 0x7fcbcbc06620> : label %13
			Instruction <@ 0x7fcbcbc06708> : (13, 26) : load
				i32* : i<@ 0x7fcbcbc05818>
			Instruction <@ 0x7fcbcbc067a0> : (13, 26) : add
				i32 : i32 %14<@ 0x7fcbcbc06708>
				i32 : i32 1<@ 0x7fcbcbc04730>
			Instruction <@ 0x7fcbcbc06830> : (13, 26) : store
				i32 : i32 %15<@ 0x7fcbcbc067a0>
				i32* : i<@ 0x7fcbcbc05818>
			Instruction <@ 0x7fcbcbc068a8> : (13, 26) : br
				label : label %3<@ 0x7fcbcbc05de0>

		BasicBlock <@ 0x7fcbcbc060d0> : label %16
			Instruction <@ 0x7fcbcbc06b08> : (14, 13) : call
				metadata : metadata !{i32* %i1}<@ 0x7fcbcbc06a10>
				metadata : metadata <badref><@ 0x7fcbcbc0b010>
				void (metadata, metadata)* : llvm.dbg.declare<@ 0x7fcbcbc04bf0>
			Instruction <@ 0x7fcbcbc06b90> : (14, 9) : store
				i32 : i32 500<@ 0x7fcbcbc06340>
				i32* : i1<@ 0x7fcbcbc05888>
			Instruction <@ 0x7fcbcbc06c88> : (14, 9) : br
				label : label %17<@ 0x7fcbcbc06be0>

		BasicBlock <@ 0x7fcbcbc06be0> : label %17
			Instruction <@ 0x7fcbcbc06cf8> : (14, 9) : load
				i32* : i1<@ 0x7fcbcbc05888>
			Instruction <@ 0x7fcbcbc06d80> : (14, 9) : icmp
				i32 : i32 %18<@ 0x7fcbcbc06cf8>
				i32 : i32 1000<@ 0x7fcbcbc05f70>
			Instruction <@ 0x7fcbcbc06f08> : (14, 9) : br
				i1 : i1 %19<@ 0x7fcbcbc06d80>
				label : label %31<@ 0x7fcbcbc06e30>
				label : label %20<@ 0x7fcbcbc06de0>

		BasicBlock <@ 0x7fcbcbc06de0> : label %20
			Instruction <@ 0x7fcbcbc06f88> : (14, 36) : load
				i32* : i1<@ 0x7fcbcbc05888>
			Instruction <@ 0x7fcbcbc07008> : (14, 36) : sext
				i32 : i32 %21<@ 0x7fcbcbc06f88>
			Instruction <@ 0x7fcbcbc07088> : (14, 36) : load
				i32** : i32** %1<@ 0x7fcbcbc05738>
			Instruction <@ 0x7fcbcbc07120> : (14, 36) : getelementptr
				i32* : i32* %23<@ 0x7fcbcbc07088>
				i64 : i64 %22<@ 0x7fcbcbc07008>
			Instruction <@ 0x7fcbcbc07198> : (14, 36) : load
				i32* : i32* %24<@ 0x7fcbcbc07120>
			Instruction <@ 0x7fcbcbc07218> : (14, 36) : load
				i32* : i32* %2<@ 0x7fcbcbc057a8>
			Instruction <@ 0x7fcbcbc072b0> : (14, 36) : add
				i32 : i32 %26<@ 0x7fcbcbc07218>
				i32 : i32 %25<@ 0x7fcbcbc07198>
			Instruction <@ 0x7fcbcbc07340> : (14, 36) : store
				i32 : i32 %27<@ 0x7fcbcbc072b0>
				i32* : i32* %2<@ 0x7fcbcbc057a8>
			Instruction <@ 0x7fcbcbc07408> : (14, 36) : br
				label : label %28<@ 0x7fcbcbc073a0>

		BasicBlock <@ 0x7fcbcbc073a0> : label %28
			Instruction <@ 0x7fcbcbc07488> : (14, 31) : load
				i32* : i1<@ 0x7fcbcbc05888>
			Instruction <@ 0x7fcbcbc07520> : (14, 31) : add
				i32 : i32 %29<@ 0x7fcbcbc07488>
				i32 : i32 1<@ 0x7fcbcbc04730>
			Instruction <@ 0x7fcbcbc075b0> : (14, 31) : store
				i32 : i32 %30<@ 0x7fcbcbc07520>
				i32* : i1<@ 0x7fcbcbc05888>
			Instruction <@ 0x7fcbcbc07628> : (14, 31) : br
				label : label %17<@ 0x7fcbcbc06be0>

		BasicBlock <@ 0x7fcbcbc06e30> : label %31
			Instruction <@ 0x7fcbcbc076a8> : (15, 5) : load
				i32* : i32* %2<@ 0x7fcbcbc057a8>
			Instruction <@ 0x7fcbcbc06928> : (15, 5) : ret
				i32 : i32 %32<@ 0x7fcbcbc076a8>
