Module : simple_loop.llvm
	TargetTriple :
		x86_64-unknown-linux-gnu

	Function <@ 0x2098528> : main : Definition : NonIntrinsic
		ArgList :

		BasicBlock <@ 0x2098680> : label %0
			Instruction <@ 0x2098748> : (0, 0) : alloca
				i32 : i32 1<@ 0x20986d0>
			Instruction <@ 0x2099cc0> : (8, 9) : call
				metadata : metadata i32* %sum<@ 0x20997a0>
				metadata : metadata !20<@ 0x20998f0>
				metadata : metadata !21<@ 0x2099a40>
				void (metadata, metadata, metadata)* : llvm.dbg.declare<@ 0x2099af8>
			Instruction <@ 0x2099ef0> : (8, 9) : store
				i32 : i32 1<@ 0x20986d0>
				i32* : sum<@ 0x2098748>
			Instruction <@ 0x209a568> : (9, 19) : load
				i32* : sum<@ 0x2098748>
			Instruction <@ 0x209ad48> : (9, 11) : call
				i32* : i32* getelementptr inbounds ([1000 x i32], [1000 x i32]* @main.A, i32 0, i32 0)<@ 0x209a778>
				i32 : i32 %1<@ 0x209a568>
				i32 (i32*, i32)* : loop<@ 0x209abf8>
			Instruction <@ 0x209af50> : (9, 9) : store
				i32 : i32 %2<@ 0x209ad48>
				i32* : sum<@ 0x2098748>
			Instruction <@ 0x209b0e8> : (10, 1) : ret
				i32 : i32 0<@ 0x209a6f0>

	Function <@ 0x2099af8> : llvm.dbg.declare : Declaration : Intrinsic
		ArgList :
			metadata %0<@ 0x2099c20>
			metadata %1<@ 0x209b2f0>
			metadata %2<@ 0x209b330>

	Function <@ 0x209abf8> : loop : Definition : NonIntrinsic
		ArgList :
			A<@ 0x209acc0>
			sum<@ 0x209b3e0>

		BasicBlock <@ 0x209b540> : label %0
			Instruction <@ 0x209b5a8> : (0, 0) : alloca
				i32 : i32 1<@ 0x20986d0>
			Instruction <@ 0x209b618> : (0, 0) : alloca
				i32 : i32 1<@ 0x20986d0>
			Instruction <@ 0x209b688> : (0, 0) : alloca
				i32 : i32 1<@ 0x20986d0>
			Instruction <@ 0x209b6f8> : (0, 0) : alloca
				i32 : i32 1<@ 0x20986d0>
			Instruction <@ 0x209b780> : (0, 0) : store
				i32* : A<@ 0x209acc0>
				i32** : i32** %1<@ 0x209b5a8>
			Instruction <@ 0x209ba20> : (12, 14) : call
				metadata : metadata i32** %1<@ 0x2099d70>
				metadata : metadata !27<@ 0x2098e90>
				metadata : metadata !21<@ 0x2099a40>
				void (metadata, metadata, metadata)* : llvm.dbg.declare<@ 0x2099af8>
			Instruction <@ 0x209bc00> : (0, 0) : store
				i32 : sum<@ 0x209b3e0>
				i32* : i32* %2<@ 0x209b618>
			Instruction <@ 0x209bee0> : (12, 23) : call
				metadata : metadata i32* %2<@ 0x209afa0>
				metadata : metadata !29<@ 0x209bde0>
				metadata : metadata !21<@ 0x2099a40>
				void (metadata, metadata, metadata)* : llvm.dbg.declare<@ 0x2099af8>
			Instruction <@ 0x209c350> : (13, 13) : call
				metadata : metadata i32* %i<@ 0x209c120>
				metadata : metadata !31<@ 0x209c250>
				metadata : metadata !21<@ 0x2099a40>
				void (metadata, metadata, metadata)* : llvm.dbg.declare<@ 0x2099af8>
			Instruction <@ 0x209c4f0> : (13, 13) : store
				i32 : i32 0<@ 0x209a6f0>
				i32* : i<@ 0x209b688>
			Instruction <@ 0x209cbf8> : (13, 9) : br
				label : label %3<@ 0x209cb50>

		BasicBlock <@ 0x209cb50> : label %3
			Instruction <@ 0x209cd58> : (13, 18) : load
				i32* : i<@ 0x209b688>
			Instruction <@ 0x209cf40> : (13, 19) : icmp
				i32 : i32 %4<@ 0x209cd58>
				i32 : i32 1000<@ 0x209ced0>
			Instruction <@ 0x209d218> : (13, 5) : br
				i1 : i1 %5<@ 0x209cf40>
				label : label %16<@ 0x209d140>
				label : label %6<@ 0x209d0b0>

		BasicBlock <@ 0x209d0b0> : label %6
			Instruction <@ 0x209d398> : (13, 40) : load
				i32* : i<@ 0x209b688>
			Instruction <@ 0x209d530> : (13, 39) : mul
				i32 : i32 2<@ 0x209d4c0>
				i32 : i32 %7<@ 0x209d398>
			Instruction <@ 0x209d748> : (13, 33) : load
				i32* : i<@ 0x209b688>
			Instruction <@ 0x209d8c8> : (13, 31) : sext
				i32 : i32 %9<@ 0x209d748>
			Instruction <@ 0x209da48> : (13, 31) : load
				i32** : i32** %1<@ 0x209b5a8>
			Instruction <@ 0x209e0d0> : (13, 31) : getelementptr
				i32* : i32* %11<@ 0x209da48>
				i64 : i64 %10<@ 0x209d8c8>
			Instruction <@ 0x209e160> : (13, 36) : store
				i32 : i32 %8<@ 0x209d530>
				i32* : i32* %12<@ 0x209e0d0>
			Instruction <@ 0x209e318> : (13, 31) : br
				label : label %13<@ 0x209e270>

		BasicBlock <@ 0x209e270> : label %13
			Instruction <@ 0x209e378> : (13, 27) : load
				i32* : i<@ 0x209b688>
			Instruction <@ 0x209e4b0> : (13, 27) : add
				i32 : i32 %14<@ 0x209e378>
				i32 : i32 1<@ 0x20986d0>
			Instruction <@ 0x209eb40> : (13, 27) : store
				i32 : i32 %15<@ 0x209e4b0>
				i32* : i<@ 0x209b688>
			Instruction <@ 0x209eba8> : (13, 5) : br
				label : label %3<@ 0x209cb50>

		BasicBlock <@ 0x209d140> : label %16
			Instruction <@ 0x209f040> : (14, 13) : call
				metadata : metadata i32* %i1<@ 0x2098ec0>
				metadata : metadata !50<@ 0x209ef40>
				metadata : metadata !21<@ 0x2099a40>
				void (metadata, metadata, metadata)* : llvm.dbg.declare<@ 0x2099af8>
			Instruction <@ 0x209f220> : (14, 13) : store
				i32 : i32 500<@ 0x209f1b0>
				i32* : i1<@ 0x209b6f8>
			Instruction <@ 0x209f928> : (14, 9) : br
				label : label %17<@ 0x209f880>

		BasicBlock <@ 0x209f880> : label %17
			Instruction <@ 0x209fa88> : (14, 23) : load
				i32* : i1<@ 0x209b6f8>
			Instruction <@ 0x209fbe0> : (14, 24) : icmp
				i32 : i32 %18<@ 0x209fa88>
				i32 : i32 1000<@ 0x209ced0>
			Instruction <@ 0x209feb8> : (14, 5) : br
				i1 : i1 %19<@ 0x209fbe0>
				label : label %31<@ 0x209fde0>
				label : label %20<@ 0x209fd50>

		BasicBlock <@ 0x209fd50> : label %20
			Instruction <@ 0x20a0038> : (14, 45) : load
				i32* : i1<@ 0x209b6f8>
			Instruction <@ 0x20a0178> : (14, 43) : sext
				i32 : i32 %21<@ 0x20a0038>
			Instruction <@ 0x20a02f8> : (14, 43) : load
				i32** : i32** %1<@ 0x209b5a8>
			Instruction <@ 0x20a0980> : (14, 43) : getelementptr
				i32* : i32* %23<@ 0x20a02f8>
				i64 : i64 %22<@ 0x20a0178>
			Instruction <@ 0x20a09f8> : (14, 43) : load
				i32* : i32* %24<@ 0x20a0980>
			Instruction <@ 0x20a0a58> : (14, 40) : load
				i32* : i32* %2<@ 0x209b618>
			Instruction <@ 0x20a0bf0> : (14, 40) : add
				i32 : i32 %26<@ 0x20a0a58>
				i32 : i32 %25<@ 0x20a09f8>
			Instruction <@ 0x20a1280> : (14, 40) : store
				i32 : i32 %27<@ 0x20a0bf0>
				i32* : i32* %2<@ 0x209b618>
			Instruction <@ 0x20a1378> : (14, 36) : br
				label : label %28<@ 0x20a12d0>

		BasicBlock <@ 0x20a12d0> : label %28
			Instruction <@ 0x20a14f8> : (14, 32) : load
				i32* : i1<@ 0x209b6f8>
			Instruction <@ 0x20a1650> : (14, 32) : add
				i32 : i32 %29<@ 0x20a14f8>
				i32 : i32 1<@ 0x20986d0>
			Instruction <@ 0x20a1ce0> : (14, 32) : store
				i32 : i32 %30<@ 0x20a1650>
				i32* : i1<@ 0x209b6f8>
			Instruction <@ 0x20a1d48> : (14, 5) : br
				label : label %17<@ 0x209f880>

		BasicBlock <@ 0x209fde0> : label %31
			Instruction <@ 0x20a1ec8> : (15, 12) : load
				i32* : i32* %2<@ 0x209b618>
			Instruction <@ 0x209ed28> : (15, 5) : ret
				i32 : i32 %32<@ 0x20a1ec8>
