===========================================
----------SIMIAN-PIE PDES ENGINE-----------
===========================================
MPI: OFF

Switch[0]: Running on rank 0
Switch[1]: Running on rank 0
Switch[10]: Running on rank 0
Switch[11]: Running on rank 0
Switch[12]: Running on rank 0
Switch[13]: Running on rank 0
Switch[14]: Running on rank 0
Switch[15]: Running on rank 0
Switch[16]: Running on rank 0
Switch[17]: Running on rank 0
Switch[18]: Running on rank 0
Switch[19]: Running on rank 0
Switch[2]: Running on rank 0
Switch[20]: Running on rank 0
Switch[21]: Running on rank 0
Switch[22]: Running on rank 0
Switch[23]: Running on rank 0
Switch[24]: Running on rank 0
Switch[25]: Running on rank 0
Switch[26]: Running on rank 0
Switch[27]: Running on rank 0
Switch[28]: Running on rank 0
Switch[29]: Running on rank 0
Switch[3]: Running on rank 0
Switch[30]: Running on rank 0
Switch[31]: Running on rank 0
Switch[4]: Running on rank 0
Switch[5]: Running on rank 0
Switch[6]: Running on rank 0
Switch[7]: Running on rank 0
Switch[8]: Running on rank 0
Switch[9]: Running on rank 0
Switch[32]: Running on rank 0
Switch[33]: Running on rank 0
Switch[42]: Running on rank 0
Switch[43]: Running on rank 0
Switch[44]: Running on rank 0
Switch[45]: Running on rank 0
Switch[46]: Running on rank 0
Switch[47]: Running on rank 0
Switch[48]: Running on rank 0
Switch[49]: Running on rank 0
Switch[50]: Running on rank 0
Switch[51]: Running on rank 0
Switch[34]: Running on rank 0
Switch[52]: Running on rank 0
Switch[53]: Running on rank 0
Switch[54]: Running on rank 0
Switch[55]: Running on rank 0
Switch[56]: Running on rank 0
Switch[57]: Running on rank 0
Switch[58]: Running on rank 0
Switch[59]: Running on rank 0
Switch[60]: Running on rank 0
Switch[61]: Running on rank 0
Switch[35]: Running on rank 0
Switch[62]: Running on rank 0
Switch[63]: Running on rank 0
Switch[64]: Running on rank 0
Switch[65]: Running on rank 0
Switch[66]: Running on rank 0
Switch[67]: Running on rank 0
Switch[68]: Running on rank 0
Switch[69]: Running on rank 0
Switch[70]: Running on rank 0
Switch[71]: Running on rank 0
Switch[36]: Running on rank 0
Switch[72]: Running on rank 0
Switch[73]: Running on rank 0
Switch[74]: Running on rank 0
Switch[75]: Running on rank 0
Switch[76]: Running on rank 0
Switch[77]: Running on rank 0
Switch[78]: Running on rank 0
Switch[79]: Running on rank 0
Switch[80]: Running on rank 0
Switch[81]: Running on rank 0
Switch[37]: Running on rank 0
Switch[82]: Running on rank 0
Switch[83]: Running on rank 0
Switch[84]: Running on rank 0
Switch[85]: Running on rank 0
Switch[86]: Running on rank 0
Switch[87]: Running on rank 0
Switch[88]: Running on rank 0
Switch[89]: Running on rank 0
Switch[90]: Running on rank 0
Switch[91]: Running on rank 0
Switch[38]: Running on rank 0
Switch[92]: Running on rank 0
Switch[93]: Running on rank 0
Switch[94]: Running on rank 0
Switch[95]: Running on rank 0
Switch[39]: Running on rank 0
Switch[40]: Running on rank 0
Switch[41]: Running on rank 0
Host[0]: Running on rank 0
Host[1]: Running on rank 0
Host[2]: Running on rank 0
Host[3]: Running on rank 0
Host[4]: Running on rank 0
Host[5]: Running on rank 0
Host[6]: Running on rank 0
Host[7]: Running on rank 0
Host[8]: Running on rank 0
Host[9]: Running on rank 0
Host[10]: Running on rank 0
Host[11]: Running on rank 0
Host[12]: Running on rank 0
Host[13]: Running on rank 0
Host[14]: Running on rank 0
Host[15]: Running on rank 0
Host[16]: Running on rank 0
Host[17]: Running on rank 0
Host[18]: Running on rank 0
Host[19]: Running on rank 0
Host[20]: Running on rank 0
Host[21]: Running on rank 0
Host[22]: Running on rank 0
Host[23]: Running on rank 0
Host[24]: Running on rank 0
Host[25]: Running on rank 0
Host[26]: Running on rank 0
Host[27]: Running on rank 0
Host[28]: Running on rank 0
Host[29]: Running on rank 0
Host[30]: Running on rank 0
Host[31]: Running on rank 0
Host[32]: Running on rank 0
Host[33]: Running on rank 0
Host[34]: Running on rank 0
Host[35]: Running on rank 0
Host[36]: Running on rank 0
Host[37]: Running on rank 0
Host[38]: Running on rank 0
Host[39]: Running on rank 0
Host[40]: Running on rank 0
Host[41]: Running on rank 0
Host[42]: Running on rank 0
Host[43]: Running on rank 0
Host[44]: Running on rank 0
Host[45]: Running on rank 0
Host[46]: Running on rank 0
Host[47]: Running on rank 0
Host[48]: Running on rank 0
Host[49]: Running on rank 0
Host[50]: Running on rank 0
Host[51]: Running on rank 0
Host[52]: Running on rank 0
Host[53]: Running on rank 0
Host[54]: Running on rank 0
Host[55]: Running on rank 0
Host[56]: Running on rank 0
Host[57]: Running on rank 0
Host[58]: Running on rank 0
Host[59]: Running on rank 0
Host[60]: Running on rank 0
Host[61]: Running on rank 0
Host[62]: Running on rank 0
Host[63]: Running on rank 0
Host[64]: Running on rank 0
Host[65]: Running on rank 0
Host[66]: Running on rank 0
Host[67]: Running on rank 0
Host[68]: Running on rank 0
Host[69]: Running on rank 0
Host[70]: Running on rank 0
Host[71]: Running on rank 0
Host[72]: Running on rank 0
Host[73]: Running on rank 0
Host[74]: Running on rank 0
Host[75]: Running on rank 0
Host[76]: Running on rank 0
Host[77]: Running on rank 0
Host[78]: Running on rank 0
Host[79]: Running on rank 0
Host[80]: Running on rank 0
Host[81]: Running on rank 0
Host[82]: Running on rank 0
Host[83]: Running on rank 0
Host[84]: Running on rank 0
Host[85]: Running on rank 0
Host[86]: Running on rank 0
Host[87]: Running on rank 0
Host[88]: Running on rank 0
Host[89]: Running on rank 0
Host[90]: Running on rank 0
Host[91]: Running on rank 0
Host[92]: Running on rank 0
Host[93]: Running on rank 0
Host[94]: Running on rank 0
Host[95]: Running on rank 0
Host[96]: Running on rank 0
Host[97]: Running on rank 0
Host[98]: Running on rank 0
Host[99]: Running on rank 0
Host[100]: Running on rank 0
Host[101]: Running on rank 0
Host[102]: Running on rank 0
Host[103]: Running on rank 0
Host[104]: Running on rank 0
Host[105]: Running on rank 0
Host[106]: Running on rank 0
Host[107]: Running on rank 0
Host[108]: Running on rank 0
Host[109]: Running on rank 0
Host[110]: Running on rank 0
Host[111]: Running on rank 0
Host[112]: Running on rank 0
Host[113]: Running on rank 0
Host[114]: Running on rank 0
Host[115]: Running on rank 0
Host[116]: Running on rank 0
Host[117]: Running on rank 0
Host[118]: Running on rank 0
Host[119]: Running on rank 0
Host[120]: Running on rank 0
Host[121]: Running on rank 0
Host[122]: Running on rank 0
Host[123]: Running on rank 0
Host[124]: Running on rank 0
Host[125]: Running on rank 0
Host[126]: Running on rank 0
Host[127]: Running on rank 0
Host[128]: Running on rank 0
Host[129]: Running on rank 0
Host[130]: Running on rank 0
Host[131]: Running on rank 0
Host[132]: Running on rank 0
Host[133]: Running on rank 0
Host[134]: Running on rank 0
Host[135]: Running on rank 0
Host[136]: Running on rank 0
Host[137]: Running on rank 0
Host[138]: Running on rank 0
Host[139]: Running on rank 0
Host[140]: Running on rank 0
Host[141]: Running on rank 0
Host[142]: Running on rank 0
Host[143]: Running on rank 0
Host[144]: Running on rank 0
Host[145]: Running on rank 0
Host[146]: Running on rank 0
Host[147]: Running on rank 0
Host[148]: Running on rank 0
Host[149]: Running on rank 0
Host[150]: Running on rank 0
Host[151]: Running on rank 0
Host[152]: Running on rank 0
Host[153]: Running on rank 0
Host[154]: Running on rank 0
Host[155]: Running on rank 0
Host[156]: Running on rank 0
Host[157]: Running on rank 0
Host[158]: Running on rank 0
Host[159]: Running on rank 0
Host[160]: Running on rank 0
Host[161]: Running on rank 0
Host[162]: Running on rank 0
Host[163]: Running on rank 0
Host[164]: Running on rank 0
Host[165]: Running on rank 0
Host[166]: Running on rank 0
Host[167]: Running on rank 0
Host[168]: Running on rank 0
Host[169]: Running on rank 0
Host[170]: Running on rank 0
Host[171]: Running on rank 0
Host[172]: Running on rank 0
Host[173]: Running on rank 0
Host[174]: Running on rank 0
Host[175]: Running on rank 0
Host[176]: Running on rank 0
Host[177]: Running on rank 0
Host[178]: Running on rank 0
Host[179]: Running on rank 0
Host[180]: Running on rank 0
Host[181]: Running on rank 0
Host[182]: Running on rank 0
Host[183]: Running on rank 0
Host[184]: Running on rank 0
Host[185]: Running on rank 0
Host[186]: Running on rank 0
Host[187]: Running on rank 0
Host[188]: Running on rank 0
Host[189]: Running on rank 0
Host[190]: Running on rank 0
Host[191]: Running on rank 0
Host[192]: Running on rank 0
Host[193]: Running on rank 0
Host[194]: Running on rank 0
Host[195]: Running on rank 0
Host[196]: Running on rank 0
Host[197]: Running on rank 0
Host[198]: Running on rank 0
Host[199]: Running on rank 0
Host[200]: Running on rank 0
Host[201]: Running on rank 0
Host[202]: Running on rank 0
Host[203]: Running on rank 0
Host[204]: Running on rank 0
Host[205]: Running on rank 0
Host[206]: Running on rank 0
Host[207]: Running on rank 0
Host[208]: Running on rank 0
Host[209]: Running on rank 0
Host[210]: Running on rank 0
Host[211]: Running on rank 0
Host[212]: Running on rank 0
Host[213]: Running on rank 0
Host[214]: Running on rank 0
Host[215]: Running on rank 0
Host[216]: Running on rank 0
Host[217]: Running on rank 0
Host[218]: Running on rank 0
Host[219]: Running on rank 0
Host[220]: Running on rank 0
Host[221]: Running on rank 0
Host[222]: Running on rank 0
Host[223]: Running on rank 0
Host[224]: Running on rank 0
Host[225]: Running on rank 0
Host[226]: Running on rank 0
Host[227]: Running on rank 0
Host[228]: Running on rank 0
Host[229]: Running on rank 0
Host[230]: Running on rank 0
Host[231]: Running on rank 0
Host[232]: Running on rank 0
Host[233]: Running on rank 0
Host[234]: Running on rank 0
Host[235]: Running on rank 0
Host[236]: Running on rank 0
Host[237]: Running on rank 0
Host[238]: Running on rank 0
Host[239]: Running on rank 0
Host[240]: Running on rank 0
Host[241]: Running on rank 0
Host[242]: Running on rank 0
Host[243]: Running on rank 0
Host[244]: Running on rank 0
Host[245]: Running on rank 0
Host[246]: Running on rank 0
Host[247]: Running on rank 0
Host[248]: Running on rank 0
Host[249]: Running on rank 0
Host[250]: Running on rank 0
Host[251]: Running on rank 0
Host[252]: Running on rank 0
Host[253]: Running on rank 0
Host[254]: Running on rank 0
Host[255]: Running on rank 0
Host[256]: Running on rank 0
Host[257]: Running on rank 0
Host[258]: Running on rank 0
Host[259]: Running on rank 0
Host[260]: Running on rank 0
Host[261]: Running on rank 0
Host[262]: Running on rank 0
Host[263]: Running on rank 0
Host[264]: Running on rank 0
Host[265]: Running on rank 0
Host[266]: Running on rank 0
Host[267]: Running on rank 0
Host[268]: Running on rank 0
Host[269]: Running on rank 0
Host[270]: Running on rank 0
Host[271]: Running on rank 0
Host[272]: Running on rank 0
Host[273]: Running on rank 0
Host[274]: Running on rank 0
Host[275]: Running on rank 0
Host[276]: Running on rank 0
Host[277]: Running on rank 0
Host[278]: Running on rank 0
Host[279]: Running on rank 0
Host[280]: Running on rank 0
Host[281]: Running on rank 0
Host[282]: Running on rank 0
Host[283]: Running on rank 0
Host[284]: Running on rank 0
Host[285]: Running on rank 0
Host[286]: Running on rank 0
Host[287]: Running on rank 0
Host[288]: Running on rank 0
Host[289]: Running on rank 0
Host[290]: Running on rank 0
Host[291]: Running on rank 0
Host[292]: Running on rank 0
Host[293]: Running on rank 0
Host[294]: Running on rank 0
Host[295]: Running on rank 0
Host[296]: Running on rank 0
Host[297]: Running on rank 0
Host[298]: Running on rank 0
Host[299]: Running on rank 0
Host[300]: Running on rank 0
Host[301]: Running on rank 0
Host[302]: Running on rank 0
Host[303]: Running on rank 0
Host[304]: Running on rank 0
Host[305]: Running on rank 0
Host[306]: Running on rank 0
Host[307]: Running on rank 0
Host[308]: Running on rank 0
Host[309]: Running on rank 0
Host[310]: Running on rank 0
Host[311]: Running on rank 0
Host[312]: Running on rank 0
Host[313]: Running on rank 0
Host[314]: Running on rank 0
Host[315]: Running on rank 0
Host[316]: Running on rank 0
Host[317]: Running on rank 0
Host[318]: Running on rank 0
Host[319]: Running on rank 0
Host[320]: Running on rank 0
Host[321]: Running on rank 0
Host[322]: Running on rank 0
Host[323]: Running on rank 0
Host[324]: Running on rank 0
Host[325]: Running on rank 0
Host[326]: Running on rank 0
Host[327]: Running on rank 0
Host[328]: Running on rank 0
Host[329]: Running on rank 0
Host[330]: Running on rank 0
Host[331]: Running on rank 0
Host[332]: Running on rank 0
Host[333]: Running on rank 0
Host[334]: Running on rank 0
Host[335]: Running on rank 0
Host[336]: Running on rank 0
Host[337]: Running on rank 0
Host[338]: Running on rank 0
Host[339]: Running on rank 0
Host[340]: Running on rank 0
Host[341]: Running on rank 0
Host[342]: Running on rank 0
Host[343]: Running on rank 0
Host[344]: Running on rank 0
Host[345]: Running on rank 0
Host[346]: Running on rank 0
Host[347]: Running on rank 0
Host[348]: Running on rank 0
Host[349]: Running on rank 0
Host[350]: Running on rank 0
Host[351]: Running on rank 0
Host[352]: Running on rank 0
Host[353]: Running on rank 0
Host[354]: Running on rank 0
Host[355]: Running on rank 0
Host[356]: Running on rank 0
Host[357]: Running on rank 0
Host[358]: Running on rank 0
Host[359]: Running on rank 0
Host[360]: Running on rank 0
Host[361]: Running on rank 0
Host[362]: Running on rank 0
Host[363]: Running on rank 0
Host[364]: Running on rank 0
Host[365]: Running on rank 0
Host[366]: Running on rank 0
Host[367]: Running on rank 0
Host[368]: Running on rank 0
Host[369]: Running on rank 0
Host[370]: Running on rank 0
Host[371]: Running on rank 0
Host[372]: Running on rank 0
Host[373]: Running on rank 0
Host[374]: Running on rank 0
Host[375]: Running on rank 0
Host[376]: Running on rank 0
Host[377]: Running on rank 0
Host[378]: Running on rank 0
Host[379]: Running on rank 0
Host[380]: Running on rank 0
Host[381]: Running on rank 0
Host[382]: Running on rank 0
Host[383]: Running on rank 0
Host[384]: Running on rank 0
Host[385]: Running on rank 0
Host[386]: Running on rank 0
Host[387]: Running on rank 0
Host[388]: Running on rank 0
Host[389]: Running on rank 0
Host[390]: Running on rank 0
Host[391]: Running on rank 0
Host[392]: Running on rank 0
Host[393]: Running on rank 0
Host[394]: Running on rank 0
Host[395]: Running on rank 0
Host[396]: Running on rank 0
Host[397]: Running on rank 0
Host[398]: Running on rank 0
Host[399]: Running on rank 0
Host[400]: Running on rank 0
Host[401]: Running on rank 0
Host[402]: Running on rank 0
Host[403]: Running on rank 0
Host[404]: Running on rank 0
Host[405]: Running on rank 0
Host[406]: Running on rank 0
Host[407]: Running on rank 0
Host[408]: Running on rank 0
Host[409]: Running on rank 0
Host[410]: Running on rank 0
Host[411]: Running on rank 0
Host[412]: Running on rank 0
Host[413]: Running on rank 0
Host[414]: Running on rank 0
Host[415]: Running on rank 0
Host[416]: Running on rank 0
Host[417]: Running on rank 0
Host[418]: Running on rank 0
Host[419]: Running on rank 0
Host[420]: Running on rank 0
Host[421]: Running on rank 0
Host[422]: Running on rank 0
Host[423]: Running on rank 0
Host[424]: Running on rank 0
Host[425]: Running on rank 0
Host[426]: Running on rank 0
Host[427]: Running on rank 0
Host[428]: Running on rank 0
Host[429]: Running on rank 0
Host[430]: Running on rank 0
Host[431]: Running on rank 0
Host[432]: Running on rank 0
Host[433]: Running on rank 0
Host[434]: Running on rank 0
Host[435]: Running on rank 0
Host[436]: Running on rank 0
Host[437]: Running on rank 0
Host[438]: Running on rank 0
Host[439]: Running on rank 0
Host[440]: Running on rank 0
Host[441]: Running on rank 0
Host[442]: Running on rank 0
Host[443]: Running on rank 0
Host[444]: Running on rank 0
Host[445]: Running on rank 0
Host[446]: Running on rank 0
Host[447]: Running on rank 0
Host[448]: Running on rank 0
Host[449]: Running on rank 0
Host[450]: Running on rank 0
Host[451]: Running on rank 0
Host[452]: Running on rank 0
Host[453]: Running on rank 0
Host[454]: Running on rank 0
Host[455]: Running on rank 0
Host[456]: Running on rank 0
Host[457]: Running on rank 0
Host[458]: Running on rank 0
Host[459]: Running on rank 0
Host[460]: Running on rank 0
Host[461]: Running on rank 0
Host[462]: Running on rank 0
Host[463]: Running on rank 0
Host[464]: Running on rank 0
Host[465]: Running on rank 0
Host[466]: Running on rank 0
Host[467]: Running on rank 0
Host[468]: Running on rank 0
Host[469]: Running on rank 0
Host[470]: Running on rank 0
Host[471]: Running on rank 0
Host[472]: Running on rank 0
Host[473]: Running on rank 0
Host[474]: Running on rank 0
Host[475]: Running on rank 0
Host[476]: Running on rank 0
Host[477]: Running on rank 0
Host[478]: Running on rank 0
Host[479]: Running on rank 0
Host[480]: Running on rank 0
Host[481]: Running on rank 0
Host[482]: Running on rank 0
Host[483]: Running on rank 0
Host[484]: Running on rank 0
Host[485]: Running on rank 0
Host[486]: Running on rank 0
Host[487]: Running on rank 0
Host[488]: Running on rank 0
Host[489]: Running on rank 0
Host[490]: Running on rank 0
Host[491]: Running on rank 0
Host[492]: Running on rank 0
Host[493]: Running on rank 0
Host[494]: Running on rank 0
Host[495]: Running on rank 0
Host[496]: Running on rank 0
Host[497]: Running on rank 0
Host[498]: Running on rank 0
Host[499]: Running on rank 0
Host[500]: Running on rank 0
Host[501]: Running on rank 0
Host[502]: Running on rank 0
Host[503]: Running on rank 0
Host[504]: Running on rank 0
Host[505]: Running on rank 0
Host[506]: Running on rank 0
Host[507]: Running on rank 0
Host[508]: Running on rank 0
Host[509]: Running on rank 0
Host[510]: Running on rank 0
Host[511]: Running on rank 0
Host[512]: Running on rank 0
Host[513]: Running on rank 0
Host[514]: Running on rank 0
Host[515]: Running on rank 0
Host[516]: Running on rank 0
Host[517]: Running on rank 0
Host[518]: Running on rank 0
Host[519]: Running on rank 0
Host[520]: Running on rank 0
Host[521]: Running on rank 0
Host[522]: Running on rank 0
Host[523]: Running on rank 0
Host[524]: Running on rank 0
Host[525]: Running on rank 0
Host[526]: Running on rank 0
Host[527]: Running on rank 0
Host[528]: Running on rank 0
Host[529]: Running on rank 0
Host[530]: Running on rank 0
Host[531]: Running on rank 0
Host[532]: Running on rank 0
Host[533]: Running on rank 0
Host[534]: Running on rank 0
Host[535]: Running on rank 0
Host[536]: Running on rank 0
Host[537]: Running on rank 0
Host[538]: Running on rank 0
Host[539]: Running on rank 0
Host[540]: Running on rank 0
Host[541]: Running on rank 0
Host[542]: Running on rank 0
Host[543]: Running on rank 0
Host[544]: Running on rank 0
Host[545]: Running on rank 0
Host[546]: Running on rank 0
Host[547]: Running on rank 0
Host[548]: Running on rank 0
Host[549]: Running on rank 0
Host[550]: Running on rank 0
Host[551]: Running on rank 0
Host[552]: Running on rank 0
Host[553]: Running on rank 0
Host[554]: Running on rank 0
Host[555]: Running on rank 0
Host[556]: Running on rank 0
Host[557]: Running on rank 0
Host[558]: Running on rank 0
Host[559]: Running on rank 0
Host[560]: Running on rank 0
Host[561]: Running on rank 0
Host[562]: Running on rank 0
Host[563]: Running on rank 0
Host[564]: Running on rank 0
Host[565]: Running on rank 0
Host[566]: Running on rank 0
Host[567]: Running on rank 0
Host[568]: Running on rank 0
Host[569]: Running on rank 0
Host[570]: Running on rank 0
Host[571]: Running on rank 0
Host[572]: Running on rank 0
Host[573]: Running on rank 0
Host[574]: Running on rank 0
Host[575]: Running on rank 0
Host[576]: Running on rank 0
Host[577]: Running on rank 0
Host[578]: Running on rank 0
Host[579]: Running on rank 0
Host[580]: Running on rank 0
Host[581]: Running on rank 0
Host[582]: Running on rank 0
Host[583]: Running on rank 0
Host[584]: Running on rank 0
Host[585]: Running on rank 0
Host[586]: Running on rank 0
Host[587]: Running on rank 0
Host[588]: Running on rank 0
Host[589]: Running on rank 0
Host[590]: Running on rank 0
Host[591]: Running on rank 0
Host[592]: Running on rank 0
Host[593]: Running on rank 0
Host[594]: Running on rank 0
Host[595]: Running on rank 0
Host[596]: Running on rank 0
Host[597]: Running on rank 0
Host[598]: Running on rank 0
Host[599]: Running on rank 0
Host[600]: Running on rank 0
Host[601]: Running on rank 0
Host[602]: Running on rank 0
Host[603]: Running on rank 0
Host[604]: Running on rank 0
Host[605]: Running on rank 0
Host[606]: Running on rank 0
Host[607]: Running on rank 0
Host[608]: Running on rank 0
Host[609]: Running on rank 0
Host[610]: Running on rank 0
Host[611]: Running on rank 0
Host[612]: Running on rank 0
Host[613]: Running on rank 0
Host[614]: Running on rank 0
Host[615]: Running on rank 0
Host[616]: Running on rank 0
Host[617]: Running on rank 0
Host[618]: Running on rank 0
Host[619]: Running on rank 0
Host[620]: Running on rank 0
Host[621]: Running on rank 0
Host[622]: Running on rank 0
Host[623]: Running on rank 0
Host[624]: Running on rank 0
Host[625]: Running on rank 0
Host[626]: Running on rank 0
Host[627]: Running on rank 0
Host[628]: Running on rank 0
Host[629]: Running on rank 0
Host[630]: Running on rank 0
Host[631]: Running on rank 0
Host[632]: Running on rank 0
Host[633]: Running on rank 0
Host[634]: Running on rank 0
Host[635]: Running on rank 0
Host[636]: Running on rank 0
Host[637]: Running on rank 0
Host[638]: Running on rank 0
Host[639]: Running on rank 0
Host[640]: Running on rank 0
Host[641]: Running on rank 0
Host[642]: Running on rank 0
Host[643]: Running on rank 0
Host[644]: Running on rank 0
Host[645]: Running on rank 0
Host[646]: Running on rank 0
Host[647]: Running on rank 0
Host[648]: Running on rank 0
Host[649]: Running on rank 0
Host[650]: Running on rank 0
Host[651]: Running on rank 0
Host[652]: Running on rank 0
Host[653]: Running on rank 0
Host[654]: Running on rank 0
Host[655]: Running on rank 0
Host[656]: Running on rank 0
Host[657]: Running on rank 0
Host[658]: Running on rank 0
Host[659]: Running on rank 0
Host[660]: Running on rank 0
Host[661]: Running on rank 0
Host[662]: Running on rank 0
Host[663]: Running on rank 0
Host[664]: Running on rank 0
Host[665]: Running on rank 0
Host[666]: Running on rank 0
Host[667]: Running on rank 0
Host[668]: Running on rank 0
Host[669]: Running on rank 0
Host[670]: Running on rank 0
Host[671]: Running on rank 0
Host[672]: Running on rank 0
Host[673]: Running on rank 0
Host[674]: Running on rank 0
Host[675]: Running on rank 0
Host[676]: Running on rank 0
Host[677]: Running on rank 0
Host[678]: Running on rank 0
Host[679]: Running on rank 0
Host[680]: Running on rank 0
Host[681]: Running on rank 0
Host[682]: Running on rank 0
Host[683]: Running on rank 0
Host[684]: Running on rank 0
Host[685]: Running on rank 0
Host[686]: Running on rank 0
Host[687]: Running on rank 0
Host[688]: Running on rank 0
Host[689]: Running on rank 0
Host[690]: Running on rank 0
Host[691]: Running on rank 0
Host[692]: Running on rank 0
Host[693]: Running on rank 0
Host[694]: Running on rank 0
Host[695]: Running on rank 0
Host[696]: Running on rank 0
Host[697]: Running on rank 0
Host[698]: Running on rank 0
Host[699]: Running on rank 0
Host[700]: Running on rank 0
Host[701]: Running on rank 0
Host[702]: Running on rank 0
Host[703]: Running on rank 0
Host[704]: Running on rank 0
Host[705]: Running on rank 0
Host[706]: Running on rank 0
Host[707]: Running on rank 0
Host[708]: Running on rank 0
Host[709]: Running on rank 0
Host[710]: Running on rank 0
Host[711]: Running on rank 0
Host[712]: Running on rank 0
Host[713]: Running on rank 0
Host[714]: Running on rank 0
Host[715]: Running on rank 0
Host[716]: Running on rank 0
Host[717]: Running on rank 0
Host[718]: Running on rank 0
Host[719]: Running on rank 0
Host[720]: Running on rank 0
Host[721]: Running on rank 0
Host[722]: Running on rank 0
Host[723]: Running on rank 0
Host[724]: Running on rank 0
Host[725]: Running on rank 0
Host[726]: Running on rank 0
Host[727]: Running on rank 0
Host[728]: Running on rank 0
Host[729]: Running on rank 0
Host[730]: Running on rank 0
Host[731]: Running on rank 0
Host[732]: Running on rank 0
Host[733]: Running on rank 0
Host[734]: Running on rank 0
Host[735]: Running on rank 0
Host[736]: Running on rank 0
Host[737]: Running on rank 0
Host[738]: Running on rank 0
Host[739]: Running on rank 0
Host[740]: Running on rank 0
Host[741]: Running on rank 0
Host[742]: Running on rank 0
Host[743]: Running on rank 0
Host[744]: Running on rank 0
Host[745]: Running on rank 0
Host[746]: Running on rank 0
Host[747]: Running on rank 0
Host[748]: Running on rank 0
Host[749]: Running on rank 0
Host[750]: Running on rank 0
Host[751]: Running on rank 0
Host[752]: Running on rank 0
Host[753]: Running on rank 0
Host[754]: Running on rank 0
Host[755]: Running on rank 0
Host[756]: Running on rank 0
Host[757]: Running on rank 0
Host[758]: Running on rank 0
Host[759]: Running on rank 0
Host[760]: Running on rank 0
Host[761]: Running on rank 0
Host[762]: Running on rank 0
Host[763]: Running on rank 0
Host[764]: Running on rank 0
Host[765]: Running on rank 0
Host[766]: Running on rank 0
Host[767]: Running on rank 0
Host[768]: Running on rank 0
Host[769]: Running on rank 0
Host[770]: Running on rank 0
Host[771]: Running on rank 0
Host[772]: Running on rank 0
Host[773]: Running on rank 0
Host[774]: Running on rank 0
Host[775]: Running on rank 0
Host[776]: Running on rank 0
Host[777]: Running on rank 0
Host[778]: Running on rank 0
Host[779]: Running on rank 0
Host[780]: Running on rank 0
Host[781]: Running on rank 0
Host[782]: Running on rank 0
Host[783]: Running on rank 0
Host[784]: Running on rank 0
Host[785]: Running on rank 0
Host[786]: Running on rank 0
Host[787]: Running on rank 0
Host[788]: Running on rank 0
Host[789]: Running on rank 0
Host[790]: Running on rank 0
Host[791]: Running on rank 0
Host[792]: Running on rank 0
Host[793]: Running on rank 0
Host[794]: Running on rank 0
Host[795]: Running on rank 0
Host[796]: Running on rank 0
Host[797]: Running on rank 0
Host[798]: Running on rank 0
Host[799]: Running on rank 0
Host[800]: Running on rank 0
Host[801]: Running on rank 0
Host[802]: Running on rank 0
Host[803]: Running on rank 0
Host[804]: Running on rank 0
Host[805]: Running on rank 0
Host[806]: Running on rank 0
Host[807]: Running on rank 0
Host[808]: Running on rank 0
Host[809]: Running on rank 0
Host[810]: Running on rank 0
Host[811]: Running on rank 0
Host[812]: Running on rank 0
Host[813]: Running on rank 0
Host[814]: Running on rank 0
Host[815]: Running on rank 0
Host[816]: Running on rank 0
Host[817]: Running on rank 0
Host[818]: Running on rank 0
Host[819]: Running on rank 0
Host[820]: Running on rank 0
Host[821]: Running on rank 0
Host[822]: Running on rank 0
Host[823]: Running on rank 0
Host[824]: Running on rank 0
Host[825]: Running on rank 0
Host[826]: Running on rank 0
Host[827]: Running on rank 0
Host[828]: Running on rank 0
Host[829]: Running on rank 0
Host[830]: Running on rank 0
Host[831]: Running on rank 0
Host[832]: Running on rank 0
Host[833]: Running on rank 0
Host[834]: Running on rank 0
Host[835]: Running on rank 0
Host[836]: Running on rank 0
Host[837]: Running on rank 0
Host[838]: Running on rank 0
Host[839]: Running on rank 0
Host[840]: Running on rank 0
Host[841]: Running on rank 0
Host[842]: Running on rank 0
Host[843]: Running on rank 0
Host[844]: Running on rank 0
Host[845]: Running on rank 0
Host[846]: Running on rank 0
Host[847]: Running on rank 0
Host[848]: Running on rank 0
Host[849]: Running on rank 0
Host[850]: Running on rank 0
Host[851]: Running on rank 0
Host[852]: Running on rank 0
Host[853]: Running on rank 0
Host[854]: Running on rank 0
Host[855]: Running on rank 0
Host[856]: Running on rank 0
Host[857]: Running on rank 0
Host[858]: Running on rank 0
Host[859]: Running on rank 0
Host[860]: Running on rank 0
Host[861]: Running on rank 0
Host[862]: Running on rank 0
Host[863]: Running on rank 0
Host[864]: Running on rank 0
Host[865]: Running on rank 0
Host[866]: Running on rank 0
Host[867]: Running on rank 0
Host[868]: Running on rank 0
Host[869]: Running on rank 0
Host[870]: Running on rank 0
Host[871]: Running on rank 0
Host[872]: Running on rank 0
Host[873]: Running on rank 0
Host[874]: Running on rank 0
Host[875]: Running on rank 0
Host[876]: Running on rank 0
Host[877]: Running on rank 0
Host[878]: Running on rank 0
Host[879]: Running on rank 0
Host[880]: Running on rank 0
Host[881]: Running on rank 0
Host[882]: Running on rank 0
Host[883]: Running on rank 0
Host[884]: Running on rank 0
Host[885]: Running on rank 0
Host[886]: Running on rank 0
Host[887]: Running on rank 0
Host[888]: Running on rank 0
Host[889]: Running on rank 0
Host[890]: Running on rank 0
Host[891]: Running on rank 0
Host[892]: Running on rank 0
Host[893]: Running on rank 0
Host[894]: Running on rank 0
Host[895]: Running on rank 0
Host[896]: Running on rank 0
Host[897]: Running on rank 0
Host[898]: Running on rank 0
Host[899]: Running on rank 0
Host[900]: Running on rank 0
Host[901]: Running on rank 0
Host[902]: Running on rank 0
Host[903]: Running on rank 0
Host[904]: Running on rank 0
Host[905]: Running on rank 0
Host[906]: Running on rank 0
Host[907]: Running on rank 0
Host[908]: Running on rank 0
Host[909]: Running on rank 0
Host[910]: Running on rank 0
Host[911]: Running on rank 0
Host[912]: Running on rank 0
Host[913]: Running on rank 0
Host[914]: Running on rank 0
Host[915]: Running on rank 0
Host[916]: Running on rank 0
Host[917]: Running on rank 0
Host[918]: Running on rank 0
Host[919]: Running on rank 0
Host[920]: Running on rank 0
Host[921]: Running on rank 0
Host[922]: Running on rank 0
Host[923]: Running on rank 0
Host[924]: Running on rank 0
Host[925]: Running on rank 0
Host[926]: Running on rank 0
Host[927]: Running on rank 0
Host[928]: Running on rank 0
Host[929]: Running on rank 0
Host[930]: Running on rank 0
Host[931]: Running on rank 0
Host[932]: Running on rank 0
Host[933]: Running on rank 0
Host[934]: Running on rank 0
Host[935]: Running on rank 0
Host[936]: Running on rank 0
Host[937]: Running on rank 0
Host[938]: Running on rank 0
Host[939]: Running on rank 0
Host[940]: Running on rank 0
Host[941]: Running on rank 0
Host[942]: Running on rank 0
Host[943]: Running on rank 0
Host[944]: Running on rank 0
Host[945]: Running on rank 0
Host[946]: Running on rank 0
Host[947]: Running on rank 0
Host[948]: Running on rank 0
Host[949]: Running on rank 0
Host[950]: Running on rank 0
Host[951]: Running on rank 0
Host[952]: Running on rank 0
Host[953]: Running on rank 0
Host[954]: Running on rank 0
Host[955]: Running on rank 0
Host[956]: Running on rank 0
Host[957]: Running on rank 0
Host[958]: Running on rank 0
Host[959]: Running on rank 0
Host[960]: Running on rank 0
Host[961]: Running on rank 0
Host[962]: Running on rank 0
Host[963]: Running on rank 0
Host[964]: Running on rank 0
Host[965]: Running on rank 0
Host[966]: Running on rank 0
Host[967]: Running on rank 0
Host[968]: Running on rank 0
Host[969]: Running on rank 0
Host[970]: Running on rank 0
Host[971]: Running on rank 0
Host[972]: Running on rank 0
Host[973]: Running on rank 0
Host[974]: Running on rank 0
Host[975]: Running on rank 0
Host[976]: Running on rank 0
Host[977]: Running on rank 0
Host[978]: Running on rank 0
Host[979]: Running on rank 0
Host[980]: Running on rank 0
Host[981]: Running on rank 0
Host[982]: Running on rank 0
Host[983]: Running on rank 0
Host[984]: Running on rank 0
Host[985]: Running on rank 0
Host[986]: Running on rank 0
Host[987]: Running on rank 0
Host[988]: Running on rank 0
Host[989]: Running on rank 0
Host[990]: Running on rank 0
Host[991]: Running on rank 0
Host[992]: Running on rank 0
Host[993]: Running on rank 0
Host[994]: Running on rank 0
Host[995]: Running on rank 0
Host[996]: Running on rank 0
Host[997]: Running on rank 0
Host[998]: Running on rank 0
Host[999]: Running on rank 0
Host[1000]: Running on rank 0
Host[1001]: Running on rank 0
Host[1002]: Running on rank 0
Host[1003]: Running on rank 0
Host[1004]: Running on rank 0
Host[1005]: Running on rank 0
Host[1006]: Running on rank 0
Host[1007]: Running on rank 0
Host[1008]: Running on rank 0
Host[1009]: Running on rank 0
Host[1010]: Running on rank 0
Host[1011]: Running on rank 0
Host[1012]: Running on rank 0
Host[1013]: Running on rank 0
Host[1014]: Running on rank 0
Host[1015]: Running on rank 0
Host[1016]: Running on rank 0
Host[1017]: Running on rank 0
Host[1018]: Running on rank 0
Host[1019]: Running on rank 0
Host[1020]: Running on rank 0
Host[1021]: Running on rank 0
Host[1022]: Running on rank 0
Host[1023]: Running on rank 0
Host[1024]: Running on rank 0
Host[1025]: Running on rank 0
Host[1026]: Running on rank 0
Host[1027]: Running on rank 0
Host[1028]: Running on rank 0
Host[1029]: Running on rank 0
Host[1030]: Running on rank 0
Host[1031]: Running on rank 0
Host[1032]: Running on rank 0
Host[1033]: Running on rank 0
Host[1034]: Running on rank 0
Host[1035]: Running on rank 0
Host[1036]: Running on rank 0
Host[1037]: Running on rank 0
Host[1038]: Running on rank 0
Host[1039]: Running on rank 0
Host[1040]: Running on rank 0
Host[1041]: Running on rank 0
Host[1042]: Running on rank 0
Host[1043]: Running on rank 0
Host[1044]: Running on rank 0
Host[1045]: Running on rank 0
Host[1046]: Running on rank 0
Host[1047]: Running on rank 0
Host[1048]: Running on rank 0
Host[1049]: Running on rank 0
Host[1050]: Running on rank 0
Host[1051]: Running on rank 0
Host[1052]: Running on rank 0
Host[1053]: Running on rank 0
Host[1054]: Running on rank 0
Host[1055]: Running on rank 0
Host[1056]: Running on rank 0
Host[1057]: Running on rank 0
Host[1058]: Running on rank 0
Host[1059]: Running on rank 0
Host[1060]: Running on rank 0
Host[1061]: Running on rank 0
Host[1062]: Running on rank 0
Host[1063]: Running on rank 0
Host[1064]: Running on rank 0
Host[1065]: Running on rank 0
Host[1066]: Running on rank 0
Host[1067]: Running on rank 0
Host[1068]: Running on rank 0
Host[1069]: Running on rank 0
Host[1070]: Running on rank 0
Host[1071]: Running on rank 0
Host[1072]: Running on rank 0
Host[1073]: Running on rank 0
Host[1074]: Running on rank 0
Host[1075]: Running on rank 0
Host[1076]: Running on rank 0
Host[1077]: Running on rank 0
Host[1078]: Running on rank 0
Host[1079]: Running on rank 0
Host[1080]: Running on rank 0
Host[1081]: Running on rank 0
Host[1082]: Running on rank 0
Host[1083]: Running on rank 0
Host[1084]: Running on rank 0
Host[1085]: Running on rank 0
Host[1086]: Running on rank 0
Host[1087]: Running on rank 0
Host[1088]: Running on rank 0
Host[1089]: Running on rank 0
Host[1090]: Running on rank 0
Host[1091]: Running on rank 0
Host[1092]: Running on rank 0
Host[1093]: Running on rank 0
Host[1094]: Running on rank 0
Host[1095]: Running on rank 0
Host[1096]: Running on rank 0
Host[1097]: Running on rank 0
Host[1098]: Running on rank 0
Host[1099]: Running on rank 0
Host[1100]: Running on rank 0
Host[1101]: Running on rank 0
Host[1102]: Running on rank 0
Host[1103]: Running on rank 0
Host[1104]: Running on rank 0
Host[1105]: Running on rank 0
Host[1106]: Running on rank 0
Host[1107]: Running on rank 0
Host[1108]: Running on rank 0
Host[1109]: Running on rank 0
Host[1110]: Running on rank 0
Host[1111]: Running on rank 0
Host[1112]: Running on rank 0
Host[1113]: Running on rank 0
Host[1114]: Running on rank 0
Host[1115]: Running on rank 0
Host[1116]: Running on rank 0
Host[1117]: Running on rank 0
Host[1118]: Running on rank 0
Host[1119]: Running on rank 0
Host[1120]: Running on rank 0
Host[1121]: Running on rank 0
Host[1122]: Running on rank 0
Host[1123]: Running on rank 0
Host[1124]: Running on rank 0
Host[1125]: Running on rank 0
Host[1126]: Running on rank 0
Host[1127]: Running on rank 0
Host[1128]: Running on rank 0
Host[1129]: Running on rank 0
Host[1130]: Running on rank 0
Host[1131]: Running on rank 0
Host[1132]: Running on rank 0
Host[1133]: Running on rank 0
Host[1134]: Running on rank 0
Host[1135]: Running on rank 0
Host[1136]: Running on rank 0
Host[1137]: Running on rank 0
Host[1138]: Running on rank 0
Host[1139]: Running on rank 0
Host[1140]: Running on rank 0
Host[1141]: Running on rank 0
Host[1142]: Running on rank 0
Host[1143]: Running on rank 0
Host[1144]: Running on rank 0
Host[1145]: Running on rank 0
Host[1146]: Running on rank 0
Host[1147]: Running on rank 0
Host[1148]: Running on rank 0
Host[1149]: Running on rank 0
Host[1150]: Running on rank 0
Host[1151]: Running on rank 0
Host[1152]: Running on rank 0
Host[1153]: Running on rank 0
Host[1154]: Running on rank 0
Host[1155]: Running on rank 0
Host[1156]: Running on rank 0
Host[1157]: Running on rank 0
Host[1158]: Running on rank 0
Host[1159]: Running on rank 0
Host[1160]: Running on rank 0
Host[1161]: Running on rank 0
Host[1162]: Running on rank 0
Host[1163]: Running on rank 0
Host[1164]: Running on rank 0
Host[1165]: Running on rank 0
Host[1166]: Running on rank 0
Host[1167]: Running on rank 0
Host[1168]: Running on rank 0
Host[1169]: Running on rank 0
Host[1170]: Running on rank 0
Host[1171]: Running on rank 0
Host[1172]: Running on rank 0
Host[1173]: Running on rank 0
Host[1174]: Running on rank 0
Host[1175]: Running on rank 0
Host[1176]: Running on rank 0
Host[1177]: Running on rank 0
Host[1178]: Running on rank 0
Host[1179]: Running on rank 0
Host[1180]: Running on rank 0
Host[1181]: Running on rank 0
Host[1182]: Running on rank 0
Host[1183]: Running on rank 0
Host[1184]: Running on rank 0
Host[1185]: Running on rank 0
Host[1186]: Running on rank 0
Host[1187]: Running on rank 0
Host[1188]: Running on rank 0
Host[1189]: Running on rank 0
Host[1190]: Running on rank 0
Host[1191]: Running on rank 0
Host[1192]: Running on rank 0
Host[1193]: Running on rank 0
Host[1194]: Running on rank 0
Host[1195]: Running on rank 0
Host[1196]: Running on rank 0
Host[1197]: Running on rank 0
Host[1198]: Running on rank 0
Host[1199]: Running on rank 0
Host[1200]: Running on rank 0
Host[1201]: Running on rank 0
Host[1202]: Running on rank 0
Host[1203]: Running on rank 0
Host[1204]: Running on rank 0
Host[1205]: Running on rank 0
Host[1206]: Running on rank 0
Host[1207]: Running on rank 0
Host[1208]: Running on rank 0
Host[1209]: Running on rank 0
Host[1210]: Running on rank 0
Host[1211]: Running on rank 0
Host[1212]: Running on rank 0
Host[1213]: Running on rank 0
Host[1214]: Running on rank 0
Host[1215]: Running on rank 0
Host[1216]: Running on rank 0
Host[1217]: Running on rank 0
Host[1218]: Running on rank 0
Host[1219]: Running on rank 0
Host[1220]: Running on rank 0
Host[1221]: Running on rank 0
Host[1222]: Running on rank 0
Host[1223]: Running on rank 0
Host[1224]: Running on rank 0
Host[1225]: Running on rank 0
Host[1226]: Running on rank 0
Host[1227]: Running on rank 0
Host[1228]: Running on rank 0
Host[1229]: Running on rank 0
Host[1230]: Running on rank 0
Host[1231]: Running on rank 0
Host[1232]: Running on rank 0
Host[1233]: Running on rank 0
Host[1234]: Running on rank 0
Host[1235]: Running on rank 0
Host[1236]: Running on rank 0
Host[1237]: Running on rank 0
Host[1238]: Running on rank 0
Host[1239]: Running on rank 0
Host[1240]: Running on rank 0
Host[1241]: Running on rank 0
Host[1242]: Running on rank 0
Host[1243]: Running on rank 0
Host[1244]: Running on rank 0
Host[1245]: Running on rank 0
Host[1246]: Running on rank 0
Host[1247]: Running on rank 0
Host[1248]: Running on rank 0
Host[1249]: Running on rank 0
Host[1250]: Running on rank 0
Host[1251]: Running on rank 0
Host[1252]: Running on rank 0
Host[1253]: Running on rank 0
Host[1254]: Running on rank 0
Host[1255]: Running on rank 0
Host[1256]: Running on rank 0
Host[1257]: Running on rank 0
Host[1258]: Running on rank 0
Host[1259]: Running on rank 0
Host[1260]: Running on rank 0
Host[1261]: Running on rank 0
Host[1262]: Running on rank 0
Host[1263]: Running on rank 0
Host[1264]: Running on rank 0
Host[1265]: Running on rank 0
Host[1266]: Running on rank 0
Host[1267]: Running on rank 0
Host[1268]: Running on rank 0
Host[1269]: Running on rank 0
Host[1270]: Running on rank 0
Host[1271]: Running on rank 0
Host[1272]: Running on rank 0
Host[1273]: Running on rank 0
Host[1274]: Running on rank 0
Host[1275]: Running on rank 0
Host[1276]: Running on rank 0
Host[1277]: Running on rank 0
Host[1278]: Running on rank 0
Host[1279]: Running on rank 0
Host[1280]: Running on rank 0
Host[1281]: Running on rank 0
Host[1282]: Running on rank 0
Host[1283]: Running on rank 0
Host[1284]: Running on rank 0
Host[1285]: Running on rank 0
Host[1286]: Running on rank 0
Host[1287]: Running on rank 0
Host[1288]: Running on rank 0
Host[1289]: Running on rank 0
Host[1290]: Running on rank 0
Host[1291]: Running on rank 0
Host[1292]: Running on rank 0
Host[1293]: Running on rank 0
Host[1294]: Running on rank 0
Host[1295]: Running on rank 0
Host[1296]: Running on rank 0
Host[1297]: Running on rank 0
Host[1298]: Running on rank 0
Host[1299]: Running on rank 0
Host[1300]: Running on rank 0
Host[1301]: Running on rank 0
Host[1302]: Running on rank 0
Host[1303]: Running on rank 0
Host[1304]: Running on rank 0
Host[1305]: Running on rank 0
Host[1306]: Running on rank 0
Host[1307]: Running on rank 0
Host[1308]: Running on rank 0
Host[1309]: Running on rank 0
Host[1310]: Running on rank 0
Host[1311]: Running on rank 0
Host[1312]: Running on rank 0
Host[1313]: Running on rank 0
Host[1314]: Running on rank 0
Host[1315]: Running on rank 0
Host[1316]: Running on rank 0
Host[1317]: Running on rank 0
Host[1318]: Running on rank 0
Host[1319]: Running on rank 0
Host[1320]: Running on rank 0
Host[1321]: Running on rank 0
Host[1322]: Running on rank 0
Host[1323]: Running on rank 0
Host[1324]: Running on rank 0
Host[1325]: Running on rank 0
Host[1326]: Running on rank 0
Host[1327]: Running on rank 0
Host[1328]: Running on rank 0
Host[1329]: Running on rank 0
Host[1330]: Running on rank 0
Host[1331]: Running on rank 0
Host[1332]: Running on rank 0
Host[1333]: Running on rank 0
Host[1334]: Running on rank 0
Host[1335]: Running on rank 0
Host[1336]: Running on rank 0
Host[1337]: Running on rank 0
Host[1338]: Running on rank 0
Host[1339]: Running on rank 0
Host[1340]: Running on rank 0
Host[1341]: Running on rank 0
Host[1342]: Running on rank 0
Host[1343]: Running on rank 0
Host[1344]: Running on rank 0
Host[1345]: Running on rank 0
Host[1346]: Running on rank 0
Host[1347]: Running on rank 0
Host[1348]: Running on rank 0
Host[1349]: Running on rank 0
Host[1350]: Running on rank 0
Host[1351]: Running on rank 0
Host[1352]: Running on rank 0
Host[1353]: Running on rank 0
Host[1354]: Running on rank 0
Host[1355]: Running on rank 0
Host[1356]: Running on rank 0
Host[1357]: Running on rank 0
Host[1358]: Running on rank 0
Host[1359]: Running on rank 0
Host[1360]: Running on rank 0
Host[1361]: Running on rank 0
Host[1362]: Running on rank 0
Host[1363]: Running on rank 0
Host[1364]: Running on rank 0
Host[1365]: Running on rank 0
Host[1366]: Running on rank 0
Host[1367]: Running on rank 0
Host[1368]: Running on rank 0
Host[1369]: Running on rank 0
Host[1370]: Running on rank 0
Host[1371]: Running on rank 0
Host[1372]: Running on rank 0
Host[1373]: Running on rank 0
Host[1374]: Running on rank 0
Host[1375]: Running on rank 0
Host[1376]: Running on rank 0
Host[1377]: Running on rank 0
Host[1378]: Running on rank 0
Host[1379]: Running on rank 0
Host[1380]: Running on rank 0
Host[1381]: Running on rank 0
Host[1382]: Running on rank 0
Host[1383]: Running on rank 0
Host[1384]: Running on rank 0
Host[1385]: Running on rank 0
Host[1386]: Running on rank 0
Host[1387]: Running on rank 0
Host[1388]: Running on rank 0
Host[1389]: Running on rank 0
Host[1390]: Running on rank 0
Host[1391]: Running on rank 0
Host[1392]: Running on rank 0
Host[1393]: Running on rank 0
Host[1394]: Running on rank 0
Host[1395]: Running on rank 0
Host[1396]: Running on rank 0
Host[1397]: Running on rank 0
Host[1398]: Running on rank 0
Host[1399]: Running on rank 0
Host[1400]: Running on rank 0
Host[1401]: Running on rank 0
Host[1402]: Running on rank 0
Host[1403]: Running on rank 0
Host[1404]: Running on rank 0
Host[1405]: Running on rank 0
Host[1406]: Running on rank 0
Host[1407]: Running on rank 0
Host[1408]: Running on rank 0
Host[1409]: Running on rank 0
Host[1410]: Running on rank 0
Host[1411]: Running on rank 0
Host[1412]: Running on rank 0
Host[1413]: Running on rank 0
Host[1414]: Running on rank 0
Host[1415]: Running on rank 0
Host[1416]: Running on rank 0
Host[1417]: Running on rank 0
Host[1418]: Running on rank 0
Host[1419]: Running on rank 0
Host[1420]: Running on rank 0
Host[1421]: Running on rank 0
Host[1422]: Running on rank 0
Host[1423]: Running on rank 0
Host[1424]: Running on rank 0
Host[1425]: Running on rank 0
Host[1426]: Running on rank 0
Host[1427]: Running on rank 0
Host[1428]: Running on rank 0
Host[1429]: Running on rank 0
Host[1430]: Running on rank 0
Host[1431]: Running on rank 0
Host[1432]: Running on rank 0
Host[1433]: Running on rank 0
Host[1434]: Running on rank 0
Host[1435]: Running on rank 0
Host[1436]: Running on rank 0
Host[1437]: Running on rank 0
Host[1438]: Running on rank 0
Host[1439]: Running on rank 0
Host[1440]: Running on rank 0
Host[1441]: Running on rank 0
Host[1442]: Running on rank 0
Host[1443]: Running on rank 0
Host[1444]: Running on rank 0
Host[1445]: Running on rank 0
Host[1446]: Running on rank 0
Host[1447]: Running on rank 0
Host[1448]: Running on rank 0
Host[1449]: Running on rank 0
Host[1450]: Running on rank 0
Host[1451]: Running on rank 0
Host[1452]: Running on rank 0
Host[1453]: Running on rank 0
Host[1454]: Running on rank 0
Host[1455]: Running on rank 0
Host[1456]: Running on rank 0
Host[1457]: Running on rank 0
Host[1458]: Running on rank 0
Host[1459]: Running on rank 0
Host[1460]: Running on rank 0
Host[1461]: Running on rank 0
Host[1462]: Running on rank 0
Host[1463]: Running on rank 0
Host[1464]: Running on rank 0
Host[1465]: Running on rank 0
Host[1466]: Running on rank 0
Host[1467]: Running on rank 0
Host[1468]: Running on rank 0
Host[1469]: Running on rank 0
Host[1470]: Running on rank 0
Host[1471]: Running on rank 0
Host[1472]: Running on rank 0
Host[1473]: Running on rank 0
Host[1474]: Running on rank 0
Host[1475]: Running on rank 0
Host[1476]: Running on rank 0
Host[1477]: Running on rank 0
Host[1478]: Running on rank 0
Host[1479]: Running on rank 0
Host[1480]: Running on rank 0
Host[1481]: Running on rank 0
Host[1482]: Running on rank 0
Host[1483]: Running on rank 0
Host[1484]: Running on rank 0
Host[1485]: Running on rank 0
Host[1486]: Running on rank 0
Host[1487]: Running on rank 0
Host[1488]: Running on rank 0
Host[1489]: Running on rank 0
Host[1490]: Running on rank 0
Host[1491]: Running on rank 0
Host[1492]: Running on rank 0
Host[1493]: Running on rank 0
Host[1494]: Running on rank 0
Host[1495]: Running on rank 0
Host[1496]: Running on rank 0
Host[1497]: Running on rank 0
Host[1498]: Running on rank 0
Host[1499]: Running on rank 0
Host[1500]: Running on rank 0
Host[1501]: Running on rank 0
Host[1502]: Running on rank 0
Host[1503]: Running on rank 0
Host[1504]: Running on rank 0
Host[1505]: Running on rank 0
Host[1506]: Running on rank 0
Host[1507]: Running on rank 0
Host[1508]: Running on rank 0
Host[1509]: Running on rank 0
Host[1510]: Running on rank 0
Host[1511]: Running on rank 0
Host[1512]: Running on rank 0
Host[1513]: Running on rank 0
Host[1514]: Running on rank 0
Host[1515]: Running on rank 0
Host[1516]: Running on rank 0
Host[1517]: Running on rank 0
Host[1518]: Running on rank 0
Host[1519]: Running on rank 0
Host[1520]: Running on rank 0
Host[1521]: Running on rank 0
Host[1522]: Running on rank 0
Host[1523]: Running on rank 0
Host[1524]: Running on rank 0
Host[1525]: Running on rank 0
Host[1526]: Running on rank 0
Host[1527]: Running on rank 0
Host[1528]: Running on rank 0
Host[1529]: Running on rank 0
Host[1530]: Running on rank 0
Host[1531]: Running on rank 0
Host[1532]: Running on rank 0
Host[1533]: Running on rank 0
Host[1534]: Running on rank 0
Host[1535]: Running on rank 0
Host[1536]: Running on rank 0
Host[1537]: Running on rank 0
Host[1538]: Running on rank 0
Host[1539]: Running on rank 0
Host[1540]: Running on rank 0
Host[1541]: Running on rank 0
Host[1542]: Running on rank 0
Host[1543]: Running on rank 0
Host[1544]: Running on rank 0
Host[1545]: Running on rank 0
Host[1546]: Running on rank 0
Host[1547]: Running on rank 0
Host[1548]: Running on rank 0
Host[1549]: Running on rank 0
Host[1550]: Running on rank 0
Host[1551]: Running on rank 0
Host[1552]: Running on rank 0
Host[1553]: Running on rank 0
Host[1554]: Running on rank 0
Host[1555]: Running on rank 0
Host[1556]: Running on rank 0
Host[1557]: Running on rank 0
Host[1558]: Running on rank 0
Host[1559]: Running on rank 0
Host[1560]: Running on rank 0
Host[1561]: Running on rank 0
Host[1562]: Running on rank 0
Host[1563]: Running on rank 0
Host[1564]: Running on rank 0
Host[1565]: Running on rank 0
Host[1566]: Running on rank 0
Host[1567]: Running on rank 0
Host[1568]: Running on rank 0
Host[1569]: Running on rank 0
Host[1570]: Running on rank 0
Host[1571]: Running on rank 0
Host[1572]: Running on rank 0
Host[1573]: Running on rank 0
Host[1574]: Running on rank 0
Host[1575]: Running on rank 0
Host[1576]: Running on rank 0
Host[1577]: Running on rank 0
Host[1578]: Running on rank 0
Host[1579]: Running on rank 0
Host[1580]: Running on rank 0
Host[1581]: Running on rank 0
Host[1582]: Running on rank 0
Host[1583]: Running on rank 0
Host[1584]: Running on rank 0
Host[1585]: Running on rank 0
Host[1586]: Running on rank 0
Host[1587]: Running on rank 0
Host[1588]: Running on rank 0
Host[1589]: Running on rank 0
Host[1590]: Running on rank 0
Host[1591]: Running on rank 0
Host[1592]: Running on rank 0
Host[1593]: Running on rank 0
Host[1594]: Running on rank 0
Host[1595]: Running on rank 0
Host[1596]: Running on rank 0
Host[1597]: Running on rank 0
Host[1598]: Running on rank 0
Host[1599]: Running on rank 0
Host[1600]: Running on rank 0
Host[1601]: Running on rank 0
Host[1602]: Running on rank 0
Host[1603]: Running on rank 0
Host[1604]: Running on rank 0
Host[1605]: Running on rank 0
Host[1606]: Running on rank 0
Host[1607]: Running on rank 0
Host[1608]: Running on rank 0
Host[1609]: Running on rank 0
Host[1610]: Running on rank 0
Host[1611]: Running on rank 0
Host[1612]: Running on rank 0
Host[1613]: Running on rank 0
Host[1614]: Running on rank 0
Host[1615]: Running on rank 0
Host[1616]: Running on rank 0
Host[1617]: Running on rank 0
Host[1618]: Running on rank 0
Host[1619]: Running on rank 0
Host[1620]: Running on rank 0
Host[1621]: Running on rank 0
Host[1622]: Running on rank 0
Host[1623]: Running on rank 0
Host[1624]: Running on rank 0
Host[1625]: Running on rank 0
Host[1626]: Running on rank 0
Host[1627]: Running on rank 0
Host[1628]: Running on rank 0
Host[1629]: Running on rank 0
Host[1630]: Running on rank 0
Host[1631]: Running on rank 0
Host[1632]: Running on rank 0
Host[1633]: Running on rank 0
Host[1634]: Running on rank 0
Host[1635]: Running on rank 0
Host[1636]: Running on rank 0
Host[1637]: Running on rank 0
Host[1638]: Running on rank 0
Host[1639]: Running on rank 0
Host[1640]: Running on rank 0
Host[1641]: Running on rank 0
Host[1642]: Running on rank 0
Host[1643]: Running on rank 0
Host[1644]: Running on rank 0
Host[1645]: Running on rank 0
Host[1646]: Running on rank 0
Host[1647]: Running on rank 0
Host[1648]: Running on rank 0
Host[1649]: Running on rank 0
Host[1650]: Running on rank 0
Host[1651]: Running on rank 0
Host[1652]: Running on rank 0
Host[1653]: Running on rank 0
Host[1654]: Running on rank 0
Host[1655]: Running on rank 0
Host[1656]: Running on rank 0
Host[1657]: Running on rank 0
Host[1658]: Running on rank 0
Host[1659]: Running on rank 0
Host[1660]: Running on rank 0
Host[1661]: Running on rank 0
Host[1662]: Running on rank 0
Host[1663]: Running on rank 0
Host[1664]: Running on rank 0
Host[1665]: Running on rank 0
Host[1666]: Running on rank 0
Host[1667]: Running on rank 0
Host[1668]: Running on rank 0
Host[1669]: Running on rank 0
Host[1670]: Running on rank 0
Host[1671]: Running on rank 0
Host[1672]: Running on rank 0
Host[1673]: Running on rank 0
Host[1674]: Running on rank 0
Host[1675]: Running on rank 0
Host[1676]: Running on rank 0
Host[1677]: Running on rank 0
Host[1678]: Running on rank 0
Host[1679]: Running on rank 0
Host[1680]: Running on rank 0
Host[1681]: Running on rank 0
Host[1682]: Running on rank 0
Host[1683]: Running on rank 0
Host[1684]: Running on rank 0
Host[1685]: Running on rank 0
Host[1686]: Running on rank 0
Host[1687]: Running on rank 0
Host[1688]: Running on rank 0
Host[1689]: Running on rank 0
Host[1690]: Running on rank 0
Host[1691]: Running on rank 0
Host[1692]: Running on rank 0
Host[1693]: Running on rank 0
Host[1694]: Running on rank 0
Host[1695]: Running on rank 0
Host[1696]: Running on rank 0
Host[1697]: Running on rank 0
Host[1698]: Running on rank 0
Host[1699]: Running on rank 0
Host[1700]: Running on rank 0
Host[1701]: Running on rank 0
Host[1702]: Running on rank 0
Host[1703]: Running on rank 0
Host[1704]: Running on rank 0
Host[1705]: Running on rank 0
Host[1706]: Running on rank 0
Host[1707]: Running on rank 0
Host[1708]: Running on rank 0
Host[1709]: Running on rank 0
Host[1710]: Running on rank 0
Host[1711]: Running on rank 0
Host[1712]: Running on rank 0
Host[1713]: Running on rank 0
Host[1714]: Running on rank 0
Host[1715]: Running on rank 0
Host[1716]: Running on rank 0
Host[1717]: Running on rank 0
Host[1718]: Running on rank 0
Host[1719]: Running on rank 0
Host[1720]: Running on rank 0
Host[1721]: Running on rank 0
Host[1722]: Running on rank 0
Host[1723]: Running on rank 0
Host[1724]: Running on rank 0
Host[1725]: Running on rank 0
Host[1726]: Running on rank 0
Host[1727]: Running on rank 0
Host[1728]: Running on rank 0
Host[1729]: Running on rank 0
Host[1730]: Running on rank 0
Host[1731]: Running on rank 0
Host[1732]: Running on rank 0
Host[1733]: Running on rank 0
Host[1734]: Running on rank 0
Host[1735]: Running on rank 0
Host[1736]: Running on rank 0
Host[1737]: Running on rank 0
Host[1738]: Running on rank 0
Host[1739]: Running on rank 0
Host[1740]: Running on rank 0
Host[1741]: Running on rank 0
Host[1742]: Running on rank 0
Host[1743]: Running on rank 0
Host[1744]: Running on rank 0
Host[1745]: Running on rank 0
Host[1746]: Running on rank 0
Host[1747]: Running on rank 0
Host[1748]: Running on rank 0
Host[1749]: Running on rank 0
Host[1750]: Running on rank 0
Host[1751]: Running on rank 0
Host[1752]: Running on rank 0
Host[1753]: Running on rank 0
Host[1754]: Running on rank 0
Host[1755]: Running on rank 0
Host[1756]: Running on rank 0
Host[1757]: Running on rank 0
Host[1758]: Running on rank 0
Host[1759]: Running on rank 0
Host[1760]: Running on rank 0
Host[1761]: Running on rank 0
Host[1762]: Running on rank 0
Host[1763]: Running on rank 0
Host[1764]: Running on rank 0
Host[1765]: Running on rank 0
Host[1766]: Running on rank 0
Host[1767]: Running on rank 0
Host[1768]: Running on rank 0
Host[1769]: Running on rank 0
Host[1770]: Running on rank 0
Host[1771]: Running on rank 0
Host[1772]: Running on rank 0
Host[1773]: Running on rank 0
Host[1774]: Running on rank 0
Host[1775]: Running on rank 0
Host[1776]: Running on rank 0
Host[1777]: Running on rank 0
Host[1778]: Running on rank 0
Host[1779]: Running on rank 0
Host[1780]: Running on rank 0
Host[1781]: Running on rank 0
Host[1782]: Running on rank 0
Host[1783]: Running on rank 0
Host[1784]: Running on rank 0
Host[1785]: Running on rank 0
Host[1786]: Running on rank 0
Host[1787]: Running on rank 0
Host[1788]: Running on rank 0
Host[1789]: Running on rank 0
Host[1790]: Running on rank 0
Host[1791]: Running on rank 0
Host[1792]: Running on rank 0
Host[1793]: Running on rank 0
Host[1794]: Running on rank 0
Host[1795]: Running on rank 0
Host[1796]: Running on rank 0
Host[1797]: Running on rank 0
Host[1798]: Running on rank 0
Host[1799]: Running on rank 0
Host[1800]: Running on rank 0
Host[1801]: Running on rank 0
Host[1802]: Running on rank 0
Host[1803]: Running on rank 0
Host[1804]: Running on rank 0
Host[1805]: Running on rank 0
Host[1806]: Running on rank 0
Host[1807]: Running on rank 0
Host[1808]: Running on rank 0
Host[1809]: Running on rank 0
Host[1810]: Running on rank 0
Host[1811]: Running on rank 0
Host[1812]: Running on rank 0
Host[1813]: Running on rank 0
Host[1814]: Running on rank 0
Host[1815]: Running on rank 0
Host[1816]: Running on rank 0
Host[1817]: Running on rank 0
Host[1818]: Running on rank 0
Host[1819]: Running on rank 0
Host[1820]: Running on rank 0
Host[1821]: Running on rank 0
Host[1822]: Running on rank 0
Host[1823]: Running on rank 0
Host[1824]: Running on rank 0
Host[1825]: Running on rank 0
Host[1826]: Running on rank 0
Host[1827]: Running on rank 0
Host[1828]: Running on rank 0
Host[1829]: Running on rank 0
Host[1830]: Running on rank 0
Host[1831]: Running on rank 0
Host[1832]: Running on rank 0
Host[1833]: Running on rank 0
Host[1834]: Running on rank 0
Host[1835]: Running on rank 0
Host[1836]: Running on rank 0
Host[1837]: Running on rank 0
Host[1838]: Running on rank 0
Host[1839]: Running on rank 0
Host[1840]: Running on rank 0
Host[1841]: Running on rank 0
Host[1842]: Running on rank 0
Host[1843]: Running on rank 0
Host[1844]: Running on rank 0
Host[1845]: Running on rank 0
Host[1846]: Running on rank 0
Host[1847]: Running on rank 0
Host[1848]: Running on rank 0
Host[1849]: Running on rank 0
Host[1850]: Running on rank 0
Host[1851]: Running on rank 0
Host[1852]: Running on rank 0
Host[1853]: Running on rank 0
Host[1854]: Running on rank 0
Host[1855]: Running on rank 0
Host[1856]: Running on rank 0
Host[1857]: Running on rank 0
Host[1858]: Running on rank 0
Host[1859]: Running on rank 0
Host[1860]: Running on rank 0
Host[1861]: Running on rank 0
Host[1862]: Running on rank 0
Host[1863]: Running on rank 0
Host[1864]: Running on rank 0
Host[1865]: Running on rank 0
Host[1866]: Running on rank 0
Host[1867]: Running on rank 0
Host[1868]: Running on rank 0
Host[1869]: Running on rank 0
Host[1870]: Running on rank 0
Host[1871]: Running on rank 0
Host[1872]: Running on rank 0
Host[1873]: Running on rank 0
Host[1874]: Running on rank 0
Host[1875]: Running on rank 0
Host[1876]: Running on rank 0
Host[1877]: Running on rank 0
Host[1878]: Running on rank 0
Host[1879]: Running on rank 0
Host[1880]: Running on rank 0
Host[1881]: Running on rank 0
Host[1882]: Running on rank 0
Host[1883]: Running on rank 0
Host[1884]: Running on rank 0
Host[1885]: Running on rank 0
Host[1886]: Running on rank 0
Host[1887]: Running on rank 0
Host[1888]: Running on rank 0
Host[1889]: Running on rank 0
Host[1890]: Running on rank 0
Host[1891]: Running on rank 0
Host[1892]: Running on rank 0
Host[1893]: Running on rank 0
Host[1894]: Running on rank 0
Host[1895]: Running on rank 0
Host[1896]: Running on rank 0
Host[1897]: Running on rank 0
Host[1898]: Running on rank 0
Host[1899]: Running on rank 0
Host[1900]: Running on rank 0
Host[1901]: Running on rank 0
Host[1902]: Running on rank 0
Host[1903]: Running on rank 0
Host[1904]: Running on rank 0
Host[1905]: Running on rank 0
Host[1906]: Running on rank 0
Host[1907]: Running on rank 0
Host[1908]: Running on rank 0
Host[1909]: Running on rank 0
Host[1910]: Running on rank 0
Host[1911]: Running on rank 0
Host[1912]: Running on rank 0
Host[1913]: Running on rank 0
Host[1914]: Running on rank 0
Host[1915]: Running on rank 0
Host[1916]: Running on rank 0
Host[1917]: Running on rank 0
Host[1918]: Running on rank 0
Host[1919]: Running on rank 0
Host[1920]: Running on rank 0
Host[1921]: Running on rank 0
Host[1922]: Running on rank 0
Host[1923]: Running on rank 0
Host[1924]: Running on rank 0
Host[1925]: Running on rank 0
Host[1926]: Running on rank 0
Host[1927]: Running on rank 0
Host[1928]: Running on rank 0
Host[1929]: Running on rank 0
Host[1930]: Running on rank 0
Host[1931]: Running on rank 0
Host[1932]: Running on rank 0
Host[1933]: Running on rank 0
Host[1934]: Running on rank 0
Host[1935]: Running on rank 0
Host[1936]: Running on rank 0
Host[1937]: Running on rank 0
Host[1938]: Running on rank 0
Host[1939]: Running on rank 0
Host[1940]: Running on rank 0
Host[1941]: Running on rank 0
Host[1942]: Running on rank 0
Host[1943]: Running on rank 0
Host[1944]: Running on rank 0
Host[1945]: Running on rank 0
Host[1946]: Running on rank 0
Host[1947]: Running on rank 0
Host[1948]: Running on rank 0
Host[1949]: Running on rank 0
Host[1950]: Running on rank 0
Host[1951]: Running on rank 0
Host[1952]: Running on rank 0
Host[1953]: Running on rank 0
Host[1954]: Running on rank 0
Host[1955]: Running on rank 0
Host[1956]: Running on rank 0
Host[1957]: Running on rank 0
Host[1958]: Running on rank 0
Host[1959]: Running on rank 0
Host[1960]: Running on rank 0
Host[1961]: Running on rank 0
Host[1962]: Running on rank 0
Host[1963]: Running on rank 0
Host[1964]: Running on rank 0
Host[1965]: Running on rank 0
Host[1966]: Running on rank 0
Host[1967]: Running on rank 0
Host[1968]: Running on rank 0
Host[1969]: Running on rank 0
Host[1970]: Running on rank 0
Host[1971]: Running on rank 0
Host[1972]: Running on rank 0
Host[1973]: Running on rank 0
Host[1974]: Running on rank 0
Host[1975]: Running on rank 0
Host[1976]: Running on rank 0
Host[1977]: Running on rank 0
Host[1978]: Running on rank 0
Host[1979]: Running on rank 0
Host[1980]: Running on rank 0
Host[1981]: Running on rank 0
Host[1982]: Running on rank 0
Host[1983]: Running on rank 0
Host[1984]: Running on rank 0
Host[1985]: Running on rank 0
Host[1986]: Running on rank 0
Host[1987]: Running on rank 0
Host[1988]: Running on rank 0
Host[1989]: Running on rank 0
Host[1990]: Running on rank 0
Host[1991]: Running on rank 0
Host[1992]: Running on rank 0
Host[1993]: Running on rank 0
Host[1994]: Running on rank 0
Host[1995]: Running on rank 0
Host[1996]: Running on rank 0
Host[1997]: Running on rank 0
Host[1998]: Running on rank 0
Host[1999]: Running on rank 0
Host[2000]: Running on rank 0
Host[2001]: Running on rank 0
Host[2002]: Running on rank 0
Host[2003]: Running on rank 0
Host[2004]: Running on rank 0
Host[2005]: Running on rank 0
Host[2006]: Running on rank 0
Host[2007]: Running on rank 0
Host[2008]: Running on rank 0
Host[2009]: Running on rank 0
Host[2010]: Running on rank 0
Host[2011]: Running on rank 0
Host[2012]: Running on rank 0
Host[2013]: Running on rank 0
Host[2014]: Running on rank 0
Host[2015]: Running on rank 0
Host[2016]: Running on rank 0
Host[2017]: Running on rank 0
Host[2018]: Running on rank 0
Host[2019]: Running on rank 0
Host[2020]: Running on rank 0
Host[2021]: Running on rank 0
Host[2022]: Running on rank 0
Host[2023]: Running on rank 0
Host[2024]: Running on rank 0
Host[2025]: Running on rank 0
Host[2026]: Running on rank 0
Host[2027]: Running on rank 0
Host[2028]: Running on rank 0
Host[2029]: Running on rank 0
Host[2030]: Running on rank 0
Host[2031]: Running on rank 0
Host[2032]: Running on rank 0
Host[2033]: Running on rank 0
Host[2034]: Running on rank 0
Host[2035]: Running on rank 0
Host[2036]: Running on rank 0
Host[2037]: Running on rank 0
Host[2038]: Running on rank 0
Host[2039]: Running on rank 0
Host[2040]: Running on rank 0
Host[2041]: Running on rank 0
Host[2042]: Running on rank 0
Host[2043]: Running on rank 0
Host[2044]: Running on rank 0
Host[2045]: Running on rank 0
Host[2046]: Running on rank 0
Host[2047]: Running on rank 0
