Module : blackscholes.O3.llvm
	TargetTriple :
		x86_64-apple-macosx10.11.0

	Function <@ 0x7fa183502560> : CNDF : Definition : NonIntrinsic
		ArgList :
			InputX<@ 0x7fa1835026a0>

		BasicBlock <@ 0x7fa183502700> : label %0
			Instruction <@ 0x7fa183404490> : (88, 22) : call
				metadata !{float %InputX}<@ 0x7fa183502790>
				i64 0<@ 0x7fa183502750>
				metadata <badref><@ 0x7fa18362a430>
				llvm.dbg.value<@ 0x7fa1835029c0>
			Instruction <@ 0x7fa1834045b0> : (103, 9) : fcmp
				InputX<@ 0x7fa1835026a0>
				float 0.000000e+00<@ 0x7fa183404530>
			Instruction <@ 0x7fa183404768> : (103, 9) : br
				i1 %1<@ 0x7fa1834045b0>
				label %4<@ 0x7fa183404690>
				label %2<@ 0x7fa183404600>

		BasicBlock <@ 0x7fa183404600> : label %2
			Instruction <@ 0x7fa183404860> : (104, 9) : fsub
				float -0.000000e+00<@ 0x7fa1834047e0>
				InputX<@ 0x7fa1835026a0>
			Instruction <@ 0x7fa183404970> : (88, 22) : call
				metadata !{float %3}<@ 0x7fa1834048b0>
				i64 0<@ 0x7fa183502750>
				metadata <badref><@ 0x7fa18362a430>
				llvm.dbg.value<@ 0x7fa1835029c0>
			Instruction <@ 0x7fa183404ba0> : (90, 9) : call
				metadata <badref><@ 0x7fa18363bd20>
				i64 0<@ 0x7fa183502750>
				metadata <badref><@ 0x7fa18362a570>
				llvm.dbg.value<@ 0x7fa1835029c0>
			Instruction <@ 0x7fa183404c58> : (106, 5) : br
				label %4<@ 0x7fa183404690>

		BasicBlock <@ 0x7fa183404690> : label %4
			Instruction <@ 0x7fa183404d30> : (0, 0) : phi
				i1 true<@ 0x7fa183404cb0>
				i1 false<@ 0x7fa183404cf0>
			Instruction <@ 0x7fa183404de0> : (0, 0) : phi
				float %3<@ 0x7fa183404860>
				InputX<@ 0x7fa1835026a0>
			Instruction <@ 0x7fa183405020> : (93, 12) : call
				metadata !{float %.0}<@ 0x7fa183404e90>
				i64 0<@ 0x7fa183502750>
				metadata <badref><@ 0x7fa18362a970>
				llvm.dbg.value<@ 0x7fa1835029c0>
			Instruction <@ 0x7fa183405140> : (112, 17) : fmul
				.0<@ 0x7fa183404de0>
				float -5.000000e-01<@ 0x7fa1834050c0>
			Instruction <@ 0x7fa1834051c0> : (112, 17) : fmul
				.0<@ 0x7fa183404de0>
				float %5<@ 0x7fa183405140>
			Instruction <@ 0x7fa183405238> : (112, 17) : fpext
				float %6<@ 0x7fa1834051c0>
			Instruction <@ 0x7fa183405410> : (112, 17) : call
				double %7<@ 0x7fa183405238>
				exp<@ 0x7fa1834052c0>
			Instruction <@ 0x7fa183405548> : (112, 17) : fptrunc
				double %8<@ 0x7fa183405410>
			Instruction <@ 0x7fa183405700> : (95, 12) : call
				metadata !{float %9}<@ 0x7fa1834055b0>
				i64 0<@ 0x7fa183502750>
				metadata <badref><@ 0x7fa18362adf0>
				llvm.dbg.value<@ 0x7fa1835029c0>
			Instruction <@ 0x7fa183600130> : (94, 12) : call
				metadata !{float %9}<@ 0x7fa1834055b0>
				i64 0<@ 0x7fa183502750>
				metadata <badref><@ 0x7fa18362ab20>
				llvm.dbg.value<@ 0x7fa1835029c0>
			Instruction <@ 0x7fa1836001e8> : (114, 5) : fpext
				float %9<@ 0x7fa183405548>
			Instruction <@ 0x7fa1836002c0> : (114, 5) : fmul
				double %10<@ 0x7fa1836001e8>
				double 0x3FD9884533D43651<@ 0x7fa183600240>
			Instruction <@ 0x7fa183600338> : (114, 5) : fptrunc
				double %11<@ 0x7fa1836002c0>
			Instruction <@ 0x7fa183600480> : (94, 12) : call
				metadata !{float %12}<@ 0x7fa1836003a0>
				i64 0<@ 0x7fa183502750>
				metadata <badref><@ 0x7fa18362ab20>
				llvm.dbg.value<@ 0x7fa1835029c0>
			Instruction <@ 0x7fa183600538> : (116, 5) : fpext
				.0<@ 0x7fa183404de0>
			Instruction <@ 0x7fa183600610> : (116, 5) : fmul
				double %13<@ 0x7fa183600538>
				double 2.316419e-01<@ 0x7fa183600590>
			Instruction <@ 0x7fa183600688> : (116, 5) : fptrunc
				double %14<@ 0x7fa183600610>
			Instruction <@ 0x7fa183600860> : (96, 12) : call
				metadata !{float %15}<@ 0x7fa1836006f0>
				i64 0<@ 0x7fa183502750>
				metadata <badref><@ 0x7fa18362af70>
				llvm.dbg.value<@ 0x7fa1835029c0>
			Instruction <@ 0x7fa183600980> : (117, 5) : fadd
				float %15<@ 0x7fa183600688>
				float 1.000000e+00<@ 0x7fa183600900>
			Instruction <@ 0x7fa183600bb0> : (96, 12) : call
				metadata !{float %16}<@ 0x7fa183600ad0>
				i64 0<@ 0x7fa183502750>
				metadata <badref><@ 0x7fa18362af70>
				llvm.dbg.value<@ 0x7fa1835029c0>
			Instruction <@ 0x7fa183600c80> : (118, 5) : fdiv
				float 1.000000e+00<@ 0x7fa183600900>
				float %16<@ 0x7fa183600980>
			Instruction <@ 0x7fa183600db0> : (96, 12) : call
				metadata !{float %17}<@ 0x7fa183600cd0>
				i64 0<@ 0x7fa183502750>
				metadata <badref><@ 0x7fa18362af70>
				llvm.dbg.value<@ 0x7fa1835029c0>
			Instruction <@ 0x7fa183600e80> : (119, 5) : fmul
				float %17<@ 0x7fa183600c80>
				float %17<@ 0x7fa183600c80>
			Instruction <@ 0x7fa183601040> : (97, 12) : call
				metadata !{float %18}<@ 0x7fa183600ed0>
				i64 0<@ 0x7fa183502750>
				metadata <badref><@ 0x7fa18362b0b0>
				llvm.dbg.value<@ 0x7fa1835029c0>
			Instruction <@ 0x7fa183601110> : (120, 5) : fmul
				float %17<@ 0x7fa183600c80>
				float %18<@ 0x7fa183600e80>
			Instruction <@ 0x7fa1836012d0> : (97, 19) : call
				metadata !{float %19}<@ 0x7fa183601160>
				i64 0<@ 0x7fa183502750>
				metadata <badref><@ 0x7fa18362b1f0>
				llvm.dbg.value<@ 0x7fa1835029c0>
			Instruction <@ 0x7fa1836013a0> : (121, 5) : fmul
				float %17<@ 0x7fa183600c80>
				float %19<@ 0x7fa183601110>
			Instruction <@ 0x7fa183601560> : (98, 12) : call
				metadata !{float %20}<@ 0x7fa1836013f0>
				i64 0<@ 0x7fa183502750>
				metadata <badref><@ 0x7fa18362b330>
				llvm.dbg.value<@ 0x7fa1835029c0>
			Instruction <@ 0x7fa183601630> : (122, 5) : fmul
				float %17<@ 0x7fa183600c80>
				float %20<@ 0x7fa1836013a0>
			Instruction <@ 0x7fa1836017f0> : (98, 19) : call
				metadata !{float %21}<@ 0x7fa183601680>
				i64 0<@ 0x7fa183502750>
				metadata <badref><@ 0x7fa18362b470>
				llvm.dbg.value<@ 0x7fa1835029c0>
			Instruction <@ 0x7fa1836018a8> : (124, 5) : fpext
				float %17<@ 0x7fa183600c80>
			Instruction <@ 0x7fa183601980> : (124, 5) : fmul
				double %22<@ 0x7fa1836018a8>
				double 0x3FD470BF3A92F8EC<@ 0x7fa183601900>
			Instruction <@ 0x7fa1836019f8> : (124, 5) : fptrunc
				double %23<@ 0x7fa183601980>
			Instruction <@ 0x7fa183601bd0> : (99, 20) : call
				metadata !{float %24}<@ 0x7fa183601a60>
				i64 0<@ 0x7fa183502750>
				metadata <badref><@ 0x7fa18362b6f0>
				llvm.dbg.value<@ 0x7fa1835029c0>
			Instruction <@ 0x7fa183601c88> : (125, 5) : fpext
				float %18<@ 0x7fa183600e80>
			Instruction <@ 0x7fa183601d60> : (125, 5) : fmul
				double %25<@ 0x7fa183601c88>
				double 0xBFD6D1F0E5A8325B<@ 0x7fa183601ce0>
			Instruction <@ 0x7fa183601dd8> : (125, 5) : fptrunc
				double %26<@ 0x7fa183601d60>
			Instruction <@ 0x7fa183601fb0> : (100, 12) : call
				metadata !{float %27}<@ 0x7fa183601e40>
				i64 0<@ 0x7fa183502750>
				metadata <badref><@ 0x7fa18362b830>
				llvm.dbg.value<@ 0x7fa1835029c0>
			Instruction <@ 0x7fa183602068> : (126, 5) : fpext
				float %19<@ 0x7fa183601110>
			Instruction <@ 0x7fa183602140> : (126, 5) : fmul
				double %28<@ 0x7fa183602068>
				double 0x3FFC80EF025F5E68<@ 0x7fa1836020c0>
			Instruction <@ 0x7fa1836021b8> : (126, 5) : fptrunc
				double %29<@ 0x7fa183602140>
			Instruction <@ 0x7fa183602390> : (100, 22) : call
				metadata !{float %30}<@ 0x7fa183602220>
				i64 0<@ 0x7fa183502750>
				metadata <badref><@ 0x7fa18362b970>
				llvm.dbg.value<@ 0x7fa1835029c0>
			Instruction <@ 0x7fa183602460> : (127, 5) : fadd
				float %27<@ 0x7fa183601dd8>
				float %30<@ 0x7fa1836021b8>
			Instruction <@ 0x7fa183602590> : (100, 12) : call
				metadata !{float %31}<@ 0x7fa1836024b0>
				i64 0<@ 0x7fa183502750>
				metadata <badref><@ 0x7fa18362b830>
				llvm.dbg.value<@ 0x7fa1835029c0>
			Instruction <@ 0x7fa183602648> : (128, 5) : fpext
				float %20<@ 0x7fa1836013a0>
			Instruction <@ 0x7fa183600a50> : (128, 5) : fmul
				double %32<@ 0x7fa183602648>
				double 0xBFFD23DD4EF278D0<@ 0x7fa1836009d0>
			Instruction <@ 0x7fa1836028b8> : (128, 5) : fptrunc
				double %33<@ 0x7fa183600a50>
			Instruction <@ 0x7fa1836029e0> : (100, 22) : call
				metadata !{float %34}<@ 0x7fa183602910>
				i64 0<@ 0x7fa183502750>
				metadata <badref><@ 0x7fa18362b970>
				llvm.dbg.value<@ 0x7fa1835029c0>
			Instruction <@ 0x7fa183602ab0> : (129, 5) : fadd
				float %31<@ 0x7fa183602460>
				float %34<@ 0x7fa1836028b8>
			Instruction <@ 0x7fa183602be0> : (100, 12) : call
				metadata !{float %35}<@ 0x7fa183602b00>
				i64 0<@ 0x7fa183502750>
				metadata <badref><@ 0x7fa18362b830>
				llvm.dbg.value<@ 0x7fa1835029c0>
			Instruction <@ 0x7fa183602c98> : (130, 5) : fpext
				float %21<@ 0x7fa183601630>
			Instruction <@ 0x7fa183602d70> : (130, 5) : fmul
				double %36<@ 0x7fa183602c98>
				double 0x3FF548CDD6F42943<@ 0x7fa183602cf0>
			Instruction <@ 0x7fa183602de8> : (130, 5) : fptrunc
				double %37<@ 0x7fa183602d70>
			Instruction <@ 0x7fa183602f30> : (100, 22) : call
				metadata !{float %38}<@ 0x7fa183602e50>
				i64 0<@ 0x7fa183502750>
				metadata <badref><@ 0x7fa18362b970>
				llvm.dbg.value<@ 0x7fa1835029c0>
			Instruction <@ 0x7fa183603000> : (131, 5) : fadd
				float %35<@ 0x7fa183602ab0>
				float %38<@ 0x7fa183602de8>
			Instruction <@ 0x7fa183603130> : (100, 12) : call
				metadata !{float %39}<@ 0x7fa183603050>
				i64 0<@ 0x7fa183502750>
				metadata <badref><@ 0x7fa18362b830>
				llvm.dbg.value<@ 0x7fa1835029c0>
			Instruction <@ 0x7fa183603200> : (133, 5) : fadd
				float %24<@ 0x7fa1836019f8>
				float %39<@ 0x7fa183603000>
			Instruction <@ 0x7fa183603330> : (99, 20) : call
				metadata !{float %40}<@ 0x7fa183603250>
				i64 0<@ 0x7fa183502750>
				metadata <badref><@ 0x7fa18362b6f0>
				llvm.dbg.value<@ 0x7fa1835029c0>
			Instruction <@ 0x7fa183603400> : (134, 5) : fmul
				float %12<@ 0x7fa183600338>
				float %40<@ 0x7fa183603200>
			Instruction <@ 0x7fa1836035c0> : (99, 12) : call
				metadata !{float %41}<@ 0x7fa183603450>
				i64 0<@ 0x7fa183502750>
				metadata <badref><@ 0x7fa18362b5b0>
				llvm.dbg.value<@ 0x7fa1835029c0>
			Instruction <@ 0x7fa183603690> : (135, 5) : fsub
				float 1.000000e+00<@ 0x7fa183600900>
				float %41<@ 0x7fa183603400>
			Instruction <@ 0x7fa1836037c0> : (99, 12) : call
				metadata !{float %42}<@ 0x7fa1836036e0>
				i64 0<@ 0x7fa183502750>
				metadata <badref><@ 0x7fa18362b5b0>
				llvm.dbg.value<@ 0x7fa1835029c0>
			Instruction <@ 0x7fa183603960> : (92, 12) : call
				metadata !{float %42}<@ 0x7fa1836036e0>
				i64 0<@ 0x7fa183502750>
				metadata <badref><@ 0x7fa18362a830>
				llvm.dbg.value<@ 0x7fa1835029c0>
			Instruction <@ 0x7fa183603b68> : (139, 9) : br
				sign.0<@ 0x7fa183404d30>
				label %45<@ 0x7fa183603a90>
				label %43<@ 0x7fa183603a00>

		BasicBlock <@ 0x7fa183603a00> : label %43
			Instruction <@ 0x7fa183603bf0> : (140, 9) : fsub
				float 1.000000e+00<@ 0x7fa183600900>
				float %42<@ 0x7fa183603690>
			Instruction <@ 0x7fa183603d10> : (92, 12) : call
				metadata !{float %44}<@ 0x7fa183603c40>
				i64 0<@ 0x7fa183502750>
				metadata <badref><@ 0x7fa18362a830>
				llvm.dbg.value<@ 0x7fa1835029c0>
			Instruction <@ 0x7fa183603dc8> : (141, 5) : br
				label %45<@ 0x7fa183603a90>

		BasicBlock <@ 0x7fa183603a90> : label %45
			Instruction <@ 0x7fa183603e20> : (0, 0) : phi
				float %44<@ 0x7fa183603bf0>
				float %42<@ 0x7fa183603690>
			Instruction <@ 0x7fa183603ee8> : (143, 5) : ret
				OutputX.0<@ 0x7fa183603e20>

	Function <@ 0x7fa1834052c0> : exp : Declaration : NonIntrinsic
		ArgList :
			double %0<@ 0x7fa1836026c0>

	Function <@ 0x7fa183602770> : BlkSchlsEqEuroNoDiv : Definition : NonIntrinsic
		ArgList :
			sptprice<@ 0x7fa183603f80>
			strike<@ 0x7fa183603fc0>
			rate<@ 0x7fa183604000>
			volatility<@ 0x7fa183604040>
			time<@ 0x7fa183604080>
			otype<@ 0x7fa1836040c0>
			timet<@ 0x7fa183604100>

		BasicBlock <@ 0x7fa1836042b0> : label %0
			Instruction <@ 0x7fa183604430> : (150, 36) : call
				metadata !{float %sptprice}<@ 0x7fa183604300>
				i64 0<@ 0x7fa183502750>
				metadata <badref><@ 0x7fa18362c6d0>
				llvm.dbg.value<@ 0x7fa1835029c0>
			Instruction <@ 0x7fa183604630> : (151, 36) : call
				metadata !{float %strike}<@ 0x7fa1836044d0>
				i64 0<@ 0x7fa183502750>
				metadata <badref><@ 0x7fa18362ac60>
				llvm.dbg.value<@ 0x7fa1835029c0>
			Instruction <@ 0x7fa183604830> : (151, 51) : call
				metadata !{float %rate}<@ 0x7fa1836046d0>
				i64 0<@ 0x7fa183502750>
				metadata <badref><@ 0x7fa18362cb20>
				llvm.dbg.value<@ 0x7fa1835029c0>
			Instruction <@ 0x7fa183604a30> : (151, 64) : call
				metadata !{float %volatility}<@ 0x7fa1836048d0>
				i64 0<@ 0x7fa183502750>
				metadata <badref><@ 0x7fa18362cc60>
				llvm.dbg.value<@ 0x7fa1835029c0>
			Instruction <@ 0x7fa183604c30> : (152, 36) : call
				metadata !{float %time}<@ 0x7fa183604ad0>
				i64 0<@ 0x7fa183502750>
				metadata <badref><@ 0x7fa18362cda0>
				llvm.dbg.value<@ 0x7fa1835029c0>
			Instruction <@ 0x7fa183604e30> : (152, 46) : call
				metadata !{i32 %otype}<@ 0x7fa183604cd0>
				i64 0<@ 0x7fa183502750>
				metadata <badref><@ 0x7fa18362cee0>
				llvm.dbg.value<@ 0x7fa1835029c0>
			Instruction <@ 0x7fa183605030> : (152, 59) : call
				metadata !{float %timet}<@ 0x7fa183604ed0>
				i64 0<@ 0x7fa183502750>
				metadata <badref><@ 0x7fa18362d020>
				llvm.dbg.value<@ 0x7fa1835029c0>
			Instruction <@ 0x7fa1836051d0> : (157, 12) : call
				metadata !{float %sptprice}<@ 0x7fa183604300>
				i64 0<@ 0x7fa183502750>
				metadata <badref><@ 0x7fa18362d2a0>
				llvm.dbg.value<@ 0x7fa1835029c0>
			Instruction <@ 0x7fa183605370> : (158, 12) : call
				metadata !{float %strike}<@ 0x7fa1836044d0>
				i64 0<@ 0x7fa183502750>
				metadata <badref><@ 0x7fa18362d3e0>
				llvm.dbg.value<@ 0x7fa1835029c0>
			Instruction <@ 0x7fa183605510> : (159, 12) : call
				metadata !{float %rate}<@ 0x7fa1836046d0>
				i64 0<@ 0x7fa183502750>
				metadata <badref><@ 0x7fa18362d520>
				llvm.dbg.value<@ 0x7fa1835029c0>
			Instruction <@ 0x7fa1836056b0> : (160, 12) : call
				metadata !{float %volatility}<@ 0x7fa1836048d0>
				i64 0<@ 0x7fa183502750>
				metadata <badref><@ 0x7fa18362d660>
				llvm.dbg.value<@ 0x7fa1835029c0>
			Instruction <@ 0x7fa183605850> : (161, 12) : call
				metadata !{float %time}<@ 0x7fa183604ad0>
				i64 0<@ 0x7fa183502750>
				metadata <badref><@ 0x7fa18362d7a0>
				llvm.dbg.value<@ 0x7fa1835029c0>
			Instruction <@ 0x7fa183605a50> : (184, 17) : call
				time<@ 0x7fa183604080>
				sqrtf<@ 0x7fa183605900>
			Instruction <@ 0x7fa183605c80> : (162, 12) : call
				metadata !{float %1}<@ 0x7fa183605b00>
				i64 0<@ 0x7fa183502750>
				metadata <badref><@ 0x7fa18362d8e0>
				llvm.dbg.value<@ 0x7fa1835029c0>
			Instruction <@ 0x7fa183605d50> : (186, 17) : fdiv
				sptprice<@ 0x7fa183603f80>
				strike<@ 0x7fa183603fc0>
			Instruction <@ 0x7fa183605db8> : (186, 17) : fpext
				float %2<@ 0x7fa183605d50>
			Instruction <@ 0x7fa183605fa0> : (186, 17) : call
				double %3<@ 0x7fa183605db8>
				log<@ 0x7fa183605e30>
			Instruction <@ 0x7fa183606098> : (186, 17) : fptrunc
				double %4<@ 0x7fa183605fa0>
			Instruction <@ 0x7fa183606270> : (164, 12) : call
				metadata !{float %5}<@ 0x7fa183606100>
				i64 0<@ 0x7fa183502750>
				metadata <badref><@ 0x7fa18362da20>
				llvm.dbg.value<@ 0x7fa1835029c0>
			Instruction <@ 0x7fa183606410> : (165, 12) : call
				metadata !{float %5}<@ 0x7fa183606100>
				i64 0<@ 0x7fa183502750>
				metadata <badref><@ 0x7fa18362db60>
				llvm.dbg.value<@ 0x7fa1835029c0>
			Instruction <@ 0x7fa1836064e0> : (191, 5) : fmul
				volatility<@ 0x7fa183604040>
				volatility<@ 0x7fa183604040>
			Instruction <@ 0x7fa1836066a0> : (168, 12) : call
				metadata !{float %6}<@ 0x7fa183606530>
				i64 0<@ 0x7fa183502750>
				metadata <badref><@ 0x7fa18362df20>
				llvm.dbg.value<@ 0x7fa1835029c0>
			Instruction <@ 0x7fa1836067c0> : (192, 5) : fmul
				float %6<@ 0x7fa1836064e0>
				float 5.000000e-01<@ 0x7fa183606740>
			Instruction <@ 0x7fa1836068f0> : (168, 12) : call
				metadata !{float %7}<@ 0x7fa183606810>
				i64 0<@ 0x7fa183502750>
				metadata <badref><@ 0x7fa18362df20>
				llvm.dbg.value<@ 0x7fa1835029c0>
			Instruction <@ 0x7fa1836069c0> : (194, 5) : fadd
				float %7<@ 0x7fa1836067c0>
				rate<@ 0x7fa183604000>
			Instruction <@ 0x7fa183606bc0> : (166, 12) : call
				metadata !{float %8}<@ 0x7fa183606a90>
				i64 0<@ 0x7fa183502750>
				metadata <badref><@ 0x7fa18362dca0>
				llvm.dbg.value<@ 0x7fa1835029c0>
			Instruction <@ 0x7fa183606c90> : (195, 5) : fmul
				float %8<@ 0x7fa1836069c0>
				time<@ 0x7fa183604080>
			Instruction <@ 0x7fa183606dc0> : (166, 12) : call
				metadata !{float %9}<@ 0x7fa183606ce0>
				i64 0<@ 0x7fa183502750>
				metadata <badref><@ 0x7fa18362dca0>
				llvm.dbg.value<@ 0x7fa1835029c0>
			Instruction <@ 0x7fa183606e90> : (196, 5) : fadd
				float %9<@ 0x7fa183606c90>
				float %5<@ 0x7fa183606098>
			Instruction <@ 0x7fa183606fc0> : (166, 12) : call
				metadata !{float %10}<@ 0x7fa183606ee0>
				i64 0<@ 0x7fa183502750>
				metadata <badref><@ 0x7fa18362dca0>
				llvm.dbg.value<@ 0x7fa1835029c0>
			Instruction <@ 0x7fa183607090> : (198, 5) : fmul
				float %1<@ 0x7fa183605a50>
				volatility<@ 0x7fa183604040>
			Instruction <@ 0x7fa183607250> : (169, 12) : call
				metadata !{float %11}<@ 0x7fa1836070e0>
				i64 0<@ 0x7fa183502750>
				metadata <badref><@ 0x7fa18362e060>
				llvm.dbg.value<@ 0x7fa1835029c0>
			Instruction <@ 0x7fa183607320> : (199, 5) : fdiv
				float %10<@ 0x7fa183606e90>
				float %11<@ 0x7fa183607090>
			Instruction <@ 0x7fa183607450> : (166, 12) : call
				metadata !{float %12}<@ 0x7fa183607370>
				i64 0<@ 0x7fa183502750>
				metadata <badref><@ 0x7fa18362dca0>
				llvm.dbg.value<@ 0x7fa1835029c0>
			Instruction <@ 0x7fa183607520> : (200, 5) : fsub
				float %12<@ 0x7fa183607320>
				float %11<@ 0x7fa183607090>
			Instruction <@ 0x7fa1836076e0> : (167, 12) : call
				metadata !{float %13}<@ 0x7fa183607570>
				i64 0<@ 0x7fa183502750>
				metadata <badref><@ 0x7fa18362dde0>
				llvm.dbg.value<@ 0x7fa1835029c0>
			Instruction <@ 0x7fa183607880> : (170, 12) : call
				metadata !{float %12}<@ 0x7fa183607370>
				i64 0<@ 0x7fa183502750>
				metadata <badref><@ 0x7fa18362e1a0>
				llvm.dbg.value<@ 0x7fa1835029c0>
			Instruction <@ 0x7fa183607a20> : (171, 12) : call
				metadata !{float %13}<@ 0x7fa183607570>
				i64 0<@ 0x7fa183502750>
				metadata <badref><@ 0x7fa18362e2e0>
				llvm.dbg.value<@ 0x7fa1835029c0>
			Instruction <@ 0x7fa183607bd0> : (88, 22) : call
				metadata !{float %12}<@ 0x7fa183607370>
				i64 0<@ 0x7fa183502750>
				metadata <badref><@ 0x7fa18363fb40>
				llvm.dbg.value<@ 0x7fa1835029c0>
			Instruction <@ 0x7fa183607ca0> : (103, 9) : fcmp
				float %12<@ 0x7fa183607320>
				float 0.000000e+00<@ 0x7fa183404530>
			Instruction <@ 0x7fa183607e58> : (103, 9) : br
				i1 %14<@ 0x7fa183607ca0>
				label %17<@ 0x7fa183607d80>
				label %15<@ 0x7fa183607cf0>

		BasicBlock <@ 0x7fa183607cf0> : label %15
			Instruction <@ 0x7fa183607ee0> : (104, 9) : fsub
				float -0.000000e+00<@ 0x7fa1834047e0>
				float %12<@ 0x7fa183607320>
			Instruction <@ 0x7fa1836080f0> : (88, 22) : call
				metadata !{float %16}<@ 0x7fa183608030>
				i64 0<@ 0x7fa183502750>
				metadata <badref><@ 0x7fa18363fb40>
				llvm.dbg.value<@ 0x7fa1835029c0>
			Instruction <@ 0x7fa183608240> : (90, 9) : call
				metadata <badref><@ 0x7fa18363bd20>
				i64 0<@ 0x7fa183502750>
				metadata <badref><@ 0x7fa18363ffc0>
				llvm.dbg.value<@ 0x7fa1835029c0>
			Instruction <@ 0x7fa1836082f8> : (106, 5) : br
				label %17<@ 0x7fa183607d80>

		BasicBlock <@ 0x7fa183607d80> : label %17
			Instruction <@ 0x7fa183608350> : (205, 14) : phi
				i1 true<@ 0x7fa183404cb0>
				i1 false<@ 0x7fa183404cf0>
			Instruction <@ 0x7fa183608400> : (205, 14) : phi
				float %16<@ 0x7fa183607ee0>
				float %12<@ 0x7fa183607320>
			Instruction <@ 0x7fa183608640> : (93, 12) : call
				metadata !{float %.0.i}<@ 0x7fa1836084e0>
				i64 0<@ 0x7fa183502750>
				metadata <badref><@ 0x7fa183640280>
				llvm.dbg.value<@ 0x7fa1835029c0>
			Instruction <@ 0x7fa183608710> : (112, 17) : fmul
				.0.i<@ 0x7fa183608400>
				float -5.000000e-01<@ 0x7fa1834050c0>
			Instruction <@ 0x7fa183608790> : (112, 17) : fmul
				.0.i<@ 0x7fa183608400>
				float %18<@ 0x7fa183608710>
			Instruction <@ 0x7fa1836087f8> : (112, 17) : fpext
				float %19<@ 0x7fa183608790>
			Instruction <@ 0x7fa1836088a0> : (112, 17) : call
				double %20<@ 0x7fa1836087f8>
				exp<@ 0x7fa1834052c0>
			Instruction <@ 0x7fa183608958> : (112, 17) : fptrunc
				double %21<@ 0x7fa1836088a0>
			Instruction <@ 0x7fa183608b60> : (95, 12) : call
				metadata !{float %22}<@ 0x7fa1836089c0>
				i64 0<@ 0x7fa183502750>
				metadata <badref><@ 0x7fa183640540>
				llvm.dbg.value<@ 0x7fa1835029c0>
			Instruction <@ 0x7fa183608d10> : (94, 12) : call
				metadata !{float %22}<@ 0x7fa1836089c0>
				i64 0<@ 0x7fa183502750>
				metadata <badref><@ 0x7fa183640740>
				llvm.dbg.value<@ 0x7fa1835029c0>
			Instruction <@ 0x7fa183608dc8> : (114, 5) : fpext
				float %22<@ 0x7fa183608958>
			Instruction <@ 0x7fa183608e50> : (114, 5) : fmul
				double %23<@ 0x7fa183608dc8>
				double 0x3FD9884533D43651<@ 0x7fa183600240>
			Instruction <@ 0x7fa183608eb8> : (114, 5) : fptrunc
				double %24<@ 0x7fa183608e50>
			Instruction <@ 0x7fa183609020> : (94, 12) : call
				metadata !{float %25}<@ 0x7fa183608f10>
				i64 0<@ 0x7fa183502750>
				metadata <badref><@ 0x7fa183640740>
				llvm.dbg.value<@ 0x7fa1835029c0>
			Instruction <@ 0x7fa1836090d8> : (116, 5) : fpext
				.0.i<@ 0x7fa183608400>
			Instruction <@ 0x7fa183609160> : (116, 5) : fmul
				double %26<@ 0x7fa1836090d8>
				double 2.316419e-01<@ 0x7fa183600590>
			Instruction <@ 0x7fa1836091c8> : (116, 5) : fptrunc
				double %27<@ 0x7fa183609160>
			Instruction <@ 0x7fa1836093c0> : (96, 12) : call
				metadata !{float %28}<@ 0x7fa183609220>
				i64 0<@ 0x7fa183502750>
				metadata <badref><@ 0x7fa183640ac0>
				llvm.dbg.value<@ 0x7fa1835029c0>
			Instruction <@ 0x7fa183609490> : (117, 5) : fadd
				float %28<@ 0x7fa1836091c8>
				float 1.000000e+00<@ 0x7fa183600900>
			Instruction <@ 0x7fa1836095d0> : (96, 12) : call
				metadata !{float %29}<@ 0x7fa1836094e0>
				i64 0<@ 0x7fa183502750>
				metadata <badref><@ 0x7fa183640ac0>
				llvm.dbg.value<@ 0x7fa1835029c0>
			Instruction <@ 0x7fa1836096a0> : (118, 5) : fdiv
				float 1.000000e+00<@ 0x7fa183600900>
				float %29<@ 0x7fa183609490>
			Instruction <@ 0x7fa1836097e0> : (96, 12) : call
				metadata !{float %30}<@ 0x7fa1836096f0>
				i64 0<@ 0x7fa183502750>
				metadata <badref><@ 0x7fa183640ac0>
				llvm.dbg.value<@ 0x7fa1835029c0>
			Instruction <@ 0x7fa1836098b0> : (119, 5) : fmul
				float %30<@ 0x7fa1836096a0>
				float %30<@ 0x7fa1836096a0>
			Instruction <@ 0x7fa183609a80> : (97, 12) : call
				metadata !{float %31}<@ 0x7fa183609900>
				i64 0<@ 0x7fa183502750>
				metadata <badref><@ 0x7fa183640f00>
				llvm.dbg.value<@ 0x7fa1835029c0>
			Instruction <@ 0x7fa183609b50> : (120, 5) : fmul
				float %30<@ 0x7fa1836096a0>
				float %31<@ 0x7fa1836098b0>
			Instruction <@ 0x7fa183609e20> : (97, 19) : call
				metadata !{float %32}<@ 0x7fa183607f30>
				i64 0<@ 0x7fa183502750>
				metadata <badref><@ 0x7fa1836411c0>
				llvm.dbg.value<@ 0x7fa1835029c0>
			Instruction <@ 0x7fa183609ef0> : (121, 5) : fmul
				float %30<@ 0x7fa1836096a0>
				float %32<@ 0x7fa183609b50>
			Instruction <@ 0x7fa18360a0c0> : (98, 12) : call
				metadata !{float %33}<@ 0x7fa183609f40>
				i64 0<@ 0x7fa183502750>
				metadata <badref><@ 0x7fa183641480>
				llvm.dbg.value<@ 0x7fa1835029c0>
			Instruction <@ 0x7fa18360a190> : (122, 5) : fmul
				float %30<@ 0x7fa1836096a0>
				float %33<@ 0x7fa183609ef0>
			Instruction <@ 0x7fa18360a360> : (98, 19) : call
				metadata !{float %34}<@ 0x7fa18360a1e0>
				i64 0<@ 0x7fa183502750>
				metadata <badref><@ 0x7fa183641740>
				llvm.dbg.value<@ 0x7fa1835029c0>
			Instruction <@ 0x7fa18360a418> : (124, 5) : fpext
				float %30<@ 0x7fa1836096a0>
			Instruction <@ 0x7fa18360a4a0> : (124, 5) : fmul
				double %35<@ 0x7fa18360a418>
				double 0x3FD470BF3A92F8EC<@ 0x7fa183601900>
			Instruction <@ 0x7fa18360a508> : (124, 5) : fptrunc
				double %36<@ 0x7fa18360a4a0>
			Instruction <@ 0x7fa18360a700> : (99, 20) : call
				metadata !{float %37}<@ 0x7fa18360a560>
				i64 0<@ 0x7fa183502750>
				metadata <badref><@ 0x7fa183641a00>
				llvm.dbg.value<@ 0x7fa1835029c0>
			Instruction <@ 0x7fa18360a7b8> : (125, 5) : fpext
				float %31<@ 0x7fa1836098b0>
			Instruction <@ 0x7fa18360a840> : (125, 5) : fmul
				double %38<@ 0x7fa18360a7b8>
				double 0xBFD6D1F0E5A8325B<@ 0x7fa183601ce0>
			Instruction <@ 0x7fa18360a8a8> : (125, 5) : fptrunc
				double %39<@ 0x7fa18360a840>
			Instruction <@ 0x7fa18360aaa0> : (100, 12) : call
				metadata !{float %40}<@ 0x7fa18360a900>
				i64 0<@ 0x7fa183502750>
				metadata <badref><@ 0x7fa183641cc0>
				llvm.dbg.value<@ 0x7fa1835029c0>
			Instruction <@ 0x7fa18360ab58> : (126, 5) : fpext
				float %32<@ 0x7fa183609b50>
			Instruction <@ 0x7fa18360abe0> : (126, 5) : fmul
				double %41<@ 0x7fa18360ab58>
				double 0x3FFC80EF025F5E68<@ 0x7fa1836020c0>
			Instruction <@ 0x7fa18360ac48> : (126, 5) : fptrunc
				double %42<@ 0x7fa18360abe0>
			Instruction <@ 0x7fa18360ae40> : (100, 22) : call
				metadata !{float %43}<@ 0x7fa18360aca0>
				i64 0<@ 0x7fa183502750>
				metadata <badref><@ 0x7fa183641f80>
				llvm.dbg.value<@ 0x7fa1835029c0>
			Instruction <@ 0x7fa18360af10> : (127, 5) : fadd
				float %40<@ 0x7fa18360a8a8>
				float %43<@ 0x7fa18360ac48>
			Instruction <@ 0x7fa18360b050> : (100, 12) : call
				metadata !{float %44}<@ 0x7fa18360af60>
				i64 0<@ 0x7fa183502750>
				metadata <badref><@ 0x7fa183641cc0>
				llvm.dbg.value<@ 0x7fa1835029c0>
			Instruction <@ 0x7fa18360b108> : (128, 5) : fpext
				float %33<@ 0x7fa183609ef0>
			Instruction <@ 0x7fa18360b190> : (128, 5) : fmul
				double %45<@ 0x7fa18360b108>
				double 0xBFFD23DD4EF278D0<@ 0x7fa1836009d0>
			Instruction <@ 0x7fa18360b1f8> : (128, 5) : fptrunc
				double %46<@ 0x7fa18360b190>
			Instruction <@ 0x7fa18360b360> : (100, 22) : call
				metadata !{float %47}<@ 0x7fa18360b250>
				i64 0<@ 0x7fa183502750>
				metadata <badref><@ 0x7fa183641f80>
				llvm.dbg.value<@ 0x7fa1835029c0>
			Instruction <@ 0x7fa18360b430> : (129, 5) : fadd
				float %44<@ 0x7fa18360af10>
				float %47<@ 0x7fa18360b1f8>
			Instruction <@ 0x7fa18360b570> : (100, 12) : call
				metadata !{float %48}<@ 0x7fa18360b480>
				i64 0<@ 0x7fa183502750>
				metadata <badref><@ 0x7fa183641cc0>
				llvm.dbg.value<@ 0x7fa1835029c0>
			Instruction <@ 0x7fa18360b628> : (130, 5) : fpext
				float %34<@ 0x7fa18360a190>
			Instruction <@ 0x7fa18360b6b0> : (130, 5) : fmul
				double %49<@ 0x7fa18360b628>
				double 0x3FF548CDD6F42943<@ 0x7fa183602cf0>
			Instruction <@ 0x7fa18360b718> : (130, 5) : fptrunc
				double %50<@ 0x7fa18360b6b0>
			Instruction <@ 0x7fa18360b880> : (100, 22) : call
				metadata !{float %51}<@ 0x7fa18360b770>
				i64 0<@ 0x7fa183502750>
				metadata <badref><@ 0x7fa183641f80>
				llvm.dbg.value<@ 0x7fa1835029c0>
			Instruction <@ 0x7fa18360b950> : (131, 5) : fadd
				float %48<@ 0x7fa18360b430>
				float %51<@ 0x7fa18360b718>
			Instruction <@ 0x7fa18360ba90> : (100, 12) : call
				metadata !{float %52}<@ 0x7fa18360b9a0>
				i64 0<@ 0x7fa183502750>
				metadata <badref><@ 0x7fa183641cc0>
				llvm.dbg.value<@ 0x7fa1835029c0>
			Instruction <@ 0x7fa18360bb60> : (133, 5) : fadd
				float %37<@ 0x7fa18360a508>
				float %52<@ 0x7fa18360b950>
			Instruction <@ 0x7fa18360bca0> : (99, 20) : call
				metadata !{float %53}<@ 0x7fa18360bbb0>
				i64 0<@ 0x7fa183502750>
				metadata <badref><@ 0x7fa183641a00>
				llvm.dbg.value<@ 0x7fa1835029c0>
			Instruction <@ 0x7fa18360bd70> : (134, 5) : fmul
				float %25<@ 0x7fa183608eb8>
				float %53<@ 0x7fa18360bb60>
			Instruction <@ 0x7fa18360bf40> : (99, 12) : call
				metadata !{float %54}<@ 0x7fa18360bdc0>
				i64 0<@ 0x7fa183502750>
				metadata <badref><@ 0x7fa1836426c0>
				llvm.dbg.value<@ 0x7fa1835029c0>
			Instruction <@ 0x7fa18360c010> : (135, 5) : fsub
				float 1.000000e+00<@ 0x7fa183600900>
				float %54<@ 0x7fa18360bd70>
			Instruction <@ 0x7fa18360c150> : (99, 12) : call
				metadata !{float %55}<@ 0x7fa18360c060>
				i64 0<@ 0x7fa183502750>
				metadata <badref><@ 0x7fa1836426c0>
				llvm.dbg.value<@ 0x7fa1835029c0>
			Instruction <@ 0x7fa18360c300> : (92, 12) : call
				metadata !{float %55}<@ 0x7fa18360c060>
				i64 0<@ 0x7fa183502750>
				metadata <badref><@ 0x7fa183642980>
				llvm.dbg.value<@ 0x7fa1835029c0>
			Instruction <@ 0x7fa18360c518> : (139, 9) : br
				sign.0.i<@ 0x7fa183608350>
				CNDF.exit<@ 0x7fa18360c430>
				label %56<@ 0x7fa18360c3a0>

		BasicBlock <@ 0x7fa18360c3a0> : label %56
			Instruction <@ 0x7fa18360c5a0> : (140, 9) : fsub
				float 1.000000e+00<@ 0x7fa183600900>
				float %55<@ 0x7fa18360c010>
			Instruction <@ 0x7fa18360c6f0> : (92, 12) : call
				metadata !{float %57}<@ 0x7fa18360c600>
				i64 0<@ 0x7fa183502750>
				metadata <badref><@ 0x7fa183642980>
				llvm.dbg.value<@ 0x7fa1835029c0>
			Instruction <@ 0x7fa18360c7a8> : (141, 5) : br
				CNDF.exit<@ 0x7fa18360c430>

		BasicBlock <@ 0x7fa18360c430> : CNDF.exit
			Instruction <@ 0x7fa18360c800> : (205, 14) : phi
				float %57<@ 0x7fa18360c5a0>
				float %55<@ 0x7fa18360c010>
			Instruction <@ 0x7fa18360c9e0> : (173, 12) : call
				metadata !{float %OutputX.0.i}<@ 0x7fa18360c860>
				i64 0<@ 0x7fa183502750>
				metadata <badref><@ 0x7fa18362e560>
				llvm.dbg.value<@ 0x7fa1835029c0>
			Instruction <@ 0x7fa18360cb90> : (88, 22) : call
				metadata !{float %13}<@ 0x7fa183607570>
				i64 0<@ 0x7fa183502750>
				metadata <badref><@ 0x7fa183642e80>
				llvm.dbg.value<@ 0x7fa1835029c0>
			Instruction <@ 0x7fa18360cc60> : (103, 9) : fcmp
				float %13<@ 0x7fa183607520>
				float 0.000000e+00<@ 0x7fa183404530>
			Instruction <@ 0x7fa18360ce18> : (103, 9) : br
				i1 %58<@ 0x7fa18360cc60>
				label %61<@ 0x7fa18360cd40>
				label %59<@ 0x7fa18360ccb0>

		BasicBlock <@ 0x7fa18360ccb0> : label %59
			Instruction <@ 0x7fa18360cea0> : (104, 9) : fsub
				float -0.000000e+00<@ 0x7fa1834047e0>
				float %13<@ 0x7fa183607520>
			Instruction <@ 0x7fa18360cfe0> : (88, 22) : call
				metadata !{float %60}<@ 0x7fa18360cef0>
				i64 0<@ 0x7fa183502750>
				metadata <badref><@ 0x7fa183642e80>
				llvm.dbg.value<@ 0x7fa1835029c0>
			Instruction <@ 0x7fa18360d170> : (90, 9) : call
				metadata <badref><@ 0x7fa18363bd20>
				i64 0<@ 0x7fa183502750>
				metadata <badref><@ 0x7fa1836432c0>
				llvm.dbg.value<@ 0x7fa1835029c0>
			Instruction <@ 0x7fa18360d228> : (106, 5) : br
				label %61<@ 0x7fa18360cd40>

		BasicBlock <@ 0x7fa18360cd40> : label %61
			Instruction <@ 0x7fa18360d280> : (206, 14) : phi
				i1 true<@ 0x7fa183404cb0>
				i1 false<@ 0x7fa183404cf0>
			Instruction <@ 0x7fa18360d350> : (206, 14) : phi
				float %60<@ 0x7fa18360cea0>
				float %13<@ 0x7fa183607520>
			Instruction <@ 0x7fa18360d6f0> : (93, 12) : call
				metadata !{float %.0.i2}<@ 0x7fa18360d5b0>
				i64 0<@ 0x7fa183502750>
				metadata <badref><@ 0x7fa183643580>
				llvm.dbg.value<@ 0x7fa1835029c0>
			Instruction <@ 0x7fa18360d780> : (112, 17) : fmul
				.0.i2<@ 0x7fa18360d350>
				float -5.000000e-01<@ 0x7fa1834050c0>
			Instruction <@ 0x7fa18360d800> : (112, 17) : fmul
				.0.i2<@ 0x7fa18360d350>
				float %62<@ 0x7fa18360d780>
			Instruction <@ 0x7fa1836041b8> : (112, 17) : fpext
				float %63<@ 0x7fa18360d800>
			Instruction <@ 0x7fa183609bf0> : (112, 17) : call
				double %64<@ 0x7fa1836041b8>
				exp<@ 0x7fa1834052c0>
			Instruction <@ 0x7fa183609ca8> : (112, 17) : fptrunc
				double %65<@ 0x7fa183609bf0>
			Instruction <@ 0x7fa18360d960> : (95, 12) : call
				metadata !{float %66}<@ 0x7fa183609d10>
				i64 0<@ 0x7fa183502750>
				metadata <badref><@ 0x7fa183643840>
				llvm.dbg.value<@ 0x7fa1835029c0>
			Instruction <@ 0x7fa18360db10> : (94, 12) : call
				metadata !{float %66}<@ 0x7fa183609d10>
				i64 0<@ 0x7fa183502750>
				metadata <badref><@ 0x7fa183643a40>
				llvm.dbg.value<@ 0x7fa1835029c0>
			Instruction <@ 0x7fa18360dbc8> : (114, 5) : fpext
				float %66<@ 0x7fa183609ca8>
			Instruction <@ 0x7fa18360dc50> : (114, 5) : fmul
				double %67<@ 0x7fa18360dbc8>
				double 0x3FD9884533D43651<@ 0x7fa183600240>
			Instruction <@ 0x7fa18360dcb8> : (114, 5) : fptrunc
				double %68<@ 0x7fa18360dc50>
			Instruction <@ 0x7fa18360de20> : (94, 12) : call
				metadata !{float %69}<@ 0x7fa18360dd10>
				i64 0<@ 0x7fa183502750>
				metadata <badref><@ 0x7fa183643a40>
				llvm.dbg.value<@ 0x7fa1835029c0>
			Instruction <@ 0x7fa18360ded8> : (116, 5) : fpext
				.0.i2<@ 0x7fa18360d350>
			Instruction <@ 0x7fa18360df60> : (116, 5) : fmul
				double %70<@ 0x7fa18360ded8>
				double 2.316419e-01<@ 0x7fa183600590>
			Instruction <@ 0x7fa18360dfc8> : (116, 5) : fptrunc
				double %71<@ 0x7fa18360df60>
			Instruction <@ 0x7fa18360e1c0> : (96, 12) : call
				metadata !{float %72}<@ 0x7fa18360e020>
				i64 0<@ 0x7fa183502750>
				metadata <badref><@ 0x7fa183643dc0>
				llvm.dbg.value<@ 0x7fa1835029c0>
			Instruction <@ 0x7fa18360e290> : (117, 5) : fadd
				float %72<@ 0x7fa18360dfc8>
				float 1.000000e+00<@ 0x7fa183600900>
			Instruction <@ 0x7fa18360e3d0> : (96, 12) : call
				metadata !{float %73}<@ 0x7fa18360e2e0>
				i64 0<@ 0x7fa183502750>
				metadata <badref><@ 0x7fa183643dc0>
				llvm.dbg.value<@ 0x7fa1835029c0>
			Instruction <@ 0x7fa18360e4a0> : (118, 5) : fdiv
				float 1.000000e+00<@ 0x7fa183600900>
				float %73<@ 0x7fa18360e290>
			Instruction <@ 0x7fa18360e5e0> : (96, 12) : call
				metadata !{float %74}<@ 0x7fa18360e4f0>
				i64 0<@ 0x7fa183502750>
				metadata <badref><@ 0x7fa183643dc0>
				llvm.dbg.value<@ 0x7fa1835029c0>
			Instruction <@ 0x7fa18360e6b0> : (119, 5) : fmul
				float %74<@ 0x7fa18360e4a0>
				float %74<@ 0x7fa18360e4a0>
			Instruction <@ 0x7fa18360e880> : (97, 12) : call
				metadata !{float %75}<@ 0x7fa18360e700>
				i64 0<@ 0x7fa183502750>
				metadata <badref><@ 0x7fa183644200>
				llvm.dbg.value<@ 0x7fa1835029c0>
			Instruction <@ 0x7fa18360e950> : (120, 5) : fmul
				float %74<@ 0x7fa18360e4a0>
				float %75<@ 0x7fa18360e6b0>
			Instruction <@ 0x7fa18360eb20> : (97, 19) : call
				metadata !{float %76}<@ 0x7fa18360e9a0>
				i64 0<@ 0x7fa183502750>
				metadata <badref><@ 0x7fa1836444c0>
				llvm.dbg.value<@ 0x7fa1835029c0>
			Instruction <@ 0x7fa18360ebf0> : (121, 5) : fmul
				float %74<@ 0x7fa18360e4a0>
				float %76<@ 0x7fa18360e950>
			Instruction <@ 0x7fa18360edc0> : (98, 12) : call
				metadata !{float %77}<@ 0x7fa18360ec40>
				i64 0<@ 0x7fa183502750>
				metadata <badref><@ 0x7fa183644780>
				llvm.dbg.value<@ 0x7fa1835029c0>
			Instruction <@ 0x7fa18360ee90> : (122, 5) : fmul
				float %74<@ 0x7fa18360e4a0>
				float %77<@ 0x7fa18360ebf0>
			Instruction <@ 0x7fa18360f060> : (98, 19) : call
				metadata !{float %78}<@ 0x7fa18360eee0>
				i64 0<@ 0x7fa183502750>
				metadata <badref><@ 0x7fa183644a40>
				llvm.dbg.value<@ 0x7fa1835029c0>
			Instruction <@ 0x7fa18360f118> : (124, 5) : fpext
				float %74<@ 0x7fa18360e4a0>
			Instruction <@ 0x7fa18360f1a0> : (124, 5) : fmul
				double %79<@ 0x7fa18360f118>
				double 0x3FD470BF3A92F8EC<@ 0x7fa183601900>
			Instruction <@ 0x7fa18360f208> : (124, 5) : fptrunc
				double %80<@ 0x7fa18360f1a0>
			Instruction <@ 0x7fa18360f400> : (99, 20) : call
				metadata !{float %81}<@ 0x7fa18360f260>
				i64 0<@ 0x7fa183502750>
				metadata <badref><@ 0x7fa183644d00>
				llvm.dbg.value<@ 0x7fa1835029c0>
			Instruction <@ 0x7fa18360f4b8> : (125, 5) : fpext
				float %75<@ 0x7fa18360e6b0>
			Instruction <@ 0x7fa18360f540> : (125, 5) : fmul
				double %82<@ 0x7fa18360f4b8>
				double 0xBFD6D1F0E5A8325B<@ 0x7fa183601ce0>
			Instruction <@ 0x7fa18360f5a8> : (125, 5) : fptrunc
				double %83<@ 0x7fa18360f540>
			Instruction <@ 0x7fa18360f7a0> : (100, 12) : call
				metadata !{float %84}<@ 0x7fa18360f600>
				i64 0<@ 0x7fa183502750>
				metadata <badref><@ 0x7fa183644fc0>
				llvm.dbg.value<@ 0x7fa1835029c0>
			Instruction <@ 0x7fa18360f858> : (126, 5) : fpext
				float %76<@ 0x7fa18360e950>
			Instruction <@ 0x7fa18360f8e0> : (126, 5) : fmul
				double %85<@ 0x7fa18360f858>
				double 0x3FFC80EF025F5E68<@ 0x7fa1836020c0>
			Instruction <@ 0x7fa18360f948> : (126, 5) : fptrunc
				double %86<@ 0x7fa18360f8e0>
			Instruction <@ 0x7fa18360fb40> : (100, 22) : call
				metadata !{float %87}<@ 0x7fa18360f9a0>
				i64 0<@ 0x7fa183502750>
				metadata <badref><@ 0x7fa183645280>
				llvm.dbg.value<@ 0x7fa1835029c0>
			Instruction <@ 0x7fa18360fc10> : (127, 5) : fadd
				float %84<@ 0x7fa18360f5a8>
				float %87<@ 0x7fa18360f948>
			Instruction <@ 0x7fa18360fd50> : (100, 12) : call
				metadata !{float %88}<@ 0x7fa18360fc60>
				i64 0<@ 0x7fa183502750>
				metadata <badref><@ 0x7fa183644fc0>
				llvm.dbg.value<@ 0x7fa1835029c0>
			Instruction <@ 0x7fa18360fe08> : (128, 5) : fpext
				float %77<@ 0x7fa18360ebf0>
			Instruction <@ 0x7fa18360fe90> : (128, 5) : fmul
				double %89<@ 0x7fa18360fe08>
				double 0xBFFD23DD4EF278D0<@ 0x7fa1836009d0>
			Instruction <@ 0x7fa18360fef8> : (128, 5) : fptrunc
				double %90<@ 0x7fa18360fe90>
			Instruction <@ 0x7fa183610060> : (100, 22) : call
				metadata !{float %91}<@ 0x7fa18360ff50>
				i64 0<@ 0x7fa183502750>
				metadata <badref><@ 0x7fa183645280>
				llvm.dbg.value<@ 0x7fa1835029c0>
			Instruction <@ 0x7fa183610130> : (129, 5) : fadd
				float %88<@ 0x7fa18360fc10>
				float %91<@ 0x7fa18360fef8>
			Instruction <@ 0x7fa183610270> : (100, 12) : call
				metadata !{float %92}<@ 0x7fa183610180>
				i64 0<@ 0x7fa183502750>
				metadata <badref><@ 0x7fa183644fc0>
				llvm.dbg.value<@ 0x7fa1835029c0>
			Instruction <@ 0x7fa183610328> : (130, 5) : fpext
				float %78<@ 0x7fa18360ee90>
			Instruction <@ 0x7fa1836103b0> : (130, 5) : fmul
				double %93<@ 0x7fa183610328>
				double 0x3FF548CDD6F42943<@ 0x7fa183602cf0>
			Instruction <@ 0x7fa183610418> : (130, 5) : fptrunc
				double %94<@ 0x7fa1836103b0>
			Instruction <@ 0x7fa183610580> : (100, 22) : call
				metadata !{float %95}<@ 0x7fa183610470>
				i64 0<@ 0x7fa183502750>
				metadata <badref><@ 0x7fa183645280>
				llvm.dbg.value<@ 0x7fa1835029c0>
			Instruction <@ 0x7fa183610650> : (131, 5) : fadd
				float %92<@ 0x7fa183610130>
				float %95<@ 0x7fa183610418>
			Instruction <@ 0x7fa183610790> : (100, 12) : call
				metadata !{float %96}<@ 0x7fa1836106a0>
				i64 0<@ 0x7fa183502750>
				metadata <badref><@ 0x7fa183644fc0>
				llvm.dbg.value<@ 0x7fa1835029c0>
			Instruction <@ 0x7fa183610860> : (133, 5) : fadd
				float %81<@ 0x7fa18360f208>
				float %96<@ 0x7fa183610650>
			Instruction <@ 0x7fa1836109a0> : (99, 20) : call
				metadata !{float %97}<@ 0x7fa1836108b0>
				i64 0<@ 0x7fa183502750>
				metadata <badref><@ 0x7fa183644d00>
				llvm.dbg.value<@ 0x7fa1835029c0>
			Instruction <@ 0x7fa183610a70> : (134, 5) : fmul
				float %69<@ 0x7fa18360dcb8>
				float %97<@ 0x7fa183610860>
			Instruction <@ 0x7fa183610c40> : (99, 12) : call
				metadata !{float %98}<@ 0x7fa183610ac0>
				i64 0<@ 0x7fa183502750>
				metadata <badref><@ 0x7fa1836459c0>
				llvm.dbg.value<@ 0x7fa1835029c0>
			Instruction <@ 0x7fa183610d10> : (135, 5) : fsub
				float 1.000000e+00<@ 0x7fa183600900>
				float %98<@ 0x7fa183610a70>
			Instruction <@ 0x7fa183610e50> : (99, 12) : call
				metadata !{float %99}<@ 0x7fa183610d60>
				i64 0<@ 0x7fa183502750>
				metadata <badref><@ 0x7fa1836459c0>
				llvm.dbg.value<@ 0x7fa1835029c0>
			Instruction <@ 0x7fa183611000> : (92, 12) : call
				metadata !{float %99}<@ 0x7fa183610d60>
				i64 0<@ 0x7fa183502750>
				metadata <badref><@ 0x7fa183645c80>
				llvm.dbg.value<@ 0x7fa1835029c0>
			Instruction <@ 0x7fa183611218> : (139, 9) : br
				sign.0.i1<@ 0x7fa18360d280>
				CNDF.exit4<@ 0x7fa183611130>
				label %100<@ 0x7fa1836110a0>

		BasicBlock <@ 0x7fa1836110a0> : label %100
			Instruction <@ 0x7fa1836112a0> : (140, 9) : fsub
				float 1.000000e+00<@ 0x7fa183600900>
				float %99<@ 0x7fa183610d10>
			Instruction <@ 0x7fa1836113f0> : (92, 12) : call
				metadata !{float %101}<@ 0x7fa183611300>
				i64 0<@ 0x7fa183502750>
				metadata <badref><@ 0x7fa183645c80>
				llvm.dbg.value<@ 0x7fa1835029c0>
			Instruction <@ 0x7fa1836114a8> : (141, 5) : br
				CNDF.exit4<@ 0x7fa183611130>

		BasicBlock <@ 0x7fa183611130> : CNDF.exit4
			Instruction <@ 0x7fa183611500> : (206, 14) : phi
				float %101<@ 0x7fa1836112a0>
				float %99<@ 0x7fa183610d10>
			Instruction <@ 0x7fa1836116e0> : (174, 12) : call
				metadata !{float %OutputX.0.i3}<@ 0x7fa183611560>
				i64 0<@ 0x7fa183502750>
				metadata <badref><@ 0x7fa18362e6a0>
				llvm.dbg.value<@ 0x7fa1835029c0>
			Instruction <@ 0x7fa183611798> : (208, 5) : fpext
				strike<@ 0x7fa183603fc0>
			Instruction <@ 0x7fa183611820> : (208, 31) : fmul
				rate<@ 0x7fa183604000>
				time<@ 0x7fa183604080>
			Instruction <@ 0x7fa1836118b0> : (208, 31) : fsub
				float -0.000000e+00<@ 0x7fa1834047e0>
				float %103<@ 0x7fa183611820>
			Instruction <@ 0x7fa183611928> : (208, 31) : fpext
				float %104<@ 0x7fa1836118b0>
			Instruction <@ 0x7fa1836119e0> : (208, 31) : call
				double %105<@ 0x7fa183611928>
				exp<@ 0x7fa1834052c0>
			Instruction <@ 0x7fa183611ab0> : (208, 31) : fmul
				double %102<@ 0x7fa183611798>
				double %106<@ 0x7fa1836119e0>
			Instruction <@ 0x7fa183611b18> : (208, 31) : fptrunc
				double %107<@ 0x7fa183611ab0>
			Instruction <@ 0x7fa183611d00> : (172, 12) : call
				metadata !{float %108}<@ 0x7fa183611b70>
				i64 0<@ 0x7fa183502750>
				metadata <badref><@ 0x7fa18362e420>
				llvm.dbg.value<@ 0x7fa1835029c0>
			Instruction <@ 0x7fa183611dd0> : (209, 9) : icmp
				otype<@ 0x7fa1836040c0>
				i32 0<@ 0x7fa183500420>
			Instruction <@ 0x7fa183611f88> : (209, 9) : br
				i1 %109<@ 0x7fa183611dd0>
				label %114<@ 0x7fa183611eb0>
				label %110<@ 0x7fa183611e20>

		BasicBlock <@ 0x7fa183611e20> : label %110
			Instruction <@ 0x7fa183612020> : (210, 9) : fmul
				OutputX.0.i<@ 0x7fa18360c800>
				sptprice<@ 0x7fa183603f80>
			Instruction <@ 0x7fa1836120a0> : (210, 9) : fmul
				OutputX.0.i3<@ 0x7fa183611500>
				float %108<@ 0x7fa183611b18>
			Instruction <@ 0x7fa183612120> : (210, 9) : fsub
				float %111<@ 0x7fa183612020>
				float %112<@ 0x7fa1836120a0>
			Instruction <@ 0x7fa1836122d0> : (154, 12) : call
				metadata !{float %113}<@ 0x7fa183612180>
				i64 0<@ 0x7fa183502750>
				metadata <badref><@ 0x7fa18362d160>
				llvm.dbg.value<@ 0x7fa1835029c0>
			Instruction <@ 0x7fa183612418> : (211, 5) : br
				label %120<@ 0x7fa183612370>

		BasicBlock <@ 0x7fa183611eb0> : label %114
			Instruction <@ 0x7fa1836124a0> : (212, 9) : fsub
				float 1.000000e+00<@ 0x7fa183600900>
				OutputX.0.i<@ 0x7fa18360c800>
			Instruction <@ 0x7fa183612630> : (175, 12) : call
				metadata !{float %115}<@ 0x7fa1836124f0>
				i64 0<@ 0x7fa183502750>
				metadata <badref><@ 0x7fa18362c810>
				llvm.dbg.value<@ 0x7fa1835029c0>
			Instruction <@ 0x7fa183612700> : (213, 9) : fsub
				float 1.000000e+00<@ 0x7fa183600900>
				OutputX.0.i3<@ 0x7fa183611500>
			Instruction <@ 0x7fa1836128c0> : (176, 12) : call
				metadata !{float %116}<@ 0x7fa183612750>
				i64 0<@ 0x7fa183502750>
				metadata <badref><@ 0x7fa18362c950>
				llvm.dbg.value<@ 0x7fa1835029c0>
			Instruction <@ 0x7fa183612990> : (214, 9) : fmul
				float %116<@ 0x7fa183612700>
				float %108<@ 0x7fa183611b18>
			Instruction <@ 0x7fa183612a10> : (214, 9) : fmul
				float %115<@ 0x7fa1836124a0>
				sptprice<@ 0x7fa183603f80>
			Instruction <@ 0x7fa183612aa0> : (214, 9) : fsub
				float %117<@ 0x7fa183612990>
				float %118<@ 0x7fa183612a10>
			Instruction <@ 0x7fa183612be0> : (154, 12) : call
				metadata !{float %119}<@ 0x7fa183612b00>
				i64 0<@ 0x7fa183502750>
				metadata <badref><@ 0x7fa18362d160>
				llvm.dbg.value<@ 0x7fa1835029c0>
			Instruction <@ 0x7fa183612c98> : (0, 0) : br
				label %120<@ 0x7fa183612370>

		BasicBlock <@ 0x7fa183612370> : label %120
			Instruction <@ 0x7fa183612cf0> : (0, 0) : phi
				float %113<@ 0x7fa183612120>
				float %119<@ 0x7fa183612aa0>
			Instruction <@ 0x7fa183612db8> : (217, 5) : ret
				OptionPrice.0<@ 0x7fa183612cf0>

	Function <@ 0x7fa183605e30> : log : Declaration : NonIntrinsic
		ArgList :
			double %0<@ 0x7fa183612e40>

	Function <@ 0x7fa183612ed0> : bs_thread : Definition : NonIntrinsic
		ArgList :
			tid_ptr<@ 0x7fa183613000>

		BasicBlock <@ 0x7fa183613130> : label %0
			Instruction <@ 0x7fa183613300> : (276, 21) : call
				metadata !{i8* %tid_ptr}<@ 0x7fa1836131c0>
				i64 0<@ 0x7fa183502750>
				metadata <badref><@ 0x7fa18362ef80>
				llvm.dbg.value<@ 0x7fa1835029c0>
			Instruction <@ 0x7fa1836133b8> : (281, 5) : bitcast
				tid_ptr<@ 0x7fa183613000>
			Instruction <@ 0x7fa183613438> : (281, 5) : load
				i32* %1<@ 0x7fa1836133b8>
			Instruction <@ 0x7fa183613620> : (281, 9) : call
				metadata !{i32 %2}<@ 0x7fa1836134b0>
				i64 0<@ 0x7fa183502750>
				metadata <badref><@ 0x7fa18362f5c0>
				llvm.dbg.value<@ 0x7fa1835029c0>
			Instruction <@ 0x7fa1836136d8> : (282, 5) : load
				numOptions<@ 0x7fa183500498>
			Instruction <@ 0x7fa183613748> : (282, 5) : load
				nThreads<@ 0x7fa183500628>
			Instruction <@ 0x7fa183613830> : (282, 5) : sdiv
				i32 %3<@ 0x7fa1836136d8>
				i32 %4<@ 0x7fa183613748>
			Instruction <@ 0x7fa1836138b0> : (282, 5) : mul
				i32 %5<@ 0x7fa183613830>
				i32 %2<@ 0x7fa183613438>
			Instruction <@ 0x7fa183613a80> : (282, 9) : call
				metadata !{i32 %6}<@ 0x7fa183613910>
				i64 0<@ 0x7fa183502750>
				metadata <badref><@ 0x7fa18362f700>
				llvm.dbg.value<@ 0x7fa1835029c0>
			Instruction <@ 0x7fa183613b50> : (283, 5) : add
				i32 %6<@ 0x7fa1836138b0>
				i32 %5<@ 0x7fa183613830>
			Instruction <@ 0x7fa183613d10> : (283, 9) : call
				metadata !{i32 %7}<@ 0x7fa183613ba0>
				i64 0<@ 0x7fa183502750>
				metadata <badref><@ 0x7fa18362f840>
				llvm.dbg.value<@ 0x7fa1835029c0>
			Instruction <@ 0x7fa183613f40> : (278, 12) : call
				metadata <badref><@ 0x7fa183610b50>
				i64 0<@ 0x7fa183502750>
				metadata <badref><@ 0x7fa18362f200>
				llvm.dbg.value<@ 0x7fa1835029c0>
			Instruction <@ 0x7fa183614010> : (290, 14) : icmp
				i32 %5<@ 0x7fa183613830>
				i32 0<@ 0x7fa183500420>
			Instruction <@ 0x7fa1836140f8> : (295, 21) : load
				sptprice<@ 0x7fa183500708>
			Instruction <@ 0x7fa183614188> : (295, 21) : load
				strike<@ 0x7fa1835007b8>
			Instruction <@ 0x7fa1836141f8> : (295, 21) : load
				rate<@ 0x7fa183500868>
			Instruction <@ 0x7fa183614268> : (295, 21) : load
				volatility<@ 0x7fa183500918>
			Instruction <@ 0x7fa1836142f8> : (295, 21) : load
				otime<@ 0x7fa1835009c8>
			Instruction <@ 0x7fa183614388> : (295, 21) : load
				otype<@ 0x7fa183500aa8>
			Instruction <@ 0x7fa183614418> : (298, 13) : load
				prices<@ 0x7fa183500b58>
			Instruction <@ 0x7fa183614668> : (0, 0) : br
				i1 %8<@ 0x7fa183614010>
				vector.body.preheader<@ 0x7fa183614550>
				.split.us<@ 0x7fa183614490>

		BasicBlock <@ 0x7fa183614550> : vector.body.preheader
			Instruction <@ 0x7fa183614728> : (285, 27) : br
				vector.body<@ 0x7fa1836145d0>

		BasicBlock <@ 0x7fa1836145d0> : vector.body
			Instruction <@ 0x7fa183614818> : (0, 0) : br
				.us-lcssa.us<@ 0x7fa1836146c0>

		BasicBlock <@ 0x7fa183614490> : .split.us
			Instruction <@ 0x7fa183614888> : (0, 0) : sext
				i32 %6<@ 0x7fa1836138b0>
			Instruction <@ 0x7fa183614a68> : (285, 10) : br
				.lr.ph.us<@ 0x7fa183614500>

		BasicBlock <@ 0x7fa183614ad0> : label %17
			Instruction <@ 0x7fa183614bd0> : (285, 27) : add
				j.02.us<@ 0x7fa1836150a0>
				i32 1<@ 0x7fa183614b60>
			Instruction <@ 0x7fa183614d20> : (278, 12) : call
				metadata !{i32 %18}<@ 0x7fa183614c20>
				i64 0<@ 0x7fa183502750>
				metadata <badref><@ 0x7fa18362f200>
				llvm.dbg.value<@ 0x7fa1835029c0>
			Instruction <@ 0x7fa183614e30> : (285, 10) : icmp
				j.02.us<@ 0x7fa1836150a0>
				i32 99<@ 0x7fa183614dc0>
			Instruction <@ 0x7fa183614f98> : (285, 10) : br
				exitcond3<@ 0x7fa183614e30>
				.lr.ph.us<@ 0x7fa183614500>
				.us-lcssa.us.loopexit<@ 0x7fa183614e80>

		BasicBlock <@ 0x7fa183615000> : label %19
			Instruction <@ 0x7fa183615100> : (0, 0) : phi
				i64 %16<@ 0x7fa183614888>
				indvars.iv.next<@ 0x7fa183615ee0>
			Instruction <@ 0x7fa183615200> : (295, 21) : getelementptr
				float* %9<@ 0x7fa1836140f8>
				indvars.iv<@ 0x7fa183615100>
			Instruction <@ 0x7fa183615278> : (295, 21) : load
				float* %20<@ 0x7fa183615200>
			Instruction <@ 0x7fa183615330> : (295, 21) : getelementptr
				float* %10<@ 0x7fa183614188>
				indvars.iv<@ 0x7fa183615100>
			Instruction <@ 0x7fa183615398> : (295, 21) : load
				float* %22<@ 0x7fa183615330>
			Instruction <@ 0x7fa183615450> : (295, 21) : getelementptr
				float* %11<@ 0x7fa1836141f8>
				indvars.iv<@ 0x7fa183615100>
			Instruction <@ 0x7fa1836154b8> : (295, 21) : load
				float* %24<@ 0x7fa183615450>
			Instruction <@ 0x7fa183615570> : (295, 21) : getelementptr
				float* %12<@ 0x7fa183614268>
				indvars.iv<@ 0x7fa183615100>
			Instruction <@ 0x7fa1836155d8> : (295, 21) : load
				float* %26<@ 0x7fa183615570>
			Instruction <@ 0x7fa183615690> : (295, 21) : getelementptr
				float* %13<@ 0x7fa1836142f8>
				indvars.iv<@ 0x7fa183615100>
			Instruction <@ 0x7fa1836156f8> : (295, 21) : load
				float* %28<@ 0x7fa183615690>
			Instruction <@ 0x7fa1836157b0> : (295, 21) : getelementptr
				i32* %14<@ 0x7fa183614388>
				indvars.iv<@ 0x7fa183615100>
			Instruction <@ 0x7fa183615818> : (295, 21) : load
				i32* %30<@ 0x7fa1836157b0>
			Instruction <@ 0x7fa183615a00> : (295, 21) : call
				float %21<@ 0x7fa183615278>
				float %23<@ 0x7fa183615398>
				float %25<@ 0x7fa1836154b8>
				float %27<@ 0x7fa1836155d8>
				float %29<@ 0x7fa1836156f8>
				i32 %31<@ 0x7fa183615818>
				float undef<@ 0x7fa1836158a0>
				BlkSchlsEqEuroNoDiv<@ 0x7fa183602770>
			Instruction <@ 0x7fa183615cc0> : (279, 12) : call
				metadata !{float %32}<@ 0x7fa1836148e0>
				i64 0<@ 0x7fa183502750>
				metadata <badref><@ 0x7fa18362f340>
				llvm.dbg.value<@ 0x7fa1835029c0>
			Instruction <@ 0x7fa183615d90> : (298, 13) : getelementptr
				float* %15<@ 0x7fa183614418>
				indvars.iv<@ 0x7fa183615100>
			Instruction <@ 0x7fa183615e10> : (298, 13) : store
				float %32<@ 0x7fa183615a00>
				float* %33<@ 0x7fa183615d90>
			Instruction <@ 0x7fa183615ee0> : (290, 14) : add
				indvars.iv<@ 0x7fa183615100>
				i64 1<@ 0x7fa183615e70>
			Instruction <@ 0x7fa183615f48> : (290, 14) : trunc
				indvars.iv.next<@ 0x7fa183615ee0>
			Instruction <@ 0x7fa183615fd0> : (290, 14) : icmp
				i32 %34<@ 0x7fa183615f48>
				i32 %7<@ 0x7fa183613b50>
			Instruction <@ 0x7fa183616068> : (290, 14) : br
				i1 %35<@ 0x7fa183615fd0>
				label %17<@ 0x7fa183614ad0>
				label %19<@ 0x7fa183615000>

		BasicBlock <@ 0x7fa183614500> : .lr.ph.us
			Instruction <@ 0x7fa1836150a0> : (0, 0) : phi
				i32 0<@ 0x7fa183500420>
				i32 %18<@ 0x7fa183614bd0>
			Instruction <@ 0x7fa1836160d8> : (290, 14) : br
				label %19<@ 0x7fa183615000>

		BasicBlock <@ 0x7fa183614e80> : .us-lcssa.us.loopexit
			Instruction <@ 0x7fa183616148> : (0, 0) : br
				.us-lcssa.us<@ 0x7fa1836146c0>

		BasicBlock <@ 0x7fa1836146c0> : .us-lcssa.us
			Instruction <@ 0x7fa1836161b8> : (311, 5) : ret
				i32 0<@ 0x7fa183500420>

	Function <@ 0x7fa183615a60> : main : Definition : NonIntrinsic
		ArgList :
			argc<@ 0x7fa183615b00>
			argv<@ 0x7fa183615b40>

		BasicBlock <@ 0x7fa183616250> : label %0
			Instruction <@ 0x7fa1836163f0> : (315, 15) : call
				metadata !{i32 %argc}<@ 0x7fa1836162e0>
				i64 0<@ 0x7fa183502750>
				metadata <badref><@ 0x7fa1836306e0>
				llvm.dbg.value<@ 0x7fa1835029c0>
			Instruction <@ 0x7fa1836165f0> : (315, 28) : call
				metadata !{i8** %argv}<@ 0x7fa183616490>
				i64 0<@ 0x7fa183502750>
				metadata <badref><@ 0x7fa183630820>
				llvm.dbg.value<@ 0x7fa1835029c0>
			Instruction <@ 0x7fa183616910> : (330, 9) : call
				i8* getelementptr inbounds ([23 x i8]* @str, i64 0, i64 0)<@ 0x7fa183616718>
				puts<@ 0x7fa1836167f0>
			Instruction <@ 0x7fa183616b80> : (331, 2) : call
				%struct.__sFILE* null<@ 0x7fa1836169d0>
				fflush<@ 0x7fa183616a10>
			Instruction <@ 0x7fa183616ca0> : (337, 8) : icmp
				argc<@ 0x7fa183615b00>
				i32 4<@ 0x7fa183616c30>
			Instruction <@ 0x7fa183616e78> : (337, 8) : br
				i1 %2<@ 0x7fa183616ca0>
				label %3<@ 0x7fa183616da0>
				label %6<@ 0x7fa183616d10>

		BasicBlock <@ 0x7fa183616da0> : label %3
			Instruction <@ 0x7fa183616ee8> : (339, 17) : load
				argv<@ 0x7fa183615b40>
			Instruction <@ 0x7fa183617208> : (339, 17) : call
				i8* getelementptr inbounds ([48 x i8]* @.str1, i64 0, i64 0)<@ 0x7fa183616ff8>
				i8* %4<@ 0x7fa183616ee8>
				printf<@ 0x7fa1836170d0>
			Instruction <@ 0x7fa183617430> : (340, 17) : call
				i32 1<@ 0x7fa183614b60>
				exit<@ 0x7fa1836172c0>
			Instruction <@ 0x7fa1836174d0> : (340, 17) : unreachable

		BasicBlock <@ 0x7fa183616d10> : label %6
			Instruction <@ 0x7fa183617560> : (342, 16) : getelementptr
				argv<@ 0x7fa183615b40>
				i64 1<@ 0x7fa183615e70>
			Instruction <@ 0x7fa1836175d8> : (342, 16) : load
				i8** %7<@ 0x7fa183617560>
			Instruction <@ 0x7fa183617800> : (342, 16) : call
				i8* %8<@ 0x7fa1836175d8>
				atoi<@ 0x7fa1836176e0>
			Instruction <@ 0x7fa1836178d0> : (342, 16) : store
				i32 %9<@ 0x7fa183617800>
				nThreads<@ 0x7fa183500628>
			Instruction <@ 0x7fa1836179b0> : (343, 5) : getelementptr
				argv<@ 0x7fa183615b40>
				i64 2<@ 0x7fa183617940>
			Instruction <@ 0x7fa183617a18> : (343, 5) : load
				i8** %10<@ 0x7fa1836179b0>
			Instruction <@ 0x7fa183617c10> : (343, 11) : call
				metadata !{i8* %11}<@ 0x7fa183617a90>
				i64 0<@ 0x7fa183502750>
				metadata <badref><@ 0x7fa183638000>
				llvm.dbg.value<@ 0x7fa1835029c0>
			Instruction <@ 0x7fa183617d20> : (344, 5) : getelementptr
				argv<@ 0x7fa183615b40>
				i64 3<@ 0x7fa183617cb0>
			Instruction <@ 0x7fa183617d88> : (344, 5) : load
				i8** %12<@ 0x7fa183617d20>
			Instruction <@ 0x7fa183617f70> : (344, 11) : call
				metadata !{i8* %13}<@ 0x7fa183617df0>
				i64 0<@ 0x7fa183502750>
				metadata <badref><@ 0x7fa183638140>
				llvm.dbg.value<@ 0x7fa1835029c0>
			Instruction <@ 0x7fa1836182d8> : (347, 12) : call
				i8* %11<@ 0x7fa183617a18>
				i8* getelementptr inbounds ([2 x i8]* @.str2, i64 0, i64 0)<@ 0x7fa183618098>
				_fopen<@ 0x7fa183618170>
			Instruction <@ 0x7fa1836184e0> : (317, 11) : call
				metadata !{%struct.__sFILE* %14}<@ 0x7fa183618370>
				i64 0<@ 0x7fa183502750>
				metadata <badref><@ 0x7fa183630960>
				llvm.dbg.value<@ 0x7fa1835029c0>
			Instruction <@ 0x7fa1836185b0> : (348, 8) : icmp
				%struct.__sFILE* %14<@ 0x7fa1836182d8>
				%struct.__sFILE* null<@ 0x7fa1836169d0>
			Instruction <@ 0x7fa183618768> : (348, 8) : br
				i1 %15<@ 0x7fa1836185b0>
				label %18<@ 0x7fa183618690>
				label %16<@ 0x7fa183618600>

		BasicBlock <@ 0x7fa183618600> : label %16
			Instruction <@ 0x7fa1836189b8> : (349, 7) : call
				i8* getelementptr inbounds ([34 x i8]* @.str3, i64 0, i64 0)<@ 0x7fa1836176a8>
				i8* %11<@ 0x7fa183617a18>
				printf<@ 0x7fa1836170d0>
			Instruction <@ 0x7fa183618a50> : (350, 7) : call
				i32 1<@ 0x7fa183614b60>
				exit<@ 0x7fa1836172c0>
			Instruction <@ 0x7fa183618af0> : (350, 7) : unreachable

		BasicBlock <@ 0x7fa183618690> : label %18
			Instruction <@ 0x7fa183618e10> : (352, 10) : call
				%struct.__sFILE* %14<@ 0x7fa1836182d8>
				i8* getelementptr inbounds ([3 x i8]* @.str4, i64 0, i64 0)<@ 0x7fa183618c08>
				numOptions<@ 0x7fa183500498>
				fscanf<@ 0x7fa183618cc0>
			Instruction <@ 0x7fa183619020> : (322, 9) : call
				metadata !{i32 %19}<@ 0x7fa183618eb0>
				i64 0<@ 0x7fa183502750>
				metadata <badref><@ 0x7fa183637ec0>
				llvm.dbg.value<@ 0x7fa1835029c0>
			Instruction <@ 0x7fa1836190f0> : (353, 8) : icmp
				i32 %19<@ 0x7fa183618e10>
				i32 1<@ 0x7fa183614b60>
			Instruction <@ 0x7fa1836192a8> : (353, 8) : br
				i1 %20<@ 0x7fa1836190f0>
				label %21<@ 0x7fa1836191d0>
				label %24<@ 0x7fa183619140>

		BasicBlock <@ 0x7fa1836191d0> : label %21
			Instruction <@ 0x7fa1836194a8> : (354, 7) : call
				i8* getelementptr inbounds ([39 x i8]* @.str5, i64 0, i64 0)<@ 0x7fa1836193a8>
				i8* %11<@ 0x7fa183617a18>
				printf<@ 0x7fa1836170d0>
			Instruction <@ 0x7fa183619670> : (355, 7) : call
				%struct.__sFILE* %14<@ 0x7fa1836182d8>
				fclose<@ 0x7fa183619500>
			Instruction <@ 0x7fa183619750> : (356, 7) : call
				i32 1<@ 0x7fa183614b60>
				exit<@ 0x7fa1836172c0>
			Instruction <@ 0x7fa1836197f0> : (356, 7) : unreachable

		BasicBlock <@ 0x7fa183619140> : label %24
			Instruction <@ 0x7fa183619868> : (358, 8) : load
				nThreads<@ 0x7fa183500628>
			Instruction <@ 0x7fa183619908> : (358, 8) : load
				numOptions<@ 0x7fa183500498>
			Instruction <@ 0x7fa183619990> : (358, 8) : icmp
				i32 %25<@ 0x7fa183619868>
				i32 %26<@ 0x7fa183619908>
			Instruction <@ 0x7fa183619b48> : (358, 8) : br
				i1 %27<@ 0x7fa183619990>
				label %30<@ 0x7fa183619a70>
				label %28<@ 0x7fa1836199e0>

		BasicBlock <@ 0x7fa1836199e0> : label %28
			Instruction <@ 0x7fa183619d30> : (359, 7) : call
				i8* getelementptr inbounds ([81 x i8]* @str18, i64 0, i64 0)<@ 0x7fa183619c48>
				puts<@ 0x7fa1836167f0>
			Instruction <@ 0x7fa183619da8> : (360, 7) : load
				numOptions<@ 0x7fa183500498>
			Instruction <@ 0x7fa183619e50> : (360, 7) : store
				i32 %29<@ 0x7fa183619da8>
				nThreads<@ 0x7fa183500628>
			Instruction <@ 0x7fa183619ed8> : (361, 5) : br
				label %30<@ 0x7fa183619a70>

		BasicBlock <@ 0x7fa183619a70> : label %30
			Instruction <@ 0x7fa183619f30> : (0, 0) : phi
				i32 %29<@ 0x7fa183619da8>
				i32 %26<@ 0x7fa183619908>
			Instruction <@ 0x7fa183619fe0> : (364, 8) : phi
				i32 %29<@ 0x7fa183619da8>
				i32 %25<@ 0x7fa183619868>
			Instruction <@ 0x7fa1836187f0> : (364, 8) : icmp
				i32 %32<@ 0x7fa183619fe0>
				i32 1<@ 0x7fa183614b60>
			Instruction <@ 0x7fa18361a368> : (364, 8) : br
				i1 %33<@ 0x7fa1836187f0>
				label %34<@ 0x7fa18361a290>
				label %35<@ 0x7fa183618850>

		BasicBlock <@ 0x7fa18361a290> : label %34
			Instruction <@ 0x7fa18361a550> : (365, 9) : call
				i8* getelementptr inbounds ([45 x i8]* @str17, i64 0, i64 0)<@ 0x7fa18361a468>
				puts<@ 0x7fa1836167f0>
			Instruction <@ 0x7fa18361a5e0> : (366, 9) : call
				i32 1<@ 0x7fa183614b60>
				exit<@ 0x7fa1836172c0>
			Instruction <@ 0x7fa18361a680> : (366, 9) : unreachable

		BasicBlock <@ 0x7fa183618850> : label %35
			Instruction <@ 0x7fa18361a6f8> : (371, 25) : sext
				i32 %31<@ 0x7fa183619f30>
			Instruction <@ 0x7fa18361a790> : (371, 25) : mul
				i64 %36<@ 0x7fa18361a6f8>
				i64 36<@ 0x7fa183619ac0>
			Instruction <@ 0x7fa18361a980> : (371, 25) : call
				i64 %37<@ 0x7fa18361a790>
				malloc<@ 0x7fa18361a810>
			Instruction <@ 0x7fa18361aa38> : (371, 25) : bitcast
				i8* %38<@ 0x7fa18361a980>
			Instruction <@ 0x7fa18361aad0> : (371, 25) : store
				%struct.OptionData_* %39<@ 0x7fa18361aa38>
				data<@ 0x7fa1835014b8>
			Instruction <@ 0x7fa18361ab80> : (372, 23) : shl
				i64 %36<@ 0x7fa18361a6f8>
				i64 2<@ 0x7fa183617940>
			Instruction <@ 0x7fa18361ac20> : (372, 23) : call
				i64 %40<@ 0x7fa18361ab80>
				malloc<@ 0x7fa18361a810>
			Instruction <@ 0x7fa18361acd8> : (372, 23) : bitcast
				i8* %41<@ 0x7fa18361ac20>
			Instruction <@ 0x7fa18361ad70> : (372, 23) : store
				float* %42<@ 0x7fa18361acd8>
				prices<@ 0x7fa183500b58>
			Instruction <@ 0x7fa18361af10> : (319, 9) : call
				metadata <badref><@ 0x7fa183610b50>
				i64 0<@ 0x7fa183502750>
				metadata <badref><@ 0x7fa183637800>
				llvm.dbg.value<@ 0x7fa1835029c0>
			Instruction <@ 0x7fa18361afe0> : (373, 11) : icmp
				i32 %31<@ 0x7fa183619f30>
				i32 0<@ 0x7fa183500420>
			Instruction <@ 0x7fa18361b1e8> : (373, 11) : br
				i1 %43<@ 0x7fa18361afe0>
				._crit_edge14<@ 0x7fa18361b100>
				.lr.ph13.preheader<@ 0x7fa18361b030>

		BasicBlock <@ 0x7fa18361b030> : .lr.ph13.preheader
			Instruction <@ 0x7fa18361b2d8> : (375, 14) : br
				.lr.ph13<@ 0x7fa18361b0b0>

		BasicBlock <@ 0x7fa18361b340> : label %44
			Instruction <@ 0x7fa18361b3e8> : (373, 11) : load
				numOptions<@ 0x7fa183500498>
			Instruction <@ 0x7fa18361b508> : (373, 11) : trunc
				indvars.iv.next19<@ 0x7fa18361c790>
			Instruction <@ 0x7fa18361b590> : (373, 11) : icmp
				i32 %46<@ 0x7fa18361b508>
				i32 %45<@ 0x7fa18361b3e8>
			Instruction <@ 0x7fa18361b7c8> : (373, 11) : br
				i1 %47<@ 0x7fa18361b590>
				._crit_edge14.loopexit<@ 0x7fa18361b6b0>
				._crit_edge20<@ 0x7fa18361b5f0>

		BasicBlock <@ 0x7fa18361b5f0> : ._crit_edge20
			Instruction <@ 0x7fa18361b848> : (375, 14) : load
				data<@ 0x7fa1835014b8>
			Instruction <@ 0x7fa18361b8e8> : (373, 11) : br
				.lr.ph13<@ 0x7fa18361b0b0>

		BasicBlock <@ 0x7fa18361b0b0> : .lr.ph13
			Instruction <@ 0x7fa18361b940> : (0, 0) : phi
				.pre<@ 0x7fa18361b848>
				%struct.OptionData_* %39<@ 0x7fa18361aa38>
			Instruction <@ 0x7fa18361b9a0> : (0, 0) : phi
				indvars.iv.next19<@ 0x7fa18361c790>
				i64 0<@ 0x7fa183502750>
			Instruction <@ 0x7fa18361ba98> : (375, 14) : getelementptr
				%struct.OptionData_* %48<@ 0x7fa18361b940>
				indvars.iv18<@ 0x7fa18361b9a0>
				i32 0<@ 0x7fa183500420>
			Instruction <@ 0x7fa18361bb38> : (375, 14) : getelementptr
				%struct.OptionData_* %48<@ 0x7fa18361b940>
				indvars.iv18<@ 0x7fa18361b9a0>
				i32 1<@ 0x7fa183614b60>
			Instruction <@ 0x7fa18361bc28> : (375, 14) : getelementptr
				%struct.OptionData_* %48<@ 0x7fa18361b940>
				indvars.iv18<@ 0x7fa18361b9a0>
				i32 2<@ 0x7fa18361bba0>
			Instruction <@ 0x7fa18361bd18> : (375, 14) : getelementptr
				%struct.OptionData_* %48<@ 0x7fa18361b940>
				indvars.iv18<@ 0x7fa18361b9a0>
				i32 3<@ 0x7fa18361bc90>
			Instruction <@ 0x7fa18361bdc8> : (375, 14) : getelementptr
				%struct.OptionData_* %48<@ 0x7fa18361b940>
				indvars.iv18<@ 0x7fa18361b9a0>
				i32 4<@ 0x7fa183616c30>
			Instruction <@ 0x7fa18361beb8> : (375, 14) : getelementptr
				%struct.OptionData_* %48<@ 0x7fa18361b940>
				indvars.iv18<@ 0x7fa18361b9a0>
				i32 5<@ 0x7fa18361be30>
			Instruction <@ 0x7fa18361bfa8> : (375, 14) : getelementptr
				%struct.OptionData_* %48<@ 0x7fa18361b940>
				indvars.iv18<@ 0x7fa18361b9a0>
				i32 6<@ 0x7fa18361bf20>
			Instruction <@ 0x7fa18361c098> : (375, 14) : getelementptr
				%struct.OptionData_* %48<@ 0x7fa18361b940>
				indvars.iv18<@ 0x7fa18361b9a0>
				i32 7<@ 0x7fa18361c010>
			Instruction <@ 0x7fa18361c188> : (375, 14) : getelementptr
				%struct.OptionData_* %48<@ 0x7fa18361b940>
				indvars.iv18<@ 0x7fa18361b9a0>
				i32 8<@ 0x7fa18361c100>
			Instruction <@ 0x7fa18361c530> : (375, 14) : call
				%struct.__sFILE* %14<@ 0x7fa1836182d8>
				i8* getelementptr inbounds ([27 x i8]* @.str8, i64 0, i64 0)<@ 0x7fa18361c2a8>
				float* %49<@ 0x7fa18361ba98>
				float* %50<@ 0x7fa18361bb38>
				float* %51<@ 0x7fa18361bc28>
				float* %52<@ 0x7fa18361bd18>
				float* %53<@ 0x7fa18361bdc8>
				float* %54<@ 0x7fa18361beb8>
				i8* %55<@ 0x7fa18361bfa8>
				float* %56<@ 0x7fa18361c098>
				float* %57<@ 0x7fa18361c188>
				fscanf<@ 0x7fa183618cc0>
			Instruction <@ 0x7fa18361c600> : (322, 9) : call
				metadata !{i32 %58}<@ 0x7fa18361c380>
				i64 0<@ 0x7fa183502750>
				metadata <badref><@ 0x7fa183637ec0>
				llvm.dbg.value<@ 0x7fa1835029c0>
			Instruction <@ 0x7fa18361c710> : (376, 12) : icmp
				i32 %58<@ 0x7fa18361c530>
				i32 9<@ 0x7fa18361c6a0>
			Instruction <@ 0x7fa18361c790> : (373, 11) : add
				indvars.iv18<@ 0x7fa18361b9a0>
				i64 1<@ 0x7fa183615e70>
			Instruction <@ 0x7fa18361c9b8> : (376, 12) : br
				i1 %59<@ 0x7fa18361c710>
				label %60<@ 0x7fa18361b4a0>
				label %44<@ 0x7fa18361b340>

		BasicBlock <@ 0x7fa18361b4a0> : label %60
			Instruction <@ 0x7fa183615be8> : (377, 11) : call
				i8* getelementptr inbounds ([39 x i8]* @.str5, i64 0, i64 0)<@ 0x7fa1836193a8>
				i8* %11<@ 0x7fa183617a18>
				printf<@ 0x7fa1836170d0>
			Instruction <@ 0x7fa18361ca40> : (378, 11) : call
				%struct.__sFILE* %14<@ 0x7fa1836182d8>
				fclose<@ 0x7fa183619500>
			Instruction <@ 0x7fa18361cb30> : (379, 11) : call
				i32 1<@ 0x7fa183614b60>
				exit<@ 0x7fa1836172c0>
			Instruction <@ 0x7fa18361cbd0> : (379, 11) : unreachable

		BasicBlock <@ 0x7fa18361b6b0> : ._crit_edge14.loopexit
			Instruction <@ 0x7fa18361cc48> : (0, 0) : br
				._crit_edge14<@ 0x7fa18361b100>

		BasicBlock <@ 0x7fa18361b100> : ._crit_edge14
			Instruction <@ 0x7fa18361ccd0> : (382, 10) : call
				%struct.__sFILE* %14<@ 0x7fa1836182d8>
				fclose<@ 0x7fa183619500>
			Instruction <@ 0x7fa18361cdf0> : (322, 9) : call
				metadata !{i32 %63}<@ 0x7fa18361cd30>
				i64 0<@ 0x7fa183502750>
				metadata <badref><@ 0x7fa183637ec0>
				llvm.dbg.value<@ 0x7fa1835029c0>
			Instruction <@ 0x7fa18361cec0> : (383, 8) : icmp
				i32 %63<@ 0x7fa18361ccd0>
				i32 0<@ 0x7fa183500420>
			Instruction <@ 0x7fa18361a1f8> : (383, 8) : br
				i1 %64<@ 0x7fa18361cec0>
				label %65<@ 0x7fa18361a120>
				label %67<@ 0x7fa18361a090>

		BasicBlock <@ 0x7fa18361a120> : label %65
			Instruction <@ 0x7fa18361d078> : (384, 7) : call
				i8* getelementptr inbounds ([35 x i8]* @.str9, i64 0, i64 0)<@ 0x7fa18361cf78>
				i8* %11<@ 0x7fa183617a18>
				printf<@ 0x7fa1836170d0>
			Instruction <@ 0x7fa18361d140> : (385, 7) : call
				i32 1<@ 0x7fa183614b60>
				exit<@ 0x7fa1836172c0>
			Instruction <@ 0x7fa18361d1e0> : (385, 7) : unreachable

		BasicBlock <@ 0x7fa18361a090> : label %67
			Instruction <@ 0x7fa18361d248> : (391, 5) : load
				numOptions<@ 0x7fa183500498>
			Instruction <@ 0x7fa18361d428> : (391, 5) : call
				i8* getelementptr inbounds ([20 x i8]* @.str10, i64 0, i64 0)<@ 0x7fa18361d308>
				i32 %68<@ 0x7fa18361d248>
				printf<@ 0x7fa1836170d0>
			Instruction <@ 0x7fa18361d638> : (392, 5) : call
				i8* getelementptr inbounds ([17 x i8]* @.str11, i64 0, i64 0)<@ 0x7fa18361d518>
				i32 100<@ 0x7fa18361a0e0>
				printf<@ 0x7fa1836170d0>
			Instruction <@ 0x7fa18361d6f8> : (397, 25) : load
				numOptions<@ 0x7fa183500498>
			Instruction <@ 0x7fa18361d7a0> : (397, 25) : mul
				i32 %71<@ 0x7fa18361d6f8>
				i32 5<@ 0x7fa18361be30>
			Instruction <@ 0x7fa18361d808> : (397, 25) : sext
				i32 %72<@ 0x7fa18361d7a0>
			Instruction <@ 0x7fa18361d890> : (397, 25) : shl
				i64 %73<@ 0x7fa18361d808>
				i64 2<@ 0x7fa183617940>
			Instruction <@ 0x7fa18361d960> : (397, 25) : add
				i64 %74<@ 0x7fa18361d890>
				i64 256<@ 0x7fa18361d8f0>
			Instruction <@ 0x7fa18361da10> : (397, 25) : call
				i64 %75<@ 0x7fa18361d960>
				malloc<@ 0x7fa18361a810>
			Instruction <@ 0x7fa18361dac8> : (398, 5) : ptrtoint
				i8* %76<@ 0x7fa18361da10>
			Instruction <@ 0x7fa18361db60> : (398, 5) : add
				i64 %77<@ 0x7fa18361dac8>
				i64 256<@ 0x7fa18361d8f0>
			Instruction <@ 0x7fa18361dc30> : (398, 5) : and
				i64 %78<@ 0x7fa18361db60>
				i64 -64<@ 0x7fa18361dbc0>
			Instruction <@ 0x7fa18361dca8> : (398, 5) : inttoptr
				i64 %79<@ 0x7fa18361dc30>
			Instruction <@ 0x7fa18361dd40> : (398, 5) : store
				float* %80<@ 0x7fa18361dca8>
				sptprice<@ 0x7fa183500708>
			Instruction <@ 0x7fa18361ddd8> : (399, 5) : sext
				i32 %71<@ 0x7fa18361d6f8>
			Instruction <@ 0x7fa18361de60> : (399, 5) : getelementptr
				float* %80<@ 0x7fa18361dca8>
				i64 %81<@ 0x7fa18361ddd8>
			Instruction <@ 0x7fa18361def0> : (399, 5) : store
				float* %82<@ 0x7fa18361de60>
				strike<@ 0x7fa1835007b8>
			Instruction <@ 0x7fa18361dfa0> : (400, 5) : shl
				i64 %81<@ 0x7fa18361ddd8>
				i64 1<@ 0x7fa183615e70>
			Instruction <@ 0x7fa18361e040> : (400, 5) : getelementptr
				float* %80<@ 0x7fa18361dca8>
				.sum<@ 0x7fa18361dfa0>
			Instruction <@ 0x7fa18361e0d0> : (400, 5) : store
				float* %83<@ 0x7fa18361e040>
				rate<@ 0x7fa183500868>
			Instruction <@ 0x7fa18361e180> : (401, 5) : mul
				i64 %81<@ 0x7fa18361ddd8>
				i64 3<@ 0x7fa183617cb0>
			Instruction <@ 0x7fa18361e220> : (401, 5) : getelementptr
				float* %80<@ 0x7fa18361dca8>
				.sum1<@ 0x7fa18361e180>
			Instruction <@ 0x7fa18361e2b0> : (401, 5) : store
				float* %84<@ 0x7fa18361e220>
				volatility<@ 0x7fa183500918>
			Instruction <@ 0x7fa18361e360> : (402, 5) : shl
				i64 %81<@ 0x7fa18361ddd8>
				i64 2<@ 0x7fa183617940>
			Instruction <@ 0x7fa18361e400> : (402, 5) : getelementptr
				float* %80<@ 0x7fa18361dca8>
				.sum2<@ 0x7fa18361e360>
			Instruction <@ 0x7fa18361e490> : (402, 5) : store
				float* %85<@ 0x7fa18361e400>
				otime<@ 0x7fa1835009c8>
			Instruction <@ 0x7fa18361e540> : (404, 23) : shl
				i64 %81<@ 0x7fa18361ddd8>
				i64 2<@ 0x7fa183617940>
			Instruction <@ 0x7fa18361e5c0> : (404, 23) : add
				i64 %86<@ 0x7fa18361e540>
				i64 256<@ 0x7fa18361d8f0>
			Instruction <@ 0x7fa18361e670> : (404, 23) : call
				i64 %87<@ 0x7fa18361e5c0>
				malloc<@ 0x7fa18361a810>
			Instruction <@ 0x7fa18361e728> : (405, 5) : ptrtoint
				i8* %88<@ 0x7fa18361e670>
			Instruction <@ 0x7fa18361e7c0> : (405, 5) : add
				i64 %89<@ 0x7fa18361e728>
				i64 256<@ 0x7fa18361d8f0>
			Instruction <@ 0x7fa18361e850> : (405, 5) : and
				i64 %90<@ 0x7fa18361e7c0>
				i64 -64<@ 0x7fa18361dbc0>
			Instruction <@ 0x7fa18361e8c8> : (405, 5) : inttoptr
				i64 %91<@ 0x7fa18361e850>
			Instruction <@ 0x7fa18361e960> : (405, 5) : store
				i32* %92<@ 0x7fa18361e8c8>
				otype<@ 0x7fa183500aa8>
			Instruction <@ 0x7fa18361eb00> : (318, 9) : call
				metadata <badref><@ 0x7fa183610b50>
				i64 0<@ 0x7fa183502750>
				metadata <badref><@ 0x7fa1836376c0>
				llvm.dbg.value<@ 0x7fa1835029c0>
			Instruction <@ 0x7fa18361ebd0> : (407, 10) : icmp
				i32 %71<@ 0x7fa18361d6f8>
				i32 0<@ 0x7fa183500420>
			Instruction <@ 0x7fa18361edc8> : (407, 10) : br
				i1 %93<@ 0x7fa18361ebd0>
				._crit_edge10<@ 0x7fa18361ecc0>
				.lr.ph9<@ 0x7fa18361ec20>

		BasicBlock <@ 0x7fa18361ec20> : .lr.ph9
			Instruction <@ 0x7fa18361ee48> : (408, 9) : load
				data<@ 0x7fa1835014b8>
			Instruction <@ 0x7fa18361ef28> : (407, 10) : br
				label %95<@ 0x7fa18361ec70>

		BasicBlock <@ 0x7fa18361ec70> : label %95
			Instruction <@ 0x7fa18361f000> : (0, 0) : phi
				i64 0<@ 0x7fa183502750>
				indvars.iv.next17<@ 0x7fa1836203c0>
			Instruction <@ 0x7fa18361f118> : (408, 9) : getelementptr
				%struct.OptionData_* %94<@ 0x7fa18361ee48>
				indvars.iv16<@ 0x7fa18361f000>
				i32 6<@ 0x7fa18361bf20>
			Instruction <@ 0x7fa18361f198> : (408, 9) : load
				i8* %96<@ 0x7fa18361f118>
			Instruction <@ 0x7fa18361f290> : (408, 9) : icmp
				i8 %97<@ 0x7fa18361f198>
				i8 80<@ 0x7fa18361f220>
			Instruction <@ 0x7fa18361f2f8> : (408, 9) : zext
				i1 %98<@ 0x7fa18361f290>
			Instruction <@ 0x7fa18361f390> : (408, 9) : getelementptr
				i32* %92<@ 0x7fa18361e8c8>
				indvars.iv16<@ 0x7fa18361f000>
			Instruction <@ 0x7fa18361f420> : (408, 9) : store
				i32 %99<@ 0x7fa18361f2f8>
				i32* %100<@ 0x7fa18361f390>
			Instruction <@ 0x7fa18361f4e8> : (409, 9) : getelementptr
				%struct.OptionData_* %94<@ 0x7fa18361ee48>
				indvars.iv16<@ 0x7fa18361f000>
				i32 0<@ 0x7fa183500420>
			Instruction <@ 0x7fa18361f558> : (409, 9) : load
				float* %101<@ 0x7fa18361f4e8>
			Instruction <@ 0x7fa18361f610> : (409, 9) : getelementptr
				float* %80<@ 0x7fa18361dca8>
				indvars.iv16<@ 0x7fa18361f000>
			Instruction <@ 0x7fa18361f690> : (409, 9) : store
				float %102<@ 0x7fa18361f558>
				float* %103<@ 0x7fa18361f610>
			Instruction <@ 0x7fa18361f758> : (410, 9) : getelementptr
				%struct.OptionData_* %94<@ 0x7fa18361ee48>
				indvars.iv16<@ 0x7fa18361f000>
				i32 1<@ 0x7fa183614b60>
			Instruction <@ 0x7fa18361f7c8> : (410, 9) : load
				float* %104<@ 0x7fa18361f758>
			Instruction <@ 0x7fa18361f880> : (410, 9) : add
				i64 %81<@ 0x7fa18361ddd8>
				indvars.iv16<@ 0x7fa18361f000>
			Instruction <@ 0x7fa18361f920> : (410, 9) : getelementptr
				float* %80<@ 0x7fa18361dca8>
				.sum21<@ 0x7fa18361f880>
			Instruction <@ 0x7fa18361f9b0> : (410, 9) : store
				float %105<@ 0x7fa18361f7c8>
				float* %106<@ 0x7fa18361f920>
			Instruction <@ 0x7fa18361fa78> : (411, 9) : getelementptr
				%struct.OptionData_* %94<@ 0x7fa18361ee48>
				indvars.iv16<@ 0x7fa18361f000>
				i32 2<@ 0x7fa18361bba0>
			Instruction <@ 0x7fa18361fae8> : (411, 9) : load
				float* %107<@ 0x7fa18361fa78>
			Instruction <@ 0x7fa18361fba0> : (411, 9) : add
				.sum<@ 0x7fa18361dfa0>
				indvars.iv16<@ 0x7fa18361f000>
			Instruction <@ 0x7fa18361fc40> : (411, 9) : getelementptr
				float* %80<@ 0x7fa18361dca8>
				.sum22<@ 0x7fa18361fba0>
			Instruction <@ 0x7fa18361fcd0> : (411, 9) : store
				float %108<@ 0x7fa18361fae8>
				float* %109<@ 0x7fa18361fc40>
			Instruction <@ 0x7fa18361fd98> : (412, 9) : getelementptr
				%struct.OptionData_* %94<@ 0x7fa18361ee48>
				indvars.iv16<@ 0x7fa18361f000>
				i32 4<@ 0x7fa183616c30>
			Instruction <@ 0x7fa18361fe08> : (412, 9) : load
				float* %110<@ 0x7fa18361fd98>
			Instruction <@ 0x7fa18361fec0> : (412, 9) : add
				.sum1<@ 0x7fa18361e180>
				indvars.iv16<@ 0x7fa18361f000>
			Instruction <@ 0x7fa18361ff60> : (412, 9) : getelementptr
				float* %80<@ 0x7fa18361dca8>
				.sum23<@ 0x7fa18361fec0>
			Instruction <@ 0x7fa18361fff0> : (412, 9) : store
				float %111<@ 0x7fa18361fe08>
				float* %112<@ 0x7fa18361ff60>
			Instruction <@ 0x7fa1836200b8> : (413, 9) : getelementptr
				%struct.OptionData_* %94<@ 0x7fa18361ee48>
				indvars.iv16<@ 0x7fa18361f000>
				i32 5<@ 0x7fa18361be30>
			Instruction <@ 0x7fa183620128> : (413, 9) : load
				float* %113<@ 0x7fa1836200b8>
			Instruction <@ 0x7fa1836201e0> : (413, 9) : add
				.sum2<@ 0x7fa18361e360>
				indvars.iv16<@ 0x7fa18361f000>
			Instruction <@ 0x7fa183620280> : (413, 9) : getelementptr
				float* %80<@ 0x7fa18361dca8>
				.sum24<@ 0x7fa1836201e0>
			Instruction <@ 0x7fa183620310> : (413, 9) : store
				float %114<@ 0x7fa183620128>
				float* %115<@ 0x7fa183620280>
			Instruction <@ 0x7fa1836203c0> : (407, 10) : add
				indvars.iv16<@ 0x7fa18361f000>
				i64 1<@ 0x7fa183615e70>
			Instruction <@ 0x7fa183620428> : (407, 10) : load
				numOptions<@ 0x7fa183500498>
			Instruction <@ 0x7fa183620498> : (407, 10) : trunc
				indvars.iv.next17<@ 0x7fa1836203c0>
			Instruction <@ 0x7fa183620520> : (407, 10) : icmp
				i32 %117<@ 0x7fa183620498>
				i32 %116<@ 0x7fa183620428>
			Instruction <@ 0x7fa18361c878> : (407, 10) : br
				i1 %118<@ 0x7fa183620520>
				._crit_edge10.loopexit<@ 0x7fa18361efb0>
				label %95<@ 0x7fa18361ec70>

		BasicBlock <@ 0x7fa18361efb0> : ._crit_edge10.loopexit
			Instruction <@ 0x7fa18361c8e0> : (0, 0) : phi
				i32 %116<@ 0x7fa183620428>
			Instruction <@ 0x7fa1836208e8> : (0, 0) : br
				._crit_edge10<@ 0x7fa18361ecc0>

		BasicBlock <@ 0x7fa18361ecc0> : ._crit_edge10
			Instruction <@ 0x7fa183620940> : (0, 0) : phi
				i32 %71<@ 0x7fa18361d6f8>
				.lcssa26<@ 0x7fa18361c8e0>
			Instruction <@ 0x7fa1836209b8> : (416, 5) : sext
				.lcssa<@ 0x7fa183620940>
			Instruction <@ 0x7fa183620a80> : (416, 5) : mul
				i64 %119<@ 0x7fa1836209b8>
				i64 40<@ 0x7fa183620a10>
			Instruction <@ 0x7fa183620c98> : (416, 5) : call
				i8* getelementptr inbounds ([19 x i8]* @.str12, i64 0, i64 0)<@ 0x7fa183620b78>
				i64 %120<@ 0x7fa183620a80>
				printf<@ 0x7fa1836170d0>
			Instruction <@ 0x7fa183620e10> : (462, 9) : call
				metadata <badref><@ 0x7fa183610b50>
				i64 0<@ 0x7fa183502750>
				metadata <badref><@ 0x7fa183638280>
				llvm.dbg.value<@ 0x7fa1835029c0>
			Instruction <@ 0x7fa183621050> : (276, 21) : call
				metadata <badref><@ 0x7fa18364d450>
				i64 0<@ 0x7fa183502750>
				metadata <badref><@ 0x7fa18364d4b0>
				llvm.dbg.value<@ 0x7fa1835029c0>
			Instruction <@ 0x7fa183621200> : (281, 9) : call
				metadata <badref><@ 0x7fa183610b50>
				i64 0<@ 0x7fa183502750>
				metadata <badref><@ 0x7fa18364d770>
				llvm.dbg.value<@ 0x7fa1835029c0>
			Instruction <@ 0x7fa1836212b8> : (282, 5) : load
				numOptions<@ 0x7fa183500498>
			Instruction <@ 0x7fa183621328> : (282, 5) : load
				nThreads<@ 0x7fa183500628>
			Instruction <@ 0x7fa1836213d0> : (282, 5) : sdiv
				i32 %122<@ 0x7fa1836212b8>
				i32 %123<@ 0x7fa183621328>
			Instruction <@ 0x7fa183621560> : (282, 9) : call
				metadata <badref><@ 0x7fa183610b50>
				i64 0<@ 0x7fa183502750>
				metadata <badref><@ 0x7fa18364da30>
				llvm.dbg.value<@ 0x7fa1835029c0>
			Instruction <@ 0x7fa183621770> : (283, 9) : call
				metadata !{i32 %124}<@ 0x7fa183621600>
				i64 0<@ 0x7fa183502750>
				metadata <badref><@ 0x7fa18364dc30>
				llvm.dbg.value<@ 0x7fa1835029c0>
			Instruction <@ 0x7fa183621920> : (278, 12) : call
				metadata <badref><@ 0x7fa183610b50>
				i64 0<@ 0x7fa183502750>
				metadata <badref><@ 0x7fa18364de30>
				llvm.dbg.value<@ 0x7fa1835029c0>
			Instruction <@ 0x7fa1836219f0> : (290, 14) : icmp
				i32 %124<@ 0x7fa1836213d0>
				i32 0<@ 0x7fa183500420>
			Instruction <@ 0x7fa183621a58> : (295, 21) : load
				sptprice<@ 0x7fa183500708>
			Instruction <@ 0x7fa183621ae8> : (295, 21) : load
				strike<@ 0x7fa1835007b8>
			Instruction <@ 0x7fa183621b78> : (295, 21) : load
				rate<@ 0x7fa183500868>
			Instruction <@ 0x7fa183621c08> : (295, 21) : load
				volatility<@ 0x7fa183500918>
			Instruction <@ 0x7fa183621c98> : (295, 21) : load
				otime<@ 0x7fa1835009c8>
			Instruction <@ 0x7fa183621d28> : (295, 21) : load
				otype<@ 0x7fa183500aa8>
			Instruction <@ 0x7fa183621db8> : (298, 13) : load
				prices<@ 0x7fa183500b58>
			Instruction <@ 0x7fa183622008> : (463, 5) : br
				i1 %125<@ 0x7fa1836219f0>
				bs_thread.exit<@ 0x7fa183621f00>
				.lr.ph.us.i.preheader<@ 0x7fa183621e30>

		BasicBlock <@ 0x7fa183621e30> : .lr.ph.us.i.preheader
			Instruction <@ 0x7fa1836220d0> : (290, 14) : add
				i32 %124<@ 0x7fa1836213d0>
				i32 -1<@ 0x7fa183622060>
			Instruction <@ 0x7fa1836221a8> : (290, 14) : br
				.lr.ph.us.i<@ 0x7fa183621eb0>

		BasicBlock <@ 0x7fa183622210> : label %134
			Instruction <@ 0x7fa183622340> : (285, 27) : add
				j.02.us.i<@ 0x7fa183623730>
				i32 1<@ 0x7fa183614b60>
			Instruction <@ 0x7fa1836224b0> : (278, 12) : call
				metadata !{i32 %135}<@ 0x7fa1836223a0>
				i64 0<@ 0x7fa183502750>
				metadata <badref><@ 0x7fa18364de30>
				llvm.dbg.value<@ 0x7fa1835029c0>
			Instruction <@ 0x7fa183622580> : (285, 10) : icmp
				j.02.us.i<@ 0x7fa183623730>
				i32 99<@ 0x7fa183614dc0>
			Instruction <@ 0x7fa183622738> : (285, 10) : br
				exitcond3.i<@ 0x7fa183622580>
				.lr.ph.us.i<@ 0x7fa183621eb0>
				bs_thread.exit.loopexit<@ 0x7fa183622600>

		BasicBlock <@ 0x7fa1836227a0> : label %136
			Instruction <@ 0x7fa183622880> : (463, 5) : phi
				i64 0<@ 0x7fa183502750>
				indvars.iv.next.i<@ 0x7fa183623530>
			Instruction <@ 0x7fa183622990> : (295, 21) : getelementptr
				float* %126<@ 0x7fa183621a58>
				indvars.iv.i<@ 0x7fa183622880>
			Instruction <@ 0x7fa183622a08> : (295, 21) : load
				float* %137<@ 0x7fa183622990>
			Instruction <@ 0x7fa183622ac0> : (295, 21) : getelementptr
				float* %127<@ 0x7fa183621ae8>
				indvars.iv.i<@ 0x7fa183622880>
			Instruction <@ 0x7fa183622b28> : (295, 21) : load
				float* %139<@ 0x7fa183622ac0>
			Instruction <@ 0x7fa183622be0> : (295, 21) : getelementptr
				float* %128<@ 0x7fa183621b78>
				indvars.iv.i<@ 0x7fa183622880>
			Instruction <@ 0x7fa183622c48> : (295, 21) : load
				float* %141<@ 0x7fa183622be0>
			Instruction <@ 0x7fa183622d00> : (295, 21) : getelementptr
				float* %129<@ 0x7fa183621c08>
				indvars.iv.i<@ 0x7fa183622880>
			Instruction <@ 0x7fa183622d68> : (295, 21) : load
				float* %143<@ 0x7fa183622d00>
			Instruction <@ 0x7fa183622e20> : (295, 21) : getelementptr
				float* %130<@ 0x7fa183621c98>
				indvars.iv.i<@ 0x7fa183622880>
			Instruction <@ 0x7fa183622e88> : (295, 21) : load
				float* %145<@ 0x7fa183622e20>
			Instruction <@ 0x7fa183622f40> : (295, 21) : getelementptr
				i32* %131<@ 0x7fa183621d28>
				indvars.iv.i<@ 0x7fa183622880>
			Instruction <@ 0x7fa183622fa8> : (295, 21) : load
				i32* %147<@ 0x7fa183622f40>
			Instruction <@ 0x7fa183623170> : (295, 21) : call
				float %138<@ 0x7fa183622a08>
				float %140<@ 0x7fa183622b28>
				float %142<@ 0x7fa183622c48>
				float %144<@ 0x7fa183622d68>
				float %146<@ 0x7fa183622e88>
				i32 %148<@ 0x7fa183622fa8>
				float undef<@ 0x7fa1836158a0>
				BlkSchlsEqEuroNoDiv<@ 0x7fa183602770>
			Instruction <@ 0x7fa183623340> : (279, 12) : call
				metadata !{float %149}<@ 0x7fa1836231d0>
				i64 0<@ 0x7fa183502750>
				metadata <badref><@ 0x7fa18364e3f0>
				llvm.dbg.value<@ 0x7fa1835029c0>
			Instruction <@ 0x7fa183623410> : (298, 13) : getelementptr
				float* %132<@ 0x7fa183621db8>
				indvars.iv.i<@ 0x7fa183622880>
			Instruction <@ 0x7fa183623490> : (298, 13) : store
				float %149<@ 0x7fa183623170>
				float* %150<@ 0x7fa183623410>
			Instruction <@ 0x7fa183623530> : (290, 14) : add
				indvars.iv.i<@ 0x7fa183622880>
				i64 1<@ 0x7fa183615e70>
			Instruction <@ 0x7fa183623598> : (290, 14) : trunc
				indvars.iv.i<@ 0x7fa183622880>
			Instruction <@ 0x7fa183623620> : (290, 14) : icmp
				lftr.wideiv<@ 0x7fa183623598>
				i32 %133<@ 0x7fa1836220d0>
			Instruction <@ 0x7fa1836236d8> : (290, 14) : br
				exitcond<@ 0x7fa183623620>
				label %136<@ 0x7fa1836227a0>
				label %134<@ 0x7fa183622210>

		BasicBlock <@ 0x7fa183621eb0> : .lr.ph.us.i
			Instruction <@ 0x7fa183623730> : (463, 5) : phi
				i32 %135<@ 0x7fa183622340>
				i32 0<@ 0x7fa183500420>
			Instruction <@ 0x7fa1836237a8> : (290, 14) : br
				label %136<@ 0x7fa1836227a0>

		BasicBlock <@ 0x7fa183622600> : bs_thread.exit.loopexit
			Instruction <@ 0x7fa1836222a8> : (0, 0) : br
				bs_thread.exit<@ 0x7fa183621f00>

		BasicBlock <@ 0x7fa183621f00> : bs_thread.exit
			Instruction <@ 0x7fa183623948> : (473, 12) : call
				i8* %13<@ 0x7fa183617d88>
				i8* getelementptr inbounds ([2 x i8]* @.str13, i64 0, i64 0)<@ 0x7fa183623848>
				_fopen<@ 0x7fa183618170>
			Instruction <@ 0x7fa183623a60> : (317, 11) : call
				metadata !{%struct.__sFILE* %151}<@ 0x7fa1836239a0>
				i64 0<@ 0x7fa183502750>
				metadata <badref><@ 0x7fa183630960>
				llvm.dbg.value<@ 0x7fa1835029c0>
			Instruction <@ 0x7fa183623af0> : (474, 8) : icmp
				%struct.__sFILE* %151<@ 0x7fa183623948>
				%struct.__sFILE* null<@ 0x7fa1836169d0>
			Instruction <@ 0x7fa183623ca8> : (474, 8) : br
				i1 %152<@ 0x7fa183623af0>
				label %155<@ 0x7fa183623bd0>
				label %153<@ 0x7fa183623b40>

		BasicBlock <@ 0x7fa183623b40> : label %153
			Instruction <@ 0x7fa183623d88> : (475, 7) : call
				i8* getelementptr inbounds ([34 x i8]* @.str3, i64 0, i64 0)<@ 0x7fa1836176a8>
				i8* %13<@ 0x7fa183617d88>
				printf<@ 0x7fa1836170d0>
			Instruction <@ 0x7fa183623e10> : (476, 7) : call
				i32 1<@ 0x7fa183614b60>
				exit<@ 0x7fa1836172c0>
			Instruction <@ 0x7fa183623eb0> : (476, 7) : unreachable

		BasicBlock <@ 0x7fa183623bd0> : label %155
			Instruction <@ 0x7fa183623f18> : (478, 10) : load
				numOptions<@ 0x7fa183500498>
			Instruction <@ 0x7fa183624250> : (478, 10) : call
				%struct.__sFILE* %151<@ 0x7fa183623948>
				i8* getelementptr inbounds ([4 x i8]* @.str14, i64 0, i64 0)<@ 0x7fa183623ff8>
				i32 %156<@ 0x7fa183623f18>
				fprintf<@ 0x7fa1836240d0>
			Instruction <@ 0x7fa1836243d0> : (322, 9) : call
				metadata !{i32 %157}<@ 0x7fa1836242f0>
				i64 0<@ 0x7fa183502750>
				metadata <badref><@ 0x7fa183637ec0>
				llvm.dbg.value<@ 0x7fa1835029c0>
			Instruction <@ 0x7fa1836244a0> : (479, 8) : icmp
				i32 %157<@ 0x7fa183624250>
				i32 0<@ 0x7fa183500420>
			Instruction <@ 0x7fa183624668> : (479, 8) : br
				i1 %158<@ 0x7fa1836244a0>
				.preheader<@ 0x7fa183624580>
				label %161<@ 0x7fa1836244f0>

		BasicBlock <@ 0x7fa183624580> : .preheader
			Instruction <@ 0x7fa1836246d8> : (484, 9) : load
				numOptions<@ 0x7fa183500498>
			Instruction <@ 0x7fa183624790> : (484, 9) : icmp
				i32 %159<@ 0x7fa1836246d8>
				i32 0<@ 0x7fa183500420>
			Instruction <@ 0x7fa183624968> : (484, 9) : br
				i1 %160<@ 0x7fa183624790>
				._crit_edge<@ 0x7fa183624860>
				.lr.ph.preheader<@ 0x7fa1836245d0>

		BasicBlock <@ 0x7fa1836245d0> : .lr.ph.preheader
			Instruction <@ 0x7fa183624a58> : (485, 12) : br
				.lr.ph<@ 0x7fa183624810>

		BasicBlock <@ 0x7fa1836244f0> : label %161
			Instruction <@ 0x7fa183624c78> : (480, 7) : call
				i8* getelementptr inbounds ([38 x i8]* @.str15, i64 0, i64 0)<@ 0x7fa183624b78>
				i8* %13<@ 0x7fa183617d88>
				printf<@ 0x7fa1836170d0>
			Instruction <@ 0x7fa183624d00> : (481, 7) : call
				%struct.__sFILE* %151<@ 0x7fa183623948>
				fclose<@ 0x7fa183619500>
			Instruction <@ 0x7fa183624de0> : (482, 7) : call
				i32 1<@ 0x7fa183614b60>
				exit<@ 0x7fa1836172c0>
			Instruction <@ 0x7fa183624e80> : (482, 7) : unreachable

		BasicBlock <@ 0x7fa183624ee0> : label %164
			Instruction <@ 0x7fa183624f88> : (484, 9) : load
				numOptions<@ 0x7fa183500498>
			Instruction <@ 0x7fa183625098> : (484, 9) : trunc
				indvars.iv.next<@ 0x7fa183625a40>
			Instruction <@ 0x7fa183625120> : (484, 9) : icmp
				i32 %166<@ 0x7fa183625098>
				i32 %165<@ 0x7fa183624f88>
			Instruction <@ 0x7fa183625298> : (484, 9) : br
				i1 %167<@ 0x7fa183625120>
				._crit_edge.loopexit<@ 0x7fa183625180>
				.lr.ph<@ 0x7fa183624810>

		BasicBlock <@ 0x7fa183624810> : .lr.ph
			Instruction <@ 0x7fa183625300> : (0, 0) : phi
				indvars.iv.next<@ 0x7fa183625a40>
				i64 0<@ 0x7fa183502750>
			Instruction <@ 0x7fa183625398> : (485, 12) : load
				prices<@ 0x7fa183500b58>
			Instruction <@ 0x7fa183625450> : (485, 12) : getelementptr
				float* %168<@ 0x7fa183625398>
				indvars.iv<@ 0x7fa183625300>
			Instruction <@ 0x7fa1836254b8> : (485, 12) : load
				float* %169<@ 0x7fa183625450>
			Instruction <@ 0x7fa183625558> : (485, 12) : fpext
				float %170<@ 0x7fa1836254b8>
			Instruction <@ 0x7fa1836257a0> : (485, 12) : call
				%struct.__sFILE* %151<@ 0x7fa183623948>
				i8* getelementptr inbounds ([7 x i8]* @.str16, i64 0, i64 0)<@ 0x7fa183625668>
				double %171<@ 0x7fa183625558>
				fprintf<@ 0x7fa1836240d0>
			Instruction <@ 0x7fa1836258f0> : (322, 9) : call
				metadata !{i32 %172}<@ 0x7fa183625810>
				i64 0<@ 0x7fa183502750>
				metadata <badref><@ 0x7fa183637ec0>
				llvm.dbg.value<@ 0x7fa1835029c0>
			Instruction <@ 0x7fa1836259c0> : (486, 10) : icmp
				i32 %172<@ 0x7fa1836257a0>
				i32 0<@ 0x7fa183500420>
			Instruction <@ 0x7fa183625a40> : (484, 9) : add
				indvars.iv<@ 0x7fa183625300>
				i64 1<@ 0x7fa183615e70>
			Instruction <@ 0x7fa183625ae8> : (486, 10) : br
				i1 %173<@ 0x7fa1836259c0>
				label %164<@ 0x7fa183624ee0>
				label %174<@ 0x7fa183625030>

		BasicBlock <@ 0x7fa183625030> : label %174
			Instruction <@ 0x7fa183625be8> : (487, 9) : call
				i8* getelementptr inbounds ([38 x i8]* @.str15, i64 0, i64 0)<@ 0x7fa183624b78>
				i8* %13<@ 0x7fa183617d88>
				printf<@ 0x7fa1836170d0>
			Instruction <@ 0x7fa183625c70> : (488, 9) : call
				%struct.__sFILE* %151<@ 0x7fa183623948>
				fclose<@ 0x7fa183619500>
			Instruction <@ 0x7fa183625d40> : (489, 9) : call
				i32 1<@ 0x7fa183614b60>
				exit<@ 0x7fa1836172c0>
			Instruction <@ 0x7fa183625de0> : (489, 9) : unreachable

		BasicBlock <@ 0x7fa183625180> : ._crit_edge.loopexit
			Instruction <@ 0x7fa183625e48> : (0, 0) : br
				._crit_edge<@ 0x7fa183624860>

		BasicBlock <@ 0x7fa183624860> : ._crit_edge
			Instruction <@ 0x7fa183625ed0> : (492, 10) : call
				%struct.__sFILE* %151<@ 0x7fa183623948>
				fclose<@ 0x7fa183619500>
			Instruction <@ 0x7fa183625ff0> : (322, 9) : call
				metadata !{i32 %177}<@ 0x7fa183625f30>
				i64 0<@ 0x7fa183502750>
				metadata <badref><@ 0x7fa183637ec0>
				llvm.dbg.value<@ 0x7fa1835029c0>
			Instruction <@ 0x7fa1836260c0> : (493, 8) : icmp
				i32 %177<@ 0x7fa183625ed0>
				i32 0<@ 0x7fa183500420>
			Instruction <@ 0x7fa183626278> : (493, 8) : br
				i1 %178<@ 0x7fa1836260c0>
				label %179<@ 0x7fa1836261a0>
				label %181<@ 0x7fa183626110>

		BasicBlock <@ 0x7fa1836261a0> : label %179
			Instruction <@ 0x7fa183626368> : (494, 7) : call
				i8* getelementptr inbounds ([35 x i8]* @.str9, i64 0, i64 0)<@ 0x7fa18361cf78>
				i8* %13<@ 0x7fa183617d88>
				printf<@ 0x7fa1836170d0>
			Instruction <@ 0x7fa1836263f0> : (495, 7) : call
				i32 1<@ 0x7fa183614b60>
				exit<@ 0x7fa1836172c0>
			Instruction <@ 0x7fa183626490> : (495, 7) : unreachable

		BasicBlock <@ 0x7fa183626110> : label %181
			Instruction <@ 0x7fa1836264f8> : (501, 5) : load
				data<@ 0x7fa1835014b8>
			Instruction <@ 0x7fa183626588> : (501, 5) : bitcast
				%struct.OptionData_* %182<@ 0x7fa1836264f8>
			Instruction <@ 0x7fa183626730> : (501, 5) : call
				i8* %183<@ 0x7fa183626588>
				free<@ 0x7fa1836265e0>
			Instruction <@ 0x7fa1836267e8> : (502, 5) : load
				prices<@ 0x7fa183500b58>
			Instruction <@ 0x7fa183626878> : (502, 5) : bitcast
				float* %184<@ 0x7fa1836267e8>
			Instruction <@ 0x7fa183626910> : (502, 5) : call
				i8* %185<@ 0x7fa183626878>
				free<@ 0x7fa1836265e0>
			Instruction <@ 0x7fa1836269c8> : (508, 5) : ret
				i32 0<@ 0x7fa183500420>

	Function <@ 0x7fa1836170d0> : printf : Declaration : NonIntrinsic
		ArgList :
			i8* %0<@ 0x7fa183626aa0>

	Function <@ 0x7fa183616a10> : fflush : Declaration : NonIntrinsic
		ArgList :
			%struct.__sFILE* %0<@ 0x7fa183626b30>

	Function <@ 0x7fa1836172c0> : exit : Declaration : NonIntrinsic
		ArgList :
			i32 %0<@ 0x7fa183626b70>

	Function <@ 0x7fa1836176e0> : atoi : Declaration : NonIntrinsic
		ArgList :
			i8* %0<@ 0x7fa183626bb0>

	Function <@ 0x7fa183618170> : _fopen : Declaration : NonIntrinsic
		ArgList :
			i8* %0<@ 0x7fa183626bf0>
			i8* %1<@ 0x7fa183626c30>

	Function <@ 0x7fa183618cc0> : fscanf : Declaration : NonIntrinsic
		ArgList :
			%struct.__sFILE* %0<@ 0x7fa183626cb0>
			i8* %1<@ 0x7fa183626cf0>

	Function <@ 0x7fa183619500> : fclose : Declaration : NonIntrinsic
		ArgList :
			%struct.__sFILE* %0<@ 0x7fa183626d30>

	Function <@ 0x7fa18361a810> : malloc : Declaration : NonIntrinsic
		ArgList :
			i64 %0<@ 0x7fa183626de0>

	Function <@ 0x7fa1836240d0> : fprintf : Declaration : NonIntrinsic
		ArgList :
			%struct.__sFILE* %0<@ 0x7fa183626e20>
			i8* %1<@ 0x7fa183626e60>

	Function <@ 0x7fa1836265e0> : free : Declaration : NonIntrinsic
		ArgList :
			i8* %0<@ 0x7fa183626ea0>

	Function <@ 0x7fa1835029c0> : llvm.dbg.value : Declaration : Intrinsic
		ArgList :
			metadata %0<@ 0x7fa183626f20>
			i64 %1<@ 0x7fa183626f60>
			metadata %2<@ 0x7fa183626fa0>

	Function <@ 0x7fa183605900> : sqrtf : Declaration : NonIntrinsic
		ArgList :
			float %0<@ 0x7fa183626ff0>

	Function <@ 0x7fa1836167f0> : puts : Declaration : NonIntrinsic
		ArgList :
			i8* %0<@ 0x7fa183627030>
