Module : ../blackscholes/src/blackscholes.llvm
	TargetTriple :
		x86_64-apple-macosx10.11.0

	Function <@ 0x7ff30bc06900> : CNDF : Definition : NonIntrinsic
		ArgList :
			InputX<@ 0x7ff30bc06a30>

		BasicBlock <@ 0x7ff30bc06a90> : label %0
			Instruction <@ 0x7ff30bc06b38> : (0, 0) : alloca
				i32 1<@ 0x7ff30bc06ae0>
			Instruction <@ 0x7ff30bc06ba8> : (0, 0) : alloca
				i32 1<@ 0x7ff30bc06ae0>
			Instruction <@ 0x7ff30bc06c38> : (0, 0) : alloca
				i32 1<@ 0x7ff30bc06ae0>
			Instruction <@ 0x7ff30bc06cc8> : (0, 0) : alloca
				i32 1<@ 0x7ff30bc06ae0>
			Instruction <@ 0x7ff30bc06d58> : (0, 0) : alloca
				i32 1<@ 0x7ff30bc06ae0>
			Instruction <@ 0x7ff30bc06de8> : (0, 0) : alloca
				i32 1<@ 0x7ff30bc06ae0>
			Instruction <@ 0x7ff30bc06e78> : (0, 0) : alloca
				i32 1<@ 0x7ff30bc06ae0>
			Instruction <@ 0x7ff30bc06f08> : (0, 0) : alloca
				i32 1<@ 0x7ff30bc06ae0>
			Instruction <@ 0x7ff30bc06f98> : (0, 0) : alloca
				i32 1<@ 0x7ff30bc06ae0>
			Instruction <@ 0x7ff30bc07028> : (0, 0) : alloca
				i32 1<@ 0x7ff30bc06ae0>
			Instruction <@ 0x7ff30bc070b8> : (0, 0) : alloca
				i32 1<@ 0x7ff30bc06ae0>
			Instruction <@ 0x7ff30bc07148> : (0, 0) : alloca
				i32 1<@ 0x7ff30bc06ae0>
			Instruction <@ 0x7ff30bc071d8> : (0, 0) : alloca
				i32 1<@ 0x7ff30bc06ae0>
			Instruction <@ 0x7ff30bc073f8> : (0, 0) : alloca
				i32 1<@ 0x7ff30bc06ae0>
			Instruction <@ 0x7ff30bc07488> : (0, 0) : alloca
				i32 1<@ 0x7ff30bc06ae0>
			Instruction <@ 0x7ff30bc07530> : (0, 0) : store
				InputX<@ 0x7ff30bc06a30>
				float* %1<@ 0x7ff30bc06b38>
			Instruction <@ 0x7ff30bc077d8> : (88, 22) : call
				metadata !{float* %1}<@ 0x7ff30bc07580>
				metadata <badref><@ 0x7ff30bc34da0>
				llvm.dbg.declare<@ 0x7ff30bc04fc0>
			Instruction <@ 0x7ff30bc079b8> : (90, 9) : call
				metadata !{i32* %sign}<@ 0x7ff30bc07870>
				metadata <badref><@ 0x7ff30bc34f20>
				llvm.dbg.declare<@ 0x7ff30bc04fc0>
			Instruction <@ 0x7ff30bc07b98> : (92, 12) : call
				metadata !{float* %OutputX}<@ 0x7ff30bc07a50>
				metadata <badref><@ 0x7ff30bc35160>
				llvm.dbg.declare<@ 0x7ff30bc04fc0>
			Instruction <@ 0x7ff30bc07d78> : (93, 12) : call
				metadata !{float* %xInput}<@ 0x7ff30bc07c30>
				metadata <badref><@ 0x7ff30bc35360>
				llvm.dbg.declare<@ 0x7ff30bc04fc0>
			Instruction <@ 0x7ff30bc07f58> : (94, 12) : call
				metadata !{float* %xNPrimeofX}<@ 0x7ff30bc07e10>
				metadata <badref><@ 0x7ff30bc35560>
				llvm.dbg.declare<@ 0x7ff30bc04fc0>
			Instruction <@ 0x7ff30bc08138> : (95, 12) : call
				metadata !{float* %expValues}<@ 0x7ff30bc07ff0>
				metadata <badref><@ 0x7ff30bc35760>
				llvm.dbg.declare<@ 0x7ff30bc04fc0>
			Instruction <@ 0x7ff30bc08318> : (96, 12) : call
				metadata !{float* %xK2}<@ 0x7ff30bc081d0>
				metadata <badref><@ 0x7ff30bc35960>
				llvm.dbg.declare<@ 0x7ff30bc04fc0>
			Instruction <@ 0x7ff30bc084f8> : (97, 12) : call
				metadata !{float* %xK2_2}<@ 0x7ff30bc083b0>
				metadata <badref><@ 0x7ff30bc35b60>
				llvm.dbg.declare<@ 0x7ff30bc04fc0>
			Instruction <@ 0x7ff30bc086d8> : (97, 19) : call
				metadata !{float* %xK2_3}<@ 0x7ff30bc08590>
				metadata <badref><@ 0x7ff30bc03e40>
				llvm.dbg.declare<@ 0x7ff30bc04fc0>
			Instruction <@ 0x7ff30bc088b8> : (98, 12) : call
				metadata !{float* %xK2_4}<@ 0x7ff30bc08770>
				metadata <badref><@ 0x7ff30bc35d60>
				llvm.dbg.declare<@ 0x7ff30bc04fc0>
			Instruction <@ 0x7ff30bc08a98> : (98, 19) : call
				metadata !{float* %xK2_5}<@ 0x7ff30bc08950>
				metadata <badref><@ 0x7ff30bc35f60>
				llvm.dbg.declare<@ 0x7ff30bc04fc0>
			Instruction <@ 0x7ff30bc08c78> : (99, 12) : call
				metadata !{float* %xLocal}<@ 0x7ff30bc08b30>
				metadata <badref><@ 0x7ff30bc36160>
				llvm.dbg.declare<@ 0x7ff30bc04fc0>
			Instruction <@ 0x7ff30bc08e58> : (99, 20) : call
				metadata !{float* %xLocal_1}<@ 0x7ff30bc08d10>
				metadata <badref><@ 0x7ff30bc36360>
				llvm.dbg.declare<@ 0x7ff30bc04fc0>
			Instruction <@ 0x7ff30bc09038> : (100, 12) : call
				metadata !{float* %xLocal_2}<@ 0x7ff30bc08ef0>
				metadata <badref><@ 0x7ff30bc36560>
				llvm.dbg.declare<@ 0x7ff30bc04fc0>
			Instruction <@ 0x7ff30bc09218> : (100, 22) : call
				metadata !{float* %xLocal_3}<@ 0x7ff30bc090d0>
				metadata <badref><@ 0x7ff30bc336b0>
				llvm.dbg.declare<@ 0x7ff30bc04fc0>
			Instruction <@ 0x7ff30bc092c8> : (103, 9) : load
				float* %1<@ 0x7ff30bc06b38>
			Instruction <@ 0x7ff30bc09358> : (103, 9) : fpext
				float %2<@ 0x7ff30bc092c8>
			Instruction <@ 0x7ff30bc09430> : (103, 9) : fcmp
				double %3<@ 0x7ff30bc09358>
				double 0.000000e+00<@ 0x7ff30bc093b0>
			Instruction <@ 0x7ff30bc09638> : (103, 9) : br
				i1 %4<@ 0x7ff30bc09430>
				label %8<@ 0x7ff30bc09560>
				label %5<@ 0x7ff30bc094d0>

		BasicBlock <@ 0x7ff30bc094d0> : label %5
			Instruction <@ 0x7ff30bc096b8> : (104, 9) : load
				float* %1<@ 0x7ff30bc06b38>
			Instruction <@ 0x7ff30bc09790> : (104, 9) : fsub
				float -0.000000e+00<@ 0x7ff30bc09710>
				float %6<@ 0x7ff30bc096b8>
			Instruction <@ 0x7ff30bc09810> : (104, 9) : store
				float %7<@ 0x7ff30bc09790>
				float* %1<@ 0x7ff30bc06b38>
			Instruction <@ 0x7ff30bc098a0> : (105, 9) : store
				i32 1<@ 0x7ff30bc06ae0>
				sign<@ 0x7ff30bc06ba8>
			Instruction <@ 0x7ff30bc09968> : (106, 5) : br
				label %9<@ 0x7ff30bc09900>

		BasicBlock <@ 0x7ff30bc09560> : label %8
			Instruction <@ 0x7ff30bc09a80> : (107, 9) : store
				i32 0<@ 0x7ff30bc047f0>
				sign<@ 0x7ff30bc06ba8>
			Instruction <@ 0x7ff30bc09ae8> : (0, 0) : br
				label %9<@ 0x7ff30bc09900>

		BasicBlock <@ 0x7ff30bc09900> : label %9
			Instruction <@ 0x7ff30bc09b58> : (109, 5) : load
				float* %1<@ 0x7ff30bc06b38>
			Instruction <@ 0x7ff30bc09be0> : (109, 5) : store
				float %10<@ 0x7ff30bc09b58>
				xInput<@ 0x7ff30bc06cc8>
			Instruction <@ 0x7ff30bc09c48> : (112, 17) : load
				float* %1<@ 0x7ff30bc06b38>
			Instruction <@ 0x7ff30bc09d20> : (112, 17) : fmul
				float -5.000000e-01<@ 0x7ff30bc09ca0>
				float %11<@ 0x7ff30bc09c48>
			Instruction <@ 0x7ff30bc09d88> : (112, 17) : load
				float* %1<@ 0x7ff30bc06b38>
			Instruction <@ 0x7ff30bc09e10> : (112, 17) : fmul
				float %12<@ 0x7ff30bc09d20>
				float %13<@ 0x7ff30bc09d88>
			Instruction <@ 0x7ff30bc09e78> : (112, 17) : fpext
				float %14<@ 0x7ff30bc09e10>
			Instruction <@ 0x7ff30bc0a040> : (112, 17) : call
				double %15<@ 0x7ff30bc09e78>
				exp<@ 0x7ff30bc09ef0>
			Instruction <@ 0x7ff30bc0a1f8> : (112, 17) : fptrunc
				double %16<@ 0x7ff30bc0a040>
			Instruction <@ 0x7ff30bc09a00> : (112, 17) : store
				float %17<@ 0x7ff30bc0a1f8>
				expValues<@ 0x7ff30bc06de8>
			Instruction <@ 0x7ff30bc0a268> : (113, 5) : load
				expValues<@ 0x7ff30bc06de8>
			Instruction <@ 0x7ff30bc0a300> : (113, 5) : store
				float %18<@ 0x7ff30bc0a268>
				xNPrimeofX<@ 0x7ff30bc06d58>
			Instruction <@ 0x7ff30bc0a378> : (114, 5) : load
				xNPrimeofX<@ 0x7ff30bc06d58>
			Instruction <@ 0x7ff30bc0a3f8> : (114, 5) : fpext
				float %19<@ 0x7ff30bc0a378>
			Instruction <@ 0x7ff30bc0a4e0> : (114, 5) : fmul
				double %20<@ 0x7ff30bc0a3f8>
				double 0x3FD9884533D43651<@ 0x7ff30bc0a460>
			Instruction <@ 0x7ff30bc0a558> : (114, 5) : fptrunc
				double %21<@ 0x7ff30bc0a4e0>
			Instruction <@ 0x7ff30bc0a5f0> : (114, 5) : store
				float %22<@ 0x7ff30bc0a558>
				xNPrimeofX<@ 0x7ff30bc06d58>
			Instruction <@ 0x7ff30bc0a668> : (116, 5) : load
				xInput<@ 0x7ff30bc06cc8>
			Instruction <@ 0x7ff30bc0a6e8> : (116, 5) : fpext
				float %23<@ 0x7ff30bc0a668>
			Instruction <@ 0x7ff30bc0a7d0> : (116, 5) : fmul
				double 2.316419e-01<@ 0x7ff30bc0a750>
				double %24<@ 0x7ff30bc0a6e8>
			Instruction <@ 0x7ff30bc0a848> : (116, 5) : fptrunc
				double %25<@ 0x7ff30bc0a7d0>
			Instruction <@ 0x7ff30bc0a8e0> : (116, 5) : store
				float %26<@ 0x7ff30bc0a848>
				xK2<@ 0x7ff30bc06e78>
			Instruction <@ 0x7ff30bc0a958> : (117, 5) : load
				xK2<@ 0x7ff30bc06e78>
			Instruction <@ 0x7ff30bc0a9d8> : (117, 5) : fpext
				float %27<@ 0x7ff30bc0a958>
			Instruction <@ 0x7ff30bc0aac0> : (117, 5) : fadd
				double 1.000000e+00<@ 0x7ff30bc0aa40>
				double %28<@ 0x7ff30bc0a9d8>
			Instruction <@ 0x7ff30bc0ab38> : (117, 5) : fptrunc
				double %29<@ 0x7ff30bc0aac0>
			Instruction <@ 0x7ff30bc0abd0> : (117, 5) : store
				float %30<@ 0x7ff30bc0ab38>
				xK2<@ 0x7ff30bc06e78>
			Instruction <@ 0x7ff30bc0ac48> : (118, 5) : load
				xK2<@ 0x7ff30bc06e78>
			Instruction <@ 0x7ff30bc0acc8> : (118, 5) : fpext
				float %31<@ 0x7ff30bc0ac48>
			Instruction <@ 0x7ff30bc0a110> : (118, 5) : fdiv
				double 1.000000e+00<@ 0x7ff30bc0aa40>
				double %32<@ 0x7ff30bc0acc8>
			Instruction <@ 0x7ff30bc0a188> : (118, 5) : fptrunc
				double %33<@ 0x7ff30bc0a110>
			Instruction <@ 0x7ff30bc0af70> : (118, 5) : store
				float %34<@ 0x7ff30bc0a188>
				xK2<@ 0x7ff30bc06e78>
			Instruction <@ 0x7ff30bc0afe8> : (119, 5) : load
				xK2<@ 0x7ff30bc06e78>
			Instruction <@ 0x7ff30bc0b068> : (119, 5) : load
				xK2<@ 0x7ff30bc06e78>
			Instruction <@ 0x7ff30bc0b100> : (119, 5) : fmul
				float %35<@ 0x7ff30bc0afe8>
				float %36<@ 0x7ff30bc0b068>
			Instruction <@ 0x7ff30bc0b190> : (119, 5) : store
				float %37<@ 0x7ff30bc0b100>
				xK2_2<@ 0x7ff30bc06f08>
			Instruction <@ 0x7ff30bc0b208> : (120, 5) : load
				xK2_2<@ 0x7ff30bc06f08>
			Instruction <@ 0x7ff30bc0b288> : (120, 5) : load
				xK2<@ 0x7ff30bc06e78>
			Instruction <@ 0x7ff30bc0b320> : (120, 5) : fmul
				float %38<@ 0x7ff30bc0b208>
				float %39<@ 0x7ff30bc0b288>
			Instruction <@ 0x7ff30bc0b3b0> : (120, 5) : store
				float %40<@ 0x7ff30bc0b320>
				xK2_3<@ 0x7ff30bc06f98>
			Instruction <@ 0x7ff30bc0b428> : (121, 5) : load
				xK2_3<@ 0x7ff30bc06f98>
			Instruction <@ 0x7ff30bc0b4a8> : (121, 5) : load
				xK2<@ 0x7ff30bc06e78>
			Instruction <@ 0x7ff30bc0b540> : (121, 5) : fmul
				float %41<@ 0x7ff30bc0b428>
				float %42<@ 0x7ff30bc0b4a8>
			Instruction <@ 0x7ff30bc0b5d0> : (121, 5) : store
				float %43<@ 0x7ff30bc0b540>
				xK2_4<@ 0x7ff30bc07028>
			Instruction <@ 0x7ff30bc0b648> : (122, 5) : load
				xK2_4<@ 0x7ff30bc07028>
			Instruction <@ 0x7ff30bc0b6c8> : (122, 5) : load
				xK2<@ 0x7ff30bc06e78>
			Instruction <@ 0x7ff30bc0b760> : (122, 5) : fmul
				float %44<@ 0x7ff30bc0b648>
				float %45<@ 0x7ff30bc0b6c8>
			Instruction <@ 0x7ff30bc0b7f0> : (122, 5) : store
				float %46<@ 0x7ff30bc0b760>
				xK2_5<@ 0x7ff30bc070b8>
			Instruction <@ 0x7ff30bc0b868> : (124, 5) : load
				xK2<@ 0x7ff30bc06e78>
			Instruction <@ 0x7ff30bc0b8e8> : (124, 5) : fpext
				float %47<@ 0x7ff30bc0b868>
			Instruction <@ 0x7ff30bc0b9d0> : (124, 5) : fmul
				double %48<@ 0x7ff30bc0b8e8>
				double 0x3FD470BF3A92F8EC<@ 0x7ff30bc0b950>
			Instruction <@ 0x7ff30bc0ba48> : (124, 5) : fptrunc
				double %49<@ 0x7ff30bc0b9d0>
			Instruction <@ 0x7ff30bc0bae0> : (124, 5) : store
				float %50<@ 0x7ff30bc0ba48>
				xLocal_1<@ 0x7ff30bc071d8>
			Instruction <@ 0x7ff30bc0bb58> : (125, 5) : load
				xK2_2<@ 0x7ff30bc06f08>
			Instruction <@ 0x7ff30bc0bbd8> : (125, 5) : fpext
				float %51<@ 0x7ff30bc0bb58>
			Instruction <@ 0x7ff30bc0bcc0> : (125, 5) : fmul
				double %52<@ 0x7ff30bc0bbd8>
				double 0xBFD6D1F0E5A8325B<@ 0x7ff30bc0bc40>
			Instruction <@ 0x7ff30bc0bd38> : (125, 5) : fptrunc
				double %53<@ 0x7ff30bc0bcc0>
			Instruction <@ 0x7ff30bc0bdd0> : (125, 5) : store
				float %54<@ 0x7ff30bc0bd38>
				xLocal_2<@ 0x7ff30bc073f8>
			Instruction <@ 0x7ff30bc0be48> : (126, 5) : load
				xK2_3<@ 0x7ff30bc06f98>
			Instruction <@ 0x7ff30bc0bec8> : (126, 5) : fpext
				float %55<@ 0x7ff30bc0be48>
			Instruction <@ 0x7ff30bc0bfb0> : (126, 5) : fmul
				double %56<@ 0x7ff30bc0bec8>
				double 0x3FFC80EF025F5E68<@ 0x7ff30bc0bf30>
			Instruction <@ 0x7ff30bc0c028> : (126, 5) : fptrunc
				double %57<@ 0x7ff30bc0bfb0>
			Instruction <@ 0x7ff30bc0c0c0> : (126, 5) : store
				float %58<@ 0x7ff30bc0c028>
				xLocal_3<@ 0x7ff30bc07488>
			Instruction <@ 0x7ff30bc0c138> : (127, 5) : load
				xLocal_2<@ 0x7ff30bc073f8>
			Instruction <@ 0x7ff30bc0c1b8> : (127, 5) : load
				xLocal_3<@ 0x7ff30bc07488>
			Instruction <@ 0x7ff30bc0c250> : (127, 5) : fadd
				float %59<@ 0x7ff30bc0c138>
				float %60<@ 0x7ff30bc0c1b8>
			Instruction <@ 0x7ff30bc0c2e0> : (127, 5) : store
				float %61<@ 0x7ff30bc0c250>
				xLocal_2<@ 0x7ff30bc073f8>
			Instruction <@ 0x7ff30bc0c358> : (128, 5) : load
				xK2_4<@ 0x7ff30bc07028>
			Instruction <@ 0x7ff30bc0c3d8> : (128, 5) : fpext
				float %62<@ 0x7ff30bc0c358>
			Instruction <@ 0x7ff30bc0c4c0> : (128, 5) : fmul
				double %63<@ 0x7ff30bc0c3d8>
				double 0xBFFD23DD4EF278D0<@ 0x7ff30bc0c440>
			Instruction <@ 0x7ff30bc0ad48> : (128, 5) : fptrunc
				double %64<@ 0x7ff30bc0c4c0>
			Instruction <@ 0x7ff30bc0ade0> : (128, 5) : store
				float %65<@ 0x7ff30bc0ad48>
				xLocal_3<@ 0x7ff30bc07488>
			Instruction <@ 0x7ff30bc0ae58> : (129, 5) : load
				xLocal_2<@ 0x7ff30bc073f8>
			Instruction <@ 0x7ff30bc0aed8> : (129, 5) : load
				xLocal_3<@ 0x7ff30bc07488>
			Instruction <@ 0x7ff30bc0c560> : (129, 5) : fadd
				float %66<@ 0x7ff30bc0ae58>
				float %67<@ 0x7ff30bc0aed8>
			Instruction <@ 0x7ff30bc0c5f0> : (129, 5) : store
				float %68<@ 0x7ff30bc0c560>
				xLocal_2<@ 0x7ff30bc073f8>
			Instruction <@ 0x7ff30bc0c668> : (130, 5) : load
				xK2_5<@ 0x7ff30bc070b8>
			Instruction <@ 0x7ff30bc0c6e8> : (130, 5) : fpext
				float %69<@ 0x7ff30bc0c668>
			Instruction <@ 0x7ff30bc0c7d0> : (130, 5) : fmul
				double %70<@ 0x7ff30bc0c6e8>
				double 0x3FF548CDD6F42943<@ 0x7ff30bc0c750>
			Instruction <@ 0x7ff30bc0c848> : (130, 5) : fptrunc
				double %71<@ 0x7ff30bc0c7d0>
			Instruction <@ 0x7ff30bc0c8e0> : (130, 5) : store
				float %72<@ 0x7ff30bc0c848>
				xLocal_3<@ 0x7ff30bc07488>
			Instruction <@ 0x7ff30bc0c958> : (131, 5) : load
				xLocal_2<@ 0x7ff30bc073f8>
			Instruction <@ 0x7ff30bc0c9d8> : (131, 5) : load
				xLocal_3<@ 0x7ff30bc07488>
			Instruction <@ 0x7ff30bc0ca70> : (131, 5) : fadd
				float %73<@ 0x7ff30bc0c958>
				float %74<@ 0x7ff30bc0c9d8>
			Instruction <@ 0x7ff30bc0cb00> : (131, 5) : store
				float %75<@ 0x7ff30bc0ca70>
				xLocal_2<@ 0x7ff30bc073f8>
			Instruction <@ 0x7ff30bc0cb78> : (133, 5) : load
				xLocal_2<@ 0x7ff30bc073f8>
			Instruction <@ 0x7ff30bc0cbf8> : (133, 5) : load
				xLocal_1<@ 0x7ff30bc071d8>
			Instruction <@ 0x7ff30bc0cc90> : (133, 5) : fadd
				float %76<@ 0x7ff30bc0cb78>
				float %77<@ 0x7ff30bc0cbf8>
			Instruction <@ 0x7ff30bc0cd20> : (133, 5) : store
				float %78<@ 0x7ff30bc0cc90>
				xLocal_1<@ 0x7ff30bc071d8>
			Instruction <@ 0x7ff30bc0cd98> : (134, 5) : load
				xLocal_1<@ 0x7ff30bc071d8>
			Instruction <@ 0x7ff30bc0ce18> : (134, 5) : load
				xNPrimeofX<@ 0x7ff30bc06d58>
			Instruction <@ 0x7ff30bc0ceb0> : (134, 5) : fmul
				float %79<@ 0x7ff30bc0cd98>
				float %80<@ 0x7ff30bc0ce18>
			Instruction <@ 0x7ff30bc0cf40> : (134, 5) : store
				float %81<@ 0x7ff30bc0ceb0>
				xLocal<@ 0x7ff30bc07148>
			Instruction <@ 0x7ff30bc0cfb8> : (135, 5) : load
				xLocal<@ 0x7ff30bc07148>
			Instruction <@ 0x7ff30bc0d038> : (135, 5) : fpext
				float %82<@ 0x7ff30bc0cfb8>
			Instruction <@ 0x7ff30bc0d0d0> : (135, 5) : fsub
				double 1.000000e+00<@ 0x7ff30bc0aa40>
				double %83<@ 0x7ff30bc0d038>
			Instruction <@ 0x7ff30bc0d148> : (135, 5) : fptrunc
				double %84<@ 0x7ff30bc0d0d0>
			Instruction <@ 0x7ff30bc0d1e0> : (135, 5) : store
				float %85<@ 0x7ff30bc0d148>
				xLocal<@ 0x7ff30bc07148>
			Instruction <@ 0x7ff30bc0d258> : (137, 5) : load
				xLocal<@ 0x7ff30bc07148>
			Instruction <@ 0x7ff30bc0d2f0> : (137, 5) : store
				float %86<@ 0x7ff30bc0d258>
				OutputX<@ 0x7ff30bc06c38>
			Instruction <@ 0x7ff30bc0d368> : (139, 9) : load
				sign<@ 0x7ff30bc06ba8>
			Instruction <@ 0x7ff30bc0d400> : (139, 9) : icmp
				i32 %87<@ 0x7ff30bc0d368>
				i32 0<@ 0x7ff30bc047f0>
			Instruction <@ 0x7ff30bc0d5c8> : (139, 9) : br
				i1 %88<@ 0x7ff30bc0d400>
				label %94<@ 0x7ff30bc0d4f0>
				label %89<@ 0x7ff30bc0d460>

		BasicBlock <@ 0x7ff30bc0d460> : label %89
			Instruction <@ 0x7ff30bc0d648> : (140, 9) : load
				OutputX<@ 0x7ff30bc06c38>
			Instruction <@ 0x7ff30bc0d6c8> : (140, 9) : fpext
				float %90<@ 0x7ff30bc0d648>
			Instruction <@ 0x7ff30bc0d760> : (140, 9) : fsub
				double 1.000000e+00<@ 0x7ff30bc0aa40>
				double %91<@ 0x7ff30bc0d6c8>
			Instruction <@ 0x7ff30bc0d7d8> : (140, 9) : fptrunc
				double %92<@ 0x7ff30bc0d760>
			Instruction <@ 0x7ff30bc0d870> : (140, 9) : store
				float %93<@ 0x7ff30bc0d7d8>
				OutputX<@ 0x7ff30bc06c38>
			Instruction <@ 0x7ff30bc0d8e8> : (141, 5) : br
				label %94<@ 0x7ff30bc0d4f0>

		BasicBlock <@ 0x7ff30bc0d4f0> : label %94
			Instruction <@ 0x7ff30bc0d968> : (143, 5) : load
				OutputX<@ 0x7ff30bc06c38>
			Instruction <@ 0x7ff30bc0d9d8> : (143, 5) : ret
				float %95<@ 0x7ff30bc0d968>

	Function <@ 0x7ff30bc04fc0> : llvm.dbg.declare : Declaration : Intrinsic
		ArgList :
			metadata %0<@ 0x7ff30bc0da40>
			metadata %1<@ 0x7ff30bc0da80>

	Function <@ 0x7ff30bc09ef0> : exp : Declaration : NonIntrinsic
		ArgList :
			double %0<@ 0x7ff30bc0dac0>

	Function <@ 0x7ff30bc0db40> : BlkSchlsEqEuroNoDiv : Definition : NonIntrinsic
		ArgList :
			sptprice<@ 0x7ff30bc0dc80>
			strike<@ 0x7ff30bc0dcc0>
			rate<@ 0x7ff30bc0dd00>
			volatility<@ 0x7ff30bc0dd40>
			time<@ 0x7ff30bc0dd80>
			otype<@ 0x7ff30bc0ddc0>
			timet<@ 0x7ff30bc0de00>

		BasicBlock <@ 0x7ff30bc0dfb0> : label %0
			Instruction <@ 0x7ff30bc0e018> : (0, 0) : alloca
				i32 1<@ 0x7ff30bc06ae0>
			Instruction <@ 0x7ff30bc0e088> : (0, 0) : alloca
				i32 1<@ 0x7ff30bc06ae0>
			Instruction <@ 0x7ff30bc0e0f8> : (0, 0) : alloca
				i32 1<@ 0x7ff30bc06ae0>
			Instruction <@ 0x7ff30bc0e168> : (0, 0) : alloca
				i32 1<@ 0x7ff30bc06ae0>
			Instruction <@ 0x7ff30bc0e218> : (0, 0) : alloca
				i32 1<@ 0x7ff30bc06ae0>
			Instruction <@ 0x7ff30bc0e288> : (0, 0) : alloca
				i32 1<@ 0x7ff30bc06ae0>
			Instruction <@ 0x7ff30bc0e2f8> : (0, 0) : alloca
				i32 1<@ 0x7ff30bc06ae0>
			Instruction <@ 0x7ff30bc0e368> : (0, 0) : alloca
				i32 1<@ 0x7ff30bc06ae0>
			Instruction <@ 0x7ff30bc0e3d8> : (0, 0) : alloca
				i32 1<@ 0x7ff30bc06ae0>
			Instruction <@ 0x7ff30bc0e448> : (0, 0) : alloca
				i32 1<@ 0x7ff30bc06ae0>
			Instruction <@ 0x7ff30bc0e4d8> : (0, 0) : alloca
				i32 1<@ 0x7ff30bc06ae0>
			Instruction <@ 0x7ff30bc0e568> : (0, 0) : alloca
				i32 1<@ 0x7ff30bc06ae0>
			Instruction <@ 0x7ff30bc0e5f8> : (0, 0) : alloca
				i32 1<@ 0x7ff30bc06ae0>
			Instruction <@ 0x7ff30bc0e818> : (0, 0) : alloca
				i32 1<@ 0x7ff30bc06ae0>
			Instruction <@ 0x7ff30bc0e8a8> : (0, 0) : alloca
				i32 1<@ 0x7ff30bc06ae0>
			Instruction <@ 0x7ff30bc0e938> : (0, 0) : alloca
				i32 1<@ 0x7ff30bc06ae0>
			Instruction <@ 0x7ff30bc0e9c8> : (0, 0) : alloca
				i32 1<@ 0x7ff30bc06ae0>
			Instruction <@ 0x7ff30bc0ea58> : (0, 0) : alloca
				i32 1<@ 0x7ff30bc06ae0>
			Instruction <@ 0x7ff30bc0eae8> : (0, 0) : alloca
				i32 1<@ 0x7ff30bc06ae0>
			Instruction <@ 0x7ff30bc0eb78> : (0, 0) : alloca
				i32 1<@ 0x7ff30bc06ae0>
			Instruction <@ 0x7ff30bc0ec08> : (0, 0) : alloca
				i32 1<@ 0x7ff30bc06ae0>
			Instruction <@ 0x7ff30bc0ec98> : (0, 0) : alloca
				i32 1<@ 0x7ff30bc06ae0>
			Instruction <@ 0x7ff30bc0ed28> : (0, 0) : alloca
				i32 1<@ 0x7ff30bc06ae0>
			Instruction <@ 0x7ff30bc0edb8> : (0, 0) : alloca
				i32 1<@ 0x7ff30bc06ae0>
			Instruction <@ 0x7ff30bc0ee48> : (0, 0) : alloca
				i32 1<@ 0x7ff30bc06ae0>
			Instruction <@ 0x7ff30bc0e688> : (0, 0) : alloca
				i32 1<@ 0x7ff30bc06ae0>
			Instruction <@ 0x7ff30bc0e718> : (0, 0) : alloca
				i32 1<@ 0x7ff30bc06ae0>
			Instruction <@ 0x7ff30bc0f200> : (0, 0) : store
				sptprice<@ 0x7ff30bc0dc80>
				float* %1<@ 0x7ff30bc0e018>
			Instruction <@ 0x7ff30bc0de88> : (150, 36) : call
				metadata !{float* %1}<@ 0x7ff30bc0e790>
				metadata <badref><@ 0x7ff30bc38b20>
				llvm.dbg.declare<@ 0x7ff30bc04fc0>
			Instruction <@ 0x7ff30bc0f350> : (0, 0) : store
				strike<@ 0x7ff30bc0dcc0>
				float* %2<@ 0x7ff30bc0e088>
			Instruction <@ 0x7ff30bc0f4d8> : (151, 36) : call
				metadata !{float* %2}<@ 0x7ff30bc0f3a0>
				metadata <badref><@ 0x7ff30bc38d20>
				llvm.dbg.declare<@ 0x7ff30bc04fc0>
			Instruction <@ 0x7ff30bc0f5a0> : (0, 0) : store
				rate<@ 0x7ff30bc0dd00>
				float* %3<@ 0x7ff30bc0e0f8>
			Instruction <@ 0x7ff30bc0f728> : (151, 51) : call
				metadata !{float* %3}<@ 0x7ff30bc0f5f0>
				metadata <badref><@ 0x7ff30bc38f20>
				llvm.dbg.declare<@ 0x7ff30bc04fc0>
			Instruction <@ 0x7ff30bc0f7f0> : (0, 0) : store
				volatility<@ 0x7ff30bc0dd40>
				float* %4<@ 0x7ff30bc0e168>
			Instruction <@ 0x7ff30bc0f978> : (151, 64) : call
				metadata !{float* %4}<@ 0x7ff30bc0f840>
				metadata <badref><@ 0x7ff30bc39120>
				llvm.dbg.declare<@ 0x7ff30bc04fc0>
			Instruction <@ 0x7ff30bc0fa40> : (0, 0) : store
				time<@ 0x7ff30bc0dd80>
				float* %5<@ 0x7ff30bc0e218>
			Instruction <@ 0x7ff30bc0fbc8> : (152, 36) : call
				metadata !{float* %5}<@ 0x7ff30bc0fa90>
				metadata <badref><@ 0x7ff30bc39320>
				llvm.dbg.declare<@ 0x7ff30bc04fc0>
			Instruction <@ 0x7ff30bc0fc90> : (0, 0) : store
				otype<@ 0x7ff30bc0ddc0>
				i32* %6<@ 0x7ff30bc0e288>
			Instruction <@ 0x7ff30bc0fe28> : (152, 46) : call
				metadata !{i32* %6}<@ 0x7ff30bc0fce0>
				metadata <badref><@ 0x7ff30bc39520>
				llvm.dbg.declare<@ 0x7ff30bc04fc0>
			Instruction <@ 0x7ff30bc0fef0> : (0, 0) : store
				timet<@ 0x7ff30bc0de00>
				float* %7<@ 0x7ff30bc0e2f8>
			Instruction <@ 0x7ff30bc10088> : (152, 59) : call
				metadata !{float* %7}<@ 0x7ff30bc0ff40>
				metadata <badref><@ 0x7ff30bc39720>
				llvm.dbg.declare<@ 0x7ff30bc04fc0>
			Instruction <@ 0x7ff30bc10268> : (154, 12) : call
				metadata !{float* %OptionPrice}<@ 0x7ff30bc10120>
				metadata <badref><@ 0x7ff30bc39960>
				llvm.dbg.declare<@ 0x7ff30bc04fc0>
			Instruction <@ 0x7ff30bc10448> : (157, 12) : call
				metadata !{float* %xStockPrice}<@ 0x7ff30bc10300>
				metadata <badref><@ 0x7ff30bc39b60>
				llvm.dbg.declare<@ 0x7ff30bc04fc0>
			Instruction <@ 0x7ff30bc10628> : (158, 12) : call
				metadata !{float* %xStrikePrice}<@ 0x7ff30bc104e0>
				metadata <badref><@ 0x7ff30bc39d60>
				llvm.dbg.declare<@ 0x7ff30bc04fc0>
			Instruction <@ 0x7ff30bc10808> : (159, 12) : call
				metadata !{float* %xRiskFreeRate}<@ 0x7ff30bc106c0>
				metadata <badref><@ 0x7ff30bc39f60>
				llvm.dbg.declare<@ 0x7ff30bc04fc0>
			Instruction <@ 0x7ff30bc109e8> : (160, 12) : call
				metadata !{float* %xVolatility}<@ 0x7ff30bc108a0>
				metadata <badref><@ 0x7ff30bc3a160>
				llvm.dbg.declare<@ 0x7ff30bc04fc0>
			Instruction <@ 0x7ff30bc10bc8> : (161, 12) : call
				metadata !{float* %xTime}<@ 0x7ff30bc10a80>
				metadata <badref><@ 0x7ff30bc3a360>
				llvm.dbg.declare<@ 0x7ff30bc04fc0>
			Instruction <@ 0x7ff30bc10da8> : (162, 12) : call
				metadata !{float* %xSqrtTime}<@ 0x7ff30bc10c60>
				metadata <badref><@ 0x7ff30bc3a560>
				llvm.dbg.declare<@ 0x7ff30bc04fc0>
			Instruction <@ 0x7ff30bc10f88> : (164, 12) : call
				metadata !{float* %logValues}<@ 0x7ff30bc10e40>
				metadata <badref><@ 0x7ff30bc3a760>
				llvm.dbg.declare<@ 0x7ff30bc04fc0>
			Instruction <@ 0x7ff30bc11168> : (165, 12) : call
				metadata !{float* %xLogTerm}<@ 0x7ff30bc11020>
				metadata <badref><@ 0x7ff30bc3a960>
				llvm.dbg.declare<@ 0x7ff30bc04fc0>
			Instruction <@ 0x7ff30bc11348> : (166, 12) : call
				metadata !{float* %xD1}<@ 0x7ff30bc11200>
				metadata <badref><@ 0x7ff30bc3ab60>
				llvm.dbg.declare<@ 0x7ff30bc04fc0>
			Instruction <@ 0x7ff30bc11528> : (167, 12) : call
				metadata !{float* %xD2}<@ 0x7ff30bc113e0>
				metadata <badref><@ 0x7ff30bc3ad60>
				llvm.dbg.declare<@ 0x7ff30bc04fc0>
			Instruction <@ 0x7ff30bc11708> : (168, 12) : call
				metadata !{float* %xPowerTerm}<@ 0x7ff30bc115c0>
				metadata <badref><@ 0x7ff30bc3af60>
				llvm.dbg.declare<@ 0x7ff30bc04fc0>
			Instruction <@ 0x7ff30bc118e8> : (169, 12) : call
				metadata !{float* %xDen}<@ 0x7ff30bc117a0>
				metadata <badref><@ 0x7ff30bc3b160>
				llvm.dbg.declare<@ 0x7ff30bc04fc0>
			Instruction <@ 0x7ff30bc11ac8> : (170, 12) : call
				metadata !{float* %d1}<@ 0x7ff30bc11980>
				metadata <badref><@ 0x7ff30bc3b360>
				llvm.dbg.declare<@ 0x7ff30bc04fc0>
			Instruction <@ 0x7ff30bc11ca8> : (171, 12) : call
				metadata !{float* %d2}<@ 0x7ff30bc11b60>
				metadata <badref><@ 0x7ff30bc3b560>
				llvm.dbg.declare<@ 0x7ff30bc04fc0>
			Instruction <@ 0x7ff30bc11e88> : (172, 12) : call
				metadata !{float* %FutureValueX}<@ 0x7ff30bc11d40>
				metadata <badref><@ 0x7ff30bc3b760>
				llvm.dbg.declare<@ 0x7ff30bc04fc0>
			Instruction <@ 0x7ff30bc12068> : (173, 12) : call
				metadata !{float* %NofXd1}<@ 0x7ff30bc11f20>
				metadata <badref><@ 0x7ff30bc3b960>
				llvm.dbg.declare<@ 0x7ff30bc04fc0>
			Instruction <@ 0x7ff30bc12248> : (174, 12) : call
				metadata !{float* %NofXd2}<@ 0x7ff30bc12100>
				metadata <badref><@ 0x7ff30bc3bb60>
				llvm.dbg.declare<@ 0x7ff30bc04fc0>
			Instruction <@ 0x7ff30bc12428> : (175, 12) : call
				metadata !{float* %NegNofXd1}<@ 0x7ff30bc122e0>
				metadata <badref><@ 0x7ff30bc3bd60>
				llvm.dbg.declare<@ 0x7ff30bc04fc0>
			Instruction <@ 0x7ff30bc12608> : (176, 12) : call
				metadata !{float* %NegNofXd2}<@ 0x7ff30bc124c0>
				metadata <badref><@ 0x7ff30bc3bf60>
				llvm.dbg.declare<@ 0x7ff30bc04fc0>
			Instruction <@ 0x7ff30bc126b8> : (178, 5) : load
				float* %1<@ 0x7ff30bc0e018>
			Instruction <@ 0x7ff30bc127c0> : (178, 5) : store
				float %8<@ 0x7ff30bc126b8>
				xStockPrice<@ 0x7ff30bc0e3d8>
			Instruction <@ 0x7ff30bc12838> : (179, 5) : load
				float* %2<@ 0x7ff30bc0e088>
			Instruction <@ 0x7ff30bc128d0> : (179, 5) : store
				float %9<@ 0x7ff30bc12838>
				xStrikePrice<@ 0x7ff30bc0e448>
			Instruction <@ 0x7ff30bc12948> : (180, 5) : load
				float* %3<@ 0x7ff30bc0e0f8>
			Instruction <@ 0x7ff30bc129e0> : (180, 5) : store
				float %10<@ 0x7ff30bc12948>
				xRiskFreeRate<@ 0x7ff30bc0e4d8>
			Instruction <@ 0x7ff30bc12a58> : (181, 5) : load
				float* %4<@ 0x7ff30bc0e168>
			Instruction <@ 0x7ff30bc12af0> : (181, 5) : store
				float %11<@ 0x7ff30bc12a58>
				xVolatility<@ 0x7ff30bc0e568>
			Instruction <@ 0x7ff30bc12b68> : (183, 5) : load
				float* %5<@ 0x7ff30bc0e218>
			Instruction <@ 0x7ff30bc12c00> : (183, 5) : store
				float %12<@ 0x7ff30bc12b68>
				xTime<@ 0x7ff30bc0e5f8>
			Instruction <@ 0x7ff30bc12c78> : (184, 17) : load
				xTime<@ 0x7ff30bc0e5f8>
			Instruction <@ 0x7ff30bc12cf8> : (184, 17) : fpext
				float %13<@ 0x7ff30bc12c78>
			Instruction <@ 0x7ff30bc12ed0> : (184, 17) : call
				double %14<@ 0x7ff30bc12cf8>
				sqrt<@ 0x7ff30bc12d80>
			Instruction <@ 0x7ff30bc12f88> : (184, 17) : fptrunc
				double %15<@ 0x7ff30bc12ed0>
			Instruction <@ 0x7ff30bc12740> : (184, 17) : store
				float %16<@ 0x7ff30bc12f88>
				xSqrtTime<@ 0x7ff30bc0e818>
			Instruction <@ 0x7ff30bc130f8> : (186, 17) : load
				float* %1<@ 0x7ff30bc0e018>
			Instruction <@ 0x7ff30bc13178> : (186, 17) : load
				float* %2<@ 0x7ff30bc0e088>
			Instruction <@ 0x7ff30bc13210> : (186, 17) : fdiv
				float %17<@ 0x7ff30bc130f8>
				float %18<@ 0x7ff30bc13178>
			Instruction <@ 0x7ff30bc13288> : (186, 17) : fpext
				float %19<@ 0x7ff30bc13210>
			Instruction <@ 0x7ff30bc13480> : (186, 17) : call
				double %20<@ 0x7ff30bc13288>
				log<@ 0x7ff30bc13310>
			Instruction <@ 0x7ff30bc13538> : (186, 17) : fptrunc
				double %21<@ 0x7ff30bc13480>
			Instruction <@ 0x7ff30bc135d0> : (186, 17) : store
				float %22<@ 0x7ff30bc13538>
				logValues<@ 0x7ff30bc0e8a8>
			Instruction <@ 0x7ff30bc13648> : (188, 5) : load
				logValues<@ 0x7ff30bc0e8a8>
			Instruction <@ 0x7ff30bc136e0> : (188, 5) : store
				float %23<@ 0x7ff30bc13648>
				xLogTerm<@ 0x7ff30bc0e938>
			Instruction <@ 0x7ff30bc13758> : (191, 5) : load
				xVolatility<@ 0x7ff30bc0e568>
			Instruction <@ 0x7ff30bc137d8> : (191, 5) : load
				xVolatility<@ 0x7ff30bc0e568>
			Instruction <@ 0x7ff30bc13870> : (191, 5) : fmul
				float %24<@ 0x7ff30bc13758>
				float %25<@ 0x7ff30bc137d8>
			Instruction <@ 0x7ff30bc13900> : (191, 5) : store
				float %26<@ 0x7ff30bc13870>
				xPowerTerm<@ 0x7ff30bc0eae8>
			Instruction <@ 0x7ff30bc13978> : (192, 5) : load
				xPowerTerm<@ 0x7ff30bc0eae8>
			Instruction <@ 0x7ff30bc139f8> : (192, 5) : fpext
				float %27<@ 0x7ff30bc13978>
			Instruction <@ 0x7ff30bc13ae0> : (192, 5) : fmul
				double %28<@ 0x7ff30bc139f8>
				double 5.000000e-01<@ 0x7ff30bc13a60>
			Instruction <@ 0x7ff30bc13b58> : (192, 5) : fptrunc
				double %29<@ 0x7ff30bc13ae0>
			Instruction <@ 0x7ff30bc13bf0> : (192, 5) : store
				float %30<@ 0x7ff30bc13b58>
				xPowerTerm<@ 0x7ff30bc0eae8>
			Instruction <@ 0x7ff30bc13c68> : (194, 5) : load
				xRiskFreeRate<@ 0x7ff30bc0e4d8>
			Instruction <@ 0x7ff30bc13ce8> : (194, 5) : load
				xPowerTerm<@ 0x7ff30bc0eae8>
			Instruction <@ 0x7ff30bc13010> : (194, 5) : fadd
				float %31<@ 0x7ff30bc13c68>
				float %32<@ 0x7ff30bc13ce8>
			Instruction <@ 0x7ff30bc13f80> : (194, 5) : store
				float %33<@ 0x7ff30bc13010>
				xD1<@ 0x7ff30bc0e9c8>
			Instruction <@ 0x7ff30bc13fe8> : (195, 5) : load
				xD1<@ 0x7ff30bc0e9c8>
			Instruction <@ 0x7ff30bc14058> : (195, 5) : load
				xTime<@ 0x7ff30bc0e5f8>
			Instruction <@ 0x7ff30bc140e0> : (195, 5) : fmul
				float %34<@ 0x7ff30bc13fe8>
				float %35<@ 0x7ff30bc14058>
			Instruction <@ 0x7ff30bc14160> : (195, 5) : store
				float %36<@ 0x7ff30bc140e0>
				xD1<@ 0x7ff30bc0e9c8>
			Instruction <@ 0x7ff30bc141c8> : (196, 5) : load
				xD1<@ 0x7ff30bc0e9c8>
			Instruction <@ 0x7ff30bc14238> : (196, 5) : load
				xLogTerm<@ 0x7ff30bc0e938>
			Instruction <@ 0x7ff30bc142c0> : (196, 5) : fadd
				float %37<@ 0x7ff30bc141c8>
				float %38<@ 0x7ff30bc14238>
			Instruction <@ 0x7ff30bc14350> : (196, 5) : store
				float %39<@ 0x7ff30bc142c0>
				xD1<@ 0x7ff30bc0e9c8>
			Instruction <@ 0x7ff30bc143c8> : (198, 5) : load
				xVolatility<@ 0x7ff30bc0e568>
			Instruction <@ 0x7ff30bc14448> : (198, 5) : load
				xSqrtTime<@ 0x7ff30bc0e818>
			Instruction <@ 0x7ff30bc144e0> : (198, 5) : fmul
				float %40<@ 0x7ff30bc143c8>
				float %41<@ 0x7ff30bc14448>
			Instruction <@ 0x7ff30bc14570> : (198, 5) : store
				float %42<@ 0x7ff30bc144e0>
				xDen<@ 0x7ff30bc0eb78>
			Instruction <@ 0x7ff30bc145e8> : (199, 5) : load
				xD1<@ 0x7ff30bc0e9c8>
			Instruction <@ 0x7ff30bc14668> : (199, 5) : load
				xDen<@ 0x7ff30bc0eb78>
			Instruction <@ 0x7ff30bc14700> : (199, 5) : fdiv
				float %43<@ 0x7ff30bc145e8>
				float %44<@ 0x7ff30bc14668>
			Instruction <@ 0x7ff30bc14790> : (199, 5) : store
				float %45<@ 0x7ff30bc14700>
				xD1<@ 0x7ff30bc0e9c8>
			Instruction <@ 0x7ff30bc14808> : (200, 5) : load
				xD1<@ 0x7ff30bc0e9c8>
			Instruction <@ 0x7ff30bc14888> : (200, 5) : load
				xDen<@ 0x7ff30bc0eb78>
			Instruction <@ 0x7ff30bc14920> : (200, 5) : fsub
				float %46<@ 0x7ff30bc14808>
				float %47<@ 0x7ff30bc14888>
			Instruction <@ 0x7ff30bc149b0> : (200, 5) : store
				float %48<@ 0x7ff30bc14920>
				xD2<@ 0x7ff30bc0ea58>
			Instruction <@ 0x7ff30bc14a28> : (202, 5) : load
				xD1<@ 0x7ff30bc0e9c8>
			Instruction <@ 0x7ff30bc14ac0> : (202, 5) : store
				float %49<@ 0x7ff30bc14a28>
				d1<@ 0x7ff30bc0ec08>
			Instruction <@ 0x7ff30bc14b38> : (203, 5) : load
				xD2<@ 0x7ff30bc0ea58>
			Instruction <@ 0x7ff30bc14bd0> : (203, 5) : store
				float %50<@ 0x7ff30bc14b38>
				d2<@ 0x7ff30bc0ec98>
			Instruction <@ 0x7ff30bc14c48> : (205, 14) : load
				d1<@ 0x7ff30bc0ec08>
			Instruction <@ 0x7ff30bc14cf0> : (205, 14) : call
				float %51<@ 0x7ff30bc14c48>
				CNDF<@ 0x7ff30bc06900>
			Instruction <@ 0x7ff30bc14dc0> : (205, 14) : store
				float %52<@ 0x7ff30bc14cf0>
				NofXd1<@ 0x7ff30bc0edb8>
			Instruction <@ 0x7ff30bc14e38> : (206, 14) : load
				d2<@ 0x7ff30bc0ec98>
			Instruction <@ 0x7ff30bc14ee0> : (206, 14) : call
				float %53<@ 0x7ff30bc14e38>
				CNDF<@ 0x7ff30bc06900>
			Instruction <@ 0x7ff30bc14fb0> : (206, 14) : store
				float %54<@ 0x7ff30bc14ee0>
				NofXd2<@ 0x7ff30bc0ee48>
			Instruction <@ 0x7ff30bc15028> : (208, 5) : load
				float* %2<@ 0x7ff30bc0e088>
			Instruction <@ 0x7ff30bc150a8> : (208, 5) : fpext
				float %55<@ 0x7ff30bc15028>
			Instruction <@ 0x7ff30bc15128> : (208, 31) : load
				float* %3<@ 0x7ff30bc0e0f8>
			Instruction <@ 0x7ff30bc151c0> : (208, 31) : fsub
				float -0.000000e+00<@ 0x7ff30bc09710>
				float %57<@ 0x7ff30bc15128>
			Instruction <@ 0x7ff30bc15238> : (208, 31) : load
				float* %5<@ 0x7ff30bc0e218>
			Instruction <@ 0x7ff30bc152d0> : (208, 31) : fmul
				float %58<@ 0x7ff30bc151c0>
				float %59<@ 0x7ff30bc15238>
			Instruction <@ 0x7ff30bc15348> : (208, 31) : fpext
				float %60<@ 0x7ff30bc152d0>
			Instruction <@ 0x7ff30bc15400> : (208, 31) : call
				double %61<@ 0x7ff30bc15348>
				exp<@ 0x7ff30bc09ef0>
			Instruction <@ 0x7ff30bc154d0> : (208, 31) : fmul
				double %56<@ 0x7ff30bc150a8>
				double %62<@ 0x7ff30bc15400>
			Instruction <@ 0x7ff30bc15548> : (208, 31) : fptrunc
				double %63<@ 0x7ff30bc154d0>
			Instruction <@ 0x7ff30bc13d80> : (208, 31) : store
				float %64<@ 0x7ff30bc15548>
				FutureValueX<@ 0x7ff30bc0ed28>
			Instruction <@ 0x7ff30bc13df8> : (209, 9) : load
				i32* %6<@ 0x7ff30bc0e288>
			Instruction <@ 0x7ff30bc13e90> : (209, 9) : icmp
				i32 %65<@ 0x7ff30bc13df8>
				i32 0<@ 0x7ff30bc047f0>
			Instruction <@ 0x7ff30bc156c8> : (209, 9) : br
				i1 %66<@ 0x7ff30bc13e90>
				label %75<@ 0x7ff30bc155f0>
				label %67<@ 0x7ff30bc13ef0>

		BasicBlock <@ 0x7ff30bc13ef0> : label %67
			Instruction <@ 0x7ff30bc15738> : (210, 9) : load
				float* %1<@ 0x7ff30bc0e018>
			Instruction <@ 0x7ff30bc157b8> : (210, 9) : load
				NofXd1<@ 0x7ff30bc0edb8>
			Instruction <@ 0x7ff30bc15850> : (210, 9) : fmul
				float %68<@ 0x7ff30bc15738>
				float %69<@ 0x7ff30bc157b8>
			Instruction <@ 0x7ff30bc158c8> : (210, 9) : load
				FutureValueX<@ 0x7ff30bc0ed28>
			Instruction <@ 0x7ff30bc15948> : (210, 9) : load
				NofXd2<@ 0x7ff30bc0ee48>
			Instruction <@ 0x7ff30bc159e0> : (210, 9) : fmul
				float %71<@ 0x7ff30bc158c8>
				float %72<@ 0x7ff30bc15948>
			Instruction <@ 0x7ff30bc15a70> : (210, 9) : fsub
				float %70<@ 0x7ff30bc15850>
				float %73<@ 0x7ff30bc159e0>
			Instruction <@ 0x7ff30bc15b00> : (210, 9) : store
				float %74<@ 0x7ff30bc15a70>
				OptionPrice<@ 0x7ff30bc0e368>
			Instruction <@ 0x7ff30bc15bc8> : (211, 5) : br
				label %91<@ 0x7ff30bc15b60>

		BasicBlock <@ 0x7ff30bc155f0> : label %75
			Instruction <@ 0x7ff30bc15c48> : (212, 9) : load
				NofXd1<@ 0x7ff30bc0edb8>
			Instruction <@ 0x7ff30bc15cc8> : (212, 9) : fpext
				float %76<@ 0x7ff30bc15c48>
			Instruction <@ 0x7ff30bc15d60> : (212, 9) : fsub
				double 1.000000e+00<@ 0x7ff30bc0aa40>
				double %77<@ 0x7ff30bc15cc8>
			Instruction <@ 0x7ff30bc15dd8> : (212, 9) : fptrunc
				double %78<@ 0x7ff30bc15d60>
			Instruction <@ 0x7ff30bc15e70> : (212, 9) : store
				float %79<@ 0x7ff30bc15dd8>
				NegNofXd1<@ 0x7ff30bc0e688>
			Instruction <@ 0x7ff30bc15ee8> : (213, 9) : load
				NofXd2<@ 0x7ff30bc0ee48>
			Instruction <@ 0x7ff30bc15f68> : (213, 9) : fpext
				float %80<@ 0x7ff30bc15ee8>
			Instruction <@ 0x7ff30bc16000> : (213, 9) : fsub
				double 1.000000e+00<@ 0x7ff30bc0aa40>
				double %81<@ 0x7ff30bc15f68>
			Instruction <@ 0x7ff30bc16078> : (213, 9) : fptrunc
				double %82<@ 0x7ff30bc16000>
			Instruction <@ 0x7ff30bc16110> : (213, 9) : store
				float %83<@ 0x7ff30bc16078>
				NegNofXd2<@ 0x7ff30bc0e718>
			Instruction <@ 0x7ff30bc16188> : (214, 9) : load
				FutureValueX<@ 0x7ff30bc0ed28>
			Instruction <@ 0x7ff30bc16208> : (214, 9) : load
				NegNofXd2<@ 0x7ff30bc0e718>
			Instruction <@ 0x7ff30bc162a0> : (214, 9) : fmul
				float %84<@ 0x7ff30bc16188>
				float %85<@ 0x7ff30bc16208>
			Instruction <@ 0x7ff30bc16318> : (214, 9) : load
				float* %1<@ 0x7ff30bc0e018>
			Instruction <@ 0x7ff30bc16398> : (214, 9) : load
				NegNofXd1<@ 0x7ff30bc0e688>
			Instruction <@ 0x7ff30bc16430> : (214, 9) : fmul
				float %87<@ 0x7ff30bc16318>
				float %88<@ 0x7ff30bc16398>
			Instruction <@ 0x7ff30bc164c0> : (214, 9) : fsub
				float %86<@ 0x7ff30bc162a0>
				float %89<@ 0x7ff30bc16430>
			Instruction <@ 0x7ff30bc16550> : (214, 9) : store
				float %90<@ 0x7ff30bc164c0>
				OptionPrice<@ 0x7ff30bc0e368>
			Instruction <@ 0x7ff30bc165c8> : (0, 0) : br
				label %91<@ 0x7ff30bc15b60>

		BasicBlock <@ 0x7ff30bc15b60> : label %91
			Instruction <@ 0x7ff30bc16638> : (217, 5) : load
				OptionPrice<@ 0x7ff30bc0e368>
			Instruction <@ 0x7ff30bc166a8> : (217, 5) : ret
				float %92<@ 0x7ff30bc16638>

	Function <@ 0x7ff30bc12d80> : sqrt : Declaration : NonIntrinsic
		ArgList :
			double %0<@ 0x7ff30bc16710>

	Function <@ 0x7ff30bc13310> : log : Declaration : NonIntrinsic
		ArgList :
			double %0<@ 0x7ff30bc16750>

	Function <@ 0x7ff30bc16790> : bs_thread : Definition : NonIntrinsic
		ArgList :
			tid_ptr<@ 0x7ff30bc16880>

		BasicBlock <@ 0x7ff30bc169b0> : label %0
			Instruction <@ 0x7ff30bc16a58> : (0, 0) : alloca
				i32 1<@ 0x7ff30bc06ae0>
			Instruction <@ 0x7ff30bc16ac8> : (0, 0) : alloca
				i32 1<@ 0x7ff30bc06ae0>
			Instruction <@ 0x7ff30bc16b38> : (0, 0) : alloca
				i32 1<@ 0x7ff30bc06ae0>
			Instruction <@ 0x7ff30bc16ba8> : (0, 0) : alloca
				i32 1<@ 0x7ff30bc06ae0>
			Instruction <@ 0x7ff30bc16c38> : (0, 0) : alloca
				i32 1<@ 0x7ff30bc06ae0>
			Instruction <@ 0x7ff30bc16cc8> : (0, 0) : alloca
				i32 1<@ 0x7ff30bc06ae0>
			Instruction <@ 0x7ff30bc16d58> : (0, 0) : alloca
				i32 1<@ 0x7ff30bc06ae0>
			Instruction <@ 0x7ff30bc16de8> : (0, 0) : alloca
				i32 1<@ 0x7ff30bc06ae0>
			Instruction <@ 0x7ff30bc16e90> : (0, 0) : store
				tid_ptr<@ 0x7ff30bc16880>
				i8** %1<@ 0x7ff30bc16a58>
			Instruction <@ 0x7ff30bc17028> : (276, 21) : call
				metadata !{i8** %1}<@ 0x7ff30bc16ee0>
				metadata <badref><@ 0x7ff30bc3e230>
				llvm.dbg.declare<@ 0x7ff30bc04fc0>
			Instruction <@ 0x7ff30bc17208> : (278, 9) : call
				metadata !{i32* %i}<@ 0x7ff30bc170c0>
				metadata <badref><@ 0x7ff30bc3e430>
				llvm.dbg.declare<@ 0x7ff30bc04fc0>
			Instruction <@ 0x7ff30bc173e8> : (278, 12) : call
				metadata !{i32* %j}<@ 0x7ff30bc172a0>
				metadata <badref><@ 0x7ff30bc3e630>
				llvm.dbg.declare<@ 0x7ff30bc04fc0>
			Instruction <@ 0x7ff30bc175c8> : (279, 12) : call
				metadata !{float* %price}<@ 0x7ff30bc17480>
				metadata <badref><@ 0x7ff30bc3e830>
				llvm.dbg.declare<@ 0x7ff30bc04fc0>
			Instruction <@ 0x7ff30bc177a8> : (280, 12) : call
				metadata !{float* %priceDelta}<@ 0x7ff30bc17660>
				metadata <badref><@ 0x7ff30bc3ea30>
				llvm.dbg.declare<@ 0x7ff30bc04fc0>
			Instruction <@ 0x7ff30bc17988> : (281, 9) : call
				metadata !{i32* %tid}<@ 0x7ff30bc17840>
				metadata <badref><@ 0x7ff30bc3ec30>
				llvm.dbg.declare<@ 0x7ff30bc04fc0>
			Instruction <@ 0x7ff30bc17a38> : (281, 5) : load
				i8** %1<@ 0x7ff30bc16a58>
			Instruction <@ 0x7ff30bc17ac8> : (281, 5) : bitcast
				i8* %2<@ 0x7ff30bc17a38>
			Instruction <@ 0x7ff30bc17b38> : (281, 5) : load
				i32* %3<@ 0x7ff30bc17ac8>
			Instruction <@ 0x7ff30bc17c10> : (281, 5) : store
				i32 %4<@ 0x7ff30bc17b38>
				tid<@ 0x7ff30bc16cc8>
			Instruction <@ 0x7ff30bc17dc8> : (282, 9) : call
				metadata !{i32* %start}<@ 0x7ff30bc17c70>
				metadata <badref><@ 0x7ff30bc3eef0>
				llvm.dbg.declare<@ 0x7ff30bc04fc0>
			Instruction <@ 0x7ff30bc17e78> : (282, 5) : load
				tid<@ 0x7ff30bc16cc8>
			Instruction <@ 0x7ff30bc17ee8> : (282, 5) : load
				numOptions<@ 0x7ff30bc04868>
			Instruction <@ 0x7ff30bc17f58> : (282, 5) : load
				nThreads<@ 0x7ff30bc049f8>
			Instruction <@ 0x7ff30bc17fe0> : (282, 5) : sdiv
				i32 %6<@ 0x7ff30bc17ee8>
				i32 %7<@ 0x7ff30bc17f58>
			Instruction <@ 0x7ff30bc180f0> : (282, 5) : mul
				i32 %5<@ 0x7ff30bc17e78>
				i32 %8<@ 0x7ff30bc17fe0>
			Instruction <@ 0x7ff30bc18180> : (282, 5) : store
				i32 %9<@ 0x7ff30bc180f0>
				start<@ 0x7ff30bc16d58>
			Instruction <@ 0x7ff30bc182f8> : (283, 9) : call
				metadata !{i32* %end}<@ 0x7ff30bc181e0>
				metadata <badref><@ 0x7ff30bc3f1b0>
				llvm.dbg.declare<@ 0x7ff30bc04fc0>
			Instruction <@ 0x7ff30bc183a8> : (283, 5) : load
				start<@ 0x7ff30bc16d58>
			Instruction <@ 0x7ff30bc18418> : (283, 5) : load
				numOptions<@ 0x7ff30bc04868>
			Instruction <@ 0x7ff30bc18498> : (283, 5) : load
				nThreads<@ 0x7ff30bc049f8>
			Instruction <@ 0x7ff30bc18530> : (283, 5) : sdiv
				i32 %11<@ 0x7ff30bc18418>
				i32 %12<@ 0x7ff30bc18498>
			Instruction <@ 0x7ff30bc185c0> : (283, 5) : add
				i32 %10<@ 0x7ff30bc183a8>
				i32 %13<@ 0x7ff30bc18530>
			Instruction <@ 0x7ff30bc18650> : (283, 5) : store
				i32 %14<@ 0x7ff30bc185c0>
				end<@ 0x7ff30bc16de8>
			Instruction <@ 0x7ff30bc186e0> : (285, 10) : store
				i32 0<@ 0x7ff30bc047f0>
				j<@ 0x7ff30bc16b38>
			Instruction <@ 0x7ff30bc187e8> : (285, 10) : br
				label %15<@ 0x7ff30bc18740>

		BasicBlock <@ 0x7ff30bc18740> : label %15
			Instruction <@ 0x7ff30bc18868> : (285, 10) : load
				j<@ 0x7ff30bc16b38>
			Instruction <@ 0x7ff30bc18070> : (285, 10) : icmp
				i32 %16<@ 0x7ff30bc18868>
				i32 100<@ 0x7ff30bc18790>
			Instruction <@ 0x7ff30bc18b48> : (285, 10) : br
				i1 %17<@ 0x7ff30bc18070>
				label %68<@ 0x7ff30bc18a70>
				label %18<@ 0x7ff30bc189e0>

		BasicBlock <@ 0x7ff30bc189e0> : label %18
			Instruction <@ 0x7ff30bc18bc8> : (290, 14) : load
				start<@ 0x7ff30bc16d58>
			Instruction <@ 0x7ff30bc18c60> : (290, 14) : store
				i32 %19<@ 0x7ff30bc18bc8>
				i<@ 0x7ff30bc16ac8>
			Instruction <@ 0x7ff30bc18d28> : (290, 14) : br
				label %20<@ 0x7ff30bc18cc0>

		BasicBlock <@ 0x7ff30bc18cc0> : label %20
			Instruction <@ 0x7ff30bc18da8> : (290, 14) : load
				i<@ 0x7ff30bc16ac8>
			Instruction <@ 0x7ff30bc18e28> : (290, 14) : load
				end<@ 0x7ff30bc16de8>
			Instruction <@ 0x7ff30bc18ec0> : (290, 14) : icmp
				i32 %21<@ 0x7ff30bc18da8>
				i32 %22<@ 0x7ff30bc18e28>
			Instruction <@ 0x7ff30bc19048> : (290, 14) : br
				i1 %23<@ 0x7ff30bc18ec0>
				label %64<@ 0x7ff30bc18f70>
				label %24<@ 0x7ff30bc18f20>

		BasicBlock <@ 0x7ff30bc18f20> : label %24
			Instruction <@ 0x7ff30bc190c8> : (295, 21) : load
				i<@ 0x7ff30bc16ac8>
			Instruction <@ 0x7ff30bc19148> : (295, 21) : sext
				i32 %25<@ 0x7ff30bc190c8>
			Instruction <@ 0x7ff30bc191c8> : (295, 21) : load
				sptprice<@ 0x7ff30bc04ad8>
			Instruction <@ 0x7ff30bc19260> : (295, 21) : getelementptr
				float* %27<@ 0x7ff30bc191c8>
				i64 %26<@ 0x7ff30bc19148>
			Instruction <@ 0x7ff30bc192d8> : (295, 21) : load
				float* %28<@ 0x7ff30bc19260>
			Instruction <@ 0x7ff30bc19358> : (295, 21) : load
				i<@ 0x7ff30bc16ac8>
			Instruction <@ 0x7ff30bc193d8> : (295, 21) : sext
				i32 %30<@ 0x7ff30bc19358>
			Instruction <@ 0x7ff30bc19458> : (295, 21) : load
				strike<@ 0x7ff30bc04b88>
			Instruction <@ 0x7ff30bc18900> : (295, 21) : getelementptr
				float* %32<@ 0x7ff30bc19458>
				i64 %31<@ 0x7ff30bc193d8>
			Instruction <@ 0x7ff30bc18978> : (295, 21) : load
				float* %33<@ 0x7ff30bc18900>
			Instruction <@ 0x7ff30bc196e8> : (295, 21) : load
				i<@ 0x7ff30bc16ac8>
			Instruction <@ 0x7ff30bc19768> : (295, 21) : sext
				i32 %35<@ 0x7ff30bc196e8>
			Instruction <@ 0x7ff30bc197e8> : (295, 21) : load
				rate<@ 0x7ff30bc04c38>
			Instruction <@ 0x7ff30bc19880> : (295, 21) : getelementptr
				float* %37<@ 0x7ff30bc197e8>
				i64 %36<@ 0x7ff30bc19768>
			Instruction <@ 0x7ff30bc198f8> : (295, 21) : load
				float* %38<@ 0x7ff30bc19880>
			Instruction <@ 0x7ff30bc19978> : (295, 21) : load
				i<@ 0x7ff30bc16ac8>
			Instruction <@ 0x7ff30bc199f8> : (295, 21) : sext
				i32 %40<@ 0x7ff30bc19978>
			Instruction <@ 0x7ff30bc19a78> : (295, 21) : load
				volatility<@ 0x7ff30bc04ce8>
			Instruction <@ 0x7ff30bc19b10> : (295, 21) : getelementptr
				float* %42<@ 0x7ff30bc19a78>
				i64 %41<@ 0x7ff30bc199f8>
			Instruction <@ 0x7ff30bc19b88> : (295, 21) : load
				float* %43<@ 0x7ff30bc19b10>
			Instruction <@ 0x7ff30bc19c08> : (295, 21) : load
				i<@ 0x7ff30bc16ac8>
			Instruction <@ 0x7ff30bc19c88> : (295, 21) : sext
				i32 %45<@ 0x7ff30bc19c08>
			Instruction <@ 0x7ff30bc19d08> : (295, 21) : load
				otime<@ 0x7ff30bc04d98>
			Instruction <@ 0x7ff30bc19da0> : (295, 21) : getelementptr
				float* %47<@ 0x7ff30bc19d08>
				i64 %46<@ 0x7ff30bc19c88>
			Instruction <@ 0x7ff30bc19e18> : (295, 21) : load
				float* %48<@ 0x7ff30bc19da0>
			Instruction <@ 0x7ff30bc19e98> : (295, 21) : load
				i<@ 0x7ff30bc16ac8>
			Instruction <@ 0x7ff30bc19f18> : (295, 21) : sext
				i32 %50<@ 0x7ff30bc19e98>
			Instruction <@ 0x7ff30bc19f98> : (295, 21) : load
				otype<@ 0x7ff30bc04e78>
			Instruction <@ 0x7ff30bc1a030> : (295, 21) : getelementptr
				i32* %52<@ 0x7ff30bc19f98>
				i64 %51<@ 0x7ff30bc19f18>
			Instruction <@ 0x7ff30bc1a0a8> : (295, 21) : load
				i32* %53<@ 0x7ff30bc1a030>
			Instruction <@ 0x7ff30bc1a280> : (295, 21) : call
				float %29<@ 0x7ff30bc192d8>
				float %34<@ 0x7ff30bc18978>
				float %39<@ 0x7ff30bc198f8>
				float %44<@ 0x7ff30bc19b88>
				float %49<@ 0x7ff30bc19e18>
				i32 %54<@ 0x7ff30bc1a0a8>
				float 0.000000e+00<@ 0x7ff30bc1a110>
				BlkSchlsEqEuroNoDiv<@ 0x7ff30bc0db40>
			Instruction <@ 0x7ff30bc1a310> : (295, 21) : store
				float %55<@ 0x7ff30bc1a280>
				price<@ 0x7ff30bc16ba8>
			Instruction <@ 0x7ff30bc1a378> : (298, 13) : load
				price<@ 0x7ff30bc16ba8>
			Instruction <@ 0x7ff30bc1a3e8> : (298, 13) : load
				i<@ 0x7ff30bc16ac8>
			Instruction <@ 0x7ff30bc1a458> : (298, 13) : sext
				i32 %57<@ 0x7ff30bc1a3e8>
			Instruction <@ 0x7ff30bc1a4c8> : (298, 13) : load
				prices<@ 0x7ff30bc04f28>
			Instruction <@ 0x7ff30bc1a550> : (298, 13) : getelementptr
				float* %59<@ 0x7ff30bc1a4c8>
				i64 %58<@ 0x7ff30bc1a458>
			Instruction <@ 0x7ff30bc1a5e0> : (298, 13) : store
				float %56<@ 0x7ff30bc1a378>
				float* %60<@ 0x7ff30bc1a550>
			Instruction <@ 0x7ff30bc1a6e8> : (308, 9) : br
				label %61<@ 0x7ff30bc1a640>

		BasicBlock <@ 0x7ff30bc1a640> : label %61
			Instruction <@ 0x7ff30bc1a768> : (290, 30) : load
				i<@ 0x7ff30bc16ac8>
			Instruction <@ 0x7ff30bc1a800> : (290, 30) : add
				i32 %62<@ 0x7ff30bc1a768>
				i32 1<@ 0x7ff30bc06ae0>
			Instruction <@ 0x7ff30bc1a890> : (290, 30) : store
				i32 %63<@ 0x7ff30bc1a800>
				i<@ 0x7ff30bc16ac8>
			Instruction <@ 0x7ff30bc1a908> : (290, 30) : br
				label %20<@ 0x7ff30bc18cc0>

		BasicBlock <@ 0x7ff30bc18f70> : label %64
			Instruction <@ 0x7ff30bc19528> : (309, 5) : br
				label %65<@ 0x7ff30bc194c0>

		BasicBlock <@ 0x7ff30bc194c0> : label %65
			Instruction <@ 0x7ff30bc19598> : (285, 27) : load
				j<@ 0x7ff30bc16b38>
			Instruction <@ 0x7ff30bc19620> : (285, 27) : add
				i32 %66<@ 0x7ff30bc19598>
				i32 1<@ 0x7ff30bc06ae0>
			Instruction <@ 0x7ff30bc1a9a0> : (285, 27) : store
				i32 %67<@ 0x7ff30bc19620>
				j<@ 0x7ff30bc16b38>
			Instruction <@ 0x7ff30bc1aa08> : (285, 27) : br
				label %15<@ 0x7ff30bc18740>

		BasicBlock <@ 0x7ff30bc18a70> : label %68
			Instruction <@ 0x7ff30bc1aa78> : (311, 5) : ret
				i32 0<@ 0x7ff30bc047f0>

	Function <@ 0x7ff30bc1aad0> : main : Definition : NonIntrinsic
		ArgList :
			argc<@ 0x7ff30bc1abb0>
			argv<@ 0x7ff30bc1abf0>

		BasicBlock <@ 0x7ff30bc1ad20> : label %0
			Instruction <@ 0x7ff30bc1adc8> : (0, 0) : alloca
				i32 1<@ 0x7ff30bc06ae0>
			Instruction <@ 0x7ff30bc1ae38> : (0, 0) : alloca
				i32 1<@ 0x7ff30bc06ae0>
			Instruction <@ 0x7ff30bc1aea8> : (0, 0) : alloca
				i32 1<@ 0x7ff30bc06ae0>
			Instruction <@ 0x7ff30bc1af18> : (0, 0) : alloca
				i32 1<@ 0x7ff30bc06ae0>
			Instruction <@ 0x7ff30bc1af88> : (0, 0) : alloca
				i32 1<@ 0x7ff30bc06ae0>
			Instruction <@ 0x7ff30bc1b018> : (0, 0) : alloca
				i32 1<@ 0x7ff30bc06ae0>
			Instruction <@ 0x7ff30bc1b0a8> : (0, 0) : alloca
				i32 1<@ 0x7ff30bc06ae0>
			Instruction <@ 0x7ff30bc1b138> : (0, 0) : alloca
				i32 1<@ 0x7ff30bc06ae0>
			Instruction <@ 0x7ff30bc1b1c8> : (0, 0) : alloca
				i32 1<@ 0x7ff30bc06ae0>
			Instruction <@ 0x7ff30bc1b258> : (0, 0) : alloca
				i32 1<@ 0x7ff30bc06ae0>
			Instruction <@ 0x7ff30bc1b2e8> : (0, 0) : alloca
				i32 1<@ 0x7ff30bc06ae0>
			Instruction <@ 0x7ff30bc1b378> : (0, 0) : alloca
				i32 1<@ 0x7ff30bc06ae0>
			Instruction <@ 0x7ff30bc1b420> : (0, 0) : store
				i32 0<@ 0x7ff30bc047f0>
				i32* %1<@ 0x7ff30bc1adc8>
			Instruction <@ 0x7ff30bc1b4a0> : (0, 0) : store
				argc<@ 0x7ff30bc1abb0>
				i32* %2<@ 0x7ff30bc1ae38>
			Instruction <@ 0x7ff30bc1b628> : (315, 15) : call
				metadata !{i32* %2}<@ 0x7ff30bc1b4f0>
				metadata <badref><@ 0x7ff30bc402f0>
				llvm.dbg.declare<@ 0x7ff30bc04fc0>
			Instruction <@ 0x7ff30bc1b6f0> : (0, 0) : store
				argv<@ 0x7ff30bc1abf0>
				i8*** %3<@ 0x7ff30bc1aea8>
			Instruction <@ 0x7ff30bc1b878> : (315, 28) : call
				metadata !{i8*** %3}<@ 0x7ff30bc1b740>
				metadata <badref><@ 0x7ff30bc404f0>
				llvm.dbg.declare<@ 0x7ff30bc04fc0>
			Instruction <@ 0x7ff30bc1ba58> : (317, 11) : call
				metadata !{%struct.__sFILE** %file}<@ 0x7ff30bc1b910>
				metadata <badref><@ 0x7ff30bc40770>
				llvm.dbg.declare<@ 0x7ff30bc04fc0>
			Instruction <@ 0x7ff30bc1bc38> : (318, 9) : call
				metadata !{i32* %i}<@ 0x7ff30bc1baf0>
				metadata <badref><@ 0x7ff30bc46f60>
				llvm.dbg.declare<@ 0x7ff30bc04fc0>
			Instruction <@ 0x7ff30bc1be18> : (319, 9) : call
				metadata !{i32* %loopnum}<@ 0x7ff30bc1bcd0>
				metadata <badref><@ 0x7ff30bc470e0>
				llvm.dbg.declare<@ 0x7ff30bc04fc0>
			Instruction <@ 0x7ff30bc1bff8> : (320, 14) : call
				metadata !{float** %buffer}<@ 0x7ff30bc1beb0>
				metadata <badref><@ 0x7ff30bc47320>
				llvm.dbg.declare<@ 0x7ff30bc04fc0>
			Instruction <@ 0x7ff30bc1c1d8> : (321, 11) : call
				metadata !{i32** %buffer2}<@ 0x7ff30bc1c090>
				metadata <badref><@ 0x7ff30bc47520>
				llvm.dbg.declare<@ 0x7ff30bc04fc0>
			Instruction <@ 0x7ff30bc1c3b8> : (322, 9) : call
				metadata !{i32* %rv}<@ 0x7ff30bc1c270>
				metadata <badref><@ 0x7ff30bc47720>
				llvm.dbg.declare<@ 0x7ff30bc04fc0>
			Instruction <@ 0x7ff30bc1c6f0> : (330, 9) : call
				i8* getelementptr inbounds ([24 x i8]* @.str, i32 0, i32 0)<@ 0x7ff30bc1c4f8>
				printf<@ 0x7ff30bc1c5d0>
			Instruction <@ 0x7ff30bc1c950> : (331, 2) : call
				%struct.__sFILE* null<@ 0x7ff30bc1c7d0>
				fflush<@ 0x7ff30bc1c800>
			Instruction <@ 0x7ff30bc1ca08> : (337, 8) : load
				i32* %2<@ 0x7ff30bc1ae38>
			Instruction <@ 0x7ff30bc1cae0> : (337, 8) : icmp
				i32 %6<@ 0x7ff30bc1ca08>
				i32 4<@ 0x7ff30bc1ca70>
			Instruction <@ 0x7ff30bc1cca8> : (337, 8) : br
				i1 %7<@ 0x7ff30bc1cae0>
				label %13<@ 0x7ff30bc1cbd0>
				label %8<@ 0x7ff30bc1cb40>

		BasicBlock <@ 0x7ff30bc1cb40> : label %8
			Instruction <@ 0x7ff30bc1cda8> : (339, 17) : load
				i8*** %3<@ 0x7ff30bc1aea8>
			Instruction <@ 0x7ff30bc1ce30> : (339, 17) : getelementptr
				i8** %9<@ 0x7ff30bc1cda8>
				i64 0<@ 0x7ff30bc1c790>
			Instruction <@ 0x7ff30bc1ce98> : (339, 17) : load
				i8** %10<@ 0x7ff30bc1ce30>
			Instruction <@ 0x7ff30bc1d0b8> : (339, 17) : call
				i8* getelementptr inbounds ([48 x i8]* @.str1, i32 0, i32 0)<@ 0x7ff30bc1cf98>
				i8* %11<@ 0x7ff30bc1ce98>
				printf<@ 0x7ff30bc1c5d0>
			Instruction <@ 0x7ff30bc1d280> : (340, 17) : call
				i32 1<@ 0x7ff30bc06ae0>
				exit<@ 0x7ff30bc1d130>
			Instruction <@ 0x7ff30bc1d320> : (340, 17) : unreachable

		BasicBlock <@ 0x7ff30bc1cbd0> : label %13
			Instruction <@ 0x7ff30bc1d398> : (342, 16) : load
				i8*** %3<@ 0x7ff30bc1aea8>
			Instruction <@ 0x7ff30bc1d430> : (342, 16) : getelementptr
				i8** %14<@ 0x7ff30bc1d398>
				i64 1<@ 0x7ff30bc1cc20>
			Instruction <@ 0x7ff30bc1d4a8> : (342, 16) : load
				i8** %15<@ 0x7ff30bc1d430>
			Instruction <@ 0x7ff30bc1d740> : (342, 16) : call
				i8* %16<@ 0x7ff30bc1d4a8>
				atoi<@ 0x7ff30bc1d620>
			Instruction <@ 0x7ff30bc1d810> : (342, 16) : store
				i32 %17<@ 0x7ff30bc1d740>
				nThreads<@ 0x7ff30bc049f8>
			Instruction <@ 0x7ff30bc1d998> : (343, 11) : call
				metadata !{i8** %inputFile}<@ 0x7ff30bc1d860>
				metadata <badref><@ 0x7ff30bc481d0>
				llvm.dbg.declare<@ 0x7ff30bc04fc0>
			Instruction <@ 0x7ff30bc1da48> : (343, 5) : load
				i8*** %3<@ 0x7ff30bc1aea8>
			Instruction <@ 0x7ff30bc1db10> : (343, 5) : getelementptr
				i8** %18<@ 0x7ff30bc1da48>
				i64 2<@ 0x7ff30bc1daa0>
			Instruction <@ 0x7ff30bc1db88> : (343, 5) : load
				i8** %19<@ 0x7ff30bc1db10>
			Instruction <@ 0x7ff30bc1dc20> : (343, 5) : store
				i8* %20<@ 0x7ff30bc1db88>
				inputFile<@ 0x7ff30bc1b258>
			Instruction <@ 0x7ff30bc1ddd8> : (344, 11) : call
				metadata !{i8** %outputFile}<@ 0x7ff30bc1dc80>
				metadata <badref><@ 0x7ff30bc48490>
				llvm.dbg.declare<@ 0x7ff30bc04fc0>
			Instruction <@ 0x7ff30bc1de88> : (344, 5) : load
				i8*** %3<@ 0x7ff30bc1aea8>
			Instruction <@ 0x7ff30bc1df50> : (344, 5) : getelementptr
				i8** %21<@ 0x7ff30bc1de88>
				i64 3<@ 0x7ff30bc1dee0>
			Instruction <@ 0x7ff30bc1dfc8> : (344, 5) : load
				i8** %22<@ 0x7ff30bc1df50>
			Instruction <@ 0x7ff30bc1e060> : (344, 5) : store
				i8* %23<@ 0x7ff30bc1dfc8>
				outputFile<@ 0x7ff30bc1b2e8>
			Instruction <@ 0x7ff30bc1e0d8> : (347, 12) : load
				inputFile<@ 0x7ff30bc1b258>
			Instruction <@ 0x7ff30bc1e408> : (347, 12) : call
				i8* %24<@ 0x7ff30bc1e0d8>
				i8* getelementptr inbounds ([2 x i8]* @.str2, i32 0, i32 0)<@ 0x7ff30bc1e1f8>
				_fopen<@ 0x7ff30bc1e2d0>
			Instruction <@ 0x7ff30bc1e4d0> : (347, 12) : store
				%struct.__sFILE* %25<@ 0x7ff30bc1e408>
				file<@ 0x7ff30bc1af18>
			Instruction <@ 0x7ff30bc1e538> : (348, 8) : load
				file<@ 0x7ff30bc1af18>
			Instruction <@ 0x7ff30bc1e5d0> : (348, 8) : icmp
				%struct.__sFILE* %26<@ 0x7ff30bc1e538>
				%struct.__sFILE* null<@ 0x7ff30bc1c7d0>
			Instruction <@ 0x7ff30bc1e798> : (348, 8) : br
				i1 %27<@ 0x7ff30bc1e5d0>
				label %31<@ 0x7ff30bc1e6c0>
				label %28<@ 0x7ff30bc1e630>

		BasicBlock <@ 0x7ff30bc1e630> : label %28
			Instruction <@ 0x7ff30bc1e818> : (349, 7) : load
				inputFile<@ 0x7ff30bc1b258>
			Instruction <@ 0x7ff30bc1ea38> : (349, 7) : call
				i8* getelementptr inbounds ([34 x i8]* @.str3, i32 0, i32 0)<@ 0x7ff30bc1e938>
				i8* %29<@ 0x7ff30bc1e818>
				printf<@ 0x7ff30bc1c5d0>
			Instruction <@ 0x7ff30bc1eac0> : (350, 7) : call
				i32 1<@ 0x7ff30bc06ae0>
				exit<@ 0x7ff30bc1d130>
			Instruction <@ 0x7ff30bc1eb60> : (350, 7) : unreachable

		BasicBlock <@ 0x7ff30bc1e6c0> : label %31
			Instruction <@ 0x7ff30bc1ebc8> : (352, 10) : load
				file<@ 0x7ff30bc1af18>
			Instruction <@ 0x7ff30bc1eff0> : (352, 10) : call
				%struct.__sFILE* %32<@ 0x7ff30bc1ebc8>
				i8* getelementptr inbounds ([3 x i8]* @.str4, i32 0, i32 0)<@ 0x7ff30bc1d5c8>
				numOptions<@ 0x7ff30bc04868>
				fscanf<@ 0x7ff30bc1eea0>
			Instruction <@ 0x7ff30bc1f0c0> : (352, 10) : store
				i32 %33<@ 0x7ff30bc1eff0>
				rv<@ 0x7ff30bc1b1c8>
			Instruction <@ 0x7ff30bc1f128> : (353, 8) : load
				rv<@ 0x7ff30bc1b1c8>
			Instruction <@ 0x7ff30bc1f1b0> : (353, 8) : icmp
				i32 %34<@ 0x7ff30bc1f128>
				i32 1<@ 0x7ff30bc06ae0>
			Instruction <@ 0x7ff30bc1f368> : (353, 8) : br
				i1 %35<@ 0x7ff30bc1f1b0>
				label %41<@ 0x7ff30bc1f290>
				label %36<@ 0x7ff30bc1f200>

		BasicBlock <@ 0x7ff30bc1f200> : label %36
			Instruction <@ 0x7ff30bc1f3d8> : (354, 7) : load
				inputFile<@ 0x7ff30bc1b258>
			Instruction <@ 0x7ff30bc1f5f8> : (354, 7) : call
				i8* getelementptr inbounds ([39 x i8]* @.str5, i32 0, i32 0)<@ 0x7ff30bc1f4f8>
				i8* %37<@ 0x7ff30bc1f3d8>
				printf<@ 0x7ff30bc1c5d0>
			Instruction <@ 0x7ff30bc1f668> : (355, 7) : load
				file<@ 0x7ff30bc1af18>
			Instruction <@ 0x7ff30bc1f810> : (355, 7) : call
				%struct.__sFILE* %39<@ 0x7ff30bc1f668>
				fclose<@ 0x7ff30bc1f6c0>
			Instruction <@ 0x7ff30bc1f900> : (356, 7) : call
				i32 1<@ 0x7ff30bc06ae0>
				exit<@ 0x7ff30bc1d130>
			Instruction <@ 0x7ff30bc1f9a0> : (356, 7) : unreachable

		BasicBlock <@ 0x7ff30bc1f290> : label %41
			Instruction <@ 0x7ff30bc1fa18> : (358, 8) : load
				nThreads<@ 0x7ff30bc049f8>
			Instruction <@ 0x7ff30bc1fa98> : (358, 8) : load
				numOptions<@ 0x7ff30bc04868>
			Instruction <@ 0x7ff30bc1fb30> : (358, 8) : icmp
				i32 %42<@ 0x7ff30bc1fa18>
				i32 %43<@ 0x7ff30bc1fa98>
			Instruction <@ 0x7ff30bc1fcb8> : (358, 8) : br
				i1 %44<@ 0x7ff30bc1fb30>
				label %48<@ 0x7ff30bc1fbe0>
				label %45<@ 0x7ff30bc1fb90>

		BasicBlock <@ 0x7ff30bc1fb90> : label %45
			Instruction <@ 0x7ff30bc1fec0> : (359, 7) : call
				i8* getelementptr inbounds ([82 x i8]* @.str6, i32 0, i32 0)<@ 0x7ff30bc1fdd8>
				printf<@ 0x7ff30bc1c5d0>
			Instruction <@ 0x7ff30bc1ff38> : (360, 7) : load
				numOptions<@ 0x7ff30bc04868>
			Instruction <@ 0x7ff30bc1ffc0> : (360, 7) : store
				i32 %47<@ 0x7ff30bc1ff38>
				nThreads<@ 0x7ff30bc049f8>
			Instruction <@ 0x7ff30bc20028> : (361, 5) : br
				label %48<@ 0x7ff30bc1fbe0>

		BasicBlock <@ 0x7ff30bc1fbe0> : label %48
			Instruction <@ 0x7ff30bc200a8> : (364, 8) : load
				nThreads<@ 0x7ff30bc049f8>
			Instruction <@ 0x7ff30bc20130> : (364, 8) : icmp
				i32 %49<@ 0x7ff30bc200a8>
				i32 1<@ 0x7ff30bc06ae0>
			Instruction <@ 0x7ff30bc202a8> : (364, 8) : br
				i1 %50<@ 0x7ff30bc20130>
				label %53<@ 0x7ff30bc201d0>
				label %51<@ 0x7ff30bc20180>

		BasicBlock <@ 0x7ff30bc20180> : label %51
			Instruction <@ 0x7ff30bc204b0> : (365, 9) : call
				i8* getelementptr inbounds ([46 x i8]* @.str7, i32 0, i32 0)<@ 0x7ff30bc203c8>
				printf<@ 0x7ff30bc1c5d0>
			Instruction <@ 0x7ff30bc20540> : (366, 9) : call
				i32 1<@ 0x7ff30bc06ae0>
				exit<@ 0x7ff30bc1d130>
			Instruction <@ 0x7ff30bc205e0> : (366, 9) : unreachable

		BasicBlock <@ 0x7ff30bc201d0> : label %53
			Instruction <@ 0x7ff30bc20648> : (371, 25) : load
				numOptions<@ 0x7ff30bc04868>
			Instruction <@ 0x7ff30bc206b8> : (371, 25) : sext
				i32 %54<@ 0x7ff30bc20648>
			Instruction <@ 0x7ff30bc20750> : (371, 25) : mul
				i64 %55<@ 0x7ff30bc206b8>
				i64 36<@ 0x7ff30bc20220>
			Instruction <@ 0x7ff30bc20930> : (371, 25) : call
				i64 %56<@ 0x7ff30bc20750>
				malloc<@ 0x7ff30bc207c0>
			Instruction <@ 0x7ff30bc209e8> : (371, 25) : bitcast
				i8* %57<@ 0x7ff30bc20930>
			Instruction <@ 0x7ff30bc20a80> : (371, 25) : store
				%struct.OptionData_* %58<@ 0x7ff30bc209e8>
				data<@ 0x7ff30bc05c18>
			Instruction <@ 0x7ff30bc20af8> : (372, 23) : load
				numOptions<@ 0x7ff30bc04868>
			Instruction <@ 0x7ff30bc20b78> : (372, 23) : sext
				i32 %59<@ 0x7ff30bc20af8>
			Instruction <@ 0x7ff30bc20c50> : (372, 23) : mul
				i64 %60<@ 0x7ff30bc20b78>
				i64 4<@ 0x7ff30bc20be0>
			Instruction <@ 0x7ff30bc20cf0> : (372, 23) : call
				i64 %61<@ 0x7ff30bc20c50>
				malloc<@ 0x7ff30bc207c0>
			Instruction <@ 0x7ff30bc20da8> : (372, 23) : bitcast
				i8* %62<@ 0x7ff30bc20cf0>
			Instruction <@ 0x7ff30bc20e40> : (372, 23) : store
				float* %63<@ 0x7ff30bc20da8>
				prices<@ 0x7ff30bc04f28>
			Instruction <@ 0x7ff30bc20ed0> : (373, 11) : store
				i32 0<@ 0x7ff30bc047f0>
				loopnum<@ 0x7ff30bc1b018>
			Instruction <@ 0x7ff30bc20fd8> : (373, 11) : br
				label %64<@ 0x7ff30bc20f30>

		BasicBlock <@ 0x7ff30bc20f30> : label %64
			Instruction <@ 0x7ff30bc1ec38> : (373, 11) : load
				loopnum<@ 0x7ff30bc1b018>
			Instruction <@ 0x7ff30bc1ecb8> : (373, 11) : load
				numOptions<@ 0x7ff30bc04868>
			Instruction <@ 0x7ff30bc1ed50> : (373, 11) : icmp
				i32 %65<@ 0x7ff30bc1ec38>
				i32 %66<@ 0x7ff30bc1ecb8>
			Instruction <@ 0x7ff30bc21118> : (373, 11) : br
				i1 %67<@ 0x7ff30bc1ed50>
				label %127<@ 0x7ff30bc21040>
				label %68<@ 0x7ff30bc1edb0>

		BasicBlock <@ 0x7ff30bc1edb0> : label %68
			Instruction <@ 0x7ff30bc21188> : (375, 14) : load
				file<@ 0x7ff30bc1af18>
			Instruction <@ 0x7ff30bc211f8> : (375, 14) : load
				loopnum<@ 0x7ff30bc1b018>
			Instruction <@ 0x7ff30bc21278> : (375, 14) : sext
				i32 %70<@ 0x7ff30bc211f8>
			Instruction <@ 0x7ff30bc212f8> : (375, 14) : load
				data<@ 0x7ff30bc05c18>
			Instruction <@ 0x7ff30bc21390> : (375, 14) : getelementptr
				%struct.OptionData_* %72<@ 0x7ff30bc212f8>
				i64 %71<@ 0x7ff30bc21278>
			Instruction <@ 0x7ff30bc21438> : (375, 14) : getelementptr
				%struct.OptionData_* %73<@ 0x7ff30bc21390>
				i32 0<@ 0x7ff30bc047f0>
				i32 0<@ 0x7ff30bc047f0>
			Instruction <@ 0x7ff30bc214b8> : (375, 14) : load
				loopnum<@ 0x7ff30bc1b018>
			Instruction <@ 0x7ff30bc21538> : (375, 14) : sext
				i32 %75<@ 0x7ff30bc214b8>
			Instruction <@ 0x7ff30bc215b8> : (375, 14) : load
				data<@ 0x7ff30bc05c18>
			Instruction <@ 0x7ff30bc21650> : (375, 14) : getelementptr
				%struct.OptionData_* %77<@ 0x7ff30bc215b8>
				i64 %76<@ 0x7ff30bc21538>
			Instruction <@ 0x7ff30bc216f8> : (375, 14) : getelementptr
				%struct.OptionData_* %78<@ 0x7ff30bc21650>
				i32 0<@ 0x7ff30bc047f0>
				i32 1<@ 0x7ff30bc06ae0>
			Instruction <@ 0x7ff30bc21778> : (375, 14) : load
				loopnum<@ 0x7ff30bc1b018>
			Instruction <@ 0x7ff30bc217f8> : (375, 14) : sext
				i32 %80<@ 0x7ff30bc21778>
			Instruction <@ 0x7ff30bc21878> : (375, 14) : load
				data<@ 0x7ff30bc05c18>
			Instruction <@ 0x7ff30bc21910> : (375, 14) : getelementptr
				%struct.OptionData_* %82<@ 0x7ff30bc21878>
				i64 %81<@ 0x7ff30bc217f8>
			Instruction <@ 0x7ff30bc219b8> : (375, 14) : getelementptr
				%struct.OptionData_* %83<@ 0x7ff30bc21910>
				i32 0<@ 0x7ff30bc047f0>
				i32 2<@ 0x7ff30bc20f80>
			Instruction <@ 0x7ff30bc21a38> : (375, 14) : load
				loopnum<@ 0x7ff30bc1b018>
			Instruction <@ 0x7ff30bc21ab8> : (375, 14) : sext
				i32 %85<@ 0x7ff30bc21a38>
			Instruction <@ 0x7ff30bc21b38> : (375, 14) : load
				data<@ 0x7ff30bc05c18>
			Instruction <@ 0x7ff30bc21bd0> : (375, 14) : getelementptr
				%struct.OptionData_* %87<@ 0x7ff30bc21b38>
				i64 %86<@ 0x7ff30bc21ab8>
			Instruction <@ 0x7ff30bc21cb8> : (375, 14) : getelementptr
				%struct.OptionData_* %88<@ 0x7ff30bc21bd0>
				i32 0<@ 0x7ff30bc047f0>
				i32 3<@ 0x7ff30bc21c30>
			Instruction <@ 0x7ff30bc21d38> : (375, 14) : load
				loopnum<@ 0x7ff30bc1b018>
			Instruction <@ 0x7ff30bc21db8> : (375, 14) : sext
				i32 %90<@ 0x7ff30bc21d38>
			Instruction <@ 0x7ff30bc21e38> : (375, 14) : load
				data<@ 0x7ff30bc05c18>
			Instruction <@ 0x7ff30bc21ed0> : (375, 14) : getelementptr
				%struct.OptionData_* %92<@ 0x7ff30bc21e38>
				i64 %91<@ 0x7ff30bc21db8>
			Instruction <@ 0x7ff30bc21f78> : (375, 14) : getelementptr
				%struct.OptionData_* %93<@ 0x7ff30bc21ed0>
				i32 0<@ 0x7ff30bc047f0>
				i32 4<@ 0x7ff30bc1ca70>
			Instruction <@ 0x7ff30bc21ff8> : (375, 14) : load
				loopnum<@ 0x7ff30bc1b018>
			Instruction <@ 0x7ff30bc22078> : (375, 14) : sext
				i32 %95<@ 0x7ff30bc21ff8>
			Instruction <@ 0x7ff30bc220f8> : (375, 14) : load
				data<@ 0x7ff30bc05c18>
			Instruction <@ 0x7ff30bc22190> : (375, 14) : getelementptr
				%struct.OptionData_* %97<@ 0x7ff30bc220f8>
				i64 %96<@ 0x7ff30bc22078>
			Instruction <@ 0x7ff30bc22278> : (375, 14) : getelementptr
				%struct.OptionData_* %98<@ 0x7ff30bc22190>
				i32 0<@ 0x7ff30bc047f0>
				i32 5<@ 0x7ff30bc221f0>
			Instruction <@ 0x7ff30bc222f8> : (375, 14) : load
				loopnum<@ 0x7ff30bc1b018>
			Instruction <@ 0x7ff30bc22378> : (375, 14) : sext
				i32 %100<@ 0x7ff30bc222f8>
			Instruction <@ 0x7ff30bc223f8> : (375, 14) : load
				data<@ 0x7ff30bc05c18>
			Instruction <@ 0x7ff30bc22490> : (375, 14) : getelementptr
				%struct.OptionData_* %102<@ 0x7ff30bc223f8>
				i64 %101<@ 0x7ff30bc22378>
			Instruction <@ 0x7ff30bc22578> : (375, 14) : getelementptr
				%struct.OptionData_* %103<@ 0x7ff30bc22490>
				i32 0<@ 0x7ff30bc047f0>
				i32 6<@ 0x7ff30bc224f0>
			Instruction <@ 0x7ff30bc225f8> : (375, 14) : load
				loopnum<@ 0x7ff30bc1b018>
			Instruction <@ 0x7ff30bc22678> : (375, 14) : sext
				i32 %105<@ 0x7ff30bc225f8>
			Instruction <@ 0x7ff30bc226f8> : (375, 14) : load
				data<@ 0x7ff30bc05c18>
			Instruction <@ 0x7ff30bc22790> : (375, 14) : getelementptr
				%struct.OptionData_* %107<@ 0x7ff30bc226f8>
				i64 %106<@ 0x7ff30bc22678>
			Instruction <@ 0x7ff30bc22878> : (375, 14) : getelementptr
				%struct.OptionData_* %108<@ 0x7ff30bc22790>
				i32 0<@ 0x7ff30bc047f0>
				i32 7<@ 0x7ff30bc227f0>
			Instruction <@ 0x7ff30bc228f8> : (375, 14) : load
				loopnum<@ 0x7ff30bc1b018>
			Instruction <@ 0x7ff30bc22978> : (375, 14) : sext
				i32 %110<@ 0x7ff30bc228f8>
			Instruction <@ 0x7ff30bc229f8> : (375, 14) : load
				data<@ 0x7ff30bc05c18>
			Instruction <@ 0x7ff30bc22a90> : (375, 14) : getelementptr
				%struct.OptionData_* %112<@ 0x7ff30bc229f8>
				i64 %111<@ 0x7ff30bc22978>
			Instruction <@ 0x7ff30bc22b78> : (375, 14) : getelementptr
				%struct.OptionData_* %113<@ 0x7ff30bc22a90>
				i32 0<@ 0x7ff30bc047f0>
				i32 8<@ 0x7ff30bc22af0>
			Instruction <@ 0x7ff30bc22f20> : (375, 14) : call
				%struct.__sFILE* %69<@ 0x7ff30bc21188>
				i8* getelementptr inbounds ([27 x i8]* @.str8, i32 0, i32 0)<@ 0x7ff30bc22c98>
				float* %74<@ 0x7ff30bc21438>
				float* %79<@ 0x7ff30bc216f8>
				float* %84<@ 0x7ff30bc219b8>
				float* %89<@ 0x7ff30bc21cb8>
				float* %94<@ 0x7ff30bc21f78>
				float* %99<@ 0x7ff30bc22278>
				i8* %104<@ 0x7ff30bc22578>
				float* %109<@ 0x7ff30bc22878>
				float* %114<@ 0x7ff30bc22b78>
				fscanf<@ 0x7ff30bc1eea0>
			Instruction <@ 0x7ff30bc22fb0> : (375, 14) : store
				i32 %115<@ 0x7ff30bc22f20>
				rv<@ 0x7ff30bc1b1c8>
			Instruction <@ 0x7ff30bc23018> : (376, 12) : load
				rv<@ 0x7ff30bc1b1c8>
			Instruction <@ 0x7ff30bc230e0> : (376, 12) : icmp
				i32 %116<@ 0x7ff30bc23018>
				i32 9<@ 0x7ff30bc23070>
			Instruction <@ 0x7ff30bc232a8> : (376, 12) : br
				i1 %117<@ 0x7ff30bc230e0>
				label %123<@ 0x7ff30bc231d0>
				label %118<@ 0x7ff30bc23140>

		BasicBlock <@ 0x7ff30bc23140> : label %118
			Instruction <@ 0x7ff30bc22d88> : (377, 11) : load
				inputFile<@ 0x7ff30bc1b258>
			Instruction <@ 0x7ff30bc233b8> : (377, 11) : call
				i8* getelementptr inbounds ([39 x i8]* @.str5, i32 0, i32 0)<@ 0x7ff30bc1f4f8>
				i8* %119<@ 0x7ff30bc22d88>
				printf<@ 0x7ff30bc1c5d0>
			Instruction <@ 0x7ff30bc23428> : (378, 11) : load
				file<@ 0x7ff30bc1af18>
			Instruction <@ 0x7ff30bc234b0> : (378, 11) : call
				%struct.__sFILE* %121<@ 0x7ff30bc23428>
				fclose<@ 0x7ff30bc1f6c0>
			Instruction <@ 0x7ff30bc23580> : (379, 11) : call
				i32 1<@ 0x7ff30bc06ae0>
				exit<@ 0x7ff30bc1d130>
			Instruction <@ 0x7ff30bc23620> : (379, 11) : unreachable

		BasicBlock <@ 0x7ff30bc231d0> : label %123
			Instruction <@ 0x7ff30bc236d8> : (381, 5) : br
				label %124<@ 0x7ff30bc23670>

		BasicBlock <@ 0x7ff30bc23670> : label %124
			Instruction <@ 0x7ff30bc23748> : (373, 46) : load
				loopnum<@ 0x7ff30bc1b018>
			Instruction <@ 0x7ff30bc237e0> : (373, 46) : add
				i32 %125<@ 0x7ff30bc23748>
				i32 1<@ 0x7ff30bc06ae0>
			Instruction <@ 0x7ff30bc23870> : (373, 46) : store
				i32 %126<@ 0x7ff30bc237e0>
				loopnum<@ 0x7ff30bc1b018>
			Instruction <@ 0x7ff30bc238e8> : (373, 46) : br
				label %64<@ 0x7ff30bc20f30>

		BasicBlock <@ 0x7ff30bc21040> : label %127
			Instruction <@ 0x7ff30bc23968> : (382, 10) : load
				file<@ 0x7ff30bc1af18>
			Instruction <@ 0x7ff30bc239f0> : (382, 10) : call
				%struct.__sFILE* %128<@ 0x7ff30bc23968>
				fclose<@ 0x7ff30bc1f6c0>
			Instruction <@ 0x7ff30bc23a80> : (382, 10) : store
				i32 %129<@ 0x7ff30bc239f0>
				rv<@ 0x7ff30bc1b1c8>
			Instruction <@ 0x7ff30bc23ae8> : (383, 8) : load
				rv<@ 0x7ff30bc1b1c8>
			Instruction <@ 0x7ff30bc23b70> : (383, 8) : icmp
				i32 %130<@ 0x7ff30bc23ae8>
				i32 0<@ 0x7ff30bc047f0>
			Instruction <@ 0x7ff30bc23d38> : (383, 8) : br
				i1 %131<@ 0x7ff30bc23b70>
				label %135<@ 0x7ff30bc23c60>
				label %132<@ 0x7ff30bc23bd0>

		BasicBlock <@ 0x7ff30bc23bd0> : label %132
			Instruction <@ 0x7ff30bc23db8> : (384, 7) : load
				inputFile<@ 0x7ff30bc1b258>
			Instruction <@ 0x7ff30bc23fd8> : (384, 7) : call
				i8* getelementptr inbounds ([35 x i8]* @.str9, i32 0, i32 0)<@ 0x7ff30bc23ed8>
				i8* %133<@ 0x7ff30bc23db8>
				printf<@ 0x7ff30bc1c5d0>
			Instruction <@ 0x7ff30bc24060> : (385, 7) : call
				i32 1<@ 0x7ff30bc06ae0>
				exit<@ 0x7ff30bc1d130>
			Instruction <@ 0x7ff30bc24100> : (385, 7) : unreachable

		BasicBlock <@ 0x7ff30bc23c60> : label %135
			Instruction <@ 0x7ff30bc24168> : (391, 5) : load
				numOptions<@ 0x7ff30bc04868>
			Instruction <@ 0x7ff30bc24378> : (391, 5) : call
				i8* getelementptr inbounds ([20 x i8]* @.str10, i32 0, i32 0)<@ 0x7ff30bc24278>
				i32 %136<@ 0x7ff30bc24168>
				printf<@ 0x7ff30bc1c5d0>
			Instruction <@ 0x7ff30bc24568> : (392, 5) : call
				i8* getelementptr inbounds ([17 x i8]* @.str11, i32 0, i32 0)<@ 0x7ff30bc24448>
				i32 100<@ 0x7ff30bc18790>
				printf<@ 0x7ff30bc1c5d0>
			Instruction <@ 0x7ff30bc24618> : (397, 25) : load
				numOptions<@ 0x7ff30bc04868>
			Instruction <@ 0x7ff30bc246a0> : (397, 25) : mul
				i32 5<@ 0x7ff30bc221f0>
				i32 %139<@ 0x7ff30bc24618>
			Instruction <@ 0x7ff30bc24708> : (397, 25) : sext
				i32 %140<@ 0x7ff30bc246a0>
			Instruction <@ 0x7ff30bc24790> : (397, 25) : mul
				i64 %141<@ 0x7ff30bc24708>
				i64 4<@ 0x7ff30bc20be0>
			Instruction <@ 0x7ff30bc24850> : (397, 25) : add
				i64 %142<@ 0x7ff30bc24790>
				i64 256<@ 0x7ff30bc247e0>
			Instruction <@ 0x7ff30bc248f0> : (397, 25) : call
				i64 %143<@ 0x7ff30bc24850>
				malloc<@ 0x7ff30bc207c0>
			Instruction <@ 0x7ff30bc249a8> : (397, 25) : bitcast
				i8* %144<@ 0x7ff30bc248f0>
			Instruction <@ 0x7ff30bc24a30> : (397, 25) : store
				float* %145<@ 0x7ff30bc249a8>
				buffer<@ 0x7ff30bc1b0a8>
			Instruction <@ 0x7ff30bc24a98> : (398, 5) : load
				buffer<@ 0x7ff30bc1b0a8>
			Instruction <@ 0x7ff30bc24b18> : (398, 5) : ptrtoint
				float* %146<@ 0x7ff30bc24a98>
			Instruction <@ 0x7ff30bc24bb0> : (398, 5) : add
				i64 %147<@ 0x7ff30bc24b18>
				i64 256<@ 0x7ff30bc247e0>
			Instruction <@ 0x7ff30bc24c80> : (398, 5) : and
				i64 %148<@ 0x7ff30bc24bb0>
				i64 -64<@ 0x7ff30bc24c10>
			Instruction <@ 0x7ff30bc24cf8> : (398, 5) : inttoptr
				i64 %149<@ 0x7ff30bc24c80>
			Instruction <@ 0x7ff30bc24d90> : (398, 5) : store
				float* %150<@ 0x7ff30bc24cf8>
				sptprice<@ 0x7ff30bc04ad8>
			Instruction <@ 0x7ff30bc24e08> : (399, 5) : load
				sptprice<@ 0x7ff30bc04ad8>
			Instruction <@ 0x7ff30bc24e88> : (399, 5) : load
				numOptions<@ 0x7ff30bc04868>
			Instruction <@ 0x7ff30bc24f08> : (399, 5) : sext
				i32 %152<@ 0x7ff30bc24e88>
			Instruction <@ 0x7ff30bc24fa0> : (399, 5) : getelementptr
				float* %151<@ 0x7ff30bc24e08>
				i64 %153<@ 0x7ff30bc24f08>
			Instruction <@ 0x7ff30bc25030> : (399, 5) : store
				float* %154<@ 0x7ff30bc24fa0>
				strike<@ 0x7ff30bc04b88>
			Instruction <@ 0x7ff30bc250a8> : (400, 5) : load
				strike<@ 0x7ff30bc04b88>
			Instruction <@ 0x7ff30bc25128> : (400, 5) : load
				numOptions<@ 0x7ff30bc04868>
			Instruction <@ 0x7ff30bc251a8> : (400, 5) : sext
				i32 %156<@ 0x7ff30bc25128>
			Instruction <@ 0x7ff30bc25240> : (400, 5) : getelementptr
				float* %155<@ 0x7ff30bc250a8>
				i64 %157<@ 0x7ff30bc251a8>
			Instruction <@ 0x7ff30bc252d0> : (400, 5) : store
				float* %158<@ 0x7ff30bc25240>
				rate<@ 0x7ff30bc04c38>
			Instruction <@ 0x7ff30bc25348> : (401, 5) : load
				rate<@ 0x7ff30bc04c38>
			Instruction <@ 0x7ff30bc253c8> : (401, 5) : load
				numOptions<@ 0x7ff30bc04868>
			Instruction <@ 0x7ff30bc25448> : (401, 5) : sext
				i32 %160<@ 0x7ff30bc253c8>
			Instruction <@ 0x7ff30bc254e0> : (401, 5) : getelementptr
				float* %159<@ 0x7ff30bc25348>
				i64 %161<@ 0x7ff30bc25448>
			Instruction <@ 0x7ff30bc25570> : (401, 5) : store
				float* %162<@ 0x7ff30bc254e0>
				volatility<@ 0x7ff30bc04ce8>
			Instruction <@ 0x7ff30bc255e8> : (402, 5) : load
				volatility<@ 0x7ff30bc04ce8>
			Instruction <@ 0x7ff30bc25668> : (402, 5) : load
				numOptions<@ 0x7ff30bc04868>
			Instruction <@ 0x7ff30bc256e8> : (402, 5) : sext
				i32 %164<@ 0x7ff30bc25668>
			Instruction <@ 0x7ff30bc25780> : (402, 5) : getelementptr
				float* %163<@ 0x7ff30bc255e8>
				i64 %165<@ 0x7ff30bc256e8>
			Instruction <@ 0x7ff30bc25810> : (402, 5) : store
				float* %166<@ 0x7ff30bc25780>
				otime<@ 0x7ff30bc04d98>
			Instruction <@ 0x7ff30bc25888> : (404, 23) : load
				numOptions<@ 0x7ff30bc04868>
			Instruction <@ 0x7ff30bc25908> : (404, 23) : sext
				i32 %167<@ 0x7ff30bc25888>
			Instruction <@ 0x7ff30bc259a0> : (404, 23) : mul
				i64 %168<@ 0x7ff30bc25908>
				i64 4<@ 0x7ff30bc20be0>
			Instruction <@ 0x7ff30bc25a30> : (404, 23) : add
				i64 %169<@ 0x7ff30bc259a0>
				i64 256<@ 0x7ff30bc247e0>
			Instruction <@ 0x7ff30bc25ad0> : (404, 23) : call
				i64 %170<@ 0x7ff30bc25a30>
				malloc<@ 0x7ff30bc207c0>
			Instruction <@ 0x7ff30bc25b88> : (404, 23) : bitcast
				i8* %171<@ 0x7ff30bc25ad0>
			Instruction <@ 0x7ff30bc25c20> : (404, 23) : store
				i32* %172<@ 0x7ff30bc25b88>
				buffer2<@ 0x7ff30bc1b138>
			Instruction <@ 0x7ff30bc25c98> : (405, 5) : load
				buffer2<@ 0x7ff30bc1b138>
			Instruction <@ 0x7ff30bc25d18> : (405, 5) : ptrtoint
				i32* %173<@ 0x7ff30bc25c98>
			Instruction <@ 0x7ff30bc25db0> : (405, 5) : add
				i64 %174<@ 0x7ff30bc25d18>
				i64 256<@ 0x7ff30bc247e0>
			Instruction <@ 0x7ff30bc25e40> : (405, 5) : and
				i64 %175<@ 0x7ff30bc25db0>
				i64 -64<@ 0x7ff30bc24c10>
			Instruction <@ 0x7ff30bc25eb8> : (405, 5) : inttoptr
				i64 %176<@ 0x7ff30bc25e40>
			Instruction <@ 0x7ff30bc25f50> : (405, 5) : store
				i32* %177<@ 0x7ff30bc25eb8>
				otype<@ 0x7ff30bc04e78>
			Instruction <@ 0x7ff30bc25fe0> : (407, 10) : store
				i32 0<@ 0x7ff30bc047f0>
				i<@ 0x7ff30bc1af88>
			Instruction <@ 0x7ff30bc260e8> : (407, 10) : br
				label %178<@ 0x7ff30bc26040>

		BasicBlock <@ 0x7ff30bc26040> : label %178
			Instruction <@ 0x7ff30bc26168> : (407, 10) : load
				i<@ 0x7ff30bc1af88>
			Instruction <@ 0x7ff30bc261e8> : (407, 10) : load
				numOptions<@ 0x7ff30bc04868>
			Instruction <@ 0x7ff30bc26280> : (407, 10) : icmp
				i32 %179<@ 0x7ff30bc26168>
				i32 %180<@ 0x7ff30bc261e8>
			Instruction <@ 0x7ff30bc26408> : (407, 10) : br
				i1 %181<@ 0x7ff30bc26280>
				label %249<@ 0x7ff30bc26330>
				label %182<@ 0x7ff30bc262e0>

		BasicBlock <@ 0x7ff30bc262e0> : label %182
			Instruction <@ 0x7ff30bc26488> : (408, 9) : load
				i<@ 0x7ff30bc1af88>
			Instruction <@ 0x7ff30bc26508> : (408, 9) : sext
				i32 %183<@ 0x7ff30bc26488>
			Instruction <@ 0x7ff30bc26588> : (408, 9) : load
				data<@ 0x7ff30bc05c18>
			Instruction <@ 0x7ff30bc26620> : (408, 9) : getelementptr
				%struct.OptionData_* %185<@ 0x7ff30bc26588>
				i64 %184<@ 0x7ff30bc26508>
			Instruction <@ 0x7ff30bc266c8> : (408, 9) : getelementptr
				%struct.OptionData_* %186<@ 0x7ff30bc26620>
				i32 0<@ 0x7ff30bc047f0>
				i32 6<@ 0x7ff30bc224f0>
			Instruction <@ 0x7ff30bc26748> : (408, 9) : load
				i8* %187<@ 0x7ff30bc266c8>
			Instruction <@ 0x7ff30bc267c8> : (408, 9) : sext
				i8 %188<@ 0x7ff30bc26748>
			Instruction <@ 0x7ff30bc26860> : (408, 9) : icmp
				i32 %189<@ 0x7ff30bc267c8>
				i32 80<@ 0x7ff30bc26090>
			Instruction <@ 0x7ff30bc26908> : (408, 9) : select
				i1 %190<@ 0x7ff30bc26860>
				i32 1<@ 0x7ff30bc06ae0>
				i32 0<@ 0x7ff30bc047f0>
			Instruction <@ 0x7ff30bc26988> : (408, 9) : load
				i<@ 0x7ff30bc1af88>
			Instruction <@ 0x7ff30bc26a08> : (408, 9) : sext
				i32 %192<@ 0x7ff30bc26988>
			Instruction <@ 0x7ff30bc26a88> : (408, 9) : load
				otype<@ 0x7ff30bc04e78>
			Instruction <@ 0x7ff30bc26b20> : (408, 9) : getelementptr
				i32* %194<@ 0x7ff30bc26a88>
				i64 %193<@ 0x7ff30bc26a08>
			Instruction <@ 0x7ff30bc26bb0> : (408, 9) : store
				i32 %191<@ 0x7ff30bc26908>
				i32* %195<@ 0x7ff30bc26b20>
			Instruction <@ 0x7ff30bc26c28> : (409, 9) : load
				i<@ 0x7ff30bc1af88>
			Instruction <@ 0x7ff30bc26ca8> : (409, 9) : sext
				i32 %196<@ 0x7ff30bc26c28>
			Instruction <@ 0x7ff30bc26d28> : (409, 9) : load
				data<@ 0x7ff30bc05c18>
			Instruction <@ 0x7ff30bc26dc0> : (409, 9) : getelementptr
				%struct.OptionData_* %198<@ 0x7ff30bc26d28>
				i64 %197<@ 0x7ff30bc26ca8>
			Instruction <@ 0x7ff30bc26e68> : (409, 9) : getelementptr
				%struct.OptionData_* %199<@ 0x7ff30bc26dc0>
				i32 0<@ 0x7ff30bc047f0>
				i32 0<@ 0x7ff30bc047f0>
			Instruction <@ 0x7ff30bc26ee8> : (409, 9) : load
				float* %200<@ 0x7ff30bc26e68>
			Instruction <@ 0x7ff30bc26f68> : (409, 9) : load
				i<@ 0x7ff30bc1af88>
			Instruction <@ 0x7ff30bc26fe8> : (409, 9) : sext
				i32 %202<@ 0x7ff30bc26f68>
			Instruction <@ 0x7ff30bc27068> : (409, 9) : load
				sptprice<@ 0x7ff30bc04ad8>
			Instruction <@ 0x7ff30bc27100> : (409, 9) : getelementptr
				float* %204<@ 0x7ff30bc27068>
				i64 %203<@ 0x7ff30bc26fe8>
			Instruction <@ 0x7ff30bc27190> : (409, 9) : store
				float %201<@ 0x7ff30bc26ee8>
				float* %205<@ 0x7ff30bc27100>
			Instruction <@ 0x7ff30bc27208> : (410, 9) : load
				i<@ 0x7ff30bc1af88>
			Instruction <@ 0x7ff30bc27288> : (410, 9) : sext
				i32 %206<@ 0x7ff30bc27208>
			Instruction <@ 0x7ff30bc27308> : (410, 9) : load
				data<@ 0x7ff30bc05c18>
			Instruction <@ 0x7ff30bc273a0> : (410, 9) : getelementptr
				%struct.OptionData_* %208<@ 0x7ff30bc27308>
				i64 %207<@ 0x7ff30bc27288>
			Instruction <@ 0x7ff30bc27448> : (410, 9) : getelementptr
				%struct.OptionData_* %209<@ 0x7ff30bc273a0>
				i32 0<@ 0x7ff30bc047f0>
				i32 1<@ 0x7ff30bc06ae0>
			Instruction <@ 0x7ff30bc274c8> : (410, 9) : load
				float* %210<@ 0x7ff30bc27448>
			Instruction <@ 0x7ff30bc27548> : (410, 9) : load
				i<@ 0x7ff30bc1af88>
			Instruction <@ 0x7ff30bc275c8> : (410, 9) : sext
				i32 %212<@ 0x7ff30bc27548>
			Instruction <@ 0x7ff30bc27648> : (410, 9) : load
				strike<@ 0x7ff30bc04b88>
			Instruction <@ 0x7ff30bc276e0> : (410, 9) : getelementptr
				float* %214<@ 0x7ff30bc27648>
				i64 %213<@ 0x7ff30bc275c8>
			Instruction <@ 0x7ff30bc27770> : (410, 9) : store
				float %211<@ 0x7ff30bc274c8>
				float* %215<@ 0x7ff30bc276e0>
			Instruction <@ 0x7ff30bc277e8> : (411, 9) : load
				i<@ 0x7ff30bc1af88>
			Instruction <@ 0x7ff30bc27868> : (411, 9) : sext
				i32 %216<@ 0x7ff30bc277e8>
			Instruction <@ 0x7ff30bc278e8> : (411, 9) : load
				data<@ 0x7ff30bc05c18>
			Instruction <@ 0x7ff30bc27980> : (411, 9) : getelementptr
				%struct.OptionData_* %218<@ 0x7ff30bc278e8>
				i64 %217<@ 0x7ff30bc27868>
			Instruction <@ 0x7ff30bc27a28> : (411, 9) : getelementptr
				%struct.OptionData_* %219<@ 0x7ff30bc27980>
				i32 0<@ 0x7ff30bc047f0>
				i32 2<@ 0x7ff30bc20f80>
			Instruction <@ 0x7ff30bc27aa8> : (411, 9) : load
				float* %220<@ 0x7ff30bc27a28>
			Instruction <@ 0x7ff30bc27b28> : (411, 9) : load
				i<@ 0x7ff30bc1af88>
			Instruction <@ 0x7ff30bc27ba8> : (411, 9) : sext
				i32 %222<@ 0x7ff30bc27b28>
			Instruction <@ 0x7ff30bc27c28> : (411, 9) : load
				rate<@ 0x7ff30bc04c38>
			Instruction <@ 0x7ff30bc27cc0> : (411, 9) : getelementptr
				float* %224<@ 0x7ff30bc27c28>
				i64 %223<@ 0x7ff30bc27ba8>
			Instruction <@ 0x7ff30bc27d50> : (411, 9) : store
				float %221<@ 0x7ff30bc27aa8>
				float* %225<@ 0x7ff30bc27cc0>
			Instruction <@ 0x7ff30bc27dc8> : (412, 9) : load
				i<@ 0x7ff30bc1af88>
			Instruction <@ 0x7ff30bc27e48> : (412, 9) : sext
				i32 %226<@ 0x7ff30bc27dc8>
			Instruction <@ 0x7ff30bc27ec8> : (412, 9) : load
				data<@ 0x7ff30bc05c18>
			Instruction <@ 0x7ff30bc27f60> : (412, 9) : getelementptr
				%struct.OptionData_* %228<@ 0x7ff30bc27ec8>
				i64 %227<@ 0x7ff30bc27e48>
			Instruction <@ 0x7ff30bc28008> : (412, 9) : getelementptr
				%struct.OptionData_* %229<@ 0x7ff30bc27f60>
				i32 0<@ 0x7ff30bc047f0>
				i32 4<@ 0x7ff30bc1ca70>
			Instruction <@ 0x7ff30bc28088> : (412, 9) : load
				float* %230<@ 0x7ff30bc28008>
			Instruction <@ 0x7ff30bc28108> : (412, 9) : load
				i<@ 0x7ff30bc1af88>
			Instruction <@ 0x7ff30bc28188> : (412, 9) : sext
				i32 %232<@ 0x7ff30bc28108>
			Instruction <@ 0x7ff30bc28208> : (412, 9) : load
				volatility<@ 0x7ff30bc04ce8>
			Instruction <@ 0x7ff30bc282a0> : (412, 9) : getelementptr
				float* %234<@ 0x7ff30bc28208>
				i64 %233<@ 0x7ff30bc28188>
			Instruction <@ 0x7ff30bc28330> : (412, 9) : store
				float %231<@ 0x7ff30bc28088>
				float* %235<@ 0x7ff30bc282a0>
			Instruction <@ 0x7ff30bc283a8> : (413, 9) : load
				i<@ 0x7ff30bc1af88>
			Instruction <@ 0x7ff30bc28428> : (413, 9) : sext
				i32 %236<@ 0x7ff30bc283a8>
			Instruction <@ 0x7ff30bc284a8> : (413, 9) : load
				data<@ 0x7ff30bc05c18>
			Instruction <@ 0x7ff30bc28540> : (413, 9) : getelementptr
				%struct.OptionData_* %238<@ 0x7ff30bc284a8>
				i64 %237<@ 0x7ff30bc28428>
			Instruction <@ 0x7ff30bc285e8> : (413, 9) : getelementptr
				%struct.OptionData_* %239<@ 0x7ff30bc28540>
				i32 0<@ 0x7ff30bc047f0>
				i32 5<@ 0x7ff30bc221f0>
			Instruction <@ 0x7ff30bc28668> : (413, 9) : load
				float* %240<@ 0x7ff30bc285e8>
			Instruction <@ 0x7ff30bc286e8> : (413, 9) : load
				i<@ 0x7ff30bc1af88>
			Instruction <@ 0x7ff30bc28768> : (413, 9) : sext
				i32 %242<@ 0x7ff30bc286e8>
			Instruction <@ 0x7ff30bc287e8> : (413, 9) : load
				otime<@ 0x7ff30bc04d98>
			Instruction <@ 0x7ff30bc28880> : (413, 9) : getelementptr
				float* %244<@ 0x7ff30bc287e8>
				i64 %243<@ 0x7ff30bc28768>
			Instruction <@ 0x7ff30bc28910> : (413, 9) : store
				float %241<@ 0x7ff30bc28668>
				float* %245<@ 0x7ff30bc28880>
			Instruction <@ 0x7ff30bc28a18> : (414, 5) : br
				label %246<@ 0x7ff30bc28970>

		BasicBlock <@ 0x7ff30bc28970> : label %246
			Instruction <@ 0x7ff30bc28a98> : (407, 29) : load
				i<@ 0x7ff30bc1af88>
			Instruction <@ 0x7ff30bc28b30> : (407, 29) : add
				i32 %247<@ 0x7ff30bc28a98>
				i32 1<@ 0x7ff30bc06ae0>
			Instruction <@ 0x7ff30bc28bc0> : (407, 29) : store
				i32 %248<@ 0x7ff30bc28b30>
				i<@ 0x7ff30bc1af88>
			Instruction <@ 0x7ff30bc28c38> : (407, 29) : br
				label %178<@ 0x7ff30bc26040>

		BasicBlock <@ 0x7ff30bc26330> : label %249
			Instruction <@ 0x7ff30bc28cb8> : (416, 5) : load
				numOptions<@ 0x7ff30bc04868>
			Instruction <@ 0x7ff30bc28d28> : (416, 5) : sext
				i32 %250<@ 0x7ff30bc28cb8>
			Instruction <@ 0x7ff30bc28db0> : (416, 5) : mul
				i64 %251<@ 0x7ff30bc28d28>
				i64 40<@ 0x7ff30bc26380>
			Instruction <@ 0x7ff30bc28fc8> : (416, 5) : call
				i8* getelementptr inbounds ([19 x i8]* @.str12, i32 0, i32 0)<@ 0x7ff30bc28ea8>
				i64 %252<@ 0x7ff30bc28db0>
				printf<@ 0x7ff30bc1c5d0>
			Instruction <@ 0x7ff30bc29178> : (462, 9) : call
				metadata !{i32* %tid}<@ 0x7ff30bc29020>
				metadata <badref><@ 0x7ff30bc4cc50>
				llvm.dbg.declare<@ 0x7ff30bc04fc0>
			Instruction <@ 0x7ff30bc29240> : (462, 5) : store
				i32 0<@ 0x7ff30bc047f0>
				tid<@ 0x7ff30bc1b378>
			Instruction <@ 0x7ff30bc292a8> : (463, 5) : bitcast
				tid<@ 0x7ff30bc1b378>
			Instruction <@ 0x7ff30bc29330> : (463, 5) : call
				i8* %254<@ 0x7ff30bc292a8>
				bs_thread<@ 0x7ff30bc16790>
			Instruction <@ 0x7ff30bc293e8> : (473, 12) : load
				outputFile<@ 0x7ff30bc1b2e8>
			Instruction <@ 0x7ff30bc29628> : (473, 12) : call
				i8* %256<@ 0x7ff30bc293e8>
				i8* getelementptr inbounds ([2 x i8]* @.str13, i32 0, i32 0)<@ 0x7ff30bc29508>
				_fopen<@ 0x7ff30bc1e2d0>
			Instruction <@ 0x7ff30bc296f0> : (473, 12) : store
				%struct.__sFILE* %257<@ 0x7ff30bc29628>
				file<@ 0x7ff30bc1af18>
			Instruction <@ 0x7ff30bc29758> : (474, 8) : load
				file<@ 0x7ff30bc1af18>
			Instruction <@ 0x7ff30bc297e0> : (474, 8) : icmp
				%struct.__sFILE* %258<@ 0x7ff30bc29758>
				%struct.__sFILE* null<@ 0x7ff30bc1c7d0>
			Instruction <@ 0x7ff30bc29998> : (474, 8) : br
				i1 %259<@ 0x7ff30bc297e0>
				label %263<@ 0x7ff30bc298c0>
				label %260<@ 0x7ff30bc29830>

		BasicBlock <@ 0x7ff30bc29830> : label %260
			Instruction <@ 0x7ff30bc29a08> : (475, 7) : load
				outputFile<@ 0x7ff30bc1b2e8>
			Instruction <@ 0x7ff30bc29b08> : (475, 7) : call
				i8* getelementptr inbounds ([34 x i8]* @.str3, i32 0, i32 0)<@ 0x7ff30bc1e938>
				i8* %261<@ 0x7ff30bc29a08>
				printf<@ 0x7ff30bc1c5d0>
			Instruction <@ 0x7ff30bc29b90> : (476, 7) : call
				i32 1<@ 0x7ff30bc06ae0>
				exit<@ 0x7ff30bc1d130>
			Instruction <@ 0x7ff30bc29c30> : (476, 7) : unreachable

		BasicBlock <@ 0x7ff30bc298c0> : label %263
			Instruction <@ 0x7ff30bc29c98> : (478, 10) : load
				file<@ 0x7ff30bc1af18>
			Instruction <@ 0x7ff30bc29d08> : (478, 10) : load
				numOptions<@ 0x7ff30bc04868>
			Instruction <@ 0x7ff30bc2a010> : (478, 10) : call
				%struct.__sFILE* %264<@ 0x7ff30bc29c98>
				i8* getelementptr inbounds ([4 x i8]* @.str14, i32 0, i32 0)<@ 0x7ff30bc29e08>
				i32 %265<@ 0x7ff30bc29d08>
				fprintf<@ 0x7ff30bc29ec0>
			Instruction <@ 0x7ff30bc2a0e0> : (478, 10) : store
				i32 %266<@ 0x7ff30bc2a010>
				rv<@ 0x7ff30bc1b1c8>
			Instruction <@ 0x7ff30bc2a148> : (479, 8) : load
				rv<@ 0x7ff30bc1b1c8>
			Instruction <@ 0x7ff30bc2a1d0> : (479, 8) : icmp
				i32 %267<@ 0x7ff30bc2a148>
				i32 0<@ 0x7ff30bc047f0>
			Instruction <@ 0x7ff30bc2a388> : (479, 8) : br
				i1 %268<@ 0x7ff30bc2a1d0>
				label %274<@ 0x7ff30bc2a2b0>
				label %269<@ 0x7ff30bc2a220>

		BasicBlock <@ 0x7ff30bc2a220> : label %269
			Instruction <@ 0x7ff30bc2a408> : (480, 7) : load
				outputFile<@ 0x7ff30bc1b2e8>
			Instruction <@ 0x7ff30bc2a628> : (480, 7) : call
				i8* getelementptr inbounds ([38 x i8]* @.str15, i32 0, i32 0)<@ 0x7ff30bc2a528>
				i8* %270<@ 0x7ff30bc2a408>
				printf<@ 0x7ff30bc1c5d0>
			Instruction <@ 0x7ff30bc2a698> : (481, 7) : load
				file<@ 0x7ff30bc1af18>
			Instruction <@ 0x7ff30bc2a720> : (481, 7) : call
				%struct.__sFILE* %272<@ 0x7ff30bc2a698>
				fclose<@ 0x7ff30bc1f6c0>
			Instruction <@ 0x7ff30bc2a7f0> : (482, 7) : call
				i32 1<@ 0x7ff30bc06ae0>
				exit<@ 0x7ff30bc1d130>
			Instruction <@ 0x7ff30bc2a890> : (482, 7) : unreachable

		BasicBlock <@ 0x7ff30bc2a2b0> : label %274
			Instruction <@ 0x7ff30bc2a920> : (484, 9) : store
				i32 0<@ 0x7ff30bc047f0>
				i<@ 0x7ff30bc1af88>
			Instruction <@ 0x7ff30bc2a9e8> : (484, 9) : br
				label %275<@ 0x7ff30bc2a980>

		BasicBlock <@ 0x7ff30bc2a980> : label %275
			Instruction <@ 0x7ff30bc2aa68> : (484, 9) : load
				i<@ 0x7ff30bc1af88>
			Instruction <@ 0x7ff30bc2aae8> : (484, 9) : load
				numOptions<@ 0x7ff30bc04868>
			Instruction <@ 0x7ff30bc2ab80> : (484, 9) : icmp
				i32 %276<@ 0x7ff30bc2aa68>
				i32 %277<@ 0x7ff30bc2aae8>
			Instruction <@ 0x7ff30bc2ad08> : (484, 9) : br
				i1 %278<@ 0x7ff30bc2ab80>
				label %299<@ 0x7ff30bc2ac30>
				label %279<@ 0x7ff30bc2abe0>

		BasicBlock <@ 0x7ff30bc2abe0> : label %279
			Instruction <@ 0x7ff30bc2ad88> : (485, 12) : load
				file<@ 0x7ff30bc1af18>
			Instruction <@ 0x7ff30bc2ae08> : (485, 12) : load
				i<@ 0x7ff30bc1af88>
			Instruction <@ 0x7ff30bc2ae88> : (485, 12) : sext
				i32 %281<@ 0x7ff30bc2ae08>
			Instruction <@ 0x7ff30bc2af08> : (485, 12) : load
				prices<@ 0x7ff30bc04f28>
			Instruction <@ 0x7ff30bc2afa0> : (485, 12) : getelementptr
				float* %283<@ 0x7ff30bc2af08>
				i64 %282<@ 0x7ff30bc2ae88>
			Instruction <@ 0x7ff30bc2b018> : (485, 12) : load
				float* %284<@ 0x7ff30bc2afa0>
			Instruction <@ 0x7ff30bc2b098> : (485, 12) : fpext
				float %285<@ 0x7ff30bc2b018>
			Instruction <@ 0x7ff30bc2b2d0> : (485, 12) : call
				%struct.__sFILE* %280<@ 0x7ff30bc2ad88>
				i8* getelementptr inbounds ([7 x i8]* @.str16, i32 0, i32 0)<@ 0x7ff30bc2b1b8>
				double %286<@ 0x7ff30bc2b098>
				fprintf<@ 0x7ff30bc29ec0>
			Instruction <@ 0x7ff30bc2b360> : (485, 12) : store
				i32 %287<@ 0x7ff30bc2b2d0>
				rv<@ 0x7ff30bc1b1c8>
			Instruction <@ 0x7ff30bc2b3c8> : (486, 10) : load
				rv<@ 0x7ff30bc1b1c8>
			Instruction <@ 0x7ff30bc2b450> : (486, 10) : icmp
				i32 %288<@ 0x7ff30bc2b3c8>
				i32 0<@ 0x7ff30bc047f0>
			Instruction <@ 0x7ff30bc2b618> : (486, 10) : br
				i1 %289<@ 0x7ff30bc2b450>
				label %295<@ 0x7ff30bc2b540>
				label %290<@ 0x7ff30bc2b4b0>

		BasicBlock <@ 0x7ff30bc2b4b0> : label %290
			Instruction <@ 0x7ff30bc2b698> : (487, 9) : load
				outputFile<@ 0x7ff30bc1b2e8>
			Instruction <@ 0x7ff30bc2b798> : (487, 9) : call
				i8* getelementptr inbounds ([38 x i8]* @.str15, i32 0, i32 0)<@ 0x7ff30bc2a528>
				i8* %291<@ 0x7ff30bc2b698>
				printf<@ 0x7ff30bc1c5d0>
			Instruction <@ 0x7ff30bc2b808> : (488, 9) : load
				file<@ 0x7ff30bc1af18>
			Instruction <@ 0x7ff30bc2b890> : (488, 9) : call
				%struct.__sFILE* %293<@ 0x7ff30bc2b808>
				fclose<@ 0x7ff30bc1f6c0>
			Instruction <@ 0x7ff30bc2b960> : (489, 9) : call
				i32 1<@ 0x7ff30bc06ae0>
				exit<@ 0x7ff30bc1d130>
			Instruction <@ 0x7ff30bc2ba00> : (489, 9) : unreachable

		BasicBlock <@ 0x7ff30bc2b540> : label %295
			Instruction <@ 0x7ff30bc2bab8> : (491, 5) : br
				label %296<@ 0x7ff30bc2ba50>

		BasicBlock <@ 0x7ff30bc2ba50> : label %296
			Instruction <@ 0x7ff30bc2bb28> : (484, 28) : load
				i<@ 0x7ff30bc1af88>
			Instruction <@ 0x7ff30bc2bbc0> : (484, 28) : add
				i32 %297<@ 0x7ff30bc2bb28>
				i32 1<@ 0x7ff30bc06ae0>
			Instruction <@ 0x7ff30bc2bc50> : (484, 28) : store
				i32 %298<@ 0x7ff30bc2bbc0>
				i<@ 0x7ff30bc1af88>
			Instruction <@ 0x7ff30bc2bcc8> : (484, 28) : br
				label %275<@ 0x7ff30bc2a980>

		BasicBlock <@ 0x7ff30bc2ac30> : label %299
			Instruction <@ 0x7ff30bc2bd48> : (492, 10) : load
				file<@ 0x7ff30bc1af18>
			Instruction <@ 0x7ff30bc2bdd0> : (492, 10) : call
				%struct.__sFILE* %300<@ 0x7ff30bc2bd48>
				fclose<@ 0x7ff30bc1f6c0>
			Instruction <@ 0x7ff30bc2be60> : (492, 10) : store
				i32 %301<@ 0x7ff30bc2bdd0>
				rv<@ 0x7ff30bc1b1c8>
			Instruction <@ 0x7ff30bc2bec8> : (493, 8) : load
				rv<@ 0x7ff30bc1b1c8>
			Instruction <@ 0x7ff30bc2bf50> : (493, 8) : icmp
				i32 %302<@ 0x7ff30bc2bec8>
				i32 0<@ 0x7ff30bc047f0>
			Instruction <@ 0x7ff30bc2c118> : (493, 8) : br
				i1 %303<@ 0x7ff30bc2bf50>
				label %307<@ 0x7ff30bc2c040>
				label %304<@ 0x7ff30bc2bfb0>

		BasicBlock <@ 0x7ff30bc2bfb0> : label %304
			Instruction <@ 0x7ff30bc2c198> : (494, 7) : load
				outputFile<@ 0x7ff30bc1b2e8>
			Instruction <@ 0x7ff30bc2c2a8> : (494, 7) : call
				i8* getelementptr inbounds ([35 x i8]* @.str9, i32 0, i32 0)<@ 0x7ff30bc23ed8>
				i8* %305<@ 0x7ff30bc2c198>
				printf<@ 0x7ff30bc1c5d0>
			Instruction <@ 0x7ff30bc2c330> : (495, 7) : call
				i32 1<@ 0x7ff30bc06ae0>
				exit<@ 0x7ff30bc1d130>
			Instruction <@ 0x7ff30bc2c3d0> : (495, 7) : unreachable

		BasicBlock <@ 0x7ff30bc2c040> : label %307
			Instruction <@ 0x7ff30bc2c438> : (501, 5) : load
				data<@ 0x7ff30bc05c18>
			Instruction <@ 0x7ff30bc2c4a8> : (501, 5) : bitcast
				%struct.OptionData_* %308<@ 0x7ff30bc2c438>
			Instruction <@ 0x7ff30bc2c660> : (501, 5) : call
				i8* %309<@ 0x7ff30bc2c4a8>
				free<@ 0x7ff30bc2c510>
			Instruction <@ 0x7ff30bc2c718> : (502, 5) : load
				prices<@ 0x7ff30bc04f28>
			Instruction <@ 0x7ff30bc2c788> : (502, 5) : bitcast
				float* %310<@ 0x7ff30bc2c718>
			Instruction <@ 0x7ff30bc2c820> : (502, 5) : call
				i8* %311<@ 0x7ff30bc2c788>
				free<@ 0x7ff30bc2c510>
			Instruction <@ 0x7ff30bc2c8d8> : (508, 5) : ret
				i32 0<@ 0x7ff30bc047f0>

	Function <@ 0x7ff30bc1c5d0> : printf : Declaration : NonIntrinsic
		ArgList :
			i8* %0<@ 0x7ff30bc2c9b0>

	Function <@ 0x7ff30bc1c800> : fflush : Declaration : NonIntrinsic
		ArgList :
			%struct.__sFILE* %0<@ 0x7ff30bc2c9f0>

	Function <@ 0x7ff30bc1d130> : exit : Declaration : NonIntrinsic
		ArgList :
			i32 %0<@ 0x7ff30bc2ca30>

	Function <@ 0x7ff30bc1d620> : atoi : Declaration : NonIntrinsic
		ArgList :
			i8* %0<@ 0x7ff30bc2ca70>

	Function <@ 0x7ff30bc1e2d0> : _fopen : Declaration : NonIntrinsic
		ArgList :
			i8* %0<@ 0x7ff30bc2cab0>
			i8* %1<@ 0x7ff30bc2caf0>

	Function <@ 0x7ff30bc1eea0> : fscanf : Declaration : NonIntrinsic
		ArgList :
			%struct.__sFILE* %0<@ 0x7ff30bc2cb30>
			i8* %1<@ 0x7ff30bc2cb70>

	Function <@ 0x7ff30bc1f6c0> : fclose : Declaration : NonIntrinsic
		ArgList :
			%struct.__sFILE* %0<@ 0x7ff30bc2cbb0>

	Function <@ 0x7ff30bc207c0> : malloc : Declaration : NonIntrinsic
		ArgList :
			i64 %0<@ 0x7ff30bc2cbf0>

	Function <@ 0x7ff30bc29ec0> : fprintf : Declaration : NonIntrinsic
		ArgList :
			%struct.__sFILE* %0<@ 0x7ff30bc2cc30>
			i8* %1<@ 0x7ff30bc2cc70>

	Function <@ 0x7ff30bc2c510> : free : Declaration : NonIntrinsic
		ArgList :
			i8* %0<@ 0x7ff30bc2ccb0>
